[2017-10-22 22:00:23,980] da.api<MainProcess>:INFO: Bootstrapping attempt failed due to BootstrapException('Unable to contact a peer node.',),  continuing as a master node (use '--master' to disable bootstrapping at startup).
[2017-10-22 22:00:23,981] da.api<MainProcess>:INFO: <Node_:ClientNode> initialized at 127.0.0.1:(UdpTransport=15000, TcpTransport=15000).
[2017-10-22 22:00:23,981] da.api<MainProcess>:INFO: Starting program <module 'Main' from 'src/Main.py'>...
[2017-10-22 22:00:23,981] da.api<MainProcess>:INFO: Running iteration 1 ...
[2017-10-22 22:00:23,982] da.api<MainProcess>:INFO: Waiting for remaining child processes to terminate...(Press "Ctrl-C" to force kill)
[2017-10-22 22:00:24,001] Main.Node_<Node_:ClientNode>:INFO: Waiting to resolve name 'OlympusNode'...
[2017-10-22 22:00:26,007] da.sim.Router<MainProcess>:INFO: Bootstrap succeeded using <UdpTransport(127.0.0.1:33347)>.
[2017-10-22 22:00:26,008] da.api<MainProcess>:INFO: <Node_:OlympusNode> initialized at 127.0.0.1:(UdpTransport=33347, TcpTransport=23153).
[2017-10-22 22:00:26,008] da.api<MainProcess>:INFO: Starting program <module 'Main' from 'src/Main.py'>...
[2017-10-22 22:00:26,008] da.api<MainProcess>:INFO: Running iteration 1 ...
[2017-10-22 22:00:26,009] da.api<MainProcess>:INFO: Waiting for remaining child processes to terminate...(Press "Ctrl-C" to force kill)
[2017-10-22 22:00:26,046] Main.Olympus<Olympus:67002#OlympusNode>:OUTPUT: [Olympus:] Setup
[2017-10-22 22:00:26,127] Client.Client<Client:55003#ClientNode>:OUTPUT: [Client 0 :] Workload:  pseudorandom(233,10)
[2017-10-22 22:00:26,128] Client.Client<Client:55003#ClientNode>:OUTPUT: ["get('ice')", "put('hello','hockey')", "slice('ice','0:4')", "get('hello')", "slice('moon','0:4')", "put('hello','walk')", "append('country','hockey')", "put('moon','walk')", "append('hello','India')", "append('moon','India')"]
[2017-10-22 22:00:26,155] Client.Client<Client:55004#ClientNode>:OUTPUT: [Client 1 :] Workload:  put('movie','star'); append('movie',' wars'); get('movie')
[2017-10-22 22:00:26,167] Client.Client<Client:55002#ClientNode>:OUTPUT: [Client 2 :] Workload:  put('jedi','luke skywalker'); slice('jedi','0:4'); get('jedi')
[2017-10-22 22:00:26,170] Main.Olympus<Olympus:67002#OlympusNode>:OUTPUT: [Olympus:] Started
[2017-10-22 22:00:26,173] Client.Client<Client:55003#ClientNode>:OUTPUT: [Client 0 :] Started
[2017-10-22 22:00:26,189] Main.Olympus<Olympus:67002#OlympusNode>:OUTPUT: [Olympus:]<< req_get_current_configuration
[2017-10-22 22:00:26,189] Main.Olympus<Olympus:67002#OlympusNode>:OUTPUT: [Olympus:] Making New Configuration
[2017-10-22 22:00:26,201] Client.Client<Client:55004#ClientNode>:OUTPUT: [Client 1 :] Started
[2017-10-22 22:00:26,213] Client.Client<Client:55002#ClientNode>:OUTPUT: [Client 2 :] Started
[2017-10-22 22:00:26,213] da.api<MainProcess>:INFO: Main process terminated.
[2017-10-22 22:00:26,333] Main.Replica<Replica:67007#OlympusNode>:OUTPUT: [Replica 0 :] Started:  head ACTIVE
[2017-10-22 22:00:26,361] Main.Replica<Replica:67004#OlympusNode>:OUTPUT: [Replica 1 :] Started:  normal_replica ACTIVE
[2017-10-22 22:00:26,365] Main.Replica<Replica:67003#OlympusNode>:OUTPUT: [Replica 2 :] Started:  normal_replica ACTIVE
[2017-10-22 22:00:26,369] Main.Replica<Replica:67005#OlympusNode>:OUTPUT: [Replica 3 :] Started:  normal_replica ACTIVE
[2017-10-22 22:00:26,373] Main.Replica<Replica:67006#OlympusNode>:OUTPUT: [Replica 4 :] Started:  tail ACTIVE
[2017-10-22 22:00:26,373] Main.Olympus<Olympus:67002#OlympusNode>:OUTPUT: [Olympus:]>> res_get_current_configuration
[2017-10-22 22:00:26,375] Main.Olympus<Olympus:67002#OlympusNode>:OUTPUT: [Olympus:]<< req_get_current_configuration
[2017-10-22 22:00:26,375] Main.Olympus<Olympus:67002#OlympusNode>:OUTPUT: [Olympus:]>> res_get_current_configuration
[2017-10-22 22:00:26,378] Main.Olympus<Olympus:67002#OlympusNode>:OUTPUT: [Olympus:]<< req_get_current_configuration
[2017-10-22 22:00:26,378] Main.Olympus<Olympus:67002#OlympusNode>:OUTPUT: [Olympus:]>> res_get_current_configuration
[2017-10-22 22:00:26,379] Client.Client<Client:55003#ClientNode>:OUTPUT: [Client 0 :]>> req_operation:  get('ice')
[2017-10-22 22:00:26,380] Client.Client<Client:55004#ClientNode>:OUTPUT: [Client 1 :]>> req_operation:  put('movie','star')
[2017-10-22 22:00:26,384] Client.Client<Client:55002#ClientNode>:OUTPUT: [Client 2 :]>> req_operation:  put('jedi','luke skywalker')
[2017-10-22 22:00:26,385] Main.Replica<Replica:67007#OlympusNode>:OUTPUT: [Replica 0 :]<< req_operation:  get('ice')  Client:  0
[2017-10-22 22:00:26,388] Main.Replica<Replica:67007#OlympusNode>:OUTPUT: [Replica 0 :] Perform:  get('ice')
[2017-10-22 22:00:26,392] Main.Replica<Replica:67007#OlympusNode>:OUTPUT: [Replica 0 :]>> Shuttle:  get('ice')  to Replica:  1
[2017-10-22 22:00:26,395] Main.Replica<Replica:67007#OlympusNode>:OUTPUT: [Replica 0 :]<< req_operation:  put('movie','star')  Client:  1
[2017-10-22 22:00:26,396] Main.Replica<Replica:67007#OlympusNode>:OUTPUT: [Replica 0 :] Perform:  put('movie','star')
[2017-10-22 22:00:26,398] Main.Replica<Replica:67007#OlympusNode>:OUTPUT: [Replica 0 :]>> Shuttle:  put('movie','star')  to Replica:  1
[2017-10-22 22:00:26,399] Main.Replica<Replica:67007#OlympusNode>:OUTPUT: [Replica 0 :]<< req_operation:  put('jedi','luke skywalker')  Client:  2
[2017-10-22 22:00:26,401] Main.Replica<Replica:67007#OlympusNode>:OUTPUT: [Replica 0 :] Perform:  put('jedi','luke skywalker')
[2017-10-22 22:00:26,402] Main.Replica<Replica:67004#OlympusNode>:OUTPUT: [Replica 1 :]<< Shuttle:  get('ice')  from Replica:  0
[2017-10-22 22:00:26,404] Main.Replica<Replica:67004#OlympusNode>:OUTPUT: [Replica 1 :] Perform:  get('ice')
[2017-10-22 22:00:26,404] Main.Replica<Replica:67007#OlympusNode>:OUTPUT: [Replica 0 :]>> Shuttle:  put('jedi','luke skywalker')  to Replica:  1
[2017-10-22 22:00:26,406] Main.Replica<Replica:67004#OlympusNode>:OUTPUT: [Replica 1 :]>> Shuttle:  get('ice')  to Replica:  2
[2017-10-22 22:00:26,408] Main.Replica<Replica:67004#OlympusNode>:OUTPUT: [Replica 1 :]<< Shuttle:  put('movie','star')  from Replica:  0
[2017-10-22 22:00:26,409] Main.Replica<Replica:67004#OlympusNode>:OUTPUT: [Replica 1 :] Perform:  put('movie','star')
[2017-10-22 22:00:26,410] Main.Replica<Replica:67003#OlympusNode>:OUTPUT: [Replica 2 :]<< Shuttle:  get('ice')  from Replica:  1
[2017-10-22 22:00:26,410] Main.Replica<Replica:67004#OlympusNode>:OUTPUT: [Replica 1 :]>> Shuttle:  put('movie','star')  to Replica:  2
[2017-10-22 22:00:26,413] Main.Replica<Replica:67003#OlympusNode>:OUTPUT: [Replica 2 :] Perform:  get('ice')
[2017-10-22 22:00:26,415] Main.Replica<Replica:67003#OlympusNode>:OUTPUT: [Replica 2 :]>> Shuttle:  get('ice')  to Replica:  3
[2017-10-22 22:00:26,417] Main.Replica<Replica:67003#OlympusNode>:OUTPUT: [Replica 2 :]<< Shuttle:  put('movie','star')  from Replica:  1
[2017-10-22 22:00:26,419] Main.Replica<Replica:67003#OlympusNode>:OUTPUT: [Replica 2 :] Perform:  put('movie','star')
[2017-10-22 22:00:26,420] Main.Replica<Replica:67005#OlympusNode>:OUTPUT: [Replica 3 :]<< Shuttle:  get('ice')  from Replica:  2
[2017-10-22 22:00:26,421] Main.Replica<Replica:67003#OlympusNode>:OUTPUT: [Replica 2 :]>> Shuttle:  put('movie','star')  to Replica:  3
[2017-10-22 22:00:26,423] Main.Replica<Replica:67005#OlympusNode>:OUTPUT: [Replica 3 :] Perform:  get('ice')
[2017-10-22 22:00:26,425] Main.Replica<Replica:67005#OlympusNode>:OUTPUT: [Replica 3 :]>> Shuttle:  get('ice')  to Replica:  4
[2017-10-22 22:00:26,428] Main.Replica<Replica:67005#OlympusNode>:OUTPUT: [Replica 3 :]<< Shuttle:  put('movie','star')  from Replica:  2
[2017-10-22 22:00:26,430] Main.Replica<Replica:67005#OlympusNode>:OUTPUT: [Replica 3 :] Perform:  put('movie','star')
[2017-10-22 22:00:26,430] Main.Replica<Replica:67006#OlympusNode>:OUTPUT: [Replica 4 :]<< Shuttle:  get('ice')  from Replica:  3
[2017-10-22 22:00:26,432] Main.Replica<Replica:67005#OlympusNode>:OUTPUT: [Replica 3 :]>> Shuttle:  put('movie','star')  to Replica:  4
[2017-10-22 22:00:26,434] Main.Replica<Replica:67006#OlympusNode>:OUTPUT: [Replica 4 :] Perform:  get('ice')
[2017-10-22 22:00:26,439] Main.Replica<Replica:67006#OlympusNode>:OUTPUT: [Replica 4 :]>> res_operation:  get('ice')  result:  
[2017-10-22 22:00:26,441] Main.Replica<Replica:67004#OlympusNode>:OUTPUT: [Replica 1 :]<< Shuttle:  put('jedi','luke skywalker')  from Replica:  0
[2017-10-22 22:00:26,443] Main.Replica<Replica:67006#OlympusNode>:OUTPUT: [Replica 4 :]>> Result Shuttle:  get('ice')  to Replica:  3
[2017-10-22 22:00:26,443] Main.Replica<Replica:67004#OlympusNode>:OUTPUT: [Replica 1 :] Perform:  put('jedi','luke skywalker')
[2017-10-22 22:00:26,443] Client.Client<Client:55003#ClientNode>:OUTPUT: [Client 0 :]<< res_operation:  get('ice')  Result:  
[2017-10-22 22:00:26,444] Client.Client<Client:55003#ClientNode>:OUTPUT: [Client 0 :]>> req_operation:  put('hello','hockey')
[2017-10-22 22:00:26,445] Main.Replica<Replica:67004#OlympusNode>:OUTPUT: [Replica 1 :]>> Shuttle:  put('jedi','luke skywalker')  to Replica:  2
[2017-10-22 22:00:26,446] Main.Replica<Replica:67006#OlympusNode>:OUTPUT: [Replica 4 :]<< Shuttle:  put('movie','star')  from Replica:  3
[2017-10-22 22:00:26,448] Main.Replica<Replica:67007#OlympusNode>:OUTPUT: [Replica 0 :]<< req_operation:  put('hello','hockey')  Client:  0
[2017-10-22 22:00:26,449] Main.Replica<Replica:67006#OlympusNode>:OUTPUT: [Replica 4 :] Perform:  put('movie','star')
[2017-10-22 22:00:26,449] Main.Replica<Replica:67005#OlympusNode>:OUTPUT: [Replica 3 :]<< Result Shuttle:  get('ice')  to Replica:  4
[2017-10-22 22:00:26,449] Main.Replica<Replica:67007#OlympusNode>:OUTPUT: [Replica 0 :] Perform:  put('hello','hockey')
[2017-10-22 22:00:26,449] Main.Replica<Replica:67005#OlympusNode>:OUTPUT: [Replica 3 :]>> Result Shuttle:  get('ice')  to Replica:  2
[2017-10-22 22:00:26,451] Main.Replica<Replica:67007#OlympusNode>:OUTPUT: [Replica 0 :]>> Shuttle:  put('hello','hockey')  to Replica:  1
[2017-10-22 22:00:26,453] Main.Replica<Replica:67004#OlympusNode>:OUTPUT: [Replica 1 :]<< Shuttle:  put('hello','hockey')  from Replica:  0
[2017-10-22 22:00:26,454] Main.Replica<Replica:67004#OlympusNode>:OUTPUT: [Replica 1 :] Perform:  put('hello','hockey')
[2017-10-22 22:00:26,455] Main.Replica<Replica:67003#OlympusNode>:OUTPUT: [Replica 2 :]<< Result Shuttle:  get('ice')  to Replica:  3
[2017-10-22 22:00:26,455] Main.Replica<Replica:67003#OlympusNode>:OUTPUT: [Replica 2 :]>> Result Shuttle:  get('ice')  to Replica:  1
[2017-10-22 22:00:26,456] Main.Replica<Replica:67004#OlympusNode>:OUTPUT: [Replica 1 :]>> Shuttle:  put('hello','hockey')  to Replica:  2
[2017-10-22 22:00:26,457] Main.Replica<Replica:67006#OlympusNode>:OUTPUT: [Replica 4 :]>> res_operation:  put('movie','star')  result:  OK
[2017-10-22 22:00:26,458] Main.Replica<Replica:67003#OlympusNode>:OUTPUT: [Replica 2 :]<< Shuttle:  put('jedi','luke skywalker')  from Replica:  1
[2017-10-22 22:00:26,460] Main.Replica<Replica:67003#OlympusNode>:OUTPUT: [Replica 2 :] Perform:  put('jedi','luke skywalker')
[2017-10-22 22:00:26,460] Client.Client<Client:55004#ClientNode>:OUTPUT: [Client 1 :]<< res_operation:  put('movie','star')  Result:  OK
[2017-10-22 22:00:26,461] Client.Client<Client:55004#ClientNode>:OUTPUT: [Client 1 :]>> req_operation:  append('movie',' wars')
[2017-10-22 22:00:26,462] Main.Replica<Replica:67004#OlympusNode>:OUTPUT: [Replica 1 :]<< Result Shuttle:  get('ice')  to Replica:  2
[2017-10-22 22:00:26,462] Main.Replica<Replica:67004#OlympusNode>:OUTPUT: [Replica 1 :]>> Result Shuttle:  get('ice')  to Replica:  0
[2017-10-22 22:00:26,463] Main.Replica<Replica:67007#OlympusNode>:OUTPUT: [Replica 0 :]<< req_operation:  append('movie',' wars')  Client:  1
[2017-10-22 22:00:26,463] Main.Replica<Replica:67006#OlympusNode>:OUTPUT: [Replica 4 :]>> Result Shuttle:  put('movie','star')  to Replica:  3
[2017-10-22 22:00:26,465] Main.Replica<Replica:67007#OlympusNode>:OUTPUT: [Replica 0 :] Perform:  append('movie',' wars')
[2017-10-22 22:00:26,464] Main.Replica<Replica:67003#OlympusNode>:OUTPUT: [Replica 2 :]>> Shuttle:  put('jedi','luke skywalker')  to Replica:  3
[2017-10-22 22:00:26,467] Main.Replica<Replica:67007#OlympusNode>:OUTPUT: [Replica 0 :]>> Shuttle:  append('movie',' wars')  to Replica:  1
[2017-10-22 22:00:26,468] Main.Replica<Replica:67005#OlympusNode>:OUTPUT: [Replica 3 :]<< Result Shuttle:  put('movie','star')  to Replica:  4
[2017-10-22 22:00:26,469] Main.Replica<Replica:67005#OlympusNode>:OUTPUT: [Replica 3 :]>> Result Shuttle:  put('movie','star')  to Replica:  2
[2017-10-22 22:00:26,471] Main.Replica<Replica:67005#OlympusNode>:OUTPUT: [Replica 3 :]<< Shuttle:  put('jedi','luke skywalker')  from Replica:  2
[2017-10-22 22:00:26,471] Main.Replica<Replica:67003#OlympusNode>:OUTPUT: [Replica 2 :]<< Shuttle:  put('hello','hockey')  from Replica:  1
[2017-10-22 22:00:26,473] Main.Replica<Replica:67004#OlympusNode>:OUTPUT: [Replica 1 :]<< Shuttle:  append('movie',' wars')  from Replica:  0
[2017-10-22 22:00:26,475] Main.Replica<Replica:67004#OlympusNode>:OUTPUT: [Replica 1 :] Perform:  append('movie',' wars')
[2017-10-22 22:00:26,476] Main.Replica<Replica:67007#OlympusNode>:OUTPUT: [Replica 0 :]<< Result Shuttle:  get('ice')  to Replica:  1
[2017-10-22 22:00:26,476] Main.Replica<Replica:67003#OlympusNode>:OUTPUT: [Replica 2 :] Perform:  put('hello','hockey')
[2017-10-22 22:00:26,476] Main.Replica<Replica:67004#OlympusNode>:OUTPUT: [Replica 1 :]>> Shuttle:  append('movie',' wars')  to Replica:  2
[2017-10-22 22:00:26,477] Main.Replica<Replica:67005#OlympusNode>:OUTPUT: [Replica 3 :] Perform:  put('jedi','luke skywalker')
[2017-10-22 22:00:26,478] Main.Replica<Replica:67003#OlympusNode>:OUTPUT: [Replica 2 :]>> Shuttle:  put('hello','hockey')  to Replica:  3
[2017-10-22 22:00:26,479] Main.Replica<Replica:67005#OlympusNode>:OUTPUT: [Replica 3 :]>> Shuttle:  put('jedi','luke skywalker')  to Replica:  4
[2017-10-22 22:00:26,481] Main.Replica<Replica:67003#OlympusNode>:OUTPUT: [Replica 2 :]<< Result Shuttle:  put('movie','star')  to Replica:  3
[2017-10-22 22:00:26,481] Main.Replica<Replica:67003#OlympusNode>:OUTPUT: [Replica 2 :]>> Result Shuttle:  put('movie','star')  to Replica:  1
[2017-10-22 22:00:26,481] Main.Replica<Replica:67005#OlympusNode>:OUTPUT: [Replica 3 :]<< Shuttle:  put('hello','hockey')  from Replica:  2
[2017-10-22 22:00:26,482] Main.Replica<Replica:67006#OlympusNode>:OUTPUT: [Replica 4 :]<< Shuttle:  put('jedi','luke skywalker')  from Replica:  3
[2017-10-22 22:00:26,483] Main.Replica<Replica:67003#OlympusNode>:OUTPUT: [Replica 2 :]<< Shuttle:  append('movie',' wars')  from Replica:  1
[2017-10-22 22:00:26,485] Main.Replica<Replica:67003#OlympusNode>:OUTPUT: [Replica 2 :] Perform:  append('movie',' wars')
[2017-10-22 22:00:26,485] Main.Replica<Replica:67006#OlympusNode>:OUTPUT: [Replica 4 :] Perform:  put('jedi','luke skywalker')
[2017-10-22 22:00:26,487] Main.Replica<Replica:67005#OlympusNode>:OUTPUT: [Replica 3 :] Perform:  put('hello','hockey')
[2017-10-22 22:00:26,489] Main.Replica<Replica:67003#OlympusNode>:OUTPUT: [Replica 2 :]>> Shuttle:  append('movie',' wars')  to Replica:  3
[2017-10-22 22:00:26,489] Main.Replica<Replica:67004#OlympusNode>:OUTPUT: [Replica 1 :]<< Result Shuttle:  put('movie','star')  to Replica:  2
[2017-10-22 22:00:26,490] Main.Replica<Replica:67004#OlympusNode>:OUTPUT: [Replica 1 :]>> Result Shuttle:  put('movie','star')  to Replica:  0
[2017-10-22 22:00:26,489] Main.Replica<Replica:67005#OlympusNode>:OUTPUT: [Replica 3 :]>> Shuttle:  put('hello','hockey')  to Replica:  4
[2017-10-22 22:00:26,494] Client.Client<Client:55002#ClientNode>:OUTPUT: [Client 2 :]<< res_operation:  put('jedi','luke skywalker')  Result:  OK
[2017-10-22 22:00:26,495] Client.Client<Client:55002#ClientNode>:OUTPUT: [Client 2 :]>> req_operation:  slice('jedi','0:4')
[2017-10-22 22:00:26,495] Main.Replica<Replica:67007#OlympusNode>:OUTPUT: [Replica 0 :]<< Result Shuttle:  put('movie','star')  to Replica:  1
[2017-10-22 22:00:26,495] Main.Replica<Replica:67005#OlympusNode>:OUTPUT: [Replica 3 :]<< Shuttle:  append('movie',' wars')  from Replica:  2
[2017-10-22 22:00:26,496] Main.Replica<Replica:67006#OlympusNode>:OUTPUT: [Replica 4 :]>> res_operation:  put('jedi','luke skywalker')  result:  OK
[2017-10-22 22:00:26,497] Main.Replica<Replica:67007#OlympusNode>:OUTPUT: [Replica 0 :]<< req_operation:  slice('jedi','0:4')  Client:  2
[2017-10-22 22:00:26,498] Main.Replica<Replica:67005#OlympusNode>:OUTPUT: [Replica 3 :] Perform:  append('movie',' wars')
[2017-10-22 22:00:26,498] Main.Replica<Replica:67007#OlympusNode>:OUTPUT: [Replica 0 :] Perform:  slice('jedi','0:4')
[2017-10-22 22:00:26,500] Main.Replica<Replica:67005#OlympusNode>:OUTPUT: [Replica 3 :]>> Shuttle:  append('movie',' wars')  to Replica:  4
[2017-10-22 22:00:26,500] Main.Replica<Replica:67006#OlympusNode>:OUTPUT: [Replica 4 :]>> Result Shuttle:  put('jedi','luke skywalker')  to Replica:  3
[2017-10-22 22:00:26,501] Main.Replica<Replica:67007#OlympusNode>:OUTPUT: [Replica 0 :]>> Shuttle:  slice('jedi','0:4')  to Replica:  1
[2017-10-22 22:00:26,503] Main.Replica<Replica:67004#OlympusNode>:OUTPUT: [Replica 1 :]<< Shuttle:  slice('jedi','0:4')  from Replica:  0
[2017-10-22 22:00:26,503] Main.Replica<Replica:67006#OlympusNode>:OUTPUT: [Replica 4 :]<< Shuttle:  put('hello','hockey')  from Replica:  3
[2017-10-22 22:00:26,506] Main.Replica<Replica:67006#OlympusNode>:OUTPUT: [Replica 4 :] Perform:  put('hello','hockey')
[2017-10-22 22:00:26,505] Main.Replica<Replica:67004#OlympusNode>:OUTPUT: [Replica 1 :] Perform:  slice('jedi','0:4')
[2017-10-22 22:00:26,508] Main.Replica<Replica:67006#OlympusNode>:OUTPUT: [Replica 4 :]>> res_operation:  put('hello','hockey')  result:  OK
[2017-10-22 22:00:26,512] Client.Client<Client:55003#ClientNode>:OUTPUT: [Client 0 :]<< res_operation:  put('hello','hockey')  Result:  OK
[2017-10-22 22:00:26,512] Main.Replica<Replica:67006#OlympusNode>:OUTPUT: [Replica 4 :]>> Result Shuttle:  put('hello','hockey')  to Replica:  3
[2017-10-22 22:00:26,512] Main.Replica<Replica:67004#OlympusNode>:OUTPUT: [Replica 1 :]>> Shuttle:  slice('jedi','0:4')  to Replica:  2
[2017-10-22 22:00:26,513] Client.Client<Client:55003#ClientNode>:OUTPUT: [Client 0 :]>> req_operation:  slice('ice','0:4')
[2017-10-22 22:00:26,514] Main.Replica<Replica:67006#OlympusNode>:OUTPUT: [Replica 4 :]<< Shuttle:  append('movie',' wars')  from Replica:  3
[2017-10-22 22:00:26,516] Main.Replica<Replica:67003#OlympusNode>:OUTPUT: [Replica 2 :]<< Shuttle:  slice('jedi','0:4')  from Replica:  1
[2017-10-22 22:00:26,516] Main.Replica<Replica:67007#OlympusNode>:OUTPUT: [Replica 0 :]<< req_operation:  slice('ice','0:4')  Client:  0
[2017-10-22 22:00:26,518] Main.Replica<Replica:67007#OlympusNode>:OUTPUT: [Replica 0 :] Perform:  slice('ice','0:4')
[2017-10-22 22:00:26,519] Main.Replica<Replica:67006#OlympusNode>:OUTPUT: [Replica 4 :] Perform:  append('movie',' wars')
[2017-10-22 22:00:26,516] Main.Replica<Replica:67005#OlympusNode>:OUTPUT: [Replica 3 :]<< Result Shuttle:  put('jedi','luke skywalker')  to Replica:  4
[2017-10-22 22:00:26,518] Main.Replica<Replica:67003#OlympusNode>:OUTPUT: [Replica 2 :] Perform:  slice('jedi','0:4')
[2017-10-22 22:00:26,521] Main.Replica<Replica:67003#OlympusNode>:OUTPUT: [Replica 2 :]>> Shuttle:  slice('jedi','0:4')  to Replica:  3
[2017-10-22 22:00:26,519] Main.Replica<Replica:67005#OlympusNode>:OUTPUT: [Replica 3 :]>> Result Shuttle:  put('jedi','luke skywalker')  to Replica:  2
[2017-10-22 22:00:26,523] Main.Replica<Replica:67007#OlympusNode>:OUTPUT: [Replica 0 :]>> Shuttle:  slice('ice','0:4')  to Replica:  1
[2017-10-22 22:00:26,524] Client.Client<Client:55004#ClientNode>:OUTPUT: [Client 1 :]<< res_operation:  append('movie',' wars')  Result:  OK
[2017-10-22 22:00:26,527] Client.Client<Client:55004#ClientNode>:OUTPUT: [Client 1 :]>> req_operation:  get('movie')
[2017-10-22 22:00:26,524] Main.Replica<Replica:67006#OlympusNode>:OUTPUT: [Replica 4 :]>> res_operation:  append('movie',' wars')  result:  OK
[2017-10-22 22:00:26,528] Main.Replica<Replica:67004#OlympusNode>:OUTPUT: [Replica 1 :]<< Shuttle:  slice('ice','0:4')  from Replica:  0
[2017-10-22 22:00:26,530] Main.Replica<Replica:67004#OlympusNode>:OUTPUT: [Replica 1 :] Perform:  slice('ice','0:4')
[2017-10-22 22:00:26,526] Main.Replica<Replica:67005#OlympusNode>:OUTPUT: [Replica 3 :]<< Result Shuttle:  put('hello','hockey')  to Replica:  4
[2017-10-22 22:00:26,531] Main.Replica<Replica:67004#OlympusNode>:OUTPUT: [Replica 1 :]>> Shuttle:  slice('ice','0:4')  to Replica:  2
[2017-10-22 22:00:26,530] Main.Replica<Replica:67005#OlympusNode>:OUTPUT: [Replica 3 :]>> Result Shuttle:  put('hello','hockey')  to Replica:  2
[2017-10-22 22:00:26,531] Main.Replica<Replica:67007#OlympusNode>:OUTPUT: [Replica 0 :]<< req_operation:  get('movie')  Client:  1
[2017-10-22 22:00:26,532] Main.Replica<Replica:67007#OlympusNode>:OUTPUT: [Replica 0 :] Perform:  get('movie')
[2017-10-22 22:00:26,533] Main.Replica<Replica:67006#OlympusNode>:OUTPUT: [Replica 4 :]>> Result Shuttle:  append('movie',' wars')  to Replica:  3
[2017-10-22 22:00:26,534] Main.Replica<Replica:67003#OlympusNode>:OUTPUT: [Replica 2 :]<< Result Shuttle:  put('jedi','luke skywalker')  to Replica:  3
[2017-10-22 22:00:26,535] Main.Replica<Replica:67003#OlympusNode>:OUTPUT: [Replica 2 :]>> Result Shuttle:  put('jedi','luke skywalker')  to Replica:  1
[2017-10-22 22:00:26,535] Main.Replica<Replica:67007#OlympusNode>:OUTPUT: [Replica 0 :]>> Shuttle:  get('movie')  to Replica:  1
[2017-10-22 22:00:26,535] Main.Replica<Replica:67005#OlympusNode>:OUTPUT: [Replica 3 :]<< Shuttle:  slice('jedi','0:4')  from Replica:  2
[2017-10-22 22:00:26,538] Main.Replica<Replica:67005#OlympusNode>:OUTPUT: [Replica 3 :] Perform:  slice('jedi','0:4')
[2017-10-22 22:00:26,540] Main.Replica<Replica:67005#OlympusNode>:OUTPUT: [Replica 3 :]>> Shuttle:  slice('jedi','0:4')  to Replica:  4
[2017-10-22 22:00:26,541] Main.Replica<Replica:67004#OlympusNode>:OUTPUT: [Replica 1 :]<< Result Shuttle:  put('jedi','luke skywalker')  to Replica:  2
[2017-10-22 22:00:26,541] Main.Replica<Replica:67004#OlympusNode>:OUTPUT: [Replica 1 :]>> Result Shuttle:  put('jedi','luke skywalker')  to Replica:  0
[2017-10-22 22:00:26,545] Main.Replica<Replica:67004#OlympusNode>:OUTPUT: [Replica 1 :]<< Shuttle:  get('movie')  from Replica:  0
[2017-10-22 22:00:26,546] Main.Replica<Replica:67006#OlympusNode>:OUTPUT: [Replica 4 :]<< Shuttle:  slice('jedi','0:4')  from Replica:  3
[2017-10-22 22:00:26,547] Main.Replica<Replica:67004#OlympusNode>:OUTPUT: [Replica 1 :] Perform:  get('movie')
[2017-10-22 22:00:26,548] Main.Replica<Replica:67004#OlympusNode>:OUTPUT: [Replica 1 :]>> Shuttle:  get('movie')  to Replica:  2
[2017-10-22 22:00:26,549] Main.Replica<Replica:67006#OlympusNode>:OUTPUT: [Replica 4 :] Perform:  slice('jedi','0:4')
[2017-10-22 22:00:26,549] Main.Replica<Replica:67007#OlympusNode>:OUTPUT: [Replica 0 :]<< Result Shuttle:  put('jedi','luke skywalker')  to Replica:  1
[2017-10-22 22:00:26,550] Main.Replica<Replica:67003#OlympusNode>:OUTPUT: [Replica 2 :]<< Shuttle:  slice('ice','0:4')  from Replica:  1
[2017-10-22 22:00:26,551] Main.Replica<Replica:67006#OlympusNode>:OUTPUT: [Replica 4 :]>> res_operation:  slice('jedi','0:4')  result:  OK
[2017-10-22 22:00:26,554] Main.Replica<Replica:67006#OlympusNode>:OUTPUT: [Replica 4 :]>> Result Shuttle:  slice('jedi','0:4')  to Replica:  3
[2017-10-22 22:00:26,555] Client.Client<Client:55002#ClientNode>:OUTPUT: [Client 2 :]<< res_operation:  slice('jedi','0:4')  Result:  OK
[2017-10-22 22:00:26,556] Client.Client<Client:55002#ClientNode>:OUTPUT: [Client 2 :]>> req_operation:  get('jedi')
[2017-10-22 22:00:26,545] Main.Replica<Replica:67005#OlympusNode>:OUTPUT: [Replica 3 :]<< Result Shuttle:  append('movie',' wars')  to Replica:  4
[2017-10-22 22:00:26,556] Main.Replica<Replica:67005#OlympusNode>:OUTPUT: [Replica 3 :]>> Result Shuttle:  append('movie',' wars')  to Replica:  2
[2017-10-22 22:00:26,557] Main.Replica<Replica:67007#OlympusNode>:OUTPUT: [Replica 0 :]<< req_operation:  get('jedi')  Client:  2
[2017-10-22 22:00:26,558] Main.Replica<Replica:67007#OlympusNode>:OUTPUT: [Replica 0 :] Perform:  get('jedi')
[2017-10-22 22:00:26,559] Main.Replica<Replica:67003#OlympusNode>:OUTPUT: [Replica 2 :] Perform:  slice('ice','0:4')
[2017-10-22 22:00:26,560] Main.Replica<Replica:67007#OlympusNode>:OUTPUT: [Replica 0 :]>> Shuttle:  get('jedi')  to Replica:  1
[2017-10-22 22:00:26,560] Main.Replica<Replica:67003#OlympusNode>:OUTPUT: [Replica 2 :]>> Shuttle:  slice('ice','0:4')  to Replica:  3
[2017-10-22 22:00:26,560] Main.Replica<Replica:67005#OlympusNode>:OUTPUT: [Replica 3 :]<< Result Shuttle:  slice('jedi','0:4')  to Replica:  4
[2017-10-22 22:00:26,561] Main.Replica<Replica:67005#OlympusNode>:OUTPUT: [Replica 3 :]>> Result Shuttle:  slice('jedi','0:4')  to Replica:  2
[2017-10-22 22:00:26,562] Main.Replica<Replica:67004#OlympusNode>:OUTPUT: [Replica 1 :]<< Shuttle:  get('jedi')  from Replica:  0
[2017-10-22 22:00:26,563] Main.Replica<Replica:67005#OlympusNode>:OUTPUT: [Replica 3 :]<< Shuttle:  slice('ice','0:4')  from Replica:  2
[2017-10-22 22:00:26,565] Main.Replica<Replica:67004#OlympusNode>:OUTPUT: [Replica 1 :] Perform:  get('jedi')
[2017-10-22 22:00:26,566] Main.Replica<Replica:67003#OlympusNode>:OUTPUT: [Replica 2 :]<< Result Shuttle:  put('hello','hockey')  to Replica:  3
[2017-10-22 22:00:26,566] Main.Replica<Replica:67005#OlympusNode>:OUTPUT: [Replica 3 :] Perform:  slice('ice','0:4')
[2017-10-22 22:00:26,566] Main.Replica<Replica:67003#OlympusNode>:OUTPUT: [Replica 2 :]>> Result Shuttle:  put('hello','hockey')  to Replica:  1
[2017-10-22 22:00:26,567] Main.Replica<Replica:67004#OlympusNode>:OUTPUT: [Replica 1 :]>> Shuttle:  get('jedi')  to Replica:  2
[2017-10-22 22:00:26,567] Main.Replica<Replica:67005#OlympusNode>:OUTPUT: [Replica 3 :]>> Shuttle:  slice('ice','0:4')  to Replica:  4
[2017-10-22 22:00:26,568] Main.Replica<Replica:67003#OlympusNode>:OUTPUT: [Replica 2 :]<< Shuttle:  get('movie')  from Replica:  1
[2017-10-22 22:00:26,570] Main.Replica<Replica:67003#OlympusNode>:OUTPUT: [Replica 2 :] Perform:  get('movie')
[2017-10-22 22:00:26,570] Main.Replica<Replica:67006#OlympusNode>:OUTPUT: [Replica 4 :]<< Shuttle:  slice('ice','0:4')  from Replica:  3
[2017-10-22 22:00:26,571] Main.Replica<Replica:67003#OlympusNode>:OUTPUT: [Replica 2 :]>> Shuttle:  get('movie')  to Replica:  3
[2017-10-22 22:00:26,572] Main.Replica<Replica:67004#OlympusNode>:OUTPUT: [Replica 1 :]<< Result Shuttle:  put('hello','hockey')  to Replica:  2
[2017-10-22 22:00:26,572] Main.Replica<Replica:67004#OlympusNode>:OUTPUT: [Replica 1 :]>> Result Shuttle:  put('hello','hockey')  to Replica:  0
[2017-10-22 22:00:26,573] Main.Replica<Replica:67006#OlympusNode>:OUTPUT: [Replica 4 :] Perform:  slice('ice','0:4')
[2017-10-22 22:00:26,576] Main.Replica<Replica:67003#OlympusNode>:OUTPUT: [Replica 2 :]<< Result Shuttle:  append('movie',' wars')  to Replica:  3
[2017-10-22 22:00:26,576] Main.Replica<Replica:67003#OlympusNode>:OUTPUT: [Replica 2 :]>> Result Shuttle:  append('movie',' wars')  to Replica:  1
[2017-10-22 22:00:26,577] Main.Replica<Replica:67007#OlympusNode>:OUTPUT: [Replica 0 :]<< Result Shuttle:  put('hello','hockey')  to Replica:  1
[2017-10-22 22:00:26,578] Client.Client<Client:55003#ClientNode>:OUTPUT: [Client 0 :]<< res_operation:  slice('ice','0:4')  Result:  FAIL
[2017-10-22 22:00:26,580] Main.Replica<Replica:67004#OlympusNode>:OUTPUT: [Replica 1 :]<< Result Shuttle:  append('movie',' wars')  to Replica:  2
[2017-10-22 22:00:26,580] Main.Replica<Replica:67003#OlympusNode>:OUTPUT: [Replica 2 :]<< Result Shuttle:  slice('jedi','0:4')  to Replica:  3
[2017-10-22 22:00:26,581] Main.Replica<Replica:67004#OlympusNode>:OUTPUT: [Replica 1 :]>> Result Shuttle:  append('movie',' wars')  to Replica:  0
[2017-10-22 22:00:26,581] Main.Replica<Replica:67003#OlympusNode>:OUTPUT: [Replica 2 :]>> Result Shuttle:  slice('jedi','0:4')  to Replica:  1
[2017-10-22 22:00:26,579] Client.Client<Client:55003#ClientNode>:OUTPUT: [Client 0 :]>> req_operation:  get('hello')
[2017-10-22 22:00:26,583] Main.Replica<Replica:67006#OlympusNode>:OUTPUT: [Replica 4 :]>> res_operation:  slice('ice','0:4')  result:  FAIL
[2017-10-22 22:00:26,586] Main.Replica<Replica:67003#OlympusNode>:OUTPUT: [Replica 2 :]<< Shuttle:  get('jedi')  from Replica:  1
[2017-10-22 22:00:26,588] Main.Replica<Replica:67004#OlympusNode>:OUTPUT: [Replica 1 :]<< Result Shuttle:  slice('jedi','0:4')  to Replica:  2
[2017-10-22 22:00:26,589] Main.Replica<Replica:67006#OlympusNode>:OUTPUT: [Replica 4 :]>> Result Shuttle:  slice('ice','0:4')  to Replica:  3
[2017-10-22 22:00:26,588] Main.Replica<Replica:67003#OlympusNode>:OUTPUT: [Replica 2 :] Perform:  get('jedi')
[2017-10-22 22:00:26,590] Main.Replica<Replica:67004#OlympusNode>:OUTPUT: [Replica 1 :]>> Result Shuttle:  slice('jedi','0:4')  to Replica:  0
[2017-10-22 22:00:26,589] Main.Replica<Replica:67007#OlympusNode>:OUTPUT: [Replica 0 :]<< Result Shuttle:  append('movie',' wars')  to Replica:  1
[2017-10-22 22:00:26,591] Main.Replica<Replica:67005#OlympusNode>:OUTPUT: [Replica 3 :]<< Shuttle:  get('movie')  from Replica:  2
[2017-10-22 22:00:26,592] Main.Replica<Replica:67007#OlympusNode>:OUTPUT: [Replica 0 :]<< req_operation:  get('hello')  Client:  0
[2017-10-22 22:00:26,592] Main.Replica<Replica:67003#OlympusNode>:OUTPUT: [Replica 2 :]>> Shuttle:  get('jedi')  to Replica:  3
[2017-10-22 22:00:26,593] Main.Replica<Replica:67007#OlympusNode>:OUTPUT: [Replica 0 :] Perform:  get('hello')
[2017-10-22 22:00:26,594] Main.Replica<Replica:67005#OlympusNode>:OUTPUT: [Replica 3 :] Perform:  get('movie')
[2017-10-22 22:00:26,595] Main.Replica<Replica:67007#OlympusNode>:OUTPUT: [Replica 0 :]>> Shuttle:  get('hello')  to Replica:  1
[2017-10-22 22:00:26,595] Main.Replica<Replica:67005#OlympusNode>:OUTPUT: [Replica 3 :]>> Shuttle:  get('movie')  to Replica:  4
[2017-10-22 22:00:26,597] Main.Replica<Replica:67004#OlympusNode>:OUTPUT: [Replica 1 :]<< Shuttle:  get('hello')  from Replica:  0
[2017-10-22 22:00:26,597] Main.Replica<Replica:67006#OlympusNode>:OUTPUT: [Replica 4 :]<< Shuttle:  get('movie')  from Replica:  3
[2017-10-22 22:00:26,598] Main.Replica<Replica:67004#OlympusNode>:OUTPUT: [Replica 1 :] Perform:  get('hello')
[2017-10-22 22:00:26,599] Main.Replica<Replica:67005#OlympusNode>:OUTPUT: [Replica 3 :]<< Result Shuttle:  slice('ice','0:4')  to Replica:  4
[2017-10-22 22:00:26,599] Main.Replica<Replica:67005#OlympusNode>:OUTPUT: [Replica 3 :]>> Result Shuttle:  slice('ice','0:4')  to Replica:  2
[2017-10-22 22:00:26,600] Main.Replica<Replica:67004#OlympusNode>:OUTPUT: [Replica 1 :]>> Shuttle:  get('hello')  to Replica:  2
[2017-10-22 22:00:26,601] Main.Replica<Replica:67006#OlympusNode>:OUTPUT: [Replica 4 :] Perform:  get('movie')
[2017-10-22 22:00:26,603] Main.Replica<Replica:67006#OlympusNode>:OUTPUT: [Replica 4 :]>> res_operation:  get('movie')  result:  star wars
[2017-10-22 22:00:26,604] Main.Replica<Replica:67005#OlympusNode>:OUTPUT: [Replica 3 :]<< Shuttle:  get('jedi')  from Replica:  2
[2017-10-22 22:00:26,604] Main.Replica<Replica:67003#OlympusNode>:OUTPUT: [Replica 2 :]<< Result Shuttle:  slice('ice','0:4')  to Replica:  3
[2017-10-22 22:00:26,604] Main.Replica<Replica:67003#OlympusNode>:OUTPUT: [Replica 2 :]>> Result Shuttle:  slice('ice','0:4')  to Replica:  1
[2017-10-22 22:00:26,606] Client.Client<Client:55004#ClientNode>:OUTPUT: [Client 1 :]<< res_operation:  get('movie')  Result:  star wars
[2017-10-22 22:00:26,606] Main.Replica<Replica:67005#OlympusNode>:OUTPUT: [Replica 3 :] Perform:  get('jedi')
[2017-10-22 22:00:26,606] Client.Client<Client:55004#ClientNode>:OUTPUT: [Client 1 :] Test case completed! Validating Result
[2017-10-22 22:00:26,607] Main.Replica<Replica:67007#OlympusNode>:OUTPUT: [Replica 0 :]<< Result Shuttle:  slice('jedi','0:4')  to Replica:  1
[2017-10-22 22:00:26,607] Main.Replica<Replica:67005#OlympusNode>:OUTPUT: [Replica 3 :]>> Shuttle:  get('jedi')  to Replica:  4
[2017-10-22 22:00:26,607] Main.Replica<Replica:67003#OlympusNode>:OUTPUT: [Replica 2 :]<< Shuttle:  get('hello')  from Replica:  1
[2017-10-22 22:00:26,608] Client.Client<Client:55004#ClientNode>:OUTPUT: [Client 1 :] Valid Final Result! Client:  ['OK', 'OK', 'star wars'] , Replica:  ['OK', 'OK', 'star wars']
[2017-10-22 22:00:26,610] Main.Replica<Replica:67006#OlympusNode>:OUTPUT: [Replica 4 :]>> Result Shuttle:  get('movie')  to Replica:  3
[2017-10-22 22:00:26,611] Main.Replica<Replica:67003#OlympusNode>:OUTPUT: [Replica 2 :] Perform:  get('hello')
[2017-10-22 22:00:26,611] Main.Replica<Replica:67004#OlympusNode>:OUTPUT: [Replica 1 :]<< Result Shuttle:  slice('ice','0:4')  to Replica:  2
[2017-10-22 22:00:26,612] Main.Replica<Replica:67006#OlympusNode>:OUTPUT: [Replica 4 :]<< Shuttle:  get('jedi')  from Replica:  3
[2017-10-22 22:00:26,613] Main.Replica<Replica:67004#OlympusNode>:OUTPUT: [Replica 1 :]>> Result Shuttle:  slice('ice','0:4')  to Replica:  0
[2017-10-22 22:00:26,614] Main.Replica<Replica:67003#OlympusNode>:OUTPUT: [Replica 2 :]>> Shuttle:  get('hello')  to Replica:  3
[2017-10-22 22:00:26,615] Main.Replica<Replica:67005#OlympusNode>:OUTPUT: [Replica 3 :]<< Result Shuttle:  get('movie')  to Replica:  4
[2017-10-22 22:00:26,615] Main.Replica<Replica:67005#OlympusNode>:OUTPUT: [Replica 3 :]>> Result Shuttle:  get('movie')  to Replica:  2
[2017-10-22 22:00:26,617] Main.Replica<Replica:67007#OlympusNode>:OUTPUT: [Replica 0 :]<< Result Shuttle:  slice('ice','0:4')  to Replica:  1
[2017-10-22 22:00:26,618] Main.Replica<Replica:67005#OlympusNode>:OUTPUT: [Replica 3 :]<< Shuttle:  get('hello')  from Replica:  2
[2017-10-22 22:00:26,618] Main.Replica<Replica:67006#OlympusNode>:OUTPUT: [Replica 4 :] Perform:  get('jedi')
[2017-10-22 22:00:26,621] Main.Replica<Replica:67006#OlympusNode>:OUTPUT: [Replica 4 :]>> res_operation:  get('jedi')  result:  luke
[2017-10-22 22:00:26,624] Client.Client<Client:55002#ClientNode>:OUTPUT: [Client 2 :]<< res_operation:  get('jedi')  Result:  luke
[2017-10-22 22:00:26,624] Main.Replica<Replica:67006#OlympusNode>:OUTPUT: [Replica 4 :]>> Result Shuttle:  get('jedi')  to Replica:  3
[2017-10-22 22:00:26,625] Client.Client<Client:55002#ClientNode>:OUTPUT: [Client 2 :] Test case completed! Validating Result
[2017-10-22 22:00:26,627] Client.Client<Client:55002#ClientNode>:OUTPUT: [Client 2 :] Valid Final Result! Client:  ['OK', 'OK', 'luke'] , Replica:  ['OK', 'OK', 'luke']
[2017-10-22 22:00:26,621] Main.Replica<Replica:67005#OlympusNode>:OUTPUT: [Replica 3 :] Perform:  get('hello')
[2017-10-22 22:00:26,629] Main.Replica<Replica:67003#OlympusNode>:OUTPUT: [Replica 2 :]<< Result Shuttle:  get('movie')  to Replica:  3
[2017-10-22 22:00:26,629] Main.Replica<Replica:67003#OlympusNode>:OUTPUT: [Replica 2 :]>> Result Shuttle:  get('movie')  to Replica:  1
[2017-10-22 22:00:26,630] Main.Replica<Replica:67005#OlympusNode>:OUTPUT: [Replica 3 :]>> Shuttle:  get('hello')  to Replica:  4
[2017-10-22 22:00:26,632] Main.Replica<Replica:67006#OlympusNode>:OUTPUT: [Replica 4 :]<< Shuttle:  get('hello')  from Replica:  3
[2017-10-22 22:00:26,632] Main.Replica<Replica:67004#OlympusNode>:OUTPUT: [Replica 1 :]<< Result Shuttle:  get('movie')  to Replica:  2
[2017-10-22 22:00:26,632] Main.Replica<Replica:67004#OlympusNode>:OUTPUT: [Replica 1 :]>> Result Shuttle:  get('movie')  to Replica:  0
[2017-10-22 22:00:26,634] Main.Replica<Replica:67006#OlympusNode>:OUTPUT: [Replica 4 :] Perform:  get('hello')
[2017-10-22 22:00:26,635] Main.Replica<Replica:67007#OlympusNode>:OUTPUT: [Replica 0 :]<< Result Shuttle:  get('movie')  to Replica:  1
[2017-10-22 22:00:26,638] Main.Replica<Replica:67005#OlympusNode>:OUTPUT: [Replica 3 :]<< Result Shuttle:  get('jedi')  to Replica:  4
[2017-10-22 22:00:26,638] Main.Replica<Replica:67005#OlympusNode>:OUTPUT: [Replica 3 :]>> Result Shuttle:  get('jedi')  to Replica:  2
[2017-10-22 22:00:26,641] Main.Replica<Replica:67003#OlympusNode>:OUTPUT: [Replica 2 :]<< Result Shuttle:  get('jedi')  to Replica:  3
[2017-10-22 22:00:26,642] Main.Replica<Replica:67003#OlympusNode>:OUTPUT: [Replica 2 :]>> Result Shuttle:  get('jedi')  to Replica:  1
[2017-10-22 22:00:26,642] Main.Replica<Replica:67006#OlympusNode>:OUTPUT: [Replica 4 :]>> res_operation:  get('hello')  result:  hockey
[2017-10-22 22:00:26,645] Main.Replica<Replica:67006#OlympusNode>:OUTPUT: [Replica 4 :]>> Result Shuttle:  get('hello')  to Replica:  3
[2017-10-22 22:00:26,645] Client.Client<Client:55003#ClientNode>:OUTPUT: [Client 0 :]<< res_operation:  get('hello')  Result:  hockey
[2017-10-22 22:00:26,646] Client.Client<Client:55003#ClientNode>:OUTPUT: [Client 0 :]>> req_operation:  slice('moon','0:4')
[2017-10-22 22:00:26,647] Main.Replica<Replica:67004#OlympusNode>:OUTPUT: [Replica 1 :]<< Result Shuttle:  get('jedi')  to Replica:  2
[2017-10-22 22:00:26,648] Main.Replica<Replica:67004#OlympusNode>:OUTPUT: [Replica 1 :]>> Result Shuttle:  get('jedi')  to Replica:  0
[2017-10-22 22:00:26,649] Main.Replica<Replica:67005#OlympusNode>:OUTPUT: [Replica 3 :]<< Result Shuttle:  get('hello')  to Replica:  4
[2017-10-22 22:00:26,649] Main.Replica<Replica:67005#OlympusNode>:OUTPUT: [Replica 3 :]>> Result Shuttle:  get('hello')  to Replica:  2
[2017-10-22 22:00:26,648] Main.Replica<Replica:67007#OlympusNode>:OUTPUT: [Replica 0 :]<< req_operation:  slice('moon','0:4')  Client:  0
[2017-10-22 22:00:26,650] Main.Replica<Replica:67007#OlympusNode>:OUTPUT: [Replica 0 :] Perform:  slice('moon','0:4')
[2017-10-22 22:00:26,653] Main.Replica<Replica:67007#OlympusNode>:OUTPUT: [Replica 0 :]>> Shuttle:  slice('moon','0:4')  to Replica:  1
[2017-10-22 22:00:26,653] Main.Replica<Replica:67003#OlympusNode>:OUTPUT: [Replica 2 :]<< Result Shuttle:  get('hello')  to Replica:  3
[2017-10-22 22:00:26,654] Main.Replica<Replica:67003#OlympusNode>:OUTPUT: [Replica 2 :]>> Result Shuttle:  get('hello')  to Replica:  1
[2017-10-22 22:00:26,655] Main.Replica<Replica:67004#OlympusNode>:OUTPUT: [Replica 1 :]<< Shuttle:  slice('moon','0:4')  from Replica:  0
[2017-10-22 22:00:26,658] Main.Replica<Replica:67004#OlympusNode>:OUTPUT: [Replica 1 :] Perform:  slice('moon','0:4')
[2017-10-22 22:00:26,659] Main.Replica<Replica:67004#OlympusNode>:OUTPUT: [Replica 1 :]>> Shuttle:  slice('moon','0:4')  to Replica:  2
[2017-10-22 22:00:26,659] Main.Replica<Replica:67007#OlympusNode>:OUTPUT: [Replica 0 :]<< Result Shuttle:  get('jedi')  to Replica:  1
[2017-10-22 22:00:26,662] Main.Replica<Replica:67003#OlympusNode>:OUTPUT: [Replica 2 :]<< Shuttle:  slice('moon','0:4')  from Replica:  1
[2017-10-22 22:00:26,664] Main.Replica<Replica:67003#OlympusNode>:OUTPUT: [Replica 2 :] Perform:  slice('moon','0:4')
[2017-10-22 22:00:26,665] Main.Replica<Replica:67004#OlympusNode>:OUTPUT: [Replica 1 :]<< Result Shuttle:  get('hello')  to Replica:  2
[2017-10-22 22:00:26,665] Main.Replica<Replica:67004#OlympusNode>:OUTPUT: [Replica 1 :]>> Result Shuttle:  get('hello')  to Replica:  0
[2017-10-22 22:00:26,665] Main.Replica<Replica:67003#OlympusNode>:OUTPUT: [Replica 2 :]>> Shuttle:  slice('moon','0:4')  to Replica:  3
[2017-10-22 22:00:26,668] Main.Replica<Replica:67005#OlympusNode>:OUTPUT: [Replica 3 :]<< Shuttle:  slice('moon','0:4')  from Replica:  2
[2017-10-22 22:00:26,670] Main.Replica<Replica:67005#OlympusNode>:OUTPUT: [Replica 3 :] Perform:  slice('moon','0:4')
[2017-10-22 22:00:26,669] Main.Replica<Replica:67007#OlympusNode>:OUTPUT: [Replica 0 :]<< Result Shuttle:  get('hello')  to Replica:  1
[2017-10-22 22:00:26,670] Main.Replica<Replica:67005#OlympusNode>:OUTPUT: [Replica 3 :]>> Shuttle:  slice('moon','0:4')  to Replica:  4
[2017-10-22 22:00:26,673] Main.Replica<Replica:67006#OlympusNode>:OUTPUT: [Replica 4 :]<< Shuttle:  slice('moon','0:4')  from Replica:  3
[2017-10-22 22:00:26,676] Main.Replica<Replica:67006#OlympusNode>:OUTPUT: [Replica 4 :] Perform:  slice('moon','0:4')
[2017-10-22 22:00:26,677] Main.Replica<Replica:67006#OlympusNode>:OUTPUT: [Replica 4 :]>> res_operation:  slice('moon','0:4')  result:  FAIL
[2017-10-22 22:00:26,679] Main.Replica<Replica:67006#OlympusNode>:OUTPUT: [Replica 4 :]>> Result Shuttle:  slice('moon','0:4')  to Replica:  3
[2017-10-22 22:00:26,680] Client.Client<Client:55003#ClientNode>:OUTPUT: [Client 0 :]<< res_operation:  slice('moon','0:4')  Result:  FAIL
[2017-10-22 22:00:26,681] Client.Client<Client:55003#ClientNode>:OUTPUT: [Client 0 :]>> req_operation:  put('hello','walk')
[2017-10-22 22:00:26,683] Main.Replica<Replica:67005#OlympusNode>:OUTPUT: [Replica 3 :]<< Result Shuttle:  slice('moon','0:4')  to Replica:  4
[2017-10-22 22:00:26,683] Main.Replica<Replica:67005#OlympusNode>:OUTPUT: [Replica 3 :]>> Result Shuttle:  slice('moon','0:4')  to Replica:  2
[2017-10-22 22:00:26,684] Main.Replica<Replica:67007#OlympusNode>:OUTPUT: [Replica 0 :]<< req_operation:  put('hello','walk')  Client:  0
[2017-10-22 22:00:26,685] Main.Replica<Replica:67007#OlympusNode>:OUTPUT: [Replica 0 :] Perform:  put('hello','walk')
[2017-10-22 22:00:26,687] Main.Replica<Replica:67003#OlympusNode>:OUTPUT: [Replica 2 :]<< Result Shuttle:  slice('moon','0:4')  to Replica:  3
[2017-10-22 22:00:26,687] Main.Replica<Replica:67003#OlympusNode>:OUTPUT: [Replica 2 :]>> Result Shuttle:  slice('moon','0:4')  to Replica:  1
[2017-10-22 22:00:26,688] Main.Replica<Replica:67007#OlympusNode>:OUTPUT: [Replica 0 :]>> Shuttle:  put('hello','walk')  to Replica:  1
[2017-10-22 22:00:26,692] Main.Replica<Replica:67004#OlympusNode>:OUTPUT: [Replica 1 :]<< Result Shuttle:  slice('moon','0:4')  to Replica:  2
[2017-10-22 22:00:26,692] Main.Replica<Replica:67004#OlympusNode>:OUTPUT: [Replica 1 :]>> Result Shuttle:  slice('moon','0:4')  to Replica:  0
[2017-10-22 22:00:26,695] Main.Replica<Replica:67004#OlympusNode>:OUTPUT: [Replica 1 :]<< Shuttle:  put('hello','walk')  from Replica:  0
[2017-10-22 22:00:26,696] Main.Replica<Replica:67004#OlympusNode>:OUTPUT: [Replica 1 :] Perform:  put('hello','walk')
[2017-10-22 22:00:26,697] Main.Replica<Replica:67007#OlympusNode>:OUTPUT: [Replica 0 :]<< Result Shuttle:  slice('moon','0:4')  to Replica:  1
[2017-10-22 22:00:26,697] Main.Replica<Replica:67004#OlympusNode>:OUTPUT: [Replica 1 :]>> Shuttle:  put('hello','walk')  to Replica:  2
[2017-10-22 22:00:26,700] Main.Replica<Replica:67003#OlympusNode>:OUTPUT: [Replica 2 :]<< Shuttle:  put('hello','walk')  from Replica:  1
[2017-10-22 22:00:26,702] Main.Replica<Replica:67003#OlympusNode>:OUTPUT: [Replica 2 :] Perform:  put('hello','walk')
[2017-10-22 22:00:26,704] Main.Replica<Replica:67003#OlympusNode>:OUTPUT: [Replica 2 :]>> Shuttle:  put('hello','walk')  to Replica:  3
[2017-10-22 22:00:26,706] Main.Replica<Replica:67005#OlympusNode>:OUTPUT: [Replica 3 :]<< Shuttle:  put('hello','walk')  from Replica:  2
[2017-10-22 22:00:26,708] Main.Replica<Replica:67005#OlympusNode>:OUTPUT: [Replica 3 :] Perform:  put('hello','walk')
[2017-10-22 22:00:26,709] Main.Replica<Replica:67005#OlympusNode>:OUTPUT: [Replica 3 :]>> Shuttle:  put('hello','walk')  to Replica:  4
[2017-10-22 22:00:26,711] Main.Replica<Replica:67006#OlympusNode>:OUTPUT: [Replica 4 :]<< Shuttle:  put('hello','walk')  from Replica:  3
[2017-10-22 22:00:26,713] Main.Replica<Replica:67006#OlympusNode>:OUTPUT: [Replica 4 :] Perform:  put('hello','walk')
[2017-10-22 22:00:26,714] Main.Replica<Replica:67006#OlympusNode>:OUTPUT: [Replica 4 :]>> res_operation:  put('hello','walk')  result:  OK
[2017-10-22 22:00:26,717] Main.Replica<Replica:67006#OlympusNode>:OUTPUT: [Replica 4 :]>> Result Shuttle:  put('hello','walk')  to Replica:  3
[2017-10-22 22:00:26,717] Client.Client<Client:55003#ClientNode>:OUTPUT: [Client 0 :]<< res_operation:  put('hello','walk')  Result:  OK
[2017-10-22 22:00:26,718] Client.Client<Client:55003#ClientNode>:OUTPUT: [Client 0 :]>> req_operation:  append('country','hockey')
[2017-10-22 22:00:26,720] Main.Replica<Replica:67007#OlympusNode>:OUTPUT: [Replica 0 :]<< req_operation:  append('country','hockey')  Client:  0
[2017-10-22 22:00:26,721] Main.Replica<Replica:67007#OlympusNode>:OUTPUT: [Replica 0 :] Perform:  append('country','hockey')
[2017-10-22 22:00:26,721] Main.Replica<Replica:67005#OlympusNode>:OUTPUT: [Replica 3 :]<< Result Shuttle:  put('hello','walk')  to Replica:  4
[2017-10-22 22:00:26,722] Main.Replica<Replica:67005#OlympusNode>:OUTPUT: [Replica 3 :]>> Result Shuttle:  put('hello','walk')  to Replica:  2
[2017-10-22 22:00:26,723] Main.Replica<Replica:67007#OlympusNode>:OUTPUT: [Replica 0 :]>> Shuttle:  append('country','hockey')  to Replica:  1
[2017-10-22 22:00:26,725] Main.Replica<Replica:67004#OlympusNode>:OUTPUT: [Replica 1 :]<< Shuttle:  append('country','hockey')  from Replica:  0
[2017-10-22 22:00:26,726] Main.Replica<Replica:67003#OlympusNode>:OUTPUT: [Replica 2 :]<< Result Shuttle:  put('hello','walk')  to Replica:  3
[2017-10-22 22:00:26,726] Main.Replica<Replica:67003#OlympusNode>:OUTPUT: [Replica 2 :]>> Result Shuttle:  put('hello','walk')  to Replica:  1
[2017-10-22 22:00:26,726] Main.Replica<Replica:67004#OlympusNode>:OUTPUT: [Replica 1 :] Perform:  append('country','hockey')
[2017-10-22 22:00:26,728] Main.Replica<Replica:67004#OlympusNode>:OUTPUT: [Replica 1 :]>> Shuttle:  append('country','hockey')  to Replica:  2
[2017-10-22 22:00:26,730] Main.Replica<Replica:67003#OlympusNode>:OUTPUT: [Replica 2 :]<< Shuttle:  append('country','hockey')  from Replica:  1
[2017-10-22 22:00:26,733] Main.Replica<Replica:67004#OlympusNode>:OUTPUT: [Replica 1 :]<< Result Shuttle:  put('hello','walk')  to Replica:  2
[2017-10-22 22:00:26,733] Main.Replica<Replica:67003#OlympusNode>:OUTPUT: [Replica 2 :] Perform:  append('country','hockey')
[2017-10-22 22:00:26,733] Main.Replica<Replica:67004#OlympusNode>:OUTPUT: [Replica 1 :]>> Result Shuttle:  put('hello','walk')  to Replica:  0
[2017-10-22 22:00:26,735] Main.Replica<Replica:67003#OlympusNode>:OUTPUT: [Replica 2 :]>> Shuttle:  append('country','hockey')  to Replica:  3
[2017-10-22 22:00:26,738] Main.Replica<Replica:67007#OlympusNode>:OUTPUT: [Replica 0 :]<< Result Shuttle:  put('hello','walk')  to Replica:  1
[2017-10-22 22:00:26,741] Main.Replica<Replica:67005#OlympusNode>:OUTPUT: [Replica 3 :]<< Shuttle:  append('country','hockey')  from Replica:  2
[2017-10-22 22:00:26,744] Main.Replica<Replica:67005#OlympusNode>:OUTPUT: [Replica 3 :] Perform:  append('country','hockey')
[2017-10-22 22:00:26,745] Main.Replica<Replica:67005#OlympusNode>:OUTPUT: [Replica 3 :]>> Shuttle:  append('country','hockey')  to Replica:  4
[2017-10-22 22:00:26,748] Main.Replica<Replica:67006#OlympusNode>:OUTPUT: [Replica 4 :]<< Shuttle:  append('country','hockey')  from Replica:  3
[2017-10-22 22:00:26,750] Main.Replica<Replica:67006#OlympusNode>:OUTPUT: [Replica 4 :] Perform:  append('country','hockey')
[2017-10-22 22:00:26,752] Main.Replica<Replica:67006#OlympusNode>:OUTPUT: [Replica 4 :]>> res_operation:  append('country','hockey')  result:  FAIL
[2017-10-22 22:00:26,755] Main.Replica<Replica:67006#OlympusNode>:OUTPUT: [Replica 4 :]>> Result Shuttle:  append('country','hockey')  to Replica:  3
[2017-10-22 22:00:26,756] Client.Client<Client:55003#ClientNode>:OUTPUT: [Client 0 :]<< res_operation:  append('country','hockey')  Result:  FAIL
[2017-10-22 22:00:26,757] Client.Client<Client:55003#ClientNode>:OUTPUT: [Client 0 :]>> req_operation:  put('moon','walk')
[2017-10-22 22:00:26,759] Main.Replica<Replica:67005#OlympusNode>:OUTPUT: [Replica 3 :]<< Result Shuttle:  append('country','hockey')  to Replica:  4
[2017-10-22 22:00:26,759] Main.Replica<Replica:67005#OlympusNode>:OUTPUT: [Replica 3 :] Fault: Change result, Client  0 , Request  7
[2017-10-22 22:00:26,759] Main.Replica<Replica:67007#OlympusNode>:OUTPUT: [Replica 0 :]<< req_operation:  put('moon','walk')  Client:  0
[2017-10-22 22:00:26,760] Main.Replica<Replica:67005#OlympusNode>:OUTPUT: [Replica 3 :] Successfully injected fault: Change result
[2017-10-22 22:00:26,760] Main.Replica<Replica:67005#OlympusNode>:OUTPUT: [Replica 3 :]>> Result Shuttle:  append('country','hockey')  to Replica:  2
[2017-10-22 22:00:26,761] Main.Replica<Replica:67007#OlympusNode>:OUTPUT: [Replica 0 :] Perform:  put('moon','walk')
[2017-10-22 22:00:26,764] Main.Replica<Replica:67007#OlympusNode>:OUTPUT: [Replica 0 :]>> Shuttle:  put('moon','walk')  to Replica:  1
[2017-10-22 22:00:26,766] Main.Replica<Replica:67004#OlympusNode>:OUTPUT: [Replica 1 :]<< Shuttle:  put('moon','walk')  from Replica:  0
[2017-10-22 22:00:26,767] Main.Replica<Replica:67004#OlympusNode>:OUTPUT: [Replica 1 :] Perform:  put('moon','walk')
[2017-10-22 22:00:26,768] Main.Replica<Replica:67004#OlympusNode>:OUTPUT: [Replica 1 :]>> Shuttle:  put('moon','walk')  to Replica:  2
[2017-10-22 22:00:26,770] Main.Replica<Replica:67003#OlympusNode>:OUTPUT: [Replica 2 :]<< Shuttle:  put('moon','walk')  from Replica:  1
[2017-10-22 22:00:36,759] Client.Client<Client:55003#ClientNode>:OUTPUT: [Client 0 :] Client Timeout.
[2017-10-22 22:00:36,760] Client.Client<Client:55003#ClientNode>:OUTPUT: [Client 0 :]>> req_operation_timeout: Replica:  0 put('moon','walk')
[2017-10-22 22:00:36,762] Client.Client<Client:55003#ClientNode>:OUTPUT: [Client 0 :]>> req_operation_timeout: Replica:  1 put('moon','walk')
[2017-10-22 22:00:36,763] Main.Replica<Replica:67007#OlympusNode>:OUTPUT: [Replica 0 :]<< req_operation_timeout:  put('moon','walk')  Client:  0
[2017-10-22 22:00:36,765] Client.Client<Client:55003#ClientNode>:OUTPUT: [Client 0 :]>> req_operation_timeout: Replica:  2 put('moon','walk')
[2017-10-22 22:00:36,767] Main.Replica<Replica:67004#OlympusNode>:OUTPUT: [Replica 1 :]<< req_operation_timeout:  put('moon','walk')  Client:  0
[2017-10-22 22:00:36,767] Main.Replica<Replica:67004#OlympusNode>:OUTPUT: [Replica 1 :]>> res_operation_timeout:  put('moon','walk')  to Head Replica
[2017-10-22 22:00:36,768] Client.Client<Client:55003#ClientNode>:OUTPUT: [Client 0 :]>> req_operation_timeout: Replica:  3 put('moon','walk')
[2017-10-22 22:00:36,770] Client.Client<Client:55003#ClientNode>:OUTPUT: [Client 0 :]>> req_operation_timeout: Replica:  4 put('moon','walk')
[2017-10-22 22:00:36,771] Main.Replica<Replica:67005#OlympusNode>:OUTPUT: [Replica 3 :]<< req_operation_timeout:  put('moon','walk')  Client:  0
[2017-10-22 22:00:36,771] Main.Replica<Replica:67007#OlympusNode>:OUTPUT: [Replica 0 :]<< req_operation_timeout:  put('moon','walk')  from Replica[no history], Client:  0
[2017-10-22 22:00:36,771] Main.Replica<Replica:67005#OlympusNode>:OUTPUT: [Replica 3 :]>> res_operation_timeout:  put('moon','walk')  to Head Replica
[2017-10-22 22:00:36,774] Main.Replica<Replica:67007#OlympusNode>:OUTPUT: [Replica 0 :]<< req_operation_timeout:  put('moon','walk')  from Replica[no history], Client:  0
[2017-10-22 22:00:36,776] Main.Replica<Replica:67006#OlympusNode>:OUTPUT: [Replica 4 :]<< req_operation_timeout:  put('moon','walk')  Client:  0
[2017-10-22 22:00:36,777] Main.Replica<Replica:67006#OlympusNode>:OUTPUT: [Replica 4 :]>> res_operation_timeout:  put('moon','walk')  to Head Replica
[2017-10-22 22:00:36,777] Client.Client<Client:55003#ClientNode>:OUTPUT: [Client 0 :] Replica:  2  is Immutable, Request Reconfiguration
[2017-10-22 22:00:36,779] Client.Client<Client:55003#ClientNode>:OUTPUT: [Client 0 :]>> req_operation:  append('hello','India')
[2017-10-22 22:00:36,781] Main.Replica<Replica:67007#OlympusNode>:OUTPUT: [Replica 0 :]<< req_operation:  append('hello','India')  Client:  0
[2017-10-22 22:00:36,782] Main.Replica<Replica:67007#OlympusNode>:OUTPUT: [Replica 0 :] Perform:  append('hello','India')
[2017-10-22 22:00:36,785] Main.Replica<Replica:67007#OlympusNode>:OUTPUT: [Replica 0 :]>> Shuttle:  append('hello','India')  to Replica:  1
[2017-10-22 22:00:36,786] Main.Replica<Replica:67007#OlympusNode>:OUTPUT: [Replica 0 :]<< req_operation_timeout:  put('moon','walk')  from Replica[no history], Client:  0
[2017-10-22 22:00:36,787] Main.Replica<Replica:67004#OlympusNode>:OUTPUT: [Replica 1 :]<< Shuttle:  append('hello','India')  from Replica:  0
[2017-10-22 22:00:36,788] Main.Replica<Replica:67004#OlympusNode>:OUTPUT: [Replica 1 :] Perform:  append('hello','India')
[2017-10-22 22:00:36,789] Main.Replica<Replica:67004#OlympusNode>:OUTPUT: [Replica 1 :]>> Shuttle:  append('hello','India')  to Replica:  2
[2017-10-22 22:00:36,792] Main.Replica<Replica:67003#OlympusNode>:OUTPUT: [Replica 2 :]<< Shuttle:  append('hello','India')  from Replica:  1
[2017-10-22 22:00:46,769] Main.Replica<Replica:67004#OlympusNode>:OUTPUT: [Replica 1 :] Timeout!! Sending Reconfig Request
[2017-10-22 22:00:46,774] Main.Replica<Replica:67005#OlympusNode>:OUTPUT: [Replica 3 :] Timeout!! Sending Reconfig Request
[2017-10-22 22:00:46,780] Client.Client<Client:55003#ClientNode>:OUTPUT: [Client 0 :] Client Timeout.
[2017-10-22 22:00:46,780] Main.Replica<Replica:67006#OlympusNode>:OUTPUT: [Replica 4 :] Timeout!! Sending Reconfig Request
[2017-10-22 22:00:46,781] Client.Client<Client:55003#ClientNode>:OUTPUT: [Client 0 :]>> req_operation_timeout: Replica:  0 append('hello','India')
[2017-10-22 22:00:46,783] Client.Client<Client:55003#ClientNode>:OUTPUT: [Client 0 :]>> req_operation_timeout: Replica:  1 append('hello','India')
[2017-10-22 22:00:46,784] Client.Client<Client:55003#ClientNode>:OUTPUT: [Client 0 :]>> req_operation_timeout: Replica:  2 append('hello','India')
[2017-10-22 22:00:46,784] Main.Replica<Replica:67007#OlympusNode>:OUTPUT: [Replica 0 :]<< req_operation_timeout:  put('moon','walk')  Client:  0
[2017-10-22 22:00:46,785] Client.Client<Client:55003#ClientNode>:OUTPUT: [Client 0 :]>> req_operation_timeout: Replica:  3 append('hello','India')
[2017-10-22 22:00:46,786] Main.Replica<Replica:67004#OlympusNode>:OUTPUT: [Replica 1 :]<< req_operation_timeout:  put('moon','walk')  Client:  0
[2017-10-22 22:00:46,787] Main.Replica<Replica:67004#OlympusNode>:OUTPUT: [Replica 1 :]>> res_operation_timeout:  put('moon','walk')  to Head Replica
[2017-10-22 22:00:46,787] Main.Replica<Replica:67005#OlympusNode>:OUTPUT: [Replica 3 :]<< req_operation_timeout:  put('moon','walk')  Client:  0
[2017-10-22 22:00:46,788] Main.Replica<Replica:67005#OlympusNode>:OUTPUT: [Replica 3 :]>> res_operation_timeout:  put('moon','walk')  to Head Replica
[2017-10-22 22:00:46,789] Client.Client<Client:55003#ClientNode>:OUTPUT: [Client 0 :]>> req_operation_timeout: Replica:  4 append('hello','India')
[2017-10-22 22:00:46,790] Main.Replica<Replica:67007#OlympusNode>:OUTPUT: [Replica 0 :]<< req_operation_timeout:  put('moon','walk')  from Replica[no history], Client:  0
[2017-10-22 22:00:46,791] Main.Replica<Replica:67006#OlympusNode>:OUTPUT: [Replica 4 :]<< req_operation_timeout:  put('moon','walk')  Client:  0
[2017-10-22 22:00:46,791] Main.Replica<Replica:67007#OlympusNode>:OUTPUT: [Replica 0 :]<< req_operation_timeout:  put('moon','walk')  from Replica[no history], Client:  0
[2017-10-22 22:00:46,791] Client.Client<Client:55003#ClientNode>:OUTPUT: [Client 0 :] Replica:  2  is Immutable, Request Reconfiguration
[2017-10-22 22:00:46,791] Main.Replica<Replica:67006#OlympusNode>:OUTPUT: [Replica 4 :]>> res_operation_timeout:  put('moon','walk')  to Head Replica
[2017-10-22 22:00:46,792] Client.Client<Client:55003#ClientNode>:OUTPUT: [Client 0 :]>> req_operation_timeout: Replica:  0 append('hello','India')
[2017-10-22 22:00:46,792] Client.Client<Client:55003#ClientNode>:OUTPUT: [Client 0 :]>> req_operation_timeout: Replica:  1 append('hello','India')
[2017-10-22 22:00:46,793] Main.Replica<Replica:67007#OlympusNode>:OUTPUT: [Replica 0 :]<< req_operation_timeout:  put('moon','walk')  from Replica[no history], Client:  0
[2017-10-22 22:00:46,793] Client.Client<Client:55003#ClientNode>:OUTPUT: [Client 0 :]>> req_operation_timeout: Replica:  2 append('hello','India')
[2017-10-22 22:00:46,794] Client.Client<Client:55003#ClientNode>:OUTPUT: [Client 0 :]>> req_operation_timeout: Replica:  3 append('hello','India')
[2017-10-22 22:00:46,794] Main.Replica<Replica:67004#OlympusNode>:OUTPUT: [Replica 1 :]<< req_operation_timeout:  append('hello','India')  Client:  0
[2017-10-22 22:00:46,794] Main.Replica<Replica:67004#OlympusNode>:OUTPUT: [Replica 1 :]>> res_operation_timeout:  append('hello','India')  to Head Replica
[2017-10-22 22:00:46,794] Client.Client<Client:55003#ClientNode>:OUTPUT: [Client 0 :]>> req_operation_timeout: Replica:  4 append('hello','India')
[2017-10-22 22:00:46,796] Client.Client<Client:55003#ClientNode>:OUTPUT: [Client 0 :]>> req_operation:  append('moon','India')
[2017-10-22 22:00:46,797] Main.Replica<Replica:67006#OlympusNode>:OUTPUT: [Replica 4 :]<< req_operation_timeout:  append('hello','India')  Client:  0
[2017-10-22 22:00:46,798] Main.Replica<Replica:67006#OlympusNode>:OUTPUT: [Replica 4 :]>> res_operation_timeout:  append('hello','India')  to Head Replica
[2017-10-22 22:00:46,798] Client.Client<Client:55003#ClientNode>:OUTPUT: [Client 0 :] Replica:  2  is Immutable, Request Reconfiguration
[2017-10-22 22:00:46,798] Main.Replica<Replica:67007#OlympusNode>:OUTPUT: [Replica 0 :]<< req_operation_timeout:  append('hello','India')  Client:  0
[2017-10-22 22:00:46,798] Main.Replica<Replica:67005#OlympusNode>:OUTPUT: [Replica 3 :]<< req_operation_timeout:  append('hello','India')  Client:  0
[2017-10-22 22:00:46,798] Main.Replica<Replica:67005#OlympusNode>:OUTPUT: [Replica 3 :]>> res_operation_timeout:  append('hello','India')  to Head Replica
[2017-10-22 22:00:46,799] Main.Replica<Replica:67007#OlympusNode>:OUTPUT: [Replica 0 :]<< req_operation_timeout:  append('hello','India')  from Replica[no history], Client:  0
[2017-10-22 22:00:46,800] Main.Replica<Replica:67007#OlympusNode>:OUTPUT: [Replica 0 :]<< req_operation:  append('moon','India')  Client:  0
[2017-10-22 22:00:46,803] Main.Replica<Replica:67007#OlympusNode>:OUTPUT: [Replica 0 :] Perform:  append('moon','India')
[2017-10-22 22:00:46,805] Main.Replica<Replica:67007#OlympusNode>:OUTPUT: [Replica 0 :]>> Shuttle:  append('moon','India')  to Replica:  1
[2017-10-22 22:00:46,806] Main.Replica<Replica:67007#OlympusNode>:OUTPUT: [Replica 0 :]<< req_operation_timeout:  append('hello','India')  from Replica[no history], Client:  0
[2017-10-22 22:00:46,807] Main.Replica<Replica:67007#OlympusNode>:OUTPUT: [Replica 0 :]<< req_operation_timeout:  append('hello','India')  from Replica[no history], Client:  0
[2017-10-22 22:00:46,807] Main.Replica<Replica:67004#OlympusNode>:OUTPUT: [Replica 1 :]<< Shuttle:  append('moon','India')  from Replica:  0
[2017-10-22 22:00:46,808] Main.Replica<Replica:67004#OlympusNode>:OUTPUT: [Replica 1 :] Perform:  append('moon','India')
[2017-10-22 22:00:46,809] Main.Replica<Replica:67004#OlympusNode>:OUTPUT: [Replica 1 :]>> Shuttle:  append('moon','India')  to Replica:  2
[2017-10-22 22:00:46,811] Main.Replica<Replica:67003#OlympusNode>:OUTPUT: [Replica 2 :]<< Shuttle:  append('moon','India')  from Replica:  1
[2017-10-22 22:00:56,796] Main.Replica<Replica:67004#OlympusNode>:OUTPUT: [Replica 1 :] Timeout!! Sending Reconfig Request
[2017-10-22 22:00:56,797] Client.Client<Client:55003#ClientNode>:OUTPUT: [Client 0 :] Client Timeout.
[2017-10-22 22:00:56,798] Client.Client<Client:55003#ClientNode>:OUTPUT: [Client 0 :]>> req_operation_timeout: Replica:  0 append('moon','India')
[2017-10-22 22:00:56,799] Main.Replica<Replica:67006#OlympusNode>:OUTPUT: [Replica 4 :] Timeout!! Sending Reconfig Request
[2017-10-22 22:00:56,800] Main.Replica<Replica:67005#OlympusNode>:OUTPUT: [Replica 3 :] Timeout!! Sending Reconfig Request
[2017-10-22 22:00:56,800] Client.Client<Client:55003#ClientNode>:OUTPUT: [Client 0 :]>> req_operation_timeout: Replica:  1 append('moon','India')
[2017-10-22 22:00:56,801] Main.Replica<Replica:67007#OlympusNode>:OUTPUT: [Replica 0 :]<< req_operation_timeout:  put('moon','walk')  Client:  0
[2017-10-22 22:00:56,802] Client.Client<Client:55003#ClientNode>:OUTPUT: [Client 0 :]>> req_operation_timeout: Replica:  2 append('moon','India')
[2017-10-22 22:00:56,803] Client.Client<Client:55003#ClientNode>:OUTPUT: [Client 0 :]>> req_operation_timeout: Replica:  3 append('moon','India')
[2017-10-22 22:00:56,803] Main.Replica<Replica:67004#OlympusNode>:OUTPUT: [Replica 1 :]<< req_operation_timeout:  put('moon','walk')  Client:  0
[2017-10-22 22:00:56,804] Main.Replica<Replica:67004#OlympusNode>:OUTPUT: [Replica 1 :]>> res_operation_timeout:  put('moon','walk')  to Head Replica
[2017-10-22 22:00:56,805] Client.Client<Client:55003#ClientNode>:OUTPUT: [Client 0 :]>> req_operation_timeout: Replica:  4 append('moon','India')
[2017-10-22 22:00:56,805] Main.Replica<Replica:67005#OlympusNode>:OUTPUT: [Replica 3 :]<< req_operation_timeout:  put('moon','walk')  Client:  0
[2017-10-22 22:00:56,806] Main.Replica<Replica:67007#OlympusNode>:OUTPUT: [Replica 0 :]<< req_operation_timeout:  put('moon','walk')  from Replica[no history], Client:  0
[2017-10-22 22:00:56,806] Main.Replica<Replica:67005#OlympusNode>:OUTPUT: [Replica 3 :]>> res_operation_timeout:  put('moon','walk')  to Head Replica
[2017-10-22 22:00:56,807] Main.Replica<Replica:67006#OlympusNode>:OUTPUT: [Replica 4 :]<< req_operation_timeout:  put('moon','walk')  Client:  0
[2017-10-22 22:00:56,808] Main.Replica<Replica:67006#OlympusNode>:OUTPUT: [Replica 4 :]>> res_operation_timeout:  put('moon','walk')  to Head Replica
[2017-10-22 22:00:56,809] Client.Client<Client:55003#ClientNode>:OUTPUT: [Client 0 :] Replica:  2  is Immutable, Request Reconfiguration
[2017-10-22 22:00:56,810] Main.Replica<Replica:67007#OlympusNode>:OUTPUT: [Replica 0 :]<< req_operation_timeout:  put('moon','walk')  from Replica[no history], Client:  0
[2017-10-22 22:00:56,810] Client.Client<Client:55003#ClientNode>:OUTPUT: [Client 0 :]>> req_operation_timeout: Replica:  0 append('moon','India')
[2017-10-22 22:00:56,811] Main.Replica<Replica:67007#OlympusNode>:OUTPUT: [Replica 0 :]<< req_operation_timeout:  put('moon','walk')  from Replica[no history], Client:  0
[2017-10-22 22:00:56,811] Client.Client<Client:55003#ClientNode>:OUTPUT: [Client 0 :]>> req_operation_timeout: Replica:  1 append('moon','India')
[2017-10-22 22:00:56,812] Client.Client<Client:55003#ClientNode>:OUTPUT: [Client 0 :]>> req_operation_timeout: Replica:  2 append('moon','India')
[2017-10-22 22:00:56,812] Main.Replica<Replica:67007#OlympusNode>:OUTPUT: [Replica 0 :]<< req_operation_timeout:  append('hello','India')  Client:  0
[2017-10-22 22:00:56,813] Client.Client<Client:55003#ClientNode>:OUTPUT: [Client 0 :]>> req_operation_timeout: Replica:  3 append('moon','India')
[2017-10-22 22:00:56,813] Main.Replica<Replica:67004#OlympusNode>:OUTPUT: [Replica 1 :]<< req_operation_timeout:  append('hello','India')  Client:  0
[2017-10-22 22:00:56,813] Main.Replica<Replica:67004#OlympusNode>:OUTPUT: [Replica 1 :]>> res_operation_timeout:  append('hello','India')  to Head Replica
[2017-10-22 22:00:56,814] Main.Replica<Replica:67005#OlympusNode>:OUTPUT: [Replica 3 :]<< req_operation_timeout:  append('hello','India')  Client:  0
[2017-10-22 22:00:56,815] Main.Replica<Replica:67005#OlympusNode>:OUTPUT: [Replica 3 :]>> res_operation_timeout:  append('hello','India')  to Head Replica
[2017-10-22 22:00:56,815] Main.Replica<Replica:67007#OlympusNode>:OUTPUT: [Replica 0 :]<< req_operation_timeout:  append('hello','India')  from Replica[no history], Client:  0
[2017-10-22 22:00:56,816] Client.Client<Client:55003#ClientNode>:OUTPUT: [Client 0 :]>> req_operation_timeout: Replica:  4 append('moon','India')
[2017-10-22 22:00:56,817] Main.Replica<Replica:67007#OlympusNode>:OUTPUT: [Replica 0 :]<< req_operation_timeout:  append('hello','India')  from Replica[no history], Client:  0
[2017-10-22 22:00:56,818] Client.Client<Client:55003#ClientNode>:OUTPUT: [Client 0 :] Replica:  2  is Immutable, Request Reconfiguration
[2017-10-22 22:00:56,818] Main.Replica<Replica:67006#OlympusNode>:OUTPUT: [Replica 4 :]<< req_operation_timeout:  append('hello','India')  Client:  0
[2017-10-22 22:00:56,818] Main.Replica<Replica:67006#OlympusNode>:OUTPUT: [Replica 4 :]>> res_operation_timeout:  append('hello','India')  to Head Replica
[2017-10-22 22:00:56,819] Client.Client<Client:55003#ClientNode>:OUTPUT: [Client 0 :]>> req_operation_timeout: Replica:  0 append('moon','India')
[2017-10-22 22:00:56,820] Client.Client<Client:55003#ClientNode>:OUTPUT: [Client 0 :]>> req_operation_timeout: Replica:  1 append('moon','India')
[2017-10-22 22:00:56,820] Client.Client<Client:55003#ClientNode>:OUTPUT: [Client 0 :]>> req_operation_timeout: Replica:  2 append('moon','India')
[2017-10-22 22:00:56,820] Main.Replica<Replica:67007#OlympusNode>:OUTPUT: [Replica 0 :]<< req_operation_timeout:  append('hello','India')  from Replica[no history], Client:  0
[2017-10-22 22:00:56,821] Client.Client<Client:55003#ClientNode>:OUTPUT: [Client 0 :]>> req_operation_timeout: Replica:  3 append('moon','India')
[2017-10-22 22:00:56,821] Main.Replica<Replica:67004#OlympusNode>:OUTPUT: [Replica 1 :]<< req_operation_timeout:  append('moon','India')  Client:  0
[2017-10-22 22:00:56,821] Main.Replica<Replica:67004#OlympusNode>:OUTPUT: [Replica 1 :]>> res_operation_timeout:  append('moon','India')  to Head Replica
[2017-10-22 22:00:56,822] Main.Replica<Replica:67005#OlympusNode>:OUTPUT: [Replica 3 :]<< req_operation_timeout:  append('moon','India')  Client:  0
[2017-10-22 22:00:56,822] Main.Replica<Replica:67005#OlympusNode>:OUTPUT: [Replica 3 :]>> res_operation_timeout:  append('moon','India')  to Head Replica
[2017-10-22 22:00:56,823] Client.Client<Client:55003#ClientNode>:OUTPUT: [Client 0 :]>> req_operation_timeout: Replica:  4 append('moon','India')
[2017-10-22 22:00:56,822] Main.Replica<Replica:67007#OlympusNode>:OUTPUT: [Replica 0 :]<< req_operation_timeout:  append('moon','India')  Client:  0
[2017-10-22 22:00:56,825] Client.Client<Client:55003#ClientNode>:OUTPUT: [Client 0 :] Replica:  2  is Immutable, Request Reconfiguration
[2017-10-22 22:00:56,825] Client.Client<Client:55003#ClientNode>:OUTPUT: [Client 0 :] Test case completed! Validating Result
[2017-10-22 22:00:56,825] Client.Client<Client:55003#ClientNode>:OUTPUT: [Client 0 ] Invalid Final Result!
[2017-10-22 22:00:56,825] Main.Replica<Replica:67007#OlympusNode>:OUTPUT: [Replica 0 :]<< req_operation_timeout:  append('moon','India')  from Replica[no history], Client:  0
[2017-10-22 22:00:56,826] Main.Replica<Replica:67006#OlympusNode>:OUTPUT: [Replica 4 :]<< req_operation_timeout:  append('moon','India')  Client:  0
[2017-10-22 22:00:56,826] Main.Replica<Replica:67007#OlympusNode>:OUTPUT: [Replica 0 :]<< req_operation_timeout:  append('moon','India')  from Replica[no history], Client:  0
[2017-10-22 22:00:56,826] Main.Replica<Replica:67006#OlympusNode>:OUTPUT: [Replica 4 :]>> res_operation_timeout:  append('moon','India')  to Head Replica
[2017-10-22 22:00:56,828] Main.Replica<Replica:67007#OlympusNode>:OUTPUT: [Replica 0 :]<< req_operation_timeout:  append('moon','India')  from Replica[no history], Client:  0
[2017-10-22 22:01:05,682] da.api<MainProcess>:WARNING: Received keyboard interrupt. 
