[2017-11-21 03:55:12,981] da.api<MainProcess>:INFO: Bootstrapping attempt failed due to BootstrapException('Unable to contact a peer node.',),  continuing as a master node (use '--master' to disable bootstrapping at startup).
[2017-11-21 03:55:12,982] da.api<MainProcess>:INFO: <Node_:ClientNode> initialized at 127.0.0.1:(UdpTransport=15000, TcpTransport=15000).
[2017-11-21 03:55:12,982] da.api<MainProcess>:INFO: Starting program <module 'Main' from 'src/Main.py'>...
[2017-11-21 03:55:12,983] da.api<MainProcess>:INFO: Running iteration 1 ...
[2017-11-21 03:55:12,984] da.api<MainProcess>:INFO: Waiting for remaining child processes to terminate...(Press "Ctrl-C" to force kill)
[2017-11-21 03:55:13,003] Main.Node_<Node_:ClientNode>:INFO: Waiting to resolve name 'OlympusNode'...
[2017-11-21 03:55:15,074] da.sim.Router<MainProcess>:INFO: Bootstrap succeeded using <UdpTransport(127.0.0.1:35365)>.
[2017-11-21 03:55:15,075] da.api<MainProcess>:INFO: <Node_:OlympusNode> initialized at 127.0.0.1:(UdpTransport=35365, TcpTransport=36510).
[2017-11-21 03:55:15,076] da.api<MainProcess>:INFO: Starting program <module 'Main' from 'src/Main.py'>...
[2017-11-21 03:55:15,076] da.api<MainProcess>:INFO: Running iteration 1 ...
[2017-11-21 03:55:15,078] da.api<MainProcess>:INFO: Waiting for remaining child processes to terminate...(Press "Ctrl-C" to force kill)
[2017-11-21 03:55:15,160] Main.Olympus<Olympus:b0402#OlympusNode>:OUTPUT: [Olympus:] Setup
[2017-11-21 03:55:15,231] Client.Client<Client:68802#ClientNode>:OUTPUT: [Client 0 :] Workload:  put('jedi','luke skywalker'); slice('jedi','0:4'); get('jedi'); put('hakuna','matata'); slice('hakuna','0:4'); get('hakuna'); put('andi','mandi sandi'); slice('andi','0:4'); get('andi')
[2017-11-21 03:55:15,234] Main.Olympus<Olympus:b0402#OlympusNode>:OUTPUT: [Olympus:] Started
[2017-11-21 03:55:15,260] Client.Client<Client:68802#ClientNode>:OUTPUT: [Client 0 :] Started
[2017-11-21 03:55:15,265] da.api<MainProcess>:INFO: Main process terminated.
[2017-11-21 03:55:15,292] Main.Olympus<Olympus:b0402#OlympusNode>:OUTPUT: [Olympus:]<< req_get_current_configuration
[2017-11-21 03:55:15,292] Main.Olympus<Olympus:b0402#OlympusNode>:OUTPUT: [Olympus:] Making New Configuration
[2017-11-21 03:55:15,403] Main.Olympus<Olympus:b0402#OlympusNode>:OUTPUT: failure map is : {'invalid_order_sig()': ('completed_checkpoint', ('-1', '1'))}
[2017-11-21 03:55:15,428] Main.Olympus<Olympus:b0402#OlympusNode>:OUTPUT: failure map is : {}
[2017-11-21 03:55:15,448] Main.Olympus<Olympus:b0402#OlympusNode>:OUTPUT: failure map is : {}
[2017-11-21 03:55:15,467] Main.Replica<Replica:b0405#OlympusNode>:OUTPUT: [Replica 0 :] Started:  head ACTIVE 0
[2017-11-21 03:55:15,472] Main.Replica<Replica:b0403#OlympusNode>:OUTPUT: [Replica 1 :] Started:  normal_replica ACTIVE 0
[2017-11-21 03:55:15,492] Main.Replica<Replica:b0404#OlympusNode>:OUTPUT: [Replica 2 :] Started:  tail ACTIVE 0
[2017-11-21 03:55:15,493] Main.Olympus<Olympus:b0402#OlympusNode>:OUTPUT: [Olympus:]>> res_get_current_configuration
[2017-11-21 03:55:15,512] Client.Client<Client:68802#ClientNode>:OUTPUT: [Client 0 :]<< res_get_current_configuration
[2017-11-21 03:55:15,513] Client.Client<Client:68802#ClientNode>:OUTPUT: [Client 0 :]>> req_operation:  put('jedi','luke skywalker')  : config:  0
[2017-11-21 03:55:15,530] Main.Replica<Replica:b0405#OlympusNode>:OUTPUT: [Replica 0 :]<< req_operation:  put('jedi','luke skywalker')  Client:  0
[2017-11-21 03:55:15,530] Main.Replica<Replica:b0405#OlympusNode>:OUTPUT: Slot:  1  : Operation:  put('jedi','luke skywalker')
[2017-11-21 03:55:15,531] Main.Replica<Replica:b0405#OlympusNode>:OUTPUT: [Replica 0 :] Perform:  put('jedi','luke skywalker')
[2017-11-21 03:55:15,532] Main.Replica<Replica:b0405#OlympusNode>:OUTPUT: [Replica 0 :] Perform:  put('jedi','luke skywalker') , result:  OK
[2017-11-21 03:55:15,534] Main.Replica<Replica:b0405#OlympusNode>:OUTPUT: [Replica 0 :]>> Shuttle:  put('jedi','luke skywalker')  to Replica:  1
[2017-11-21 03:55:15,556] Main.Replica<Replica:b0403#OlympusNode>:OUTPUT: [Replica 1 :]<< forward_shuttle :  1 , len :  1
[2017-11-21 03:55:15,556] Main.Replica<Replica:b0403#OlympusNode>:OUTPUT: [Replica 1 :]<< Shuttle:  put('jedi','luke skywalker')  from Replica:  0
[2017-11-21 03:55:15,558] Main.Replica<Replica:b0403#OlympusNode>:OUTPUT: [Replica 1 :] Perform:  put('jedi','luke skywalker')
[2017-11-21 03:55:15,559] Main.Replica<Replica:b0403#OlympusNode>:OUTPUT: [Replica 1 :] Perform:  put('jedi','luke skywalker') , result:  OK
[2017-11-21 03:55:15,561] Main.Replica<Replica:b0403#OlympusNode>:OUTPUT: [Replica 1 :]>> Shuttle:  put('jedi','luke skywalker')  to Replica:  2
[2017-11-21 03:55:15,580] Main.Replica<Replica:b0404#OlympusNode>:OUTPUT: [Replica 2 :]<< forward_shuttle :  1 , len :  1
[2017-11-21 03:55:15,581] Main.Replica<Replica:b0404#OlympusNode>:OUTPUT: [Replica 2 :]<< Shuttle:  put('jedi','luke skywalker')  from Replica:  1
[2017-11-21 03:55:15,583] Main.Replica<Replica:b0404#OlympusNode>:OUTPUT: [Replica 2 :] Perform:  put('jedi','luke skywalker')
[2017-11-21 03:55:15,584] Main.Replica<Replica:b0404#OlympusNode>:OUTPUT: [Replica 2 :] Perform:  put('jedi','luke skywalker') , result:  OK
[2017-11-21 03:55:15,601] Main.Replica<Replica:b0404#OlympusNode>:OUTPUT: [Replica 2 :]>> res_operation:  put('jedi','luke skywalker')  result:  OK
[2017-11-21 03:55:15,604] Main.Replica<Replica:b0404#OlympusNode>:OUTPUT: [Replica 2 :]>> Result Shuttle:  put('jedi','luke skywalker')  to Replica:  1
[2017-11-21 03:55:15,605] Client.Client<Client:68802#ClientNode>:OUTPUT: [Client 0 :]<< res_operation:  put('jedi','luke skywalker')  Result:  OK
[2017-11-21 03:55:15,606] Client.Client<Client:68802#ClientNode>:OUTPUT: [Client 0 :]>> req_operation:  slice('jedi','0:4')  : config:  0
[2017-11-21 03:55:15,612] Main.Replica<Replica:b0405#OlympusNode>:OUTPUT: [Replica 0 :]<< req_operation:  slice('jedi','0:4')  Client:  0
[2017-11-21 03:55:15,612] Main.Replica<Replica:b0405#OlympusNode>:OUTPUT: Slot:  2  : Operation:  slice('jedi','0:4')
[2017-11-21 03:55:15,614] Main.Replica<Replica:b0405#OlympusNode>:OUTPUT: [Replica 0 :] Perform:  slice('jedi','0:4')
[2017-11-21 03:55:15,615] Main.Replica<Replica:b0405#OlympusNode>:OUTPUT: [Replica 0 :] Perform:  slice('jedi','0:4') , result:  OK
[2017-11-21 03:55:15,624] Main.Replica<Replica:b0405#OlympusNode>:OUTPUT: [Replica 0 :]>> Shuttle:  slice('jedi','0:4')  to Replica:  1
[2017-11-21 03:55:15,626] Main.Replica<Replica:b0403#OlympusNode>:OUTPUT: [Replica 1 :]<< Result Shuttle:  put('jedi','luke skywalker')  to Replica:  2
[2017-11-21 03:55:15,626] Main.Replica<Replica:b0403#OlympusNode>:OUTPUT: [Replica 1 :]>> Result Shuttle:  put('jedi','luke skywalker')  to Replica:  0
[2017-11-21 03:55:15,645] Main.Replica<Replica:b0403#OlympusNode>:OUTPUT: [Replica 1 :]<< forward_shuttle :  2 , len :  2
[2017-11-21 03:55:15,645] Main.Replica<Replica:b0403#OlympusNode>:OUTPUT: [Replica 1 :]<< Shuttle:  slice('jedi','0:4')  from Replica:  0
[2017-11-21 03:55:15,646] Main.Replica<Replica:b0403#OlympusNode>:OUTPUT: [Replica 1 :] Perform:  slice('jedi','0:4')
[2017-11-21 03:55:15,646] Main.Replica<Replica:b0405#OlympusNode>:OUTPUT: [Replica 0 :]<< Result Shuttle:  put('jedi','luke skywalker')  to Replica:  1
[2017-11-21 03:55:15,647] Main.Replica<Replica:b0403#OlympusNode>:OUTPUT: [Replica 1 :] Perform:  slice('jedi','0:4') , result:  OK
[2017-11-21 03:55:15,648] Main.Replica<Replica:b0403#OlympusNode>:OUTPUT: [Replica 1 :]>> Shuttle:  slice('jedi','0:4')  to Replica:  2
[2017-11-21 03:55:15,650] Main.Replica<Replica:b0404#OlympusNode>:OUTPUT: [Replica 2 :]<< forward_shuttle :  2 , len :  2
[2017-11-21 03:55:15,650] Main.Replica<Replica:b0404#OlympusNode>:OUTPUT: [Replica 2 :]<< Shuttle:  slice('jedi','0:4')  from Replica:  1
[2017-11-21 03:55:15,653] Main.Replica<Replica:b0404#OlympusNode>:OUTPUT: [Replica 2 :] Perform:  slice('jedi','0:4')
[2017-11-21 03:55:15,653] Main.Replica<Replica:b0404#OlympusNode>:OUTPUT: [Replica 2 :] Perform:  slice('jedi','0:4') , result:  OK
[2017-11-21 03:55:15,655] Main.Replica<Replica:b0404#OlympusNode>:OUTPUT: [Replica 2 :]>> res_operation:  slice('jedi','0:4')  result:  OK
[2017-11-21 03:55:15,657] Client.Client<Client:68802#ClientNode>:OUTPUT: [Client 0 :]<< res_operation:  slice('jedi','0:4')  Result:  OK
[2017-11-21 03:55:15,657] Main.Replica<Replica:b0404#OlympusNode>:OUTPUT: [Replica 2 :]>> Result Shuttle:  slice('jedi','0:4')  to Replica:  1
[2017-11-21 03:55:15,658] Client.Client<Client:68802#ClientNode>:OUTPUT: [Client 0 :]>> req_operation:  get('jedi')  : config:  0
[2017-11-21 03:55:15,660] Main.Replica<Replica:b0405#OlympusNode>:OUTPUT: [Replica 0 :]<< req_operation:  get('jedi')  Client:  0
[2017-11-21 03:55:15,660] Main.Replica<Replica:b0405#OlympusNode>:OUTPUT: Slot:  3  : Operation:  get('jedi')
[2017-11-21 03:55:15,661] Main.Replica<Replica:b0405#OlympusNode>:OUTPUT: [Replica 0 :] Perform:  get('jedi')
[2017-11-21 03:55:15,661] Main.Replica<Replica:b0405#OlympusNode>:OUTPUT: [Replica 0 :] Perform:  get('jedi') , result:  luke
[2017-11-21 03:55:15,661] Main.Replica<Replica:b0403#OlympusNode>:OUTPUT: [Replica 1 :]<< Result Shuttle:  slice('jedi','0:4')  to Replica:  2
[2017-11-21 03:55:15,661] Main.Replica<Replica:b0403#OlympusNode>:OUTPUT: [Replica 1 :]>> Result Shuttle:  slice('jedi','0:4')  to Replica:  0
[2017-11-21 03:55:15,663] Main.Replica<Replica:b0405#OlympusNode>:OUTPUT: [Replica 0 :]>> Shuttle:  get('jedi')  to Replica:  1
[2017-11-21 03:55:15,665] Main.Replica<Replica:b0405#OlympusNode>:OUTPUT: [Replica 0 :]<< Result Shuttle:  slice('jedi','0:4')  to Replica:  1
[2017-11-21 03:55:15,668] Main.Replica<Replica:b0403#OlympusNode>:OUTPUT: [Replica 1 :]<< forward_shuttle :  3 , len :  3
[2017-11-21 03:55:15,668] Main.Replica<Replica:b0403#OlympusNode>:OUTPUT: [Replica 1 :]<< Shuttle:  get('jedi')  from Replica:  0
[2017-11-21 03:55:15,670] Main.Replica<Replica:b0403#OlympusNode>:OUTPUT: [Replica 1 :] Perform:  get('jedi')
[2017-11-21 03:55:15,670] Main.Replica<Replica:b0403#OlympusNode>:OUTPUT: [Replica 1 :] Perform:  get('jedi') , result:  luke
[2017-11-21 03:55:15,671] Main.Replica<Replica:b0403#OlympusNode>:OUTPUT: [Replica 1 :]>> Shuttle:  get('jedi')  to Replica:  2
[2017-11-21 03:55:15,694] Main.Replica<Replica:b0404#OlympusNode>:OUTPUT: [Replica 2 :]<< forward_shuttle :  3 , len :  3
[2017-11-21 03:55:15,694] Main.Replica<Replica:b0404#OlympusNode>:OUTPUT: [Replica 2 :]<< Shuttle:  get('jedi')  from Replica:  1
[2017-11-21 03:55:15,697] Main.Replica<Replica:b0404#OlympusNode>:OUTPUT: [Replica 2 :] Perform:  get('jedi')
[2017-11-21 03:55:15,697] Main.Replica<Replica:b0404#OlympusNode>:OUTPUT: [Replica 2 :] Perform:  get('jedi') , result:  luke
[2017-11-21 03:55:15,699] Main.Replica<Replica:b0404#OlympusNode>:OUTPUT: [Replica 2 :]>> res_operation:  get('jedi')  result:  luke
[2017-11-21 03:55:15,701] Main.Replica<Replica:b0404#OlympusNode>:OUTPUT: [Replica 2 :]>> Result Shuttle:  get('jedi')  to Replica:  1
[2017-11-21 03:55:15,702] Client.Client<Client:68802#ClientNode>:OUTPUT: [Client 0 :]<< res_operation:  get('jedi')  Result:  luke
[2017-11-21 03:55:15,703] Client.Client<Client:68802#ClientNode>:OUTPUT: [Client 0 :]>> req_operation:  put('hakuna','matata')  : config:  0
[2017-11-21 03:55:15,704] Main.Replica<Replica:b0403#OlympusNode>:OUTPUT: [Replica 1 :]<< Result Shuttle:  get('jedi')  to Replica:  2
[2017-11-21 03:55:15,705] Main.Replica<Replica:b0403#OlympusNode>:OUTPUT: [Replica 1 :]>> Result Shuttle:  get('jedi')  to Replica:  0
[2017-11-21 03:55:15,706] Main.Replica<Replica:b0405#OlympusNode>:OUTPUT: [Replica 0 :]<< req_operation:  put('hakuna','matata')  Client:  0
[2017-11-21 03:55:15,706] Main.Replica<Replica:b0405#OlympusNode>:OUTPUT: Slot:  4  : Operation:  put('hakuna','matata')
[2017-11-21 03:55:15,708] Main.Replica<Replica:b0405#OlympusNode>:OUTPUT: [Replica 0 :] Perform:  put('hakuna','matata')
[2017-11-21 03:55:15,709] Main.Replica<Replica:b0405#OlympusNode>:OUTPUT: [Replica 0 :] Perform:  put('hakuna','matata') , result:  OK
[2017-11-21 03:55:15,711] Main.Replica<Replica:b0405#OlympusNode>:OUTPUT: [Replica 0 :]>> Shuttle:  put('hakuna','matata')  to Replica:  1
[2017-11-21 03:55:15,713] Main.Replica<Replica:b0403#OlympusNode>:OUTPUT: [Replica 1 :]<< forward_shuttle :  4 , len :  4
[2017-11-21 03:55:15,714] Main.Replica<Replica:b0403#OlympusNode>:OUTPUT: [Replica 1 :]<< Shuttle:  put('hakuna','matata')  from Replica:  0
[2017-11-21 03:55:15,715] Main.Replica<Replica:b0403#OlympusNode>:OUTPUT: [Replica 1 :] Perform:  put('hakuna','matata')
[2017-11-21 03:55:15,715] Main.Replica<Replica:b0405#OlympusNode>:OUTPUT: [Replica 0 :]<< Result Shuttle:  get('jedi')  to Replica:  1
[2017-11-21 03:55:15,715] Main.Replica<Replica:b0403#OlympusNode>:OUTPUT: [Replica 1 :] Perform:  put('hakuna','matata') , result:  OK
[2017-11-21 03:55:15,716] Main.Replica<Replica:b0403#OlympusNode>:OUTPUT: [Replica 1 :]>> Shuttle:  put('hakuna','matata')  to Replica:  2
[2017-11-21 03:55:15,718] Main.Replica<Replica:b0404#OlympusNode>:OUTPUT: [Replica 2 :]<< forward_shuttle :  4 , len :  4
[2017-11-21 03:55:15,718] Main.Replica<Replica:b0404#OlympusNode>:OUTPUT: [Replica 2 :]<< Shuttle:  put('hakuna','matata')  from Replica:  1
[2017-11-21 03:55:15,718] Main.Replica<Replica:b0405#OlympusNode>:OUTPUT: [Replica 0 :]>> Sending Check Point Shuttle: to Replica:  1
[2017-11-21 03:55:15,719] Main.Replica<Replica:b0404#OlympusNode>:OUTPUT: [Replica 2 :] Perform:  put('hakuna','matata')
[2017-11-21 03:55:15,720] Main.Replica<Replica:b0404#OlympusNode>:OUTPUT: [Replica 2 :] Perform:  put('hakuna','matata') , result:  OK
[2017-11-21 03:55:15,720] Main.Replica<Replica:b0403#OlympusNode>:OUTPUT: [Replica 1 ]: Received check point shuttle:  3
[2017-11-21 03:55:15,721] Main.Replica<Replica:b0404#OlympusNode>:OUTPUT: [Replica 2 :]>> res_operation:  put('hakuna','matata')  result:  OK
[2017-11-21 03:55:15,723] Main.Replica<Replica:b0403#OlympusNode>:OUTPUT: [Replica 1 ]: Check point shuttle verified
[2017-11-21 03:55:15,723] Main.Replica<Replica:b0404#OlympusNode>:OUTPUT: [Replica 2 :]>> Result Shuttle:  put('hakuna','matata')  to Replica:  1
[2017-11-21 03:55:15,723] Client.Client<Client:68802#ClientNode>:OUTPUT: [Client 0 :]<< res_operation:  put('hakuna','matata')  Result:  OK
[2017-11-21 03:55:15,724] Client.Client<Client:68802#ClientNode>:OUTPUT: [Client 0 :]>> req_operation:  slice('hakuna','0:4')  : config:  0
[2017-11-21 03:55:15,726] Main.Replica<Replica:b0405#OlympusNode>:OUTPUT: [Replica 0 :]<< req_operation:  slice('hakuna','0:4')  Client:  0
[2017-11-21 03:55:15,725] Main.Replica<Replica:b0403#OlympusNode>:OUTPUT: [Replica 1 :]>> Check Point Shuttle: to Replica:  2
[2017-11-21 03:55:15,727] Main.Replica<Replica:b0405#OlympusNode>:OUTPUT: Slot:  5  : Operation:  slice('hakuna','0:4')
[2017-11-21 03:55:15,727] Main.Replica<Replica:b0405#OlympusNode>:OUTPUT: [Replica 0 :] Perform:  slice('hakuna','0:4')
[2017-11-21 03:55:15,728] Main.Replica<Replica:b0405#OlympusNode>:OUTPUT: [Replica 0 :] Perform:  slice('hakuna','0:4') , result:  OK
[2017-11-21 03:55:15,730] Main.Replica<Replica:b0405#OlympusNode>:OUTPUT: [Replica 0 :]>> Shuttle:  slice('hakuna','0:4')  to Replica:  1
[2017-11-21 03:55:15,734] Main.Replica<Replica:b0404#OlympusNode>:OUTPUT: [Replica 2 ]: Received check point shuttle:  3
[2017-11-21 03:55:15,736] Main.Replica<Replica:b0403#OlympusNode>:OUTPUT: [Replica 1 :]<< Result Shuttle:  put('hakuna','matata')  to Replica:  2
[2017-11-21 03:55:15,736] Main.Replica<Replica:b0403#OlympusNode>:OUTPUT: [Replica 1 :]>> Result Shuttle:  put('hakuna','matata')  to Replica:  0
[2017-11-21 03:55:15,737] Main.Replica<Replica:b0404#OlympusNode>:OUTPUT: [Replica 2 ]: Check point shuttle verified
[2017-11-21 03:55:15,739] Main.Replica<Replica:b0405#OlympusNode>:OUTPUT: [Replica 0 :]<< Result Shuttle:  put('hakuna','matata')  to Replica:  1
[2017-11-21 03:55:15,739] Main.Replica<Replica:b0403#OlympusNode>:OUTPUT: [Replica 1 :]<< forward_shuttle :  5 , len :  5
[2017-11-21 03:55:15,740] Main.Replica<Replica:b0403#OlympusNode>:OUTPUT: [Replica 1 :]<< Shuttle:  slice('hakuna','0:4')  from Replica:  0
[2017-11-21 03:55:15,740] Main.Replica<Replica:b0404#OlympusNode>:OUTPUT: [Replica 2 ]: Removing entries from history upto : 3  : history length:  4
[2017-11-21 03:55:15,740] Main.Replica<Replica:b0404#OlympusNode>:OUTPUT: [Replica 2 :]>> Completed Check Point Shuttle: to Replica:  1
[2017-11-21 03:55:15,741] Main.Replica<Replica:b0403#OlympusNode>:OUTPUT: [Replica 1 :] Perform:  slice('hakuna','0:4')
[2017-11-21 03:55:15,741] Main.Replica<Replica:b0403#OlympusNode>:OUTPUT: [Replica 1 :] Perform:  slice('hakuna','0:4') , result:  OK
[2017-11-21 03:55:15,742] Main.Replica<Replica:b0403#OlympusNode>:OUTPUT: [Replica 1 :]>> Shuttle:  slice('hakuna','0:4')  to Replica:  2
[2017-11-21 03:55:15,744] Main.Replica<Replica:b0403#OlympusNode>:OUTPUT: [Replica 1 ]: Received completed check point shuttle
[2017-11-21 03:55:15,745] Main.Replica<Replica:b0404#OlympusNode>:OUTPUT: [Replica 2 :]<< forward_shuttle :  5 , len :  5
[2017-11-21 03:55:15,745] Main.Replica<Replica:b0404#OlympusNode>:OUTPUT: [Replica 2 :]<< Shuttle:  slice('hakuna','0:4')  from Replica:  1
[2017-11-21 03:55:15,746] Main.Replica<Replica:b0403#OlympusNode>:OUTPUT: [Replica 1 ]: Completed Check point shuttle verified
[2017-11-21 03:55:15,746] Main.Replica<Replica:b0403#OlympusNode>:OUTPUT: [Replica 1 ]: Removing entries from history upto : 3  : history length:  4
[2017-11-21 03:55:15,746] Main.Replica<Replica:b0403#OlympusNode>:OUTPUT: [Replica 1 ]: New History : 1
[2017-11-21 03:55:15,746] Main.Replica<Replica:b0403#OlympusNode>:OUTPUT: [Replica 1 :]>> Completed Check Point Shuttle: to Replica:  0
[2017-11-21 03:55:15,747] Main.Replica<Replica:b0404#OlympusNode>:OUTPUT: [Replica 2 :] Perform:  slice('hakuna','0:4')
[2017-11-21 03:55:15,748] Main.Replica<Replica:b0404#OlympusNode>:OUTPUT: [Replica 2 :] Perform:  slice('hakuna','0:4') , result:  OK
[2017-11-21 03:55:15,750] Main.Replica<Replica:b0405#OlympusNode>:OUTPUT: [Replica 0 ]: Received completed check point shuttle
[2017-11-21 03:55:15,750] Main.Replica<Replica:b0404#OlympusNode>:OUTPUT: [Replica 2 :]>> res_operation:  slice('hakuna','0:4')  result:  OK
[2017-11-21 03:55:15,750] Main.Replica<Replica:b0405#OlympusNode>:OUTPUT: Returning True
[2017-11-21 03:55:15,751] Main.Replica<Replica:b0405#OlympusNode>:OUTPUT: Completed check point shuttle Fault: Invalid Order Sig injected
[2017-11-21 03:55:15,752] Main.Replica<Replica:b0404#OlympusNode>:OUTPUT: [Replica 2 :]>> Result Shuttle:  slice('hakuna','0:4')  to Replica:  1
[2017-11-21 03:55:15,753] Client.Client<Client:68802#ClientNode>:OUTPUT: [Client 0 :]<< res_operation:  slice('hakuna','0:4')  Result:  OK
[2017-11-21 03:55:15,754] Main.Replica<Replica:b0405#OlympusNode>:OUTPUT: [Replica 0 ]: Completed Check point shuttle verified
[2017-11-21 03:55:15,754] Client.Client<Client:68802#ClientNode>:OUTPUT: [Client 0 :]>> req_operation:  get('hakuna')  : config:  0
[2017-11-21 03:55:15,754] Main.Replica<Replica:b0405#OlympusNode>:OUTPUT: [Replica 0 ]: Removing entries from history upto : 3  : history length:  4
[2017-11-21 03:55:15,755] Main.Replica<Replica:b0405#OlympusNode>:OUTPUT: [Replica 0 ]: New History : 1
[2017-11-21 03:55:15,756] Main.Replica<Replica:b0405#OlympusNode>:OUTPUT: [Replica 0 :]<< req_operation:  get('hakuna')  Client:  0
[2017-11-21 03:55:15,756] Main.Replica<Replica:b0405#OlympusNode>:OUTPUT: Slot:  6  : Operation:  get('hakuna')
[2017-11-21 03:55:15,757] Main.Replica<Replica:b0405#OlympusNode>:OUTPUT: [Replica 0 :] Perform:  get('hakuna')
[2017-11-21 03:55:15,758] Main.Replica<Replica:b0403#OlympusNode>:OUTPUT: [Replica 1 :]<< Result Shuttle:  slice('hakuna','0:4')  to Replica:  2
[2017-11-21 03:55:15,758] Main.Replica<Replica:b0405#OlympusNode>:OUTPUT: [Replica 0 :] Perform:  get('hakuna') , result:  mata
[2017-11-21 03:55:15,758] Main.Replica<Replica:b0403#OlympusNode>:OUTPUT: [Replica 1 :]>> Result Shuttle:  slice('hakuna','0:4')  to Replica:  0
[2017-11-21 03:55:15,760] Main.Replica<Replica:b0405#OlympusNode>:OUTPUT: [Replica 0 :]>> Shuttle:  get('hakuna')  to Replica:  1
[2017-11-21 03:55:15,763] Main.Replica<Replica:b0403#OlympusNode>:OUTPUT: [Replica 1 :]<< forward_shuttle :  6 , len :  6
[2017-11-21 03:55:15,763] Main.Replica<Replica:b0403#OlympusNode>:OUTPUT: [Replica 1 :]<< Shuttle:  get('hakuna')  from Replica:  0
[2017-11-21 03:55:15,763] Main.Replica<Replica:b0405#OlympusNode>:OUTPUT: [Replica 0 :]<< Result Shuttle:  slice('hakuna','0:4')  to Replica:  1
[2017-11-21 03:55:15,764] Main.Replica<Replica:b0403#OlympusNode>:OUTPUT: [Replica 1 :] Invalid Order Proof, Sending Reconfig request. Become Immutable
[2017-11-21 03:55:15,766] Main.Olympus<Olympus:b0402#OlympusNode>:OUTPUT: [Olympus:]<< req_re_configuration
[2017-11-21 03:55:15,766] Main.Olympus<Olympus:b0402#OlympusNode>:OUTPUT: [Olympus:]>> wedge to Replica:  0
[2017-11-21 03:55:15,767] Main.Olympus<Olympus:b0402#OlympusNode>:OUTPUT: [Olympus:]>> wedge to Replica:  1
[2017-11-21 03:55:15,767] Main.Olympus<Olympus:b0402#OlympusNode>:OUTPUT: [Olympus:]>> wedge to Replica:  2
[2017-11-21 03:55:15,769] Main.Replica<Replica:b0404#OlympusNode>:OUTPUT: [Replica 2 :]<< wedge
[2017-11-21 03:55:15,770] Main.Replica<Replica:b0404#OlympusNode>:OUTPUT: [Replica 2 :]>> wedged
[2017-11-21 03:55:15,770] Main.Replica<Replica:b0403#OlympusNode>:OUTPUT: [Replica 1 :]<< wedge
[2017-11-21 03:55:15,770] Main.Replica<Replica:b0405#OlympusNode>:OUTPUT: [Replica 0 :]<< wedge
[2017-11-21 03:55:15,770] Main.Replica<Replica:b0403#OlympusNode>:OUTPUT: [Replica 1 :]>> wedged
[2017-11-21 03:55:15,771] Main.Replica<Replica:b0405#OlympusNode>:OUTPUT: [Replica 0 :]>> wedged
[2017-11-21 03:55:15,773] Main.Olympus<Olympus:b0402#OlympusNode>:OUTPUT: [Olympus:]<< wegded from Replica:  2
[2017-11-21 03:55:15,775] Main.Olympus<Olympus:b0402#OlympusNode>:OUTPUT: [Olympus:] Replica:  2 , len(history):  2
[2017-11-21 03:55:15,775] Main.Olympus<Olympus:b0402#OlympusNode>:OUTPUT: [Olympus:] Total received:  1
[2017-11-21 03:55:15,776] Main.Olympus<Olympus:b0402#OlympusNode>:OUTPUT: [Olympus:]<< wegded from Replica:  1
[2017-11-21 03:55:15,776] Main.Olympus<Olympus:b0402#OlympusNode>:OUTPUT: [Olympus:] Replica:  1 , len(history):  2
[2017-11-21 03:55:15,777] Main.Olympus<Olympus:b0402#OlympusNode>:OUTPUT: [Olympus:] Total received:  2
[2017-11-21 03:55:15,777] Main.Olympus<Olympus:b0402#OlympusNode>:OUTPUT: [Olympus:] Longest History
[2017-11-21 03:55:15,777] Main.Olympus<Olympus:b0402#OlympusNode>:OUTPUT: [Olympus:] Longest History: Slot:  4 , Operation:  put('hakuna','matata')
[2017-11-21 03:55:15,777] Main.Olympus<Olympus:b0402#OlympusNode>:OUTPUT: [Olympus:] Longest History: Slot:  5 , Operation:  slice('hakuna','0:4')
[2017-11-21 03:55:15,777] Main.Olympus<Olympus:b0402#OlympusNode>:OUTPUT: [Olympus:] Longest Database:  {'hakuna': 'mata', 'jedi': 'luke'}
[2017-11-21 03:55:15,780] Main.Replica<Replica:b0405#OlympusNode>:OUTPUT: [Replica 0 :]<< catch-up
[2017-11-21 03:55:15,780] Main.Replica<Replica:b0405#OlympusNode>:OUTPUT: [Replica 0 :] catch-up History
[2017-11-21 03:55:15,781] Main.Olympus<Olympus:b0402#OlympusNode>:OUTPUT: [Olympus:]<< wegded from Replica:  0
[2017-11-21 03:55:15,781] Main.Replica<Replica:b0405#OlympusNode>:OUTPUT: [Replica 0 :] catch-up History: Slot:  4 , operation:  put('hakuna','matata')
[2017-11-21 03:55:15,781] Main.Replica<Replica:b0405#OlympusNode>:OUTPUT: [Replica 0 :] catch-up History: Slot:  5 , operation:  slice('hakuna','0:4')
[2017-11-21 03:55:15,782] Main.Replica<Replica:b0405#OlympusNode>:OUTPUT: [Replica 0 :]>> catchUpWithLongestHistory:  (5, {'jedi': 'luke', 'hakuna': 'mata'})
[2017-11-21 03:55:15,782] Main.Olympus<Olympus:b0402#OlympusNode>:OUTPUT: [Olympus:] Replica:  0 , len(history):  2
[2017-11-21 03:55:15,782] Main.Olympus<Olympus:b0402#OlympusNode>:OUTPUT: [Olympus:] Total received:  1
[2017-11-21 03:55:15,782] Main.Replica<Replica:b0405#OlympusNode>:OUTPUT: [Replica 0 :]>> caught-up
[2017-11-21 03:55:15,783] Main.Replica<Replica:b0403#OlympusNode>:OUTPUT: [Replica 1 :]<< catch-up
[2017-11-21 03:55:15,785] Main.Replica<Replica:b0403#OlympusNode>:OUTPUT: [Replica 1 :] catch-up History
[2017-11-21 03:55:15,785] Main.Replica<Replica:b0403#OlympusNode>:OUTPUT: [Replica 1 :]>> caught-up
[2017-11-21 03:55:15,786] Main.Replica<Replica:b0404#OlympusNode>:OUTPUT: [Replica 2 :]<< catch-up
[2017-11-21 03:55:15,787] Main.Replica<Replica:b0404#OlympusNode>:OUTPUT: [Replica 2 :] catch-up History
[2017-11-21 03:55:15,787] Main.Replica<Replica:b0404#OlympusNode>:OUTPUT: [Replica 2 :]>> caught-up
[2017-11-21 03:55:15,787] Main.Olympus<Olympus:b0402#OlympusNode>:OUTPUT: [Olympus:]<< caught-up from Replica:  0  : database:  {'jedi': 'luke', 'hakuna': 'mata'}
[2017-11-21 03:55:15,788] Main.Olympus<Olympus:b0402#OlympusNode>:OUTPUT: [Olympus:]<< caught-up from Replica:  1  : database:  {'jedi': 'luke', 'hakuna': 'mata'}
[2017-11-21 03:55:15,788] Main.Olympus<Olympus:b0402#OlympusNode>:OUTPUT: [Olympus:] Making New Configuration
[2017-11-21 03:55:15,867] Main.Olympus<Olympus:b0402#OlympusNode>:OUTPUT: failure map is : {}
[2017-11-21 03:55:15,886] Main.Olympus<Olympus:b0402#OlympusNode>:OUTPUT: failure map is : {}
[2017-11-21 03:55:15,905] Main.Olympus<Olympus:b0402#OlympusNode>:OUTPUT: failure map is : {}
[2017-11-21 03:55:15,923] Main.Replica<Replica:b0407#OlympusNode>:OUTPUT: [Replica 0 :] Started:  head ACTIVE 1
[2017-11-21 03:55:15,932] Main.Replica<Replica:b0406#OlympusNode>:OUTPUT: [Replica 1 :] Started:  normal_replica ACTIVE 1
[2017-11-21 03:55:15,952] Main.Replica<Replica:b0408#OlympusNode>:OUTPUT: [Replica 2 :] Started:  tail ACTIVE 1
[2017-11-21 03:55:15,953] Main.Olympus<Olympus:b0402#OlympusNode>:OUTPUT: [Olympus:]<< caught-up from Replica:  2  : database:  {'jedi': 'luke', 'hakuna': 'mata'}
[2017-11-21 03:55:25,755] Client.Client<Client:68802#ClientNode>:OUTPUT: [Client 0 :] Client Timeout.
[2017-11-21 03:55:25,756] Client.Client<Client:68802#ClientNode>:OUTPUT: [Client 0 :]>> req_operation_timeout: Replica:  0 get('hakuna')  : config:  0
[2017-11-21 03:55:25,758] Client.Client<Client:68802#ClientNode>:OUTPUT: [Client 0 :]>> req_operation_timeout: Replica:  1 get('hakuna')  : config:  0
[2017-11-21 03:55:25,760] Main.Replica<Replica:b0405#OlympusNode>:OUTPUT: [Replica 0 :]<< req_operation_timeout: IMMUTABLE:  get('hakuna')  Client:  0
[2017-11-21 03:55:25,773] Client.Client<Client:68802#ClientNode>:OUTPUT: [Client 0 :]>> req_operation_timeout: Replica:  2 get('hakuna')  : config:  0
[2017-11-21 03:55:25,775] Main.Replica<Replica:b0403#OlympusNode>:OUTPUT: [Replica 1 :]<< req_operation_timeout: IMMUTABLE:  get('hakuna')  Client:  0
[2017-11-21 03:55:25,799] Client.Client<Client:68802#ClientNode>:OUTPUT: [Client 0 :] Replica:  0  is Immutable, Request  new configuration
[2017-11-21 03:55:25,800] Main.Replica<Replica:b0404#OlympusNode>:OUTPUT: [Replica 2 :]<< req_operation_timeout: IMMUTABLE:  get('hakuna')  Client:  0
[2017-11-21 03:55:25,809] Client.Client<Client:68802#ClientNode>:OUTPUT: [Client 0 :]>> error_in_replica:  1
[2017-11-21 03:55:25,810] Client.Client<Client:68802#ClientNode>:OUTPUT: [Client 0 :]>> req_get_current_configuration
[2017-11-21 03:55:25,812] Main.Olympus<Olympus:b0402#OlympusNode>:OUTPUT: [Olympus:]<< req_get_current_configuration
[2017-11-21 03:55:25,813] Main.Olympus<Olympus:b0402#OlympusNode>:OUTPUT: [Olympus:]>> res_get_current_configuration
[2017-11-21 03:55:25,814] Client.Client<Client:68802#ClientNode>:OUTPUT: [Client 0 :] Replica:  2  is Immutable, Request  new configuration
[2017-11-21 03:55:25,815] Client.Client<Client:68802#ClientNode>:OUTPUT: [Client 0 :] Replica:  1  is Immutable, Request  new configuration
[2017-11-21 03:55:25,816] Client.Client<Client:68802#ClientNode>:OUTPUT: [Client 0 :]<< res_get_current_configuration
[2017-11-21 03:55:25,816] Client.Client<Client:68802#ClientNode>:OUTPUT: [Client 0 :]>> Sending to new config 
[2017-11-21 03:55:25,817] Client.Client<Client:68802#ClientNode>:OUTPUT: [Client 0 :]>> req_operation:  get('hakuna')  : config:  1
[2017-11-21 03:55:25,830] Main.Replica<Replica:b0407#OlympusNode>:OUTPUT: [Replica 0 :]<< req_operation:  get('hakuna')  Client:  0
[2017-11-21 03:55:25,831] Main.Replica<Replica:b0407#OlympusNode>:OUTPUT: Slot:  1  : Operation:  get('hakuna')
[2017-11-21 03:55:25,832] Main.Replica<Replica:b0407#OlympusNode>:OUTPUT: [Replica 0 :] Perform:  get('hakuna')
[2017-11-21 03:55:25,833] Main.Replica<Replica:b0407#OlympusNode>:OUTPUT: [Replica 0 :] Perform:  get('hakuna') , result:  mata
[2017-11-21 03:55:25,836] Main.Replica<Replica:b0407#OlympusNode>:OUTPUT: [Replica 0 :]>> Shuttle:  get('hakuna')  to Replica:  1
[2017-11-21 03:55:25,851] Main.Replica<Replica:b0406#OlympusNode>:OUTPUT: [Replica 1 :]<< forward_shuttle :  1 , len :  1
[2017-11-21 03:55:25,852] Main.Replica<Replica:b0406#OlympusNode>:OUTPUT: [Replica 1 :]<< Shuttle:  get('hakuna')  from Replica:  0
[2017-11-21 03:55:25,854] Main.Replica<Replica:b0406#OlympusNode>:OUTPUT: [Replica 1 :] Perform:  get('hakuna')
[2017-11-21 03:55:25,855] Main.Replica<Replica:b0406#OlympusNode>:OUTPUT: [Replica 1 :] Perform:  get('hakuna') , result:  mata
[2017-11-21 03:55:25,856] Main.Replica<Replica:b0406#OlympusNode>:OUTPUT: [Replica 1 :]>> Shuttle:  get('hakuna')  to Replica:  2
[2017-11-21 03:55:25,876] Main.Replica<Replica:b0408#OlympusNode>:OUTPUT: [Replica 2 :]<< forward_shuttle :  1 , len :  1
[2017-11-21 03:55:25,876] Main.Replica<Replica:b0408#OlympusNode>:OUTPUT: [Replica 2 :]<< Shuttle:  get('hakuna')  from Replica:  1
[2017-11-21 03:55:25,879] Main.Replica<Replica:b0408#OlympusNode>:OUTPUT: [Replica 2 :] Perform:  get('hakuna')
[2017-11-21 03:55:25,880] Main.Replica<Replica:b0408#OlympusNode>:OUTPUT: [Replica 2 :] Perform:  get('hakuna') , result:  mata
[2017-11-21 03:55:25,894] Main.Replica<Replica:b0408#OlympusNode>:OUTPUT: [Replica 2 :]>> res_operation:  get('hakuna')  result:  mata
[2017-11-21 03:55:25,896] Client.Client<Client:68802#ClientNode>:OUTPUT: [Client 0 :]<< res_operation:  get('hakuna')  Result:  mata
[2017-11-21 03:55:25,896] Main.Replica<Replica:b0408#OlympusNode>:OUTPUT: [Replica 2 :]>> Result Shuttle:  get('hakuna')  to Replica:  1
[2017-11-21 03:55:25,897] Client.Client<Client:68802#ClientNode>:OUTPUT: [Client 0 :]>> req_operation:  put('andi','mandi sandi')  : config:  1
[2017-11-21 03:55:25,899] Main.Replica<Replica:b0407#OlympusNode>:OUTPUT: [Replica 0 :]<< req_operation:  put('andi','mandi sandi')  Client:  0
[2017-11-21 03:55:25,900] Main.Replica<Replica:b0407#OlympusNode>:OUTPUT: Slot:  2  : Operation:  put('andi','mandi sandi')
[2017-11-21 03:55:25,901] Main.Replica<Replica:b0407#OlympusNode>:OUTPUT: [Replica 0 :] Perform:  put('andi','mandi sandi')
[2017-11-21 03:55:25,902] Main.Replica<Replica:b0407#OlympusNode>:OUTPUT: [Replica 0 :] Perform:  put('andi','mandi sandi') , result:  OK
[2017-11-21 03:55:25,913] Main.Replica<Replica:b0407#OlympusNode>:OUTPUT: [Replica 0 :]>> Shuttle:  put('andi','mandi sandi')  to Replica:  1
[2017-11-21 03:55:25,914] Main.Replica<Replica:b0406#OlympusNode>:OUTPUT: [Replica 1 :]<< Result Shuttle:  get('hakuna')  to Replica:  2
[2017-11-21 03:55:25,915] Main.Replica<Replica:b0406#OlympusNode>:OUTPUT: [Replica 1 :]>> Result Shuttle:  get('hakuna')  to Replica:  0
[2017-11-21 03:55:25,928] Main.Replica<Replica:b0406#OlympusNode>:OUTPUT: [Replica 1 :]<< forward_shuttle :  2 , len :  2
[2017-11-21 03:55:25,928] Main.Replica<Replica:b0406#OlympusNode>:OUTPUT: [Replica 1 :]<< Shuttle:  put('andi','mandi sandi')  from Replica:  0
[2017-11-21 03:55:25,929] Main.Replica<Replica:b0407#OlympusNode>:OUTPUT: [Replica 0 :]<< Result Shuttle:  get('hakuna')  to Replica:  1
[2017-11-21 03:55:25,930] Main.Replica<Replica:b0406#OlympusNode>:OUTPUT: [Replica 1 :] Perform:  put('andi','mandi sandi')
[2017-11-21 03:55:25,930] Main.Replica<Replica:b0406#OlympusNode>:OUTPUT: [Replica 1 :] Perform:  put('andi','mandi sandi') , result:  OK
[2017-11-21 03:55:25,931] Main.Replica<Replica:b0406#OlympusNode>:OUTPUT: [Replica 1 :]>> Shuttle:  put('andi','mandi sandi')  to Replica:  2
[2017-11-21 03:55:25,933] Main.Replica<Replica:b0408#OlympusNode>:OUTPUT: [Replica 2 :]<< forward_shuttle :  2 , len :  2
[2017-11-21 03:55:25,934] Main.Replica<Replica:b0408#OlympusNode>:OUTPUT: [Replica 2 :]<< Shuttle:  put('andi','mandi sandi')  from Replica:  1
[2017-11-21 03:55:25,935] Main.Replica<Replica:b0408#OlympusNode>:OUTPUT: [Replica 2 :] Perform:  put('andi','mandi sandi')
[2017-11-21 03:55:25,935] Main.Replica<Replica:b0408#OlympusNode>:OUTPUT: [Replica 2 :] Perform:  put('andi','mandi sandi') , result:  OK
[2017-11-21 03:55:25,937] Main.Replica<Replica:b0408#OlympusNode>:OUTPUT: [Replica 2 :]>> res_operation:  put('andi','mandi sandi')  result:  OK
[2017-11-21 03:55:25,939] Main.Replica<Replica:b0408#OlympusNode>:OUTPUT: [Replica 2 :]>> Result Shuttle:  put('andi','mandi sandi')  to Replica:  1
[2017-11-21 03:55:25,939] Client.Client<Client:68802#ClientNode>:OUTPUT: [Client 0 :]<< res_operation:  put('andi','mandi sandi')  Result:  OK
[2017-11-21 03:55:25,940] Client.Client<Client:68802#ClientNode>:OUTPUT: [Client 0 :]>> req_operation:  slice('andi','0:4')  : config:  1
[2017-11-21 03:55:25,942] Main.Replica<Replica:b0406#OlympusNode>:OUTPUT: [Replica 1 :]<< Result Shuttle:  put('andi','mandi sandi')  to Replica:  2
[2017-11-21 03:55:25,943] Main.Replica<Replica:b0406#OlympusNode>:OUTPUT: [Replica 1 :]>> Result Shuttle:  put('andi','mandi sandi')  to Replica:  0
[2017-11-21 03:55:25,943] Main.Replica<Replica:b0407#OlympusNode>:OUTPUT: [Replica 0 :]<< req_operation:  slice('andi','0:4')  Client:  0
[2017-11-21 03:55:25,943] Main.Replica<Replica:b0407#OlympusNode>:OUTPUT: Slot:  3  : Operation:  slice('andi','0:4')
[2017-11-21 03:55:25,945] Main.Replica<Replica:b0407#OlympusNode>:OUTPUT: [Replica 0 :] Perform:  slice('andi','0:4')
[2017-11-21 03:55:25,946] Main.Replica<Replica:b0407#OlympusNode>:OUTPUT: [Replica 0 :] Perform:  slice('andi','0:4') , result:  OK
[2017-11-21 03:55:25,948] Main.Replica<Replica:b0407#OlympusNode>:OUTPUT: [Replica 0 :]>> Shuttle:  slice('andi','0:4')  to Replica:  1
[2017-11-21 03:55:25,951] Main.Replica<Replica:b0407#OlympusNode>:OUTPUT: [Replica 0 :]<< Result Shuttle:  put('andi','mandi sandi')  to Replica:  1
[2017-11-21 03:55:25,956] Main.Replica<Replica:b0406#OlympusNode>:OUTPUT: [Replica 1 :]<< forward_shuttle :  3 , len :  3
[2017-11-21 03:55:25,957] Main.Replica<Replica:b0406#OlympusNode>:OUTPUT: [Replica 1 :]<< Shuttle:  slice('andi','0:4')  from Replica:  0
[2017-11-21 03:55:25,958] Main.Replica<Replica:b0406#OlympusNode>:OUTPUT: [Replica 1 :] Perform:  slice('andi','0:4')
[2017-11-21 03:55:25,958] Main.Replica<Replica:b0406#OlympusNode>:OUTPUT: [Replica 1 :] Perform:  slice('andi','0:4') , result:  OK
[2017-11-21 03:55:25,959] Main.Replica<Replica:b0406#OlympusNode>:OUTPUT: [Replica 1 :]>> Shuttle:  slice('andi','0:4')  to Replica:  2
[2017-11-21 03:55:25,977] Main.Replica<Replica:b0408#OlympusNode>:OUTPUT: [Replica 2 :]<< forward_shuttle :  3 , len :  3
[2017-11-21 03:55:25,977] Main.Replica<Replica:b0408#OlympusNode>:OUTPUT: [Replica 2 :]<< Shuttle:  slice('andi','0:4')  from Replica:  1
[2017-11-21 03:55:25,980] Main.Replica<Replica:b0408#OlympusNode>:OUTPUT: [Replica 2 :] Perform:  slice('andi','0:4')
[2017-11-21 03:55:25,980] Main.Replica<Replica:b0408#OlympusNode>:OUTPUT: [Replica 2 :] Perform:  slice('andi','0:4') , result:  OK
[2017-11-21 03:55:25,989] Main.Replica<Replica:b0408#OlympusNode>:OUTPUT: [Replica 2 :]>> res_operation:  slice('andi','0:4')  result:  OK
[2017-11-21 03:55:25,991] Client.Client<Client:68802#ClientNode>:OUTPUT: [Client 0 :]<< res_operation:  slice('andi','0:4')  Result:  OK
[2017-11-21 03:55:25,992] Client.Client<Client:68802#ClientNode>:OUTPUT: [Client 0 :]>> req_operation:  get('andi')  : config:  1
[2017-11-21 03:55:25,992] Main.Replica<Replica:b0408#OlympusNode>:OUTPUT: [Replica 2 :]>> Result Shuttle:  slice('andi','0:4')  to Replica:  1
[2017-11-21 03:55:25,993] Main.Replica<Replica:b0407#OlympusNode>:OUTPUT: [Replica 0 :]<< req_operation:  get('andi')  Client:  0
[2017-11-21 03:55:25,994] Main.Replica<Replica:b0407#OlympusNode>:OUTPUT: Slot:  4  : Operation:  get('andi')
[2017-11-21 03:55:25,995] Main.Replica<Replica:b0407#OlympusNode>:OUTPUT: [Replica 0 :] Perform:  get('andi')
[2017-11-21 03:55:25,995] Main.Replica<Replica:b0406#OlympusNode>:OUTPUT: [Replica 1 :]<< Result Shuttle:  slice('andi','0:4')  to Replica:  2
[2017-11-21 03:55:25,996] Main.Replica<Replica:b0407#OlympusNode>:OUTPUT: [Replica 0 :] Perform:  get('andi') , result:  mand
[2017-11-21 03:55:25,996] Main.Replica<Replica:b0406#OlympusNode>:OUTPUT: [Replica 1 :]>> Result Shuttle:  slice('andi','0:4')  to Replica:  0
[2017-11-21 03:55:25,998] Main.Replica<Replica:b0407#OlympusNode>:OUTPUT: [Replica 0 :]>> Shuttle:  get('andi')  to Replica:  1
[2017-11-21 03:55:26,000] Main.Replica<Replica:b0406#OlympusNode>:OUTPUT: [Replica 1 :]<< forward_shuttle :  4 , len :  4
[2017-11-21 03:55:26,000] Main.Replica<Replica:b0406#OlympusNode>:OUTPUT: [Replica 1 :]<< Shuttle:  get('andi')  from Replica:  0
[2017-11-21 03:55:26,001] Main.Replica<Replica:b0407#OlympusNode>:OUTPUT: [Replica 0 :]<< Result Shuttle:  slice('andi','0:4')  to Replica:  1
[2017-11-21 03:55:26,001] Main.Replica<Replica:b0406#OlympusNode>:OUTPUT: [Replica 1 :] Perform:  get('andi')
[2017-11-21 03:55:26,002] Main.Replica<Replica:b0406#OlympusNode>:OUTPUT: [Replica 1 :] Perform:  get('andi') , result:  mand
[2017-11-21 03:55:26,003] Main.Replica<Replica:b0406#OlympusNode>:OUTPUT: [Replica 1 :]>> Shuttle:  get('andi')  to Replica:  2
[2017-11-21 03:55:26,004] Main.Replica<Replica:b0408#OlympusNode>:OUTPUT: [Replica 2 :]<< forward_shuttle :  4 , len :  4
[2017-11-21 03:55:26,004] Main.Replica<Replica:b0407#OlympusNode>:OUTPUT: [Replica 0 :]>> Sending Check Point Shuttle: to Replica:  1
[2017-11-21 03:55:26,005] Main.Replica<Replica:b0408#OlympusNode>:OUTPUT: [Replica 2 :]<< Shuttle:  get('andi')  from Replica:  1
[2017-11-21 03:55:26,006] Main.Replica<Replica:b0408#OlympusNode>:OUTPUT: [Replica 2 :] Perform:  get('andi')
[2017-11-21 03:55:26,006] Main.Replica<Replica:b0408#OlympusNode>:OUTPUT: [Replica 2 :] Perform:  get('andi') , result:  mand
[2017-11-21 03:55:26,006] Main.Replica<Replica:b0406#OlympusNode>:OUTPUT: [Replica 1 ]: Received check point shuttle:  3
[2017-11-21 03:55:26,009] Main.Replica<Replica:b0408#OlympusNode>:OUTPUT: [Replica 2 :]>> res_operation:  get('andi')  result:  mand
[2017-11-21 03:55:26,010] Main.Replica<Replica:b0406#OlympusNode>:OUTPUT: [Replica 1 ]: Check point shuttle verified
[2017-11-21 03:55:26,011] Main.Replica<Replica:b0408#OlympusNode>:OUTPUT: [Replica 2 :]>> Result Shuttle:  get('andi')  to Replica:  1
[2017-11-21 03:55:26,012] Client.Client<Client:68802#ClientNode>:OUTPUT: [Client 0 :]<< res_operation:  get('andi')  Result:  mand
[2017-11-21 03:55:26,013] Client.Client<Client:68802#ClientNode>:OUTPUT: [Client 0 :] Test case completed! Validating Result
[2017-11-21 03:55:26,013] Main.Replica<Replica:b0406#OlympusNode>:OUTPUT: [Replica 1 :]>> Check Point Shuttle: to Replica:  2
[2017-11-21 03:55:26,015] Main.Replica<Replica:b0408#OlympusNode>:OUTPUT: [Replica 2 ]: Received check point shuttle:  3
[2017-11-21 03:55:26,017] Main.Replica<Replica:b0406#OlympusNode>:OUTPUT: [Replica 1 :]<< Result Shuttle:  get('andi')  to Replica:  2
[2017-11-21 03:55:26,017] Main.Replica<Replica:b0406#OlympusNode>:OUTPUT: [Replica 1 :]>> Result Shuttle:  get('andi')  to Replica:  0
[2017-11-21 03:55:26,018] Client.Client<Client:68802#ClientNode>:OUTPUT: [Client 0 :] Valid Final Result! Client:  ['OK', 'OK', 'luke', 'OK', 'OK', 'mata', 'OK', 'OK', 'mand'] , Replica:  ['OK', 'OK', 'luke', 'OK', 'OK', 'mata', 'OK', 'OK', 'mand']
[2017-11-21 03:55:26,018] Main.Replica<Replica:b0408#OlympusNode>:OUTPUT: [Replica 2 ]: Check point shuttle verified
[2017-11-21 03:55:26,021] Main.Replica<Replica:b0408#OlympusNode>:OUTPUT: [Replica 2 ]: Removing entries from history upto : 3  : history length:  4
[2017-11-21 03:55:26,021] Main.Replica<Replica:b0408#OlympusNode>:OUTPUT: [Replica 2 :]>> Completed Check Point Shuttle: to Replica:  1
[2017-11-21 03:55:26,021] Main.Replica<Replica:b0407#OlympusNode>:OUTPUT: [Replica 0 :]<< Result Shuttle:  get('andi')  to Replica:  1
[2017-11-21 03:55:26,023] Main.Replica<Replica:b0406#OlympusNode>:OUTPUT: [Replica 1 ]: Received completed check point shuttle
[2017-11-21 03:55:26,025] Main.Replica<Replica:b0406#OlympusNode>:OUTPUT: [Replica 1 ]: Completed Check point shuttle verified
[2017-11-21 03:55:26,026] Main.Replica<Replica:b0406#OlympusNode>:OUTPUT: [Replica 1 ]: Removing entries from history upto : 3  : history length:  4
[2017-11-21 03:55:26,026] Main.Replica<Replica:b0406#OlympusNode>:OUTPUT: [Replica 1 ]: New History : 1
[2017-11-21 03:55:26,026] Main.Replica<Replica:b0406#OlympusNode>:OUTPUT: [Replica 1 :]>> Completed Check Point Shuttle: to Replica:  0
[2017-11-21 03:55:26,028] Main.Replica<Replica:b0407#OlympusNode>:OUTPUT: [Replica 0 ]: Received completed check point shuttle
[2017-11-21 03:55:26,030] Main.Replica<Replica:b0407#OlympusNode>:OUTPUT: [Replica 0 ]: Completed Check point shuttle verified
[2017-11-21 03:55:26,031] Main.Replica<Replica:b0407#OlympusNode>:OUTPUT: [Replica 0 ]: Removing entries from history upto : 3  : history length:  4
[2017-11-21 03:55:26,031] Main.Replica<Replica:b0407#OlympusNode>:OUTPUT: [Replica 0 ]: New History : 1
[2017-11-21 03:55:28,452] da.api<MainProcess>:WARNING: Received keyboard interrupt. 
