[2017-11-21 03:59:45,216] da.api<MainProcess>:INFO: Bootstrapping attempt failed due to BootstrapException('Unable to contact a peer node.',),  continuing as a master node (use '--master' to disable bootstrapping at startup).
[2017-11-21 03:59:45,216] da.api<MainProcess>:INFO: <Node_:ClientNode> initialized at 127.0.0.1:(UdpTransport=15000, TcpTransport=15000).
[2017-11-21 03:59:45,217] da.api<MainProcess>:INFO: Starting program <module 'Main' from 'src/Main.py'>...
[2017-11-21 03:59:45,217] da.api<MainProcess>:INFO: Running iteration 1 ...
[2017-11-21 03:59:45,218] da.api<MainProcess>:INFO: Waiting for remaining child processes to terminate...(Press "Ctrl-C" to force kill)
[2017-11-21 03:59:45,237] Main.Node_<Node_:ClientNode>:INFO: Waiting to resolve name 'OlympusNode'...
[2017-11-21 03:59:52,538] da.sim.Router<MainProcess>:INFO: Bootstrap succeeded using <UdpTransport(127.0.0.1:31263)>.
[2017-11-21 03:59:52,538] da.api<MainProcess>:INFO: <Node_:OlympusNode> initialized at 127.0.0.1:(UdpTransport=31263, TcpTransport=30286).
[2017-11-21 03:59:52,539] da.api<MainProcess>:INFO: Starting program <module 'Main' from 'src/Main.py'>...
[2017-11-21 03:59:52,539] da.api<MainProcess>:INFO: Running iteration 1 ...
[2017-11-21 03:59:52,540] da.api<MainProcess>:INFO: Waiting for remaining child processes to terminate...(Press "Ctrl-C" to force kill)
[2017-11-21 03:59:52,618] Main.Olympus<Olympus:bc402#OlympusNode>:OUTPUT: [Olympus:] Setup
[2017-11-21 03:59:52,687] Client.Client<Client:3a002#ClientNode>:OUTPUT: [Client 0 :] Workload:  put('jedi','luke skywalker'); slice('jedi','0:4'); get('jedi'); put('hakuna','matata'); slice('hakuna','0:4'); get('hakuna'); put('andi','mandi sandi'); slice('andi','0:4'); get('andi')
[2017-11-21 03:59:52,690] Main.Olympus<Olympus:bc402#OlympusNode>:OUTPUT: [Olympus:] Started
[2017-11-21 03:59:52,721] Client.Client<Client:3a002#ClientNode>:OUTPUT: [Client 0 :] Started
[2017-11-21 03:59:52,722] da.api<MainProcess>:INFO: Main process terminated.
[2017-11-21 03:59:52,757] Main.Olympus<Olympus:bc402#OlympusNode>:OUTPUT: [Olympus:]<< req_get_current_configuration
[2017-11-21 03:59:52,757] Main.Olympus<Olympus:bc402#OlympusNode>:OUTPUT: [Olympus:] Making New Configuration
[2017-11-21 03:59:52,863] Main.Olympus<Olympus:bc402#OlympusNode>:OUTPUT: failure map is : {'extra_op()': ('completed_checkpoint', ('-1', '1'))}
[2017-11-21 03:59:52,881] Main.Olympus<Olympus:bc402#OlympusNode>:OUTPUT: failure map is : {}
[2017-11-21 03:59:52,900] Main.Olympus<Olympus:bc402#OlympusNode>:OUTPUT: failure map is : {}
[2017-11-21 03:59:52,918] Main.Replica<Replica:bc404#OlympusNode>:OUTPUT: [Replica 0 :] Started:  head ACTIVE 0
[2017-11-21 03:59:52,928] Main.Replica<Replica:bc405#OlympusNode>:OUTPUT: [Replica 1 :] Started:  normal_replica ACTIVE 0
[2017-11-21 03:59:52,949] Main.Replica<Replica:bc403#OlympusNode>:OUTPUT: [Replica 2 :] Started:  tail ACTIVE 0
[2017-11-21 03:59:52,949] Main.Olympus<Olympus:bc402#OlympusNode>:OUTPUT: [Olympus:]>> res_get_current_configuration
[2017-11-21 03:59:52,968] Client.Client<Client:3a002#ClientNode>:OUTPUT: [Client 0 :]<< res_get_current_configuration
[2017-11-21 03:59:52,969] Client.Client<Client:3a002#ClientNode>:OUTPUT: [Client 0 :]>> req_operation:  put('jedi','luke skywalker')  : config:  0
[2017-11-21 03:59:52,989] Main.Replica<Replica:bc404#OlympusNode>:OUTPUT: [Replica 0 :]<< req_operation:  put('jedi','luke skywalker')  Client:  0
[2017-11-21 03:59:52,989] Main.Replica<Replica:bc404#OlympusNode>:OUTPUT: Slot:  1  : Operation:  put('jedi','luke skywalker')
[2017-11-21 03:59:52,990] Main.Replica<Replica:bc404#OlympusNode>:OUTPUT: [Replica 0 :] Perform:  put('jedi','luke skywalker')
[2017-11-21 03:59:52,991] Main.Replica<Replica:bc404#OlympusNode>:OUTPUT: [Replica 0 :] Perform:  put('jedi','luke skywalker') , result:  OK
[2017-11-21 03:59:52,993] Main.Replica<Replica:bc404#OlympusNode>:OUTPUT: [Replica 0 :]>> Shuttle:  put('jedi','luke skywalker')  to Replica:  1
[2017-11-21 03:59:53,016] Main.Replica<Replica:bc405#OlympusNode>:OUTPUT: [Replica 1 :]<< forward_shuttle :  1 , len :  1
[2017-11-21 03:59:53,016] Main.Replica<Replica:bc405#OlympusNode>:OUTPUT: [Replica 1 :]<< Shuttle:  put('jedi','luke skywalker')  from Replica:  0
[2017-11-21 03:59:53,017] Main.Replica<Replica:bc405#OlympusNode>:OUTPUT: [Replica 1 :] Perform:  put('jedi','luke skywalker')
[2017-11-21 03:59:53,018] Main.Replica<Replica:bc405#OlympusNode>:OUTPUT: [Replica 1 :] Perform:  put('jedi','luke skywalker') , result:  OK
[2017-11-21 03:59:53,019] Main.Replica<Replica:bc405#OlympusNode>:OUTPUT: [Replica 1 :]>> Shuttle:  put('jedi','luke skywalker')  to Replica:  2
[2017-11-21 03:59:53,038] Main.Replica<Replica:bc403#OlympusNode>:OUTPUT: [Replica 2 :]<< forward_shuttle :  1 , len :  1
[2017-11-21 03:59:53,038] Main.Replica<Replica:bc403#OlympusNode>:OUTPUT: [Replica 2 :]<< Shuttle:  put('jedi','luke skywalker')  from Replica:  1
[2017-11-21 03:59:53,040] Main.Replica<Replica:bc403#OlympusNode>:OUTPUT: [Replica 2 :] Perform:  put('jedi','luke skywalker')
[2017-11-21 03:59:53,041] Main.Replica<Replica:bc403#OlympusNode>:OUTPUT: [Replica 2 :] Perform:  put('jedi','luke skywalker') , result:  OK
[2017-11-21 03:59:53,059] Main.Replica<Replica:bc403#OlympusNode>:OUTPUT: [Replica 2 :]>> res_operation:  put('jedi','luke skywalker')  result:  OK
[2017-11-21 03:59:53,061] Main.Replica<Replica:bc403#OlympusNode>:OUTPUT: [Replica 2 :]>> Result Shuttle:  put('jedi','luke skywalker')  to Replica:  1
[2017-11-21 03:59:53,061] Client.Client<Client:3a002#ClientNode>:OUTPUT: [Client 0 :]<< res_operation:  put('jedi','luke skywalker')  Result:  OK
[2017-11-21 03:59:53,062] Client.Client<Client:3a002#ClientNode>:OUTPUT: [Client 0 :]>> req_operation:  slice('jedi','0:4')  : config:  0
[2017-11-21 03:59:53,065] Main.Replica<Replica:bc404#OlympusNode>:OUTPUT: [Replica 0 :]<< req_operation:  slice('jedi','0:4')  Client:  0
[2017-11-21 03:59:53,066] Main.Replica<Replica:bc404#OlympusNode>:OUTPUT: Slot:  2  : Operation:  slice('jedi','0:4')
[2017-11-21 03:59:53,069] Main.Replica<Replica:bc404#OlympusNode>:OUTPUT: [Replica 0 :] Perform:  slice('jedi','0:4')
[2017-11-21 03:59:53,070] Main.Replica<Replica:bc404#OlympusNode>:OUTPUT: [Replica 0 :] Perform:  slice('jedi','0:4') , result:  OK
[2017-11-21 03:59:53,077] Main.Replica<Replica:bc404#OlympusNode>:OUTPUT: [Replica 0 :]>> Shuttle:  slice('jedi','0:4')  to Replica:  1
[2017-11-21 03:59:53,082] Main.Replica<Replica:bc405#OlympusNode>:OUTPUT: [Replica 1 :]<< forward_shuttle :  2 , len :  2
[2017-11-21 03:59:53,083] Main.Replica<Replica:bc405#OlympusNode>:OUTPUT: [Replica 1 :]<< Shuttle:  slice('jedi','0:4')  from Replica:  0
[2017-11-21 03:59:53,084] Main.Replica<Replica:bc405#OlympusNode>:OUTPUT: [Replica 1 :] Perform:  slice('jedi','0:4')
[2017-11-21 03:59:53,084] Main.Replica<Replica:bc405#OlympusNode>:OUTPUT: [Replica 1 :] Perform:  slice('jedi','0:4') , result:  OK
[2017-11-21 03:59:53,085] Main.Replica<Replica:bc405#OlympusNode>:OUTPUT: [Replica 1 :]>> Shuttle:  slice('jedi','0:4')  to Replica:  2
[2017-11-21 03:59:53,088] Main.Replica<Replica:bc405#OlympusNode>:OUTPUT: [Replica 1 :]<< Result Shuttle:  put('jedi','luke skywalker')  to Replica:  2
[2017-11-21 03:59:53,088] Main.Replica<Replica:bc403#OlympusNode>:OUTPUT: [Replica 2 :]<< forward_shuttle :  2 , len :  2
[2017-11-21 03:59:53,088] Main.Replica<Replica:bc405#OlympusNode>:OUTPUT: [Replica 1 :]>> Result Shuttle:  put('jedi','luke skywalker')  to Replica:  0
[2017-11-21 03:59:53,088] Main.Replica<Replica:bc403#OlympusNode>:OUTPUT: [Replica 2 :]<< Shuttle:  slice('jedi','0:4')  from Replica:  1
[2017-11-21 03:59:53,090] Main.Replica<Replica:bc403#OlympusNode>:OUTPUT: [Replica 2 :] Perform:  slice('jedi','0:4')
[2017-11-21 03:59:53,091] Main.Replica<Replica:bc403#OlympusNode>:OUTPUT: [Replica 2 :] Perform:  slice('jedi','0:4') , result:  OK
[2017-11-21 03:59:53,094] Main.Replica<Replica:bc403#OlympusNode>:OUTPUT: [Replica 2 :]>> res_operation:  slice('jedi','0:4')  result:  OK
[2017-11-21 03:59:53,097] Client.Client<Client:3a002#ClientNode>:OUTPUT: [Client 0 :]<< res_operation:  slice('jedi','0:4')  Result:  OK
[2017-11-21 03:59:53,097] Main.Replica<Replica:bc403#OlympusNode>:OUTPUT: [Replica 2 :]>> Result Shuttle:  slice('jedi','0:4')  to Replica:  1
[2017-11-21 03:59:53,099] Client.Client<Client:3a002#ClientNode>:OUTPUT: [Client 0 :]>> req_operation:  get('jedi')  : config:  0
[2017-11-21 03:59:53,109] Main.Replica<Replica:bc404#OlympusNode>:OUTPUT: [Replica 0 :]<< req_operation:  get('jedi')  Client:  0
[2017-11-21 03:59:53,109] Main.Replica<Replica:bc404#OlympusNode>:OUTPUT: Slot:  3  : Operation:  get('jedi')
[2017-11-21 03:59:53,111] Main.Replica<Replica:bc405#OlympusNode>:OUTPUT: [Replica 1 :]<< Result Shuttle:  slice('jedi','0:4')  to Replica:  2
[2017-11-21 03:59:53,111] Main.Replica<Replica:bc405#OlympusNode>:OUTPUT: [Replica 1 :]>> Result Shuttle:  slice('jedi','0:4')  to Replica:  0
[2017-11-21 03:59:53,111] Main.Replica<Replica:bc404#OlympusNode>:OUTPUT: [Replica 0 :] Perform:  get('jedi')
[2017-11-21 03:59:53,113] Main.Replica<Replica:bc404#OlympusNode>:OUTPUT: [Replica 0 :] Perform:  get('jedi') , result:  luke
[2017-11-21 03:59:53,117] Main.Replica<Replica:bc404#OlympusNode>:OUTPUT: [Replica 0 :]>> Shuttle:  get('jedi')  to Replica:  1
[2017-11-21 03:59:53,121] Main.Replica<Replica:bc404#OlympusNode>:OUTPUT: [Replica 0 :]<< Result Shuttle:  put('jedi','luke skywalker')  to Replica:  1
[2017-11-21 03:59:53,124] Main.Replica<Replica:bc404#OlympusNode>:OUTPUT: [Replica 0 :]<< Result Shuttle:  slice('jedi','0:4')  to Replica:  1
[2017-11-21 03:59:53,124] Main.Replica<Replica:bc405#OlympusNode>:OUTPUT: [Replica 1 :]<< forward_shuttle :  3 , len :  3
[2017-11-21 03:59:53,124] Main.Replica<Replica:bc405#OlympusNode>:OUTPUT: [Replica 1 :]<< Shuttle:  get('jedi')  from Replica:  0
[2017-11-21 03:59:53,126] Main.Replica<Replica:bc405#OlympusNode>:OUTPUT: [Replica 1 :] Perform:  get('jedi')
[2017-11-21 03:59:53,126] Main.Replica<Replica:bc405#OlympusNode>:OUTPUT: [Replica 1 :] Perform:  get('jedi') , result:  luke
[2017-11-21 03:59:53,127] Main.Replica<Replica:bc405#OlympusNode>:OUTPUT: [Replica 1 :]>> Shuttle:  get('jedi')  to Replica:  2
[2017-11-21 03:59:53,132] Main.Replica<Replica:bc403#OlympusNode>:OUTPUT: [Replica 2 :]<< forward_shuttle :  3 , len :  3
[2017-11-21 03:59:53,132] Main.Replica<Replica:bc403#OlympusNode>:OUTPUT: [Replica 2 :]<< Shuttle:  get('jedi')  from Replica:  1
[2017-11-21 03:59:53,134] Main.Replica<Replica:bc403#OlympusNode>:OUTPUT: [Replica 2 :] Perform:  get('jedi')
[2017-11-21 03:59:53,135] Main.Replica<Replica:bc403#OlympusNode>:OUTPUT: [Replica 2 :] Perform:  get('jedi') , result:  luke
[2017-11-21 03:59:53,137] Main.Replica<Replica:bc403#OlympusNode>:OUTPUT: [Replica 2 :]>> res_operation:  get('jedi')  result:  luke
[2017-11-21 03:59:53,139] Main.Replica<Replica:bc403#OlympusNode>:OUTPUT: [Replica 2 :]>> Result Shuttle:  get('jedi')  to Replica:  1
[2017-11-21 03:59:53,139] Client.Client<Client:3a002#ClientNode>:OUTPUT: [Client 0 :]<< res_operation:  get('jedi')  Result:  luke
[2017-11-21 03:59:53,140] Client.Client<Client:3a002#ClientNode>:OUTPUT: [Client 0 :]>> req_operation:  put('hakuna','matata')  : config:  0
[2017-11-21 03:59:53,142] Main.Replica<Replica:bc404#OlympusNode>:OUTPUT: [Replica 0 :]<< req_operation:  put('hakuna','matata')  Client:  0
[2017-11-21 03:59:53,143] Main.Replica<Replica:bc404#OlympusNode>:OUTPUT: Slot:  4  : Operation:  put('hakuna','matata')
[2017-11-21 03:59:53,144] Main.Replica<Replica:bc404#OlympusNode>:OUTPUT: [Replica 0 :] Perform:  put('hakuna','matata')
[2017-11-21 03:59:53,144] Main.Replica<Replica:bc404#OlympusNode>:OUTPUT: [Replica 0 :] Perform:  put('hakuna','matata') , result:  OK
[2017-11-21 03:59:53,146] Main.Replica<Replica:bc404#OlympusNode>:OUTPUT: [Replica 0 :]>> Shuttle:  put('hakuna','matata')  to Replica:  1
[2017-11-21 03:59:53,147] Main.Replica<Replica:bc405#OlympusNode>:OUTPUT: [Replica 1 :]<< Result Shuttle:  get('jedi')  to Replica:  2
[2017-11-21 03:59:53,148] Main.Replica<Replica:bc405#OlympusNode>:OUTPUT: [Replica 1 :]>> Result Shuttle:  get('jedi')  to Replica:  0
[2017-11-21 03:59:53,150] Main.Replica<Replica:bc405#OlympusNode>:OUTPUT: [Replica 1 :]<< forward_shuttle :  4 , len :  4
[2017-11-21 03:59:53,150] Main.Replica<Replica:bc405#OlympusNode>:OUTPUT: [Replica 1 :]<< Shuttle:  put('hakuna','matata')  from Replica:  0
[2017-11-21 03:59:53,152] Main.Replica<Replica:bc405#OlympusNode>:OUTPUT: [Replica 1 :] Perform:  put('hakuna','matata')
[2017-11-21 03:59:53,153] Main.Replica<Replica:bc405#OlympusNode>:OUTPUT: [Replica 1 :] Perform:  put('hakuna','matata') , result:  OK
[2017-11-21 03:59:53,155] Main.Replica<Replica:bc405#OlympusNode>:OUTPUT: [Replica 1 :]>> Shuttle:  put('hakuna','matata')  to Replica:  2
[2017-11-21 03:59:53,157] Main.Replica<Replica:bc403#OlympusNode>:OUTPUT: [Replica 2 :]<< forward_shuttle :  4 , len :  4
[2017-11-21 03:59:53,157] Main.Replica<Replica:bc403#OlympusNode>:OUTPUT: [Replica 2 :]<< Shuttle:  put('hakuna','matata')  from Replica:  1
[2017-11-21 03:59:53,158] Main.Replica<Replica:bc403#OlympusNode>:OUTPUT: [Replica 2 :] Perform:  put('hakuna','matata')
[2017-11-21 03:59:53,159] Main.Replica<Replica:bc403#OlympusNode>:OUTPUT: [Replica 2 :] Perform:  put('hakuna','matata') , result:  OK
[2017-11-21 03:59:53,161] Main.Replica<Replica:bc403#OlympusNode>:OUTPUT: [Replica 2 :]>> res_operation:  put('hakuna','matata')  result:  OK
[2017-11-21 03:59:53,162] Main.Replica<Replica:bc404#OlympusNode>:OUTPUT: [Replica 0 :]<< Result Shuttle:  get('jedi')  to Replica:  1
[2017-11-21 03:59:53,162] Client.Client<Client:3a002#ClientNode>:OUTPUT: [Client 0 :]<< res_operation:  put('hakuna','matata')  Result:  OK
[2017-11-21 03:59:53,163] Client.Client<Client:3a002#ClientNode>:OUTPUT: [Client 0 :]>> req_operation:  slice('hakuna','0:4')  : config:  0
[2017-11-21 03:59:53,163] Main.Replica<Replica:bc403#OlympusNode>:OUTPUT: [Replica 2 :]>> Result Shuttle:  put('hakuna','matata')  to Replica:  1
[2017-11-21 03:59:53,165] Main.Replica<Replica:bc404#OlympusNode>:OUTPUT: [Replica 0 :]>> Sending Check Point Shuttle: to Replica:  1
[2017-11-21 03:59:53,167] Main.Replica<Replica:bc404#OlympusNode>:OUTPUT: [Replica 0 :]<< req_operation:  slice('hakuna','0:4')  Client:  0
[2017-11-21 03:59:53,167] Main.Replica<Replica:bc405#OlympusNode>:OUTPUT: [Replica 1 :]<< Result Shuttle:  put('hakuna','matata')  to Replica:  2
[2017-11-21 03:59:53,167] Main.Replica<Replica:bc404#OlympusNode>:OUTPUT: Slot:  5  : Operation:  slice('hakuna','0:4')
[2017-11-21 03:59:53,167] Main.Replica<Replica:bc405#OlympusNode>:OUTPUT: [Replica 1 :]>> Result Shuttle:  put('hakuna','matata')  to Replica:  0
[2017-11-21 03:59:53,168] Main.Replica<Replica:bc404#OlympusNode>:OUTPUT: [Replica 0 :] Perform:  slice('hakuna','0:4')
[2017-11-21 03:59:53,169] Main.Replica<Replica:bc404#OlympusNode>:OUTPUT: [Replica 0 :] Perform:  slice('hakuna','0:4') , result:  OK
[2017-11-21 03:59:53,169] Main.Replica<Replica:bc405#OlympusNode>:OUTPUT: [Replica 1 ]: Received check point shuttle:  3
[2017-11-21 03:59:53,171] Main.Replica<Replica:bc404#OlympusNode>:OUTPUT: [Replica 0 :]>> Shuttle:  slice('hakuna','0:4')  to Replica:  1
[2017-11-21 03:59:53,172] Main.Replica<Replica:bc405#OlympusNode>:OUTPUT: [Replica 1 ]: Check point shuttle verified
[2017-11-21 03:59:53,174] Main.Replica<Replica:bc404#OlympusNode>:OUTPUT: [Replica 0 :]<< Result Shuttle:  put('hakuna','matata')  to Replica:  1
[2017-11-21 03:59:53,175] Main.Replica<Replica:bc405#OlympusNode>:OUTPUT: [Replica 1 :]>> Check Point Shuttle: to Replica:  2
[2017-11-21 03:59:53,177] Main.Replica<Replica:bc403#OlympusNode>:OUTPUT: [Replica 2 ]: Received check point shuttle:  3
[2017-11-21 03:59:53,177] Main.Replica<Replica:bc405#OlympusNode>:OUTPUT: [Replica 1 :]<< forward_shuttle :  5 , len :  5
[2017-11-21 03:59:53,177] Main.Replica<Replica:bc405#OlympusNode>:OUTPUT: [Replica 1 :]<< Shuttle:  slice('hakuna','0:4')  from Replica:  0
[2017-11-21 03:59:53,179] Main.Replica<Replica:bc405#OlympusNode>:OUTPUT: [Replica 1 :] Perform:  slice('hakuna','0:4')
[2017-11-21 03:59:53,179] Main.Replica<Replica:bc405#OlympusNode>:OUTPUT: [Replica 1 :] Perform:  slice('hakuna','0:4') , result:  OK
[2017-11-21 03:59:53,179] Main.Replica<Replica:bc403#OlympusNode>:OUTPUT: [Replica 2 ]: Check point shuttle verified
[2017-11-21 03:59:53,180] Main.Replica<Replica:bc405#OlympusNode>:OUTPUT: [Replica 1 :]>> Shuttle:  slice('hakuna','0:4')  to Replica:  2
[2017-11-21 03:59:53,182] Main.Replica<Replica:bc403#OlympusNode>:OUTPUT: [Replica 2 ]: Removing entries from history upto : 3  : history length:  4
[2017-11-21 03:59:53,182] Main.Replica<Replica:bc403#OlympusNode>:OUTPUT: [Replica 2 :]>> Completed Check Point Shuttle: to Replica:  1
[2017-11-21 03:59:53,184] Main.Replica<Replica:bc405#OlympusNode>:OUTPUT: [Replica 1 ]: Received completed check point shuttle
[2017-11-21 03:59:53,184] Main.Replica<Replica:bc403#OlympusNode>:OUTPUT: [Replica 2 :]<< forward_shuttle :  5 , len :  5
[2017-11-21 03:59:53,184] Main.Replica<Replica:bc403#OlympusNode>:OUTPUT: [Replica 2 :]<< Shuttle:  slice('hakuna','0:4')  from Replica:  1
[2017-11-21 03:59:53,186] Main.Replica<Replica:bc405#OlympusNode>:OUTPUT: [Replica 1 ]: Completed Check point shuttle verified
[2017-11-21 03:59:53,186] Main.Replica<Replica:bc405#OlympusNode>:OUTPUT: [Replica 1 ]: Removing entries from history upto : 3  : history length:  4
[2017-11-21 03:59:53,186] Main.Replica<Replica:bc405#OlympusNode>:OUTPUT: [Replica 1 ]: New History : 1
[2017-11-21 03:59:53,186] Main.Replica<Replica:bc403#OlympusNode>:OUTPUT: [Replica 2 :] Perform:  slice('hakuna','0:4')
[2017-11-21 03:59:53,186] Main.Replica<Replica:bc405#OlympusNode>:OUTPUT: [Replica 1 :]>> Completed Check Point Shuttle: to Replica:  0
[2017-11-21 03:59:53,186] Main.Replica<Replica:bc403#OlympusNode>:OUTPUT: [Replica 2 :] Perform:  slice('hakuna','0:4') , result:  OK
[2017-11-21 03:59:53,188] Main.Replica<Replica:bc404#OlympusNode>:OUTPUT: [Replica 0 ]: Received completed check point shuttle
[2017-11-21 03:59:53,189] Main.Replica<Replica:bc404#OlympusNode>:OUTPUT: Completed check point shuttle Fault: Extra Op Injected inserting Put('a', 'a')
[2017-11-21 03:59:53,191] Main.Replica<Replica:bc404#OlympusNode>:OUTPUT: [Replica 0 ]: Completed Check point shuttle verified
[2017-11-21 03:59:53,192] Main.Replica<Replica:bc404#OlympusNode>:OUTPUT: [Replica 0 ]: Removing entries from history upto : 3  : history length:  4
[2017-11-21 03:59:53,192] Main.Replica<Replica:bc404#OlympusNode>:OUTPUT: [Replica 0 ]: New History : 1
[2017-11-21 03:59:53,193] Main.Replica<Replica:bc403#OlympusNode>:OUTPUT: [Replica 2 :]>> res_operation:  slice('hakuna','0:4')  result:  OK
[2017-11-21 03:59:53,194] Client.Client<Client:3a002#ClientNode>:OUTPUT: [Client 0 :]<< res_operation:  slice('hakuna','0:4')  Result:  OK
[2017-11-21 03:59:53,195] Client.Client<Client:3a002#ClientNode>:OUTPUT: [Client 0 :]>> req_operation:  get('hakuna')  : config:  0
[2017-11-21 03:59:53,195] Main.Replica<Replica:bc403#OlympusNode>:OUTPUT: [Replica 2 :]>> Result Shuttle:  slice('hakuna','0:4')  to Replica:  1
[2017-11-21 03:59:53,197] Main.Replica<Replica:bc404#OlympusNode>:OUTPUT: [Replica 0 :]<< req_operation:  get('hakuna')  Client:  0
[2017-11-21 03:59:53,197] Main.Replica<Replica:bc404#OlympusNode>:OUTPUT: [Replica 0 :] Fault: Extra Op Injected inserting Put('a', 'a')
[2017-11-21 03:59:53,198] Main.Replica<Replica:bc404#OlympusNode>:OUTPUT: [Replica 0 :] Perform:  put('a', 'a')
[2017-11-21 03:59:53,198] Main.Replica<Replica:bc404#OlympusNode>:OUTPUT: [Replica 0 :] Perform:  put('a', 'a') , result:  OK
[2017-11-21 03:59:53,198] Main.Replica<Replica:bc404#OlympusNode>:OUTPUT: Slot:  7  : Operation:  get('hakuna')
[2017-11-21 03:59:53,198] Main.Replica<Replica:bc405#OlympusNode>:OUTPUT: [Replica 1 :]<< Result Shuttle:  slice('hakuna','0:4')  to Replica:  2
[2017-11-21 03:59:53,199] Main.Replica<Replica:bc405#OlympusNode>:OUTPUT: [Replica 1 :]>> Result Shuttle:  slice('hakuna','0:4')  to Replica:  0
[2017-11-21 03:59:53,199] Main.Replica<Replica:bc404#OlympusNode>:OUTPUT: [Replica 0 :] Perform:  get('hakuna')
[2017-11-21 03:59:53,199] Main.Replica<Replica:bc404#OlympusNode>:OUTPUT: [Replica 0 :] Perform:  get('hakuna') , result:  mata
[2017-11-21 03:59:53,201] Main.Replica<Replica:bc404#OlympusNode>:OUTPUT: [Replica 0 :]>> Shuttle:  get('hakuna')  to Replica:  1
[2017-11-21 03:59:53,203] Main.Replica<Replica:bc405#OlympusNode>:OUTPUT: [Replica 1 :]<< forward_shuttle :  7 , len :  6
[2017-11-21 03:59:53,204] Main.Replica<Replica:bc405#OlympusNode>:OUTPUT: [Replica 1 :] Holes in the slot number. Become Immutable
[2017-11-21 03:59:53,204] Main.Replica<Replica:bc404#OlympusNode>:OUTPUT: [Replica 0 :]<< Result Shuttle:  slice('hakuna','0:4')  to Replica:  1
[2017-11-21 03:59:53,205] Main.Olympus<Olympus:bc402#OlympusNode>:OUTPUT: [Olympus:]<< req_re_configuration
[2017-11-21 03:59:53,205] Main.Olympus<Olympus:bc402#OlympusNode>:OUTPUT: [Olympus:]>> wedge to Replica:  0
[2017-11-21 03:59:53,206] Main.Olympus<Olympus:bc402#OlympusNode>:OUTPUT: [Olympus:]>> wedge to Replica:  1
[2017-11-21 03:59:53,208] Main.Olympus<Olympus:bc402#OlympusNode>:OUTPUT: [Olympus:]>> wedge to Replica:  2
[2017-11-21 03:59:53,208] Main.Replica<Replica:bc404#OlympusNode>:OUTPUT: [Replica 0 :]<< wedge
[2017-11-21 03:59:53,210] Main.Replica<Replica:bc404#OlympusNode>:OUTPUT: [Replica 0 :]>> wedged
[2017-11-21 03:59:53,210] Main.Replica<Replica:bc405#OlympusNode>:OUTPUT: [Replica 1 :]<< wedge
[2017-11-21 03:59:53,210] Main.Replica<Replica:bc405#OlympusNode>:OUTPUT: [Replica 1 :]>> wedged
[2017-11-21 03:59:53,212] Main.Replica<Replica:bc403#OlympusNode>:OUTPUT: [Replica 2 :]<< wedge
[2017-11-21 03:59:53,212] Main.Olympus<Olympus:bc402#OlympusNode>:OUTPUT: [Olympus:]<< wegded from Replica:  0
[2017-11-21 03:59:53,213] Main.Replica<Replica:bc403#OlympusNode>:OUTPUT: [Replica 2 :]>> wedged
[2017-11-21 03:59:53,215] Main.Olympus<Olympus:bc402#OlympusNode>:OUTPUT: [Olympus:] Replica:  0 , len(history):  2
[2017-11-21 03:59:53,215] Main.Olympus<Olympus:bc402#OlympusNode>:OUTPUT: [Olympus:] Total received:  1
[2017-11-21 03:59:53,216] Main.Olympus<Olympus:bc402#OlympusNode>:OUTPUT: [Olympus:]<< wegded from Replica:  1
[2017-11-21 03:59:53,217] Main.Olympus<Olympus:bc402#OlympusNode>:OUTPUT: [Olympus:] Replica:  1 , len(history):  2
[2017-11-21 03:59:53,217] Main.Olympus<Olympus:bc402#OlympusNode>:OUTPUT: [Olympus:] Total received:  2
[2017-11-21 03:59:53,217] Main.Olympus<Olympus:bc402#OlympusNode>:OUTPUT: [Olympus:] Longest History
[2017-11-21 03:59:53,217] Main.Olympus<Olympus:bc402#OlympusNode>:OUTPUT: [Olympus:] Longest History: Slot:  4 , Operation:  put('hakuna','matata')
[2017-11-21 03:59:53,217] Main.Olympus<Olympus:bc402#OlympusNode>:OUTPUT: [Olympus:] Longest History: Slot:  5 , Operation:  slice('hakuna','0:4')
[2017-11-21 03:59:53,217] Main.Olympus<Olympus:bc402#OlympusNode>:OUTPUT: [Olympus:] Longest Database:  {'hakuna': 'mata', 'a': 'a', 'jedi': 'luke'}
[2017-11-21 03:59:53,219] Main.Replica<Replica:bc404#OlympusNode>:OUTPUT: [Replica 0 :]<< catch-up
[2017-11-21 03:59:53,220] Main.Replica<Replica:bc405#OlympusNode>:OUTPUT: [Replica 1 :]<< catch-up
[2017-11-21 03:59:53,220] Main.Olympus<Olympus:bc402#OlympusNode>:OUTPUT: [Olympus:]<< wegded from Replica:  2
[2017-11-21 03:59:53,220] Main.Replica<Replica:bc404#OlympusNode>:OUTPUT: [Replica 0 :] catch-up History
[2017-11-21 03:59:53,220] Main.Replica<Replica:bc405#OlympusNode>:OUTPUT: [Replica 1 :] catch-up History
[2017-11-21 03:59:53,220] Main.Replica<Replica:bc405#OlympusNode>:OUTPUT: [Replica 1 :]>> caught-up
[2017-11-21 03:59:53,220] Main.Replica<Replica:bc404#OlympusNode>:OUTPUT: [Replica 0 :]>> caught-up
[2017-11-21 03:59:53,221] Main.Olympus<Olympus:bc402#OlympusNode>:OUTPUT: [Olympus:] Replica:  2 , len(history):  2
[2017-11-21 03:59:53,221] Main.Olympus<Olympus:bc402#OlympusNode>:OUTPUT: [Olympus:] Total received:  1
[2017-11-21 03:59:53,222] Main.Olympus<Olympus:bc402#OlympusNode>:OUTPUT: [Olympus:]<< caught-up from Replica:  0  : database:  {'hakuna': 'mata', 'a': 'a', 'jedi': 'luke'}
[2017-11-21 03:59:53,223] Main.Replica<Replica:bc403#OlympusNode>:OUTPUT: [Replica 2 :]<< catch-up
[2017-11-21 03:59:53,223] Main.Replica<Replica:bc403#OlympusNode>:OUTPUT: [Replica 2 :] catch-up History
[2017-11-21 03:59:53,223] Main.Replica<Replica:bc403#OlympusNode>:OUTPUT: [Replica 2 :] catch-up History: Slot:  4 , operation:  put('hakuna','matata')
[2017-11-21 03:59:53,223] Main.Olympus<Olympus:bc402#OlympusNode>:OUTPUT: [Olympus:]<< caught-up from Replica:  1  : database:  {'hakuna': 'mata', 'jedi': 'luke'}
[2017-11-21 03:59:53,223] Main.Replica<Replica:bc403#OlympusNode>:OUTPUT: [Replica 2 :] catch-up History: Slot:  5 , operation:  slice('hakuna','0:4')
[2017-11-21 03:59:53,223] Main.Olympus<Olympus:bc402#OlympusNode>:OUTPUT: [Olympus:]Incorrect caught-up history: Not including Replica :  1  in Quoram
[2017-11-21 03:59:53,223] Main.Replica<Replica:bc403#OlympusNode>:OUTPUT: [Replica 2 :]>> catchUpWithLongestHistory:  (5, {'hakuna': 'mata', 'jedi': 'luke'})
[2017-11-21 03:59:53,223] Main.Replica<Replica:bc403#OlympusNode>:OUTPUT: [Replica 2 :]>> caught-up
[2017-11-21 03:59:53,226] Main.Olympus<Olympus:bc402#OlympusNode>:OUTPUT: [Olympus:]<< caught-up from Replica:  2  : database:  {'hakuna': 'mata', 'jedi': 'luke'}
[2017-11-21 03:59:53,227] Main.Olympus<Olympus:bc402#OlympusNode>:OUTPUT: [Olympus:]Incorrect caught-up history: Not including Replica :  2  in Quoram
[2017-11-21 03:59:53,227] Main.Olympus<Olympus:bc402#OlympusNode>:OUTPUT: [Olympus:]<< Longest history might be of byzantine
[2017-11-21 03:59:53,228] Main.Olympus<Olympus:bc402#OlympusNode>:OUTPUT: [Olympus:]>> get-running-state to Replica:  1
[2017-11-21 03:59:53,230] Main.Replica<Replica:bc405#OlympusNode>:OUTPUT: [Replica 1 :]<< get-running-state
[2017-11-21 03:59:53,230] Main.Replica<Replica:bc405#OlympusNode>:OUTPUT: [Replica 1 :]>> running-state
[2017-11-21 03:59:53,231] Main.Olympus<Olympus:bc402#OlympusNode>:OUTPUT: [Olympus:]<< running-state from Replica:  1  : database:  {'hakuna': 'mata', 'jedi': 'luke'}
[2017-11-21 03:59:53,232] Main.Olympus<Olympus:bc402#OlympusNode>:OUTPUT: [Olympus:]<< running-state matching with caught-up history
[2017-11-21 03:59:53,232] Main.Olympus<Olympus:bc402#OlympusNode>:OUTPUT: [Olympus:] Making New Configuration
[2017-11-21 03:59:53,320] Main.Olympus<Olympus:bc402#OlympusNode>:OUTPUT: failure map is : {}
[2017-11-21 03:59:53,338] Main.Olympus<Olympus:bc402#OlympusNode>:OUTPUT: failure map is : {}
[2017-11-21 03:59:53,356] Main.Olympus<Olympus:bc402#OlympusNode>:OUTPUT: failure map is : {}
[2017-11-21 03:59:53,377] Main.Replica<Replica:bc406#OlympusNode>:OUTPUT: [Replica 0 :] Started:  head ACTIVE 1
[2017-11-21 03:59:53,383] Main.Replica<Replica:bc407#OlympusNode>:OUTPUT: [Replica 1 :] Started:  normal_replica ACTIVE 1
[2017-11-21 03:59:53,400] Main.Replica<Replica:bc408#OlympusNode>:OUTPUT: [Replica 2 :] Started:  tail ACTIVE 1
[2017-11-21 03:59:53,401] Main.Olympus<Olympus:bc402#OlympusNode>:OUTPUT: [Olympus:] New configuration created
[2017-11-21 04:00:03,196] Client.Client<Client:3a002#ClientNode>:OUTPUT: [Client 0 :] Client Timeout.
[2017-11-21 04:00:03,198] Client.Client<Client:3a002#ClientNode>:OUTPUT: [Client 0 :]>> req_operation_timeout: Replica:  0 get('hakuna')  : config:  0
[2017-11-21 04:00:03,200] Client.Client<Client:3a002#ClientNode>:OUTPUT: [Client 0 :]>> req_operation_timeout: Replica:  1 get('hakuna')  : config:  0
[2017-11-21 04:00:03,202] Main.Replica<Replica:bc404#OlympusNode>:OUTPUT: [Replica 0 :]<< req_operation_timeout: IMMUTABLE:  get('hakuna')  Client:  0
[2017-11-21 04:00:03,221] Main.Replica<Replica:bc405#OlympusNode>:OUTPUT: [Replica 1 :]<< req_operation_timeout: IMMUTABLE:  get('hakuna')  Client:  0
[2017-11-21 04:00:03,230] Client.Client<Client:3a002#ClientNode>:OUTPUT: [Client 0 :]>> req_operation_timeout: Replica:  2 get('hakuna')  : config:  0
[2017-11-21 04:00:03,255] Client.Client<Client:3a002#ClientNode>:OUTPUT: [Client 0 :] Replica:  0  is Immutable, Request  new configuration
[2017-11-21 04:00:03,255] Client.Client<Client:3a002#ClientNode>:OUTPUT: [Client 0 :]>> error_in_replica:  1
[2017-11-21 04:00:03,256] Client.Client<Client:3a002#ClientNode>:OUTPUT: [Client 0 :]>> req_get_current_configuration
[2017-11-21 04:00:03,256] Main.Replica<Replica:bc403#OlympusNode>:OUTPUT: [Replica 2 :]<< req_operation_timeout: IMMUTABLE:  get('hakuna')  Client:  0
[2017-11-21 04:00:03,257] Client.Client<Client:3a002#ClientNode>:OUTPUT: [Client 0 :] Replica:  1  is Immutable, Request  new configuration
[2017-11-21 04:00:03,257] Main.Olympus<Olympus:bc402#OlympusNode>:OUTPUT: [Olympus:]<< req_get_current_configuration
[2017-11-21 04:00:03,258] Main.Olympus<Olympus:bc402#OlympusNode>:OUTPUT: [Olympus:]>> res_get_current_configuration
[2017-11-21 04:00:03,258] Client.Client<Client:3a002#ClientNode>:OUTPUT: [Client 0 :] Replica:  2  is Immutable, Request  new configuration
[2017-11-21 04:00:03,259] Client.Client<Client:3a002#ClientNode>:OUTPUT: [Client 0 :]<< res_get_current_configuration
[2017-11-21 04:00:03,260] Client.Client<Client:3a002#ClientNode>:OUTPUT: [Client 0 :]>> Sending to new config 
[2017-11-21 04:00:03,261] Client.Client<Client:3a002#ClientNode>:OUTPUT: [Client 0 :]>> req_operation:  get('hakuna')  : config:  1
[2017-11-21 04:00:03,275] Main.Replica<Replica:bc406#OlympusNode>:OUTPUT: [Replica 0 :]<< req_operation:  get('hakuna')  Client:  0
[2017-11-21 04:00:03,275] Main.Replica<Replica:bc406#OlympusNode>:OUTPUT: Slot:  1  : Operation:  get('hakuna')
[2017-11-21 04:00:03,276] Main.Replica<Replica:bc406#OlympusNode>:OUTPUT: [Replica 0 :] Perform:  get('hakuna')
[2017-11-21 04:00:03,276] Main.Replica<Replica:bc406#OlympusNode>:OUTPUT: [Replica 0 :] Perform:  get('hakuna') , result:  mata
[2017-11-21 04:00:03,279] Main.Replica<Replica:bc406#OlympusNode>:OUTPUT: [Replica 0 :]>> Shuttle:  get('hakuna')  to Replica:  1
[2017-11-21 04:00:03,295] Main.Replica<Replica:bc407#OlympusNode>:OUTPUT: [Replica 1 :]<< forward_shuttle :  1 , len :  1
[2017-11-21 04:00:03,296] Main.Replica<Replica:bc407#OlympusNode>:OUTPUT: [Replica 1 :]<< Shuttle:  get('hakuna')  from Replica:  0
[2017-11-21 04:00:03,298] Main.Replica<Replica:bc407#OlympusNode>:OUTPUT: [Replica 1 :] Perform:  get('hakuna')
[2017-11-21 04:00:03,299] Main.Replica<Replica:bc407#OlympusNode>:OUTPUT: [Replica 1 :] Perform:  get('hakuna') , result:  mata
[2017-11-21 04:00:03,303] Main.Replica<Replica:bc407#OlympusNode>:OUTPUT: [Replica 1 :]>> Shuttle:  get('hakuna')  to Replica:  2
[2017-11-21 04:00:03,319] Main.Replica<Replica:bc408#OlympusNode>:OUTPUT: [Replica 2 :]<< forward_shuttle :  1 , len :  1
[2017-11-21 04:00:03,320] Main.Replica<Replica:bc408#OlympusNode>:OUTPUT: [Replica 2 :]<< Shuttle:  get('hakuna')  from Replica:  1
[2017-11-21 04:00:03,323] Main.Replica<Replica:bc408#OlympusNode>:OUTPUT: [Replica 2 :] Perform:  get('hakuna')
[2017-11-21 04:00:03,323] Main.Replica<Replica:bc408#OlympusNode>:OUTPUT: [Replica 2 :] Perform:  get('hakuna') , result:  mata
[2017-11-21 04:00:03,338] Main.Replica<Replica:bc408#OlympusNode>:OUTPUT: [Replica 2 :]>> res_operation:  get('hakuna')  result:  mata
[2017-11-21 04:00:03,340] Main.Replica<Replica:bc408#OlympusNode>:OUTPUT: [Replica 2 :]>> Result Shuttle:  get('hakuna')  to Replica:  1
[2017-11-21 04:00:03,341] Client.Client<Client:3a002#ClientNode>:OUTPUT: [Client 0 :]<< res_operation:  get('hakuna')  Result:  mata
[2017-11-21 04:00:03,342] Client.Client<Client:3a002#ClientNode>:OUTPUT: [Client 0 :]>> req_operation:  put('andi','mandi sandi')  : config:  1
[2017-11-21 04:00:03,344] Main.Replica<Replica:bc406#OlympusNode>:OUTPUT: [Replica 0 :]<< req_operation:  put('andi','mandi sandi')  Client:  0
[2017-11-21 04:00:03,345] Main.Replica<Replica:bc406#OlympusNode>:OUTPUT: Slot:  2  : Operation:  put('andi','mandi sandi')
[2017-11-21 04:00:03,346] Main.Replica<Replica:bc406#OlympusNode>:OUTPUT: [Replica 0 :] Perform:  put('andi','mandi sandi')
[2017-11-21 04:00:03,346] Main.Replica<Replica:bc406#OlympusNode>:OUTPUT: [Replica 0 :] Perform:  put('andi','mandi sandi') , result:  OK
[2017-11-21 04:00:03,348] Main.Replica<Replica:bc406#OlympusNode>:OUTPUT: [Replica 0 :]>> Shuttle:  put('andi','mandi sandi')  to Replica:  1
[2017-11-21 04:00:03,360] Main.Replica<Replica:bc407#OlympusNode>:OUTPUT: [Replica 1 :]<< forward_shuttle :  2 , len :  2
[2017-11-21 04:00:03,360] Main.Replica<Replica:bc407#OlympusNode>:OUTPUT: [Replica 1 :]<< Shuttle:  put('andi','mandi sandi')  from Replica:  0
[2017-11-21 04:00:03,361] Main.Replica<Replica:bc407#OlympusNode>:OUTPUT: [Replica 1 :] Perform:  put('andi','mandi sandi')
[2017-11-21 04:00:03,362] Main.Replica<Replica:bc407#OlympusNode>:OUTPUT: [Replica 1 :] Perform:  put('andi','mandi sandi') , result:  OK
[2017-11-21 04:00:03,362] Main.Replica<Replica:bc407#OlympusNode>:OUTPUT: [Replica 1 :]>> Shuttle:  put('andi','mandi sandi')  to Replica:  2
[2017-11-21 04:00:03,365] Main.Replica<Replica:bc408#OlympusNode>:OUTPUT: [Replica 2 :]<< forward_shuttle :  2 , len :  2
[2017-11-21 04:00:03,365] Main.Replica<Replica:bc408#OlympusNode>:OUTPUT: [Replica 2 :]<< Shuttle:  put('andi','mandi sandi')  from Replica:  1
[2017-11-21 04:00:03,366] Main.Replica<Replica:bc407#OlympusNode>:OUTPUT: [Replica 1 :]<< Result Shuttle:  get('hakuna')  to Replica:  2
[2017-11-21 04:00:03,366] Main.Replica<Replica:bc407#OlympusNode>:OUTPUT: [Replica 1 :]>> Result Shuttle:  get('hakuna')  to Replica:  0
[2017-11-21 04:00:03,367] Main.Replica<Replica:bc408#OlympusNode>:OUTPUT: [Replica 2 :] Perform:  put('andi','mandi sandi')
[2017-11-21 04:00:03,368] Main.Replica<Replica:bc408#OlympusNode>:OUTPUT: [Replica 2 :] Perform:  put('andi','mandi sandi') , result:  OK
[2017-11-21 04:00:03,372] Main.Replica<Replica:bc408#OlympusNode>:OUTPUT: [Replica 2 :]>> res_operation:  put('andi','mandi sandi')  result:  OK
[2017-11-21 04:00:03,374] Client.Client<Client:3a002#ClientNode>:OUTPUT: [Client 0 :]<< res_operation:  put('andi','mandi sandi')  Result:  OK
[2017-11-21 04:00:03,374] Main.Replica<Replica:bc408#OlympusNode>:OUTPUT: [Replica 2 :]>> Result Shuttle:  put('andi','mandi sandi')  to Replica:  1
[2017-11-21 04:00:03,375] Client.Client<Client:3a002#ClientNode>:OUTPUT: [Client 0 :]>> req_operation:  slice('andi','0:4')  : config:  1
[2017-11-21 04:00:03,385] Main.Replica<Replica:bc407#OlympusNode>:OUTPUT: [Replica 1 :]<< Result Shuttle:  put('andi','mandi sandi')  to Replica:  2
[2017-11-21 04:00:03,385] Main.Replica<Replica:bc407#OlympusNode>:OUTPUT: [Replica 1 :]>> Result Shuttle:  put('andi','mandi sandi')  to Replica:  0
[2017-11-21 04:00:03,388] Main.Replica<Replica:bc406#OlympusNode>:OUTPUT: [Replica 0 :]<< req_operation:  slice('andi','0:4')  Client:  0
[2017-11-21 04:00:03,388] Main.Replica<Replica:bc406#OlympusNode>:OUTPUT: Slot:  3  : Operation:  slice('andi','0:4')
[2017-11-21 04:00:03,389] Main.Replica<Replica:bc406#OlympusNode>:OUTPUT: [Replica 0 :] Perform:  slice('andi','0:4')
[2017-11-21 04:00:03,389] Main.Replica<Replica:bc406#OlympusNode>:OUTPUT: [Replica 0 :] Perform:  slice('andi','0:4') , result:  OK
[2017-11-21 04:00:03,390] Main.Replica<Replica:bc406#OlympusNode>:OUTPUT: [Replica 0 :]>> Shuttle:  slice('andi','0:4')  to Replica:  1
[2017-11-21 04:00:03,393] Main.Replica<Replica:bc407#OlympusNode>:OUTPUT: [Replica 1 :]<< forward_shuttle :  3 , len :  3
[2017-11-21 04:00:03,393] Main.Replica<Replica:bc406#OlympusNode>:OUTPUT: [Replica 0 :]<< Result Shuttle:  get('hakuna')  to Replica:  1
[2017-11-21 04:00:03,393] Main.Replica<Replica:bc407#OlympusNode>:OUTPUT: [Replica 1 :]<< Shuttle:  slice('andi','0:4')  from Replica:  0
[2017-11-21 04:00:03,394] Main.Replica<Replica:bc407#OlympusNode>:OUTPUT: [Replica 1 :] Perform:  slice('andi','0:4')
[2017-11-21 04:00:03,394] Main.Replica<Replica:bc406#OlympusNode>:OUTPUT: [Replica 0 :]<< Result Shuttle:  put('andi','mandi sandi')  to Replica:  1
[2017-11-21 04:00:03,395] Main.Replica<Replica:bc407#OlympusNode>:OUTPUT: [Replica 1 :] Perform:  slice('andi','0:4') , result:  OK
[2017-11-21 04:00:03,396] Main.Replica<Replica:bc407#OlympusNode>:OUTPUT: [Replica 1 :]>> Shuttle:  slice('andi','0:4')  to Replica:  2
[2017-11-21 04:00:03,408] Main.Replica<Replica:bc408#OlympusNode>:OUTPUT: [Replica 2 :]<< forward_shuttle :  3 , len :  3
[2017-11-21 04:00:03,409] Main.Replica<Replica:bc408#OlympusNode>:OUTPUT: [Replica 2 :]<< Shuttle:  slice('andi','0:4')  from Replica:  1
[2017-11-21 04:00:03,410] Main.Replica<Replica:bc408#OlympusNode>:OUTPUT: [Replica 2 :] Perform:  slice('andi','0:4')
[2017-11-21 04:00:03,411] Main.Replica<Replica:bc408#OlympusNode>:OUTPUT: [Replica 2 :] Perform:  slice('andi','0:4') , result:  OK
[2017-11-21 04:00:03,414] Main.Replica<Replica:bc408#OlympusNode>:OUTPUT: [Replica 2 :]>> res_operation:  slice('andi','0:4')  result:  OK
[2017-11-21 04:00:03,417] Main.Replica<Replica:bc408#OlympusNode>:OUTPUT: [Replica 2 :]>> Result Shuttle:  slice('andi','0:4')  to Replica:  1
[2017-11-21 04:00:03,418] Client.Client<Client:3a002#ClientNode>:OUTPUT: [Client 0 :]<< res_operation:  slice('andi','0:4')  Result:  OK
[2017-11-21 04:00:03,419] Client.Client<Client:3a002#ClientNode>:OUTPUT: [Client 0 :]>> req_operation:  get('andi')  : config:  1
[2017-11-21 04:00:03,422] Main.Replica<Replica:bc406#OlympusNode>:OUTPUT: [Replica 0 :]<< req_operation:  get('andi')  Client:  0
[2017-11-21 04:00:03,422] Main.Replica<Replica:bc407#OlympusNode>:OUTPUT: [Replica 1 :]<< Result Shuttle:  slice('andi','0:4')  to Replica:  2
[2017-11-21 04:00:03,422] Main.Replica<Replica:bc407#OlympusNode>:OUTPUT: [Replica 1 :]>> Result Shuttle:  slice('andi','0:4')  to Replica:  0
[2017-11-21 04:00:03,422] Main.Replica<Replica:bc406#OlympusNode>:OUTPUT: Slot:  4  : Operation:  get('andi')
[2017-11-21 04:00:03,424] Main.Replica<Replica:bc406#OlympusNode>:OUTPUT: [Replica 0 :] Perform:  get('andi')
[2017-11-21 04:00:03,424] Main.Replica<Replica:bc406#OlympusNode>:OUTPUT: [Replica 0 :] Perform:  get('andi') , result:  mand
[2017-11-21 04:00:03,426] Main.Replica<Replica:bc406#OlympusNode>:OUTPUT: [Replica 0 :]>> Shuttle:  get('andi')  to Replica:  1
[2017-11-21 04:00:03,431] Main.Replica<Replica:bc406#OlympusNode>:OUTPUT: [Replica 0 :]<< Result Shuttle:  slice('andi','0:4')  to Replica:  1
[2017-11-21 04:00:03,435] Main.Replica<Replica:bc406#OlympusNode>:OUTPUT: [Replica 0 :]>> Sending Check Point Shuttle: to Replica:  1
[2017-11-21 04:00:03,437] Main.Replica<Replica:bc407#OlympusNode>:OUTPUT: [Replica 1 :]<< forward_shuttle :  4 , len :  4
[2017-11-21 04:00:03,437] Main.Replica<Replica:bc407#OlympusNode>:OUTPUT: [Replica 1 :]<< Shuttle:  get('andi')  from Replica:  0
[2017-11-21 04:00:03,439] Main.Replica<Replica:bc407#OlympusNode>:OUTPUT: [Replica 1 :] Perform:  get('andi')
[2017-11-21 04:00:03,439] Main.Replica<Replica:bc407#OlympusNode>:OUTPUT: [Replica 1 :] Perform:  get('andi') , result:  mand
[2017-11-21 04:00:03,440] Main.Replica<Replica:bc407#OlympusNode>:OUTPUT: [Replica 1 :]>> Shuttle:  get('andi')  to Replica:  2
[2017-11-21 04:00:03,442] Main.Replica<Replica:bc407#OlympusNode>:OUTPUT: [Replica 1 ]: Received check point shuttle:  3
[2017-11-21 04:00:03,445] Main.Replica<Replica:bc407#OlympusNode>:OUTPUT: [Replica 1 ]: Check point shuttle verified
[2017-11-21 04:00:03,448] Main.Replica<Replica:bc408#OlympusNode>:OUTPUT: [Replica 2 :]<< forward_shuttle :  4 , len :  4
[2017-11-21 04:00:03,448] Main.Replica<Replica:bc407#OlympusNode>:OUTPUT: [Replica 1 :]>> Check Point Shuttle: to Replica:  2
[2017-11-21 04:00:03,448] Main.Replica<Replica:bc408#OlympusNode>:OUTPUT: [Replica 2 :]<< Shuttle:  get('andi')  from Replica:  1
[2017-11-21 04:00:03,452] Main.Replica<Replica:bc408#OlympusNode>:OUTPUT: [Replica 2 :] Perform:  get('andi')
[2017-11-21 04:00:03,453] Main.Replica<Replica:bc408#OlympusNode>:OUTPUT: [Replica 2 :] Perform:  get('andi') , result:  mand
[2017-11-21 04:00:03,455] Main.Replica<Replica:bc408#OlympusNode>:OUTPUT: [Replica 2 :]>> res_operation:  get('andi')  result:  mand
[2017-11-21 04:00:03,457] Main.Replica<Replica:bc408#OlympusNode>:OUTPUT: [Replica 2 :]>> Result Shuttle:  get('andi')  to Replica:  1
[2017-11-21 04:00:03,457] Client.Client<Client:3a002#ClientNode>:OUTPUT: [Client 0 :]<< res_operation:  get('andi')  Result:  mand
[2017-11-21 04:00:03,457] Client.Client<Client:3a002#ClientNode>:OUTPUT: [Client 0 :] Test case completed! Validating Result
[2017-11-21 04:00:03,459] Main.Replica<Replica:bc408#OlympusNode>:OUTPUT: [Replica 2 ]: Received check point shuttle:  3
[2017-11-21 04:00:03,461] Main.Replica<Replica:bc407#OlympusNode>:OUTPUT: [Replica 1 :]<< Result Shuttle:  get('andi')  to Replica:  2
[2017-11-21 04:00:03,462] Main.Replica<Replica:bc407#OlympusNode>:OUTPUT: [Replica 1 :]>> Result Shuttle:  get('andi')  to Replica:  0
[2017-11-21 04:00:03,462] Main.Replica<Replica:bc408#OlympusNode>:OUTPUT: [Replica 2 ]: Check point shuttle verified
[2017-11-21 04:00:03,462] Client.Client<Client:3a002#ClientNode>:OUTPUT: [Client 0 :] Valid Final Result! Client:  ['OK', 'OK', 'luke', 'OK', 'OK', 'mata', 'OK', 'OK', 'mand'] , Replica:  ['OK', 'OK', 'luke', 'OK', 'OK', 'mata', 'OK', 'OK', 'mand']
[2017-11-21 04:00:03,465] Main.Replica<Replica:bc408#OlympusNode>:OUTPUT: [Replica 2 ]: Removing entries from history upto : 3  : history length:  4
[2017-11-21 04:00:03,465] Main.Replica<Replica:bc408#OlympusNode>:OUTPUT: [Replica 2 :]>> Completed Check Point Shuttle: to Replica:  1
[2017-11-21 04:00:03,466] Main.Replica<Replica:bc406#OlympusNode>:OUTPUT: [Replica 0 :]<< Result Shuttle:  get('andi')  to Replica:  1
[2017-11-21 04:00:03,467] Main.Replica<Replica:bc407#OlympusNode>:OUTPUT: [Replica 1 ]: Received completed check point shuttle
[2017-11-21 04:00:03,470] Main.Replica<Replica:bc407#OlympusNode>:OUTPUT: [Replica 1 ]: Completed Check point shuttle verified
[2017-11-21 04:00:03,471] Main.Replica<Replica:bc407#OlympusNode>:OUTPUT: [Replica 1 ]: Removing entries from history upto : 3  : history length:  4
[2017-11-21 04:00:03,471] Main.Replica<Replica:bc407#OlympusNode>:OUTPUT: [Replica 1 ]: New History : 1
[2017-11-21 04:00:03,471] Main.Replica<Replica:bc407#OlympusNode>:OUTPUT: [Replica 1 :]>> Completed Check Point Shuttle: to Replica:  0
[2017-11-21 04:00:03,474] Main.Replica<Replica:bc406#OlympusNode>:OUTPUT: [Replica 0 ]: Received completed check point shuttle
[2017-11-21 04:00:03,476] Main.Replica<Replica:bc406#OlympusNode>:OUTPUT: [Replica 0 ]: Completed Check point shuttle verified
[2017-11-21 04:00:03,477] Main.Replica<Replica:bc406#OlympusNode>:OUTPUT: [Replica 0 ]: Removing entries from history upto : 3  : history length:  4
[2017-11-21 04:00:03,477] Main.Replica<Replica:bc406#OlympusNode>:OUTPUT: [Replica 0 ]: New History : 1
[2017-11-21 04:00:06,543] da.api<MainProcess>:WARNING: Received keyboard interrupt. 
