[2017-11-21 04:49:47,988] da.api<MainProcess>:INFO: Bootstrapping attempt failed due to BootstrapException('Unable to contact a peer node.',),  continuing as a master node (use '--master' to disable bootstrapping at startup).
[2017-11-21 04:49:47,989] da.api<MainProcess>:INFO: <Node_:ClientNode> initialized at 127.0.0.1:(UdpTransport=15000, TcpTransport=15000).
[2017-11-21 04:49:47,989] da.api<MainProcess>:INFO: Starting program <module 'Main' from 'src/Main.py'>...
[2017-11-21 04:49:47,989] da.api<MainProcess>:INFO: Running iteration 1 ...
[2017-11-21 04:49:47,991] da.api<MainProcess>:INFO: Waiting for remaining child processes to terminate...(Press "Ctrl-C" to force kill)
[2017-11-21 04:49:48,014] Main.Node_<Node_:ClientNode>:INFO: Waiting to resolve name 'OlympusNode'...
[2017-11-21 04:49:49,662] da.sim.Router<MainProcess>:INFO: Bootstrap succeeded using <UdpTransport(127.0.0.1:34667)>.
[2017-11-21 04:49:49,662] da.api<MainProcess>:INFO: <Node_:OlympusNode> initialized at 127.0.0.1:(UdpTransport=34667, TcpTransport=24793).
[2017-11-21 04:49:49,663] da.api<MainProcess>:INFO: Starting program <module 'Main' from 'src/Main.py'>...
[2017-11-21 04:49:49,663] da.api<MainProcess>:INFO: Running iteration 1 ...
[2017-11-21 04:49:49,664] da.api<MainProcess>:INFO: Waiting for remaining child processes to terminate...(Press "Ctrl-C" to force kill)
[2017-11-21 04:49:49,742] Main.Olympus<Olympus:f3802#OlympusNode>:OUTPUT: [Olympus:] Setup
[2017-11-21 04:49:49,812] Client.Client<Client:1bc02#ClientNode>:OUTPUT: [Client 0 :] Workload:  put('jedi','luke skywalker'); slice('jedi','0:4'); get('jedi'); put('hakuna','matata'); slice('hakuna','0:4'); get('hakuna'); put('andi','mandi sandi'); slice('andi','0:4'); get('andi')
[2017-11-21 04:49:49,815] Main.Olympus<Olympus:f3802#OlympusNode>:OUTPUT: [Olympus:] Started
[2017-11-21 04:49:49,840] Client.Client<Client:1bc02#ClientNode>:OUTPUT: [Client 0 :] Started
[2017-11-21 04:49:49,841] da.api<MainProcess>:INFO: Main process terminated.
[2017-11-21 04:49:49,877] Main.Olympus<Olympus:f3802#OlympusNode>:OUTPUT: [Olympus:]<< req_get_current_configuration
[2017-11-21 04:49:49,877] Main.Olympus<Olympus:f3802#OlympusNode>:OUTPUT: [Olympus:] Making New Configuration
[2017-11-21 04:49:49,983] Main.Olympus<Olympus:f3802#OlympusNode>:OUTPUT: failure map is : {}
[2017-11-21 04:49:50,000] Main.Olympus<Olympus:f3802#OlympusNode>:OUTPUT: failure map is : {'change_operation()': ('shuttle', ('0', '1'))}
[2017-11-21 04:49:50,021] Main.Olympus<Olympus:f3802#OlympusNode>:OUTPUT: failure map is : {}
[2017-11-21 04:49:50,040] Main.Replica<Replica:f3804#OlympusNode>:OUTPUT: [Replica 0 :] Started:  head ACTIVE 0
[2017-11-21 04:49:50,044] Main.Replica<Replica:f3805#OlympusNode>:OUTPUT: [Replica 1 :] Started:  normal_replica ACTIVE 0
[2017-11-21 04:49:50,072] Main.Replica<Replica:f3803#OlympusNode>:OUTPUT: [Replica 2 :] Started:  tail ACTIVE 0
[2017-11-21 04:49:50,073] Main.Olympus<Olympus:f3802#OlympusNode>:OUTPUT: [Olympus:]>> res_get_current_configuration
[2017-11-21 04:49:50,091] Client.Client<Client:1bc02#ClientNode>:OUTPUT: [Client 0 :]<< res_get_current_configuration
[2017-11-21 04:49:50,093] Client.Client<Client:1bc02#ClientNode>:OUTPUT: [Client 0 :]>> req_operation:  put('jedi','luke skywalker')  : config:  0
[2017-11-21 04:49:50,110] Main.Replica<Replica:f3804#OlympusNode>:OUTPUT: [Replica 0 :]<< req_operation:  put('jedi','luke skywalker')  Client:  0
[2017-11-21 04:49:50,110] Main.Replica<Replica:f3804#OlympusNode>:OUTPUT: Slot:  1  : Operation:  put('jedi','luke skywalker')
[2017-11-21 04:49:50,112] Main.Replica<Replica:f3804#OlympusNode>:OUTPUT: [Replica 0 :] Perform:  put('jedi','luke skywalker')
[2017-11-21 04:49:50,113] Main.Replica<Replica:f3804#OlympusNode>:OUTPUT: [Replica 0 :] Perform:  put('jedi','luke skywalker') , result:  OK
[2017-11-21 04:49:50,117] Main.Replica<Replica:f3804#OlympusNode>:OUTPUT: [Replica 0 :]>> Shuttle:  put('jedi','luke skywalker')  to Replica:  1
[2017-11-21 04:49:50,138] Main.Replica<Replica:f3805#OlympusNode>:OUTPUT: [Replica 1 :]<< forward_shuttle :  1 , len :  1
[2017-11-21 04:49:50,139] Main.Replica<Replica:f3805#OlympusNode>:OUTPUT: [Replica 1 :]<< Shuttle:  put('jedi','luke skywalker')  from Replica:  0
[2017-11-21 04:49:50,141] Main.Replica<Replica:f3805#OlympusNode>:OUTPUT: [Replica 1 :] Fault: Change Operation, Client  0 , Request  1
[2017-11-21 04:49:50,141] Main.Replica<Replica:f3805#OlympusNode>:OUTPUT: [Replica 1 :] !!!!!! Changing operation from  ('jedi','luke skywalker')  to get('X') !!!!!!!
[2017-11-21 04:49:50,141] Main.Replica<Replica:f3805#OlympusNode>:OUTPUT: [Replica 1 :] Perform:  get('X')
[2017-11-21 04:49:50,142] Main.Replica<Replica:f3805#OlympusNode>:OUTPUT: [Replica 1 :] Perform:  get('X') , result:  
[2017-11-21 04:49:50,142] Main.Replica<Replica:f3805#OlympusNode>:OUTPUT: [Replica 1 :] Successfully injected fault: Change operation
[2017-11-21 04:49:50,144] Main.Replica<Replica:f3805#OlympusNode>:OUTPUT: [Replica 1 :]>> Shuttle:  get('X')  to Replica:  2
[2017-11-21 04:49:50,164] Main.Replica<Replica:f3803#OlympusNode>:OUTPUT: [Replica 2 :]<< forward_shuttle :  1 , len :  1
[2017-11-21 04:49:50,164] Main.Replica<Replica:f3803#OlympusNode>:OUTPUT: [Replica 2 :]<< Shuttle:  get('X')  from Replica:  1
[2017-11-21 04:49:50,165] Main.Replica<Replica:f3803#OlympusNode>:OUTPUT: [Replica 2 :] Result doesnot match so returning false
[2017-11-21 04:49:50,165] Main.Replica<Replica:f3803#OlympusNode>:OUTPUT: [Replica 2 :] Invalid Order Proof, Sending Reconfig request. Become Immutable
[2017-11-21 04:49:50,167] Main.Olympus<Olympus:f3802#OlympusNode>:OUTPUT: [Olympus:]<< req_re_configuration
[2017-11-21 04:49:50,168] Main.Olympus<Olympus:f3802#OlympusNode>:OUTPUT: [Olympus:]>> wedge to Replica:  0
[2017-11-21 04:49:50,169] Main.Olympus<Olympus:f3802#OlympusNode>:OUTPUT: [Olympus:]>> wedge to Replica:  1
[2017-11-21 04:49:50,169] Main.Olympus<Olympus:f3802#OlympusNode>:OUTPUT: [Olympus:]>> wedge to Replica:  2
[2017-11-21 04:49:50,170] Main.Replica<Replica:f3804#OlympusNode>:OUTPUT: [Replica 0 :]<< wedge
[2017-11-21 04:49:50,170] Main.Replica<Replica:f3804#OlympusNode>:OUTPUT: [Replica 0 :]>> wedged
[2017-11-21 04:49:50,170] Main.Replica<Replica:f3805#OlympusNode>:OUTPUT: [Replica 1 :]<< wedge
[2017-11-21 04:49:50,171] Main.Replica<Replica:f3805#OlympusNode>:OUTPUT: [Replica 1 :]>> wedged
[2017-11-21 04:49:50,173] Main.Olympus<Olympus:f3802#OlympusNode>:OUTPUT: [Olympus:]<< wegded from Replica:  0
[2017-11-21 04:49:50,173] Main.Replica<Replica:f3803#OlympusNode>:OUTPUT: [Replica 2 :]<< wedge
[2017-11-21 04:49:50,173] Main.Replica<Replica:f3803#OlympusNode>:OUTPUT: [Replica 2 :]>> wedged
[2017-11-21 04:49:50,174] Main.Olympus<Olympus:f3802#OlympusNode>:OUTPUT: [Olympus:] Replica:  0 , len(history):  0
[2017-11-21 04:49:50,174] Main.Olympus<Olympus:f3802#OlympusNode>:OUTPUT: [Olympus:] Total received:  1
[2017-11-21 04:49:50,175] Main.Olympus<Olympus:f3802#OlympusNode>:OUTPUT: [Olympus:]<< wegded from Replica:  1
[2017-11-21 04:49:50,176] Main.Olympus<Olympus:f3802#OlympusNode>:OUTPUT: [Olympus:] Replica:  1 , len(history):  0
[2017-11-21 04:49:50,176] Main.Olympus<Olympus:f3802#OlympusNode>:OUTPUT: [Olympus:] Total received:  2
[2017-11-21 04:49:50,176] Main.Olympus<Olympus:f3802#OlympusNode>:OUTPUT: [Olympus:] Longest History
[2017-11-21 04:49:50,177] Main.Olympus<Olympus:f3802#OlympusNode>:OUTPUT: [Olympus:] Longest Database:  {'jedi': 'luke skywalker'}
[2017-11-21 04:49:50,179] Main.Replica<Replica:f3804#OlympusNode>:OUTPUT: [Replica 0 :]<< catch-up
[2017-11-21 04:49:50,179] Main.Replica<Replica:f3804#OlympusNode>:OUTPUT: [Replica 0 :] catch-up History
[2017-11-21 04:49:50,179] Main.Replica<Replica:f3805#OlympusNode>:OUTPUT: [Replica 1 :]<< catch-up
[2017-11-21 04:49:50,180] Main.Replica<Replica:f3805#OlympusNode>:OUTPUT: [Replica 1 :] catch-up History
[2017-11-21 04:49:50,179] Main.Replica<Replica:f3804#OlympusNode>:OUTPUT: [Replica 0 :]>> caught-up
[2017-11-21 04:49:50,180] Main.Replica<Replica:f3805#OlympusNode>:OUTPUT: [Replica 1 :]>> caught-up
[2017-11-21 04:49:50,181] Main.Replica<Replica:f3803#OlympusNode>:OUTPUT: [Replica 2 :]<< catch-up
[2017-11-21 04:49:50,181] Main.Replica<Replica:f3803#OlympusNode>:OUTPUT: [Replica 2 :] catch-up History
[2017-11-21 04:49:50,181] Main.Replica<Replica:f3803#OlympusNode>:OUTPUT: [Replica 2 :]>> caught-up
[2017-11-21 04:49:50,179] Main.Olympus<Olympus:f3802#OlympusNode>:OUTPUT: [Olympus:]<< wegded from Replica:  2
[2017-11-21 04:49:50,183] Main.Olympus<Olympus:f3802#OlympusNode>:OUTPUT: [Olympus:] Replica:  2 , len(history):  0
[2017-11-21 04:49:50,184] Main.Olympus<Olympus:f3802#OlympusNode>:OUTPUT: [Olympus:] Total received:  1
[2017-11-21 04:49:50,184] Main.Olympus<Olympus:f3802#OlympusNode>:OUTPUT: [Olympus:]<< caught-up from Replica:  0  : database:  {'jedi': 'luke skywalker'}
[2017-11-21 04:49:50,185] Main.Olympus<Olympus:f3802#OlympusNode>:OUTPUT: [Olympus:]<< caught-up from Replica:  1  : database:  {}
[2017-11-21 04:49:50,185] Main.Olympus<Olympus:f3802#OlympusNode>:OUTPUT: [Olympus:]Incorrect caught-up history: Not including Replica :  1  in Quoram
[2017-11-21 04:49:50,186] Main.Olympus<Olympus:f3802#OlympusNode>:OUTPUT: [Olympus:]<< caught-up from Replica:  2  : database:  {}
[2017-11-21 04:49:50,186] Main.Olympus<Olympus:f3802#OlympusNode>:OUTPUT: [Olympus:]Incorrect caught-up history: Not including Replica :  2  in Quoram
[2017-11-21 04:49:50,186] Main.Olympus<Olympus:f3802#OlympusNode>:OUTPUT: [Olympus:]<< Longest history might be of byzantine
[2017-11-21 04:49:50,187] Main.Olympus<Olympus:f3802#OlympusNode>:OUTPUT: [Olympus:]>> get-running-state to Replica:  0
[2017-11-21 04:49:50,188] Main.Replica<Replica:f3804#OlympusNode>:OUTPUT: [Replica 0 :]<< get-running-state
[2017-11-21 04:49:50,188] Main.Replica<Replica:f3804#OlympusNode>:OUTPUT: [Replica 0 :]>> running-state
[2017-11-21 04:49:50,190] Main.Olympus<Olympus:f3802#OlympusNode>:OUTPUT: [Olympus:]<< running-state from Replica:  0  : database:  {'jedi': 'luke skywalker'}
[2017-11-21 04:49:50,190] Main.Olympus<Olympus:f3802#OlympusNode>:OUTPUT: [Olympus:]<< running-state matching with caught-up history
[2017-11-21 04:49:50,190] Main.Olympus<Olympus:f3802#OlympusNode>:OUTPUT: [Olympus:] Making New Configuration
[2017-11-21 04:49:50,277] Main.Olympus<Olympus:f3802#OlympusNode>:OUTPUT: failure map is : {}
[2017-11-21 04:49:50,296] Main.Olympus<Olympus:f3802#OlympusNode>:OUTPUT: failure map is : {'crash()': ('catch_up', ('-1', '1')), 'invalid_order_sig()': ('new_configuration', ('-1', '0'))}
[2017-11-21 04:49:50,309] Main.Replica<Replica:f3808#OlympusNode>:OUTPUT: Returning True
[2017-11-21 04:49:50,310] Main.Replica<Replica:f3808#OlympusNode>:OUTPUT: New Configuration Fault: Invalid Order Sig injected
[2017-11-21 04:49:50,312] Main.Olympus<Olympus:f3802#OlympusNode>:OUTPUT: failure map is : {}
[2017-11-21 04:49:50,330] Main.Replica<Replica:f3807#OlympusNode>:OUTPUT: [Replica 0 :] Started:  head ACTIVE 1
[2017-11-21 04:49:50,341] Main.Replica<Replica:f3808#OlympusNode>:OUTPUT: [Replica 1 :] Started:  normal_replica ACTIVE 1
[2017-11-21 04:49:50,356] Main.Replica<Replica:f3806#OlympusNode>:OUTPUT: [Replica 2 :] Started:  tail ACTIVE 1
[2017-11-21 04:49:50,357] Main.Olympus<Olympus:f3802#OlympusNode>:OUTPUT: [Olympus:] New configuration created
[2017-11-21 04:49:50,357] Main.Olympus<Olympus:f3802#OlympusNode>:OUTPUT: [Olympus:]<< Killing catch-up waiting timer
[2017-11-21 04:50:00,108] Client.Client<Client:1bc02#ClientNode>:OUTPUT: [Client 0 :] Client Timeout.
[2017-11-21 04:50:00,109] Client.Client<Client:1bc02#ClientNode>:OUTPUT: [Client 0 :]>> req_operation_timeout: Replica:  0 put('jedi','luke skywalker')  : config:  0
[2017-11-21 04:50:00,111] Client.Client<Client:1bc02#ClientNode>:OUTPUT: [Client 0 :]>> req_operation_timeout: Replica:  1 put('jedi','luke skywalker')  : config:  0
[2017-11-21 04:50:00,113] Main.Replica<Replica:f3804#OlympusNode>:OUTPUT: [Replica 0 :]<< req_operation_timeout: IMMUTABLE:  put('jedi','luke skywalker')  Client:  0
[2017-11-21 04:50:00,130] Main.Replica<Replica:f3805#OlympusNode>:OUTPUT: [Replica 1 :]<< req_operation_timeout: IMMUTABLE:  put('jedi','luke skywalker')  Client:  0
[2017-11-21 04:50:00,130] Client.Client<Client:1bc02#ClientNode>:OUTPUT: [Client 0 :]>> req_operation_timeout: Replica:  2 put('jedi','luke skywalker')  : config:  0
[2017-11-21 04:50:00,150] Main.Replica<Replica:f3803#OlympusNode>:OUTPUT: [Replica 2 :]<< req_operation_timeout: IMMUTABLE:  put('jedi','luke skywalker')  Client:  0
[2017-11-21 04:50:00,158] Client.Client<Client:1bc02#ClientNode>:OUTPUT: [Client 0 :] Replica:  0  is Immutable, Request  new configuration
[2017-11-21 04:50:00,158] Client.Client<Client:1bc02#ClientNode>:OUTPUT: [Client 0 :]>> error_in_replica:  1
[2017-11-21 04:50:00,159] Client.Client<Client:1bc02#ClientNode>:OUTPUT: [Client 0 :]>> req_get_current_configuration
[2017-11-21 04:50:00,165] Main.Olympus<Olympus:f3802#OlympusNode>:OUTPUT: [Olympus:]<< req_get_current_configuration
[2017-11-21 04:50:00,166] Main.Olympus<Olympus:f3802#OlympusNode>:OUTPUT: [Olympus:]>> res_get_current_configuration
[2017-11-21 04:50:00,189] Client.Client<Client:1bc02#ClientNode>:OUTPUT: [Client 0 :]<< res_get_current_configuration
[2017-11-21 04:50:00,189] Client.Client<Client:1bc02#ClientNode>:OUTPUT: [Client 0 :]>> Sending to new config 
[2017-11-21 04:50:00,190] Client.Client<Client:1bc02#ClientNode>:OUTPUT: [Client 0 :]>> req_operation:  put('jedi','luke skywalker')  : config:  1
[2017-11-21 04:50:00,205] Client.Client<Client:1bc02#ClientNode>:OUTPUT: [Client 0 :] Replica:  1  is Immutable, Request  new configuration
[2017-11-21 04:50:00,205] Client.Client<Client:1bc02#ClientNode>:OUTPUT: [Client 0 :] Replica:  2  is Immutable, Request  new configuration
[2017-11-21 04:50:00,206] Main.Replica<Replica:f3807#OlympusNode>:OUTPUT: [Replica 0 :]<< req_operation:  put('jedi','luke skywalker')  Client:  0
[2017-11-21 04:50:00,207] Main.Replica<Replica:f3807#OlympusNode>:OUTPUT: Slot:  1  : Operation:  put('jedi','luke skywalker')
[2017-11-21 04:50:00,208] Main.Replica<Replica:f3807#OlympusNode>:OUTPUT: [Replica 0 :] Perform:  put('jedi','luke skywalker')
[2017-11-21 04:50:00,208] Main.Replica<Replica:f3807#OlympusNode>:OUTPUT: [Replica 0 :] Perform:  put('jedi','luke skywalker') , result:  OK
[2017-11-21 04:50:00,211] Main.Replica<Replica:f3807#OlympusNode>:OUTPUT: [Replica 0 :]>> Shuttle:  put('jedi','luke skywalker')  to Replica:  1
[2017-11-21 04:50:00,233] Main.Replica<Replica:f3808#OlympusNode>:OUTPUT: [Replica 1 :]<< forward_shuttle :  1 , len :  1
[2017-11-21 04:50:00,233] Main.Replica<Replica:f3808#OlympusNode>:OUTPUT: [Replica 1 :]<< Shuttle:  put('jedi','luke skywalker')  from Replica:  0
[2017-11-21 04:50:00,236] Main.Replica<Replica:f3808#OlympusNode>:OUTPUT: [Replica 1 :] Perform:  put('jedi','luke skywalker')
[2017-11-21 04:50:00,237] Main.Replica<Replica:f3808#OlympusNode>:OUTPUT: [Replica 1 :] Perform:  put('jedi','luke skywalker') , result:  OK
[2017-11-21 04:50:00,239] Main.Replica<Replica:f3808#OlympusNode>:OUTPUT: [Replica 1 :]>> Shuttle:  put('jedi','luke skywalker')  to Replica:  2
[2017-11-21 04:50:00,256] Main.Replica<Replica:f3806#OlympusNode>:OUTPUT: [Replica 2 :]<< forward_shuttle :  1 , len :  1
[2017-11-21 04:50:00,256] Main.Replica<Replica:f3806#OlympusNode>:OUTPUT: [Replica 2 :]<< Shuttle:  put('jedi','luke skywalker')  from Replica:  1
[2017-11-21 04:50:00,258] Main.Replica<Replica:f3806#OlympusNode>:OUTPUT: [Replica 2 :] Invalid Order Proof, Sending Reconfig request. Become Immutable
[2017-11-21 04:50:00,260] Main.Olympus<Olympus:f3802#OlympusNode>:OUTPUT: [Olympus:]<< req_re_configuration
[2017-11-21 04:50:00,260] Main.Olympus<Olympus:f3802#OlympusNode>:OUTPUT: [Olympus:]>> wedge to Replica:  0
[2017-11-21 04:50:00,261] Main.Olympus<Olympus:f3802#OlympusNode>:OUTPUT: [Olympus:]>> wedge to Replica:  1
[2017-11-21 04:50:00,261] Main.Olympus<Olympus:f3802#OlympusNode>:OUTPUT: [Olympus:]>> wedge to Replica:  2
[2017-11-21 04:50:00,262] Main.Replica<Replica:f3807#OlympusNode>:OUTPUT: [Replica 0 :]<< wedge
[2017-11-21 04:50:00,262] Main.Replica<Replica:f3807#OlympusNode>:OUTPUT: [Replica 0 :]>> wedged
[2017-11-21 04:50:00,263] Main.Replica<Replica:f3806#OlympusNode>:OUTPUT: [Replica 2 :]<< wedge
[2017-11-21 04:50:00,264] Main.Replica<Replica:f3806#OlympusNode>:OUTPUT: [Replica 2 :]>> wedged
[2017-11-21 04:50:00,264] Main.Olympus<Olympus:f3802#OlympusNode>:OUTPUT: [Olympus:]<< wegded from Replica:  0
[2017-11-21 04:50:00,265] Main.Olympus<Olympus:f3802#OlympusNode>:OUTPUT: [Olympus:] Replica:  0 , len(history):  0
[2017-11-21 04:50:00,265] Main.Replica<Replica:f3808#OlympusNode>:OUTPUT: [Replica 1 :]<< wedge
[2017-11-21 04:50:00,265] Main.Olympus<Olympus:f3802#OlympusNode>:OUTPUT: [Olympus:] Total received:  1
[2017-11-21 04:50:00,266] Main.Replica<Replica:f3808#OlympusNode>:OUTPUT: [Replica 1 :]>> wedged
[2017-11-21 04:50:00,266] Main.Olympus<Olympus:f3802#OlympusNode>:OUTPUT: [Olympus:]<< wegded from Replica:  2
[2017-11-21 04:50:00,268] Main.Olympus<Olympus:f3802#OlympusNode>:OUTPUT: [Olympus:] Replica:  2 , len(history):  0
[2017-11-21 04:50:00,268] Main.Olympus<Olympus:f3802#OlympusNode>:OUTPUT: [Olympus:] Total received:  2
[2017-11-21 04:50:00,268] Main.Olympus<Olympus:f3802#OlympusNode>:OUTPUT: [Olympus:] Longest History
[2017-11-21 04:50:00,268] Main.Olympus<Olympus:f3802#OlympusNode>:OUTPUT: [Olympus:] Longest Database:  {'jedi': 'luke skywalker'}
[2017-11-21 04:50:00,270] Main.Replica<Replica:f3807#OlympusNode>:OUTPUT: [Replica 0 :]<< catch-up
[2017-11-21 04:50:00,270] Main.Replica<Replica:f3807#OlympusNode>:OUTPUT: [Replica 0 :] catch-up History
[2017-11-21 04:50:00,271] Main.Replica<Replica:f3807#OlympusNode>:OUTPUT: [Replica 0 :]>> caught-up
[2017-11-21 04:50:00,272] Main.Olympus<Olympus:f3802#OlympusNode>:OUTPUT: [Olympus:]<< wegded from Replica:  1
[2017-11-21 04:50:00,274] Main.Replica<Replica:f3806#OlympusNode>:OUTPUT: [Replica 2 :]<< catch-up
[2017-11-21 04:50:00,274] Main.Replica<Replica:f3808#OlympusNode>:OUTPUT: [Replica 1 :]<< catch-up
[2017-11-21 04:50:00,274] Main.Replica<Replica:f3806#OlympusNode>:OUTPUT: [Replica 2 :] catch-up History
[2017-11-21 04:50:00,274] Main.Replica<Replica:f3808#OlympusNode>:OUTPUT: [Replica 1 :] catch-up History
[2017-11-21 04:50:00,274] Main.Olympus<Olympus:f3802#OlympusNode>:OUTPUT: [Olympus:] Replica:  1 , len(history):  0
[2017-11-21 04:50:00,274] Main.Replica<Replica:f3806#OlympusNode>:OUTPUT: [Replica 2 :]>> caught-up
[2017-11-21 04:50:00,274] Main.Replica<Replica:f3808#OlympusNode>:OUTPUT: Catch Up Fault: Crash Replica injected
[2017-11-21 04:50:00,276] Main.Olympus<Olympus:f3802#OlympusNode>:OUTPUT: [Olympus:] Total received:  1
[2017-11-21 04:50:00,277] Main.Olympus<Olympus:f3802#OlympusNode>:OUTPUT: [Olympus:]<< caught-up from Replica:  0  : database:  {'jedi': 'luke skywalker'}
[2017-11-21 04:50:00,278] Main.Olympus<Olympus:f3802#OlympusNode>:OUTPUT: [Olympus:]<< caught-up from Replica:  2  : database:  {}
[2017-11-21 04:50:00,278] Main.Olympus<Olympus:f3802#OlympusNode>:OUTPUT: [Olympus:]Incorrect caught-up history: Not including Replica :  2  in Quoram
[2017-11-21 04:50:10,206] Client.Client<Client:1bc02#ClientNode>:OUTPUT: [Client 0 :] Client Timeout.
[2017-11-21 04:50:10,207] Client.Client<Client:1bc02#ClientNode>:OUTPUT: [Client 0 :]>> req_operation_timeout: Replica:  0 put('jedi','luke skywalker')  : config:  1
[2017-11-21 04:50:10,208] Client.Client<Client:1bc02#ClientNode>:OUTPUT: [Client 0 :]>> req_operation_timeout: Replica:  1 put('jedi','luke skywalker')  : config:  1
[2017-11-21 04:50:10,209] da.sim.Router<OSProcessContainer-1>:ERROR: Could not send message due to: TransportException("connection refused by ('127.0.0.1', 31167)",)
[2017-11-21 04:50:10,211] Client.Client<Client:1bc02#ClientNode>:OUTPUT: [Client 0 :]>> req_operation_timeout: Replica:  2 put('jedi','luke skywalker')  : config:  1
[2017-11-21 04:50:10,211] Main.Replica<Replica:f3807#OlympusNode>:OUTPUT: [Replica 0 :]<< req_operation_timeout: IMMUTABLE:  put('jedi','luke skywalker')  Client:  0
[2017-11-21 04:50:10,239] Client.Client<Client:1bc02#ClientNode>:OUTPUT: [Client 0 :] Replica:  0  is Immutable, Request  new configuration
[2017-11-21 04:50:10,239] Client.Client<Client:1bc02#ClientNode>:OUTPUT: [Client 0 :]>> error_in_replica:  1
[2017-11-21 04:50:10,240] Client.Client<Client:1bc02#ClientNode>:OUTPUT: [Client 0 :]>> req_get_current_configuration
[2017-11-21 04:50:10,240] Main.Replica<Replica:f3806#OlympusNode>:OUTPUT: [Replica 2 :]<< req_operation_timeout: IMMUTABLE:  put('jedi','luke skywalker')  Client:  0
[2017-11-21 04:50:10,247] Main.Olympus<Olympus:f3802#OlympusNode>:OUTPUT: [Olympus:]<< req_get_current_configuration
[2017-11-21 04:50:10,248] Main.Olympus<Olympus:f3802#OlympusNode>:OUTPUT: [Olympus:]>> res_get_current_configuration
[2017-11-21 04:50:10,255] Client.Client<Client:1bc02#ClientNode>:OUTPUT: [Client 0 :]<< res_get_current_configuration
[2017-11-21 04:50:10,256] Client.Client<Client:1bc02#ClientNode>:OUTPUT: [Client 0 :]>> Sending to new config 
[2017-11-21 04:50:10,257] Client.Client<Client:1bc02#ClientNode>:OUTPUT: [Client 0 :]>> req_operation:  put('jedi','luke skywalker')  : config:  1
[2017-11-21 04:50:10,258] Client.Client<Client:1bc02#ClientNode>:OUTPUT: [Client 0 :] Replica:  2  is Immutable, Request  new configuration
[2017-11-21 04:50:10,277] Main.Olympus<Olympus:f3802#OlympusNode>:OUTPUT: [Olympus:]<< Timed out waiting for catch-up messages.
[2017-11-21 04:50:10,277] Main.Olympus<Olympus:f3802#OlympusNode>:OUTPUT: [Olympus:]<< Longest history might be of byzantine
[2017-11-21 04:50:10,278] Main.Olympus<Olympus:f3802#OlympusNode>:OUTPUT: [Olympus:]>> get-running-state to Replica:  0
[2017-11-21 04:50:10,280] Main.Replica<Replica:f3807#OlympusNode>:OUTPUT: [Replica 0 :]<< get-running-state
[2017-11-21 04:50:10,281] Main.Replica<Replica:f3807#OlympusNode>:OUTPUT: [Replica 0 :]>> running-state
[2017-11-21 04:50:10,284] Main.Olympus<Olympus:f3802#OlympusNode>:OUTPUT: [Olympus:]<< running-state from Replica:  0  : database:  {'jedi': 'luke skywalker'}
[2017-11-21 04:50:10,285] Main.Olympus<Olympus:f3802#OlympusNode>:OUTPUT: [Olympus:]<< running-state matching with caught-up history
[2017-11-21 04:50:10,285] Main.Olympus<Olympus:f3802#OlympusNode>:OUTPUT: [Olympus:] Making New Configuration
[2017-11-21 04:50:10,371] Main.Olympus<Olympus:f3802#OlympusNode>:OUTPUT: failure map is : {}
[2017-11-21 04:50:10,392] Main.Olympus<Olympus:f3802#OlympusNode>:OUTPUT: failure map is : {}
[2017-11-21 04:50:10,407] Main.Olympus<Olympus:f3802#OlympusNode>:OUTPUT: failure map is : {}
[2017-11-21 04:50:10,425] Main.Replica<Replica:f3809#OlympusNode>:OUTPUT: [Replica 0 :] Started:  head ACTIVE 2
[2017-11-21 04:50:10,436] Main.Replica<Replica:f380a#OlympusNode>:OUTPUT: [Replica 1 :] Started:  normal_replica ACTIVE 2
[2017-11-21 04:50:10,456] Main.Replica<Replica:f380b#OlympusNode>:OUTPUT: [Replica 2 :] Started:  tail ACTIVE 2
[2017-11-21 04:50:10,457] Main.Olympus<Olympus:f3802#OlympusNode>:OUTPUT: [Olympus:] New configuration created
[2017-11-21 04:50:20,259] Client.Client<Client:1bc02#ClientNode>:OUTPUT: [Client 0 :] Client Timeout.
[2017-11-21 04:50:20,260] Client.Client<Client:1bc02#ClientNode>:OUTPUT: [Client 0 :]>> req_operation_timeout: Replica:  0 put('jedi','luke skywalker')  : config:  1
[2017-11-21 04:50:20,261] Client.Client<Client:1bc02#ClientNode>:OUTPUT: [Client 0 :]>> req_operation_timeout: Replica:  1 put('jedi','luke skywalker')  : config:  1
[2017-11-21 04:50:20,262] da.sim.Router<OSProcessContainer-1>:ERROR: Could not send message due to: TransportException("connection refused by ('127.0.0.1', 31167)",)
[2017-11-21 04:50:20,262] Client.Client<Client:1bc02#ClientNode>:OUTPUT: [Client 0 :]>> req_operation_timeout: Replica:  2 put('jedi','luke skywalker')  : config:  1
[2017-11-21 04:50:20,262] Main.Replica<Replica:f3807#OlympusNode>:OUTPUT: [Replica 0 :]<< req_operation_timeout: IMMUTABLE:  put('jedi','luke skywalker')  Client:  0
[2017-11-21 04:50:20,264] Main.Replica<Replica:f3806#OlympusNode>:OUTPUT: [Replica 2 :]<< req_operation_timeout: IMMUTABLE:  put('jedi','luke skywalker')  Client:  0
[2017-11-21 04:50:20,264] Client.Client<Client:1bc02#ClientNode>:OUTPUT: [Client 0 :] Replica:  0  is Immutable, Request  new configuration
[2017-11-21 04:50:20,264] Client.Client<Client:1bc02#ClientNode>:OUTPUT: [Client 0 :]>> error_in_replica:  1
[2017-11-21 04:50:20,264] Client.Client<Client:1bc02#ClientNode>:OUTPUT: [Client 0 :]>> req_get_current_configuration
[2017-11-21 04:50:20,266] Client.Client<Client:1bc02#ClientNode>:OUTPUT: [Client 0 :] Replica:  2  is Immutable, Request  new configuration
[2017-11-21 04:50:20,267] Main.Olympus<Olympus:f3802#OlympusNode>:OUTPUT: [Olympus:]<< req_get_current_configuration
[2017-11-21 04:50:20,267] Main.Olympus<Olympus:f3802#OlympusNode>:OUTPUT: [Olympus:]>> res_get_current_configuration
[2017-11-21 04:50:20,271] Client.Client<Client:1bc02#ClientNode>:OUTPUT: [Client 0 :]<< res_get_current_configuration
[2017-11-21 04:50:20,272] Client.Client<Client:1bc02#ClientNode>:OUTPUT: [Client 0 :]>> Sending to new config 
[2017-11-21 04:50:20,273] Client.Client<Client:1bc02#ClientNode>:OUTPUT: [Client 0 :]>> req_operation:  put('jedi','luke skywalker')  : config:  2
[2017-11-21 04:50:20,287] Main.Replica<Replica:f3809#OlympusNode>:OUTPUT: [Replica 0 :]<< req_operation:  put('jedi','luke skywalker')  Client:  0
[2017-11-21 04:50:20,287] Main.Replica<Replica:f3809#OlympusNode>:OUTPUT: Slot:  1  : Operation:  put('jedi','luke skywalker')
[2017-11-21 04:50:20,289] Main.Replica<Replica:f3809#OlympusNode>:OUTPUT: [Replica 0 :] Perform:  put('jedi','luke skywalker')
[2017-11-21 04:50:20,289] Main.Replica<Replica:f3809#OlympusNode>:OUTPUT: [Replica 0 :] Perform:  put('jedi','luke skywalker') , result:  OK
[2017-11-21 04:50:20,293] Main.Replica<Replica:f3809#OlympusNode>:OUTPUT: [Replica 0 :]>> Shuttle:  put('jedi','luke skywalker')  to Replica:  1
[2017-11-21 04:50:20,310] Main.Replica<Replica:f380a#OlympusNode>:OUTPUT: [Replica 1 :]<< forward_shuttle :  1 , len :  1
[2017-11-21 04:50:20,310] Main.Replica<Replica:f380a#OlympusNode>:OUTPUT: [Replica 1 :]<< Shuttle:  put('jedi','luke skywalker')  from Replica:  0
[2017-11-21 04:50:20,312] Main.Replica<Replica:f380a#OlympusNode>:OUTPUT: [Replica 1 :] Perform:  put('jedi','luke skywalker')
[2017-11-21 04:50:20,313] Main.Replica<Replica:f380a#OlympusNode>:OUTPUT: [Replica 1 :] Perform:  put('jedi','luke skywalker') , result:  OK
[2017-11-21 04:50:20,314] Main.Replica<Replica:f380a#OlympusNode>:OUTPUT: [Replica 1 :]>> Shuttle:  put('jedi','luke skywalker')  to Replica:  2
[2017-11-21 04:50:20,333] Main.Replica<Replica:f380b#OlympusNode>:OUTPUT: [Replica 2 :]<< forward_shuttle :  1 , len :  1
[2017-11-21 04:50:20,333] Main.Replica<Replica:f380b#OlympusNode>:OUTPUT: [Replica 2 :]<< Shuttle:  put('jedi','luke skywalker')  from Replica:  1
[2017-11-21 04:50:20,335] Main.Replica<Replica:f380b#OlympusNode>:OUTPUT: [Replica 2 :] Perform:  put('jedi','luke skywalker')
[2017-11-21 04:50:20,335] Main.Replica<Replica:f380b#OlympusNode>:OUTPUT: [Replica 2 :] Perform:  put('jedi','luke skywalker') , result:  OK
[2017-11-21 04:50:20,348] Main.Replica<Replica:f380b#OlympusNode>:OUTPUT: [Replica 2 :]>> res_operation:  put('jedi','luke skywalker')  result:  OK
[2017-11-21 04:50:20,351] Client.Client<Client:1bc02#ClientNode>:OUTPUT: [Client 0 :]<< res_operation:  put('jedi','luke skywalker')  Result:  OK
[2017-11-21 04:50:20,352] Client.Client<Client:1bc02#ClientNode>:OUTPUT: [Client 0 :]>> req_operation:  slice('jedi','0:4')  : config:  2
[2017-11-21 04:50:20,352] Main.Replica<Replica:f380b#OlympusNode>:OUTPUT: [Replica 2 :]>> Result Shuttle:  put('jedi','luke skywalker')  to Replica:  1
[2017-11-21 04:50:20,353] Main.Replica<Replica:f3809#OlympusNode>:OUTPUT: [Replica 0 :]<< req_operation:  slice('jedi','0:4')  Client:  0
[2017-11-21 04:50:20,354] Main.Replica<Replica:f3809#OlympusNode>:OUTPUT: Slot:  2  : Operation:  slice('jedi','0:4')
[2017-11-21 04:50:20,355] Main.Replica<Replica:f3809#OlympusNode>:OUTPUT: [Replica 0 :] Perform:  slice('jedi','0:4')
[2017-11-21 04:50:20,355] Main.Replica<Replica:f3809#OlympusNode>:OUTPUT: [Replica 0 :] Perform:  slice('jedi','0:4') , result:  OK
[2017-11-21 04:50:20,358] Main.Replica<Replica:f3809#OlympusNode>:OUTPUT: [Replica 0 :]>> Shuttle:  slice('jedi','0:4')  to Replica:  1
[2017-11-21 04:50:20,376] Main.Replica<Replica:f380a#OlympusNode>:OUTPUT: [Replica 1 :]<< forward_shuttle :  2 , len :  2
[2017-11-21 04:50:20,376] Main.Replica<Replica:f380a#OlympusNode>:OUTPUT: [Replica 1 :]<< Shuttle:  slice('jedi','0:4')  from Replica:  0
[2017-11-21 04:50:20,378] Main.Replica<Replica:f380a#OlympusNode>:OUTPUT: [Replica 1 :] Perform:  slice('jedi','0:4')
[2017-11-21 04:50:20,378] Main.Replica<Replica:f380a#OlympusNode>:OUTPUT: [Replica 1 :] Perform:  slice('jedi','0:4') , result:  OK
[2017-11-21 04:50:20,380] Main.Replica<Replica:f380a#OlympusNode>:OUTPUT: [Replica 1 :]>> Shuttle:  slice('jedi','0:4')  to Replica:  2
[2017-11-21 04:50:20,382] Main.Replica<Replica:f380b#OlympusNode>:OUTPUT: [Replica 2 :]<< forward_shuttle :  2 , len :  2
[2017-11-21 04:50:20,382] Main.Replica<Replica:f380b#OlympusNode>:OUTPUT: [Replica 2 :]<< Shuttle:  slice('jedi','0:4')  from Replica:  1
[2017-11-21 04:50:20,383] Main.Replica<Replica:f380a#OlympusNode>:OUTPUT: [Replica 1 :]<< Result Shuttle:  put('jedi','luke skywalker')  to Replica:  2
[2017-11-21 04:50:20,383] Main.Replica<Replica:f380b#OlympusNode>:OUTPUT: [Replica 2 :] Perform:  slice('jedi','0:4')
[2017-11-21 04:50:20,383] Main.Replica<Replica:f380a#OlympusNode>:OUTPUT: [Replica 1 :]>> Result Shuttle:  put('jedi','luke skywalker')  to Replica:  0
[2017-11-21 04:50:20,384] Main.Replica<Replica:f380b#OlympusNode>:OUTPUT: [Replica 2 :] Perform:  slice('jedi','0:4') , result:  OK
[2017-11-21 04:50:20,385] Main.Replica<Replica:f380b#OlympusNode>:OUTPUT: [Replica 2 :]>> res_operation:  slice('jedi','0:4')  result:  OK
[2017-11-21 04:50:20,388] Main.Replica<Replica:f380b#OlympusNode>:OUTPUT: [Replica 2 :]>> Result Shuttle:  slice('jedi','0:4')  to Replica:  1
[2017-11-21 04:50:20,389] Client.Client<Client:1bc02#ClientNode>:OUTPUT: [Client 0 :]<< res_operation:  slice('jedi','0:4')  Result:  OK
[2017-11-21 04:50:20,399] Client.Client<Client:1bc02#ClientNode>:OUTPUT: [Client 0 :]>> req_operation:  get('jedi')  : config:  2
[2017-11-21 04:50:20,400] Main.Replica<Replica:f3809#OlympusNode>:OUTPUT: [Replica 0 :]<< Result Shuttle:  put('jedi','luke skywalker')  to Replica:  1
[2017-11-21 04:50:20,403] Main.Replica<Replica:f3809#OlympusNode>:OUTPUT: [Replica 0 :]<< req_operation:  get('jedi')  Client:  0
[2017-11-21 04:50:20,403] Main.Replica<Replica:f3809#OlympusNode>:OUTPUT: Slot:  3  : Operation:  get('jedi')
[2017-11-21 04:50:20,404] Main.Replica<Replica:f3809#OlympusNode>:OUTPUT: [Replica 0 :] Perform:  get('jedi')
[2017-11-21 04:50:20,405] Main.Replica<Replica:f3809#OlympusNode>:OUTPUT: [Replica 0 :] Perform:  get('jedi') , result:  luke
[2017-11-21 04:50:20,407] Main.Replica<Replica:f380a#OlympusNode>:OUTPUT: [Replica 1 :]<< Result Shuttle:  slice('jedi','0:4')  to Replica:  2
[2017-11-21 04:50:20,407] Main.Replica<Replica:f3809#OlympusNode>:OUTPUT: [Replica 0 :]>> Shuttle:  get('jedi')  to Replica:  1
[2017-11-21 04:50:20,407] Main.Replica<Replica:f380a#OlympusNode>:OUTPUT: [Replica 1 :]>> Result Shuttle:  slice('jedi','0:4')  to Replica:  0
[2017-11-21 04:50:20,410] Main.Replica<Replica:f380a#OlympusNode>:OUTPUT: [Replica 1 :]<< forward_shuttle :  3 , len :  3
[2017-11-21 04:50:20,410] Main.Replica<Replica:f380a#OlympusNode>:OUTPUT: [Replica 1 :]<< Shuttle:  get('jedi')  from Replica:  0
[2017-11-21 04:50:20,410] Main.Replica<Replica:f3809#OlympusNode>:OUTPUT: [Replica 0 :]<< Result Shuttle:  slice('jedi','0:4')  to Replica:  1
[2017-11-21 04:50:20,411] Main.Replica<Replica:f380a#OlympusNode>:OUTPUT: [Replica 1 :] Perform:  get('jedi')
[2017-11-21 04:50:20,411] Main.Replica<Replica:f380a#OlympusNode>:OUTPUT: [Replica 1 :] Perform:  get('jedi') , result:  luke
[2017-11-21 04:50:20,412] Main.Replica<Replica:f380a#OlympusNode>:OUTPUT: [Replica 1 :]>> Shuttle:  get('jedi')  to Replica:  2
[2017-11-21 04:50:20,425] Main.Replica<Replica:f380b#OlympusNode>:OUTPUT: [Replica 2 :]<< forward_shuttle :  3 , len :  3
[2017-11-21 04:50:20,425] Main.Replica<Replica:f380b#OlympusNode>:OUTPUT: [Replica 2 :]<< Shuttle:  get('jedi')  from Replica:  1
[2017-11-21 04:50:20,427] Main.Replica<Replica:f380b#OlympusNode>:OUTPUT: [Replica 2 :] Perform:  get('jedi')
[2017-11-21 04:50:20,428] Main.Replica<Replica:f380b#OlympusNode>:OUTPUT: [Replica 2 :] Perform:  get('jedi') , result:  luke
[2017-11-21 04:50:20,430] Main.Replica<Replica:f380b#OlympusNode>:OUTPUT: [Replica 2 :]>> res_operation:  get('jedi')  result:  luke
[2017-11-21 04:50:20,432] Main.Replica<Replica:f380b#OlympusNode>:OUTPUT: [Replica 2 :]>> Result Shuttle:  get('jedi')  to Replica:  1
[2017-11-21 04:50:20,434] Client.Client<Client:1bc02#ClientNode>:OUTPUT: [Client 0 :]<< res_operation:  get('jedi')  Result:  luke
[2017-11-21 04:50:20,435] Client.Client<Client:1bc02#ClientNode>:OUTPUT: [Client 0 :]>> req_operation:  put('hakuna','matata')  : config:  2
[2017-11-21 04:50:20,437] Main.Replica<Replica:f380a#OlympusNode>:OUTPUT: [Replica 1 :]<< Result Shuttle:  get('jedi')  to Replica:  2
[2017-11-21 04:50:20,438] Main.Replica<Replica:f380a#OlympusNode>:OUTPUT: [Replica 1 :]>> Result Shuttle:  get('jedi')  to Replica:  0
[2017-11-21 04:50:20,438] Main.Replica<Replica:f3809#OlympusNode>:OUTPUT: [Replica 0 :]<< req_operation:  put('hakuna','matata')  Client:  0
[2017-11-21 04:50:20,438] Main.Replica<Replica:f3809#OlympusNode>:OUTPUT: Slot:  4  : Operation:  put('hakuna','matata')
[2017-11-21 04:50:20,439] Main.Replica<Replica:f3809#OlympusNode>:OUTPUT: [Replica 0 :] Perform:  put('hakuna','matata')
[2017-11-21 04:50:20,439] Main.Replica<Replica:f3809#OlympusNode>:OUTPUT: [Replica 0 :] Perform:  put('hakuna','matata') , result:  OK
[2017-11-21 04:50:20,442] Main.Replica<Replica:f3809#OlympusNode>:OUTPUT: [Replica 0 :]>> Shuttle:  put('hakuna','matata')  to Replica:  1
[2017-11-21 04:50:20,444] Main.Replica<Replica:f380a#OlympusNode>:OUTPUT: [Replica 1 :]<< forward_shuttle :  4 , len :  4
[2017-11-21 04:50:20,444] Main.Replica<Replica:f380a#OlympusNode>:OUTPUT: [Replica 1 :]<< Shuttle:  put('hakuna','matata')  from Replica:  0
[2017-11-21 04:50:20,445] Main.Replica<Replica:f380a#OlympusNode>:OUTPUT: [Replica 1 :] Perform:  put('hakuna','matata')
[2017-11-21 04:50:20,445] Main.Replica<Replica:f380a#OlympusNode>:OUTPUT: [Replica 1 :] Perform:  put('hakuna','matata') , result:  OK
[2017-11-21 04:50:20,446] Main.Replica<Replica:f380a#OlympusNode>:OUTPUT: [Replica 1 :]>> Shuttle:  put('hakuna','matata')  to Replica:  2
[2017-11-21 04:50:20,448] Main.Replica<Replica:f380b#OlympusNode>:OUTPUT: [Replica 2 :]<< forward_shuttle :  4 , len :  4
[2017-11-21 04:50:20,449] Main.Replica<Replica:f380b#OlympusNode>:OUTPUT: [Replica 2 :]<< Shuttle:  put('hakuna','matata')  from Replica:  1
[2017-11-21 04:50:20,451] Main.Replica<Replica:f380b#OlympusNode>:OUTPUT: [Replica 2 :] Perform:  put('hakuna','matata')
[2017-11-21 04:50:20,451] Main.Replica<Replica:f380b#OlympusNode>:OUTPUT: [Replica 2 :] Perform:  put('hakuna','matata') , result:  OK
[2017-11-21 04:50:20,453] Main.Replica<Replica:f3809#OlympusNode>:OUTPUT: [Replica 0 :]<< Result Shuttle:  get('jedi')  to Replica:  1
[2017-11-21 04:50:20,453] Main.Replica<Replica:f380b#OlympusNode>:OUTPUT: [Replica 2 :]>> res_operation:  put('hakuna','matata')  result:  OK
[2017-11-21 04:50:20,455] Main.Replica<Replica:f380b#OlympusNode>:OUTPUT: [Replica 2 :]>> Result Shuttle:  put('hakuna','matata')  to Replica:  1
[2017-11-21 04:50:20,456] Client.Client<Client:1bc02#ClientNode>:OUTPUT: [Client 0 :]<< res_operation:  put('hakuna','matata')  Result:  OK
[2017-11-21 04:50:20,457] Client.Client<Client:1bc02#ClientNode>:OUTPUT: [Client 0 :]>> req_operation:  slice('hakuna','0:4')  : config:  2
[2017-11-21 04:50:20,457] Main.Replica<Replica:f3809#OlympusNode>:OUTPUT: [Replica 0 :]>> Sending Check Point Shuttle: to Replica:  1
[2017-11-21 04:50:20,458] Main.Replica<Replica:f380a#OlympusNode>:OUTPUT: [Replica 1 :]<< Result Shuttle:  put('hakuna','matata')  to Replica:  2
[2017-11-21 04:50:20,459] Main.Replica<Replica:f3809#OlympusNode>:OUTPUT: [Replica 0 :]<< req_operation:  slice('hakuna','0:4')  Client:  0
[2017-11-21 04:50:20,459] Main.Replica<Replica:f380a#OlympusNode>:OUTPUT: [Replica 1 :]>> Result Shuttle:  put('hakuna','matata')  to Replica:  0
[2017-11-21 04:50:20,459] Main.Replica<Replica:f3809#OlympusNode>:OUTPUT: Slot:  5  : Operation:  slice('hakuna','0:4')
[2017-11-21 04:50:20,461] Main.Replica<Replica:f3809#OlympusNode>:OUTPUT: [Replica 0 :] Perform:  slice('hakuna','0:4')
[2017-11-21 04:50:20,461] Main.Replica<Replica:f3809#OlympusNode>:OUTPUT: [Replica 0 :] Perform:  slice('hakuna','0:4') , result:  OK
[2017-11-21 04:50:20,461] Main.Replica<Replica:f380a#OlympusNode>:OUTPUT: [Replica 1 ]: Received check point shuttle:  3
[2017-11-21 04:50:20,463] Main.Replica<Replica:f3809#OlympusNode>:OUTPUT: [Replica 0 :]>> Shuttle:  slice('hakuna','0:4')  to Replica:  1
[2017-11-21 04:50:20,465] Main.Replica<Replica:f380a#OlympusNode>:OUTPUT: [Replica 1 ]: Check point shuttle verified
[2017-11-21 04:50:20,465] Main.Replica<Replica:f3809#OlympusNode>:OUTPUT: [Replica 0 :]<< Result Shuttle:  put('hakuna','matata')  to Replica:  1
[2017-11-21 04:50:20,467] Main.Replica<Replica:f380a#OlympusNode>:OUTPUT: [Replica 1 :]>> Check Point Shuttle: to Replica:  2
[2017-11-21 04:50:20,469] Main.Replica<Replica:f380b#OlympusNode>:OUTPUT: [Replica 2 ]: Received check point shuttle:  3
[2017-11-21 04:50:20,469] Main.Replica<Replica:f380a#OlympusNode>:OUTPUT: [Replica 1 :]<< forward_shuttle :  5 , len :  5
[2017-11-21 04:50:20,469] Main.Replica<Replica:f380a#OlympusNode>:OUTPUT: [Replica 1 :]<< Shuttle:  slice('hakuna','0:4')  from Replica:  0
[2017-11-21 04:50:20,471] Main.Replica<Replica:f380a#OlympusNode>:OUTPUT: [Replica 1 :] Perform:  slice('hakuna','0:4')
[2017-11-21 04:50:20,472] Main.Replica<Replica:f380a#OlympusNode>:OUTPUT: [Replica 1 :] Perform:  slice('hakuna','0:4') , result:  OK
[2017-11-21 04:50:20,472] Main.Replica<Replica:f380b#OlympusNode>:OUTPUT: [Replica 2 ]: Check point shuttle verified
[2017-11-21 04:50:20,473] Main.Replica<Replica:f380a#OlympusNode>:OUTPUT: [Replica 1 :]>> Shuttle:  slice('hakuna','0:4')  to Replica:  2
[2017-11-21 04:50:20,480] Main.Replica<Replica:f380b#OlympusNode>:OUTPUT: [Replica 2 ]: Removing entries from history upto : 3  : history length:  4
[2017-11-21 04:50:20,480] Main.Replica<Replica:f380b#OlympusNode>:OUTPUT: [Replica 2 :]>> Completed Check Point Shuttle: to Replica:  1
[2017-11-21 04:50:20,482] Main.Replica<Replica:f380b#OlympusNode>:OUTPUT: [Replica 2 :]<< forward_shuttle :  5 , len :  5
[2017-11-21 04:50:20,483] Main.Replica<Replica:f380b#OlympusNode>:OUTPUT: [Replica 2 :]<< Shuttle:  slice('hakuna','0:4')  from Replica:  1
[2017-11-21 04:50:20,484] Main.Replica<Replica:f380b#OlympusNode>:OUTPUT: [Replica 2 :] Perform:  slice('hakuna','0:4')
[2017-11-21 04:50:20,485] Main.Replica<Replica:f380b#OlympusNode>:OUTPUT: [Replica 2 :] Perform:  slice('hakuna','0:4') , result:  OK
[2017-11-21 04:50:20,485] Main.Replica<Replica:f380a#OlympusNode>:OUTPUT: [Replica 1 ]: Received completed check point shuttle
[2017-11-21 04:50:20,486] Main.Replica<Replica:f380b#OlympusNode>:OUTPUT: [Replica 2 :]>> res_operation:  slice('hakuna','0:4')  result:  OK
[2017-11-21 04:50:20,487] Main.Replica<Replica:f380a#OlympusNode>:OUTPUT: [Replica 1 ]: Completed Check point shuttle verified
[2017-11-21 04:50:20,488] Main.Replica<Replica:f380a#OlympusNode>:OUTPUT: [Replica 1 ]: Removing entries from history upto : 3  : history length:  4
[2017-11-21 04:50:20,488] Main.Replica<Replica:f380a#OlympusNode>:OUTPUT: [Replica 1 ]: New History : 1
[2017-11-21 04:50:20,488] Main.Replica<Replica:f380a#OlympusNode>:OUTPUT: [Replica 1 :]>> Completed Check Point Shuttle: to Replica:  0
[2017-11-21 04:50:20,489] Main.Replica<Replica:f380b#OlympusNode>:OUTPUT: [Replica 2 :]>> Result Shuttle:  slice('hakuna','0:4')  to Replica:  1
[2017-11-21 04:50:20,489] Client.Client<Client:1bc02#ClientNode>:OUTPUT: [Client 0 :]<< res_operation:  slice('hakuna','0:4')  Result:  OK
[2017-11-21 04:50:20,490] Client.Client<Client:1bc02#ClientNode>:OUTPUT: [Client 0 :]>> req_operation:  get('hakuna')  : config:  2
[2017-11-21 04:50:20,490] Main.Replica<Replica:f3809#OlympusNode>:OUTPUT: [Replica 0 ]: Received completed check point shuttle
[2017-11-21 04:50:20,492] Main.Replica<Replica:f380a#OlympusNode>:OUTPUT: [Replica 1 :]<< Result Shuttle:  slice('hakuna','0:4')  to Replica:  2
[2017-11-21 04:50:20,492] Main.Replica<Replica:f3809#OlympusNode>:OUTPUT: [Replica 0 ]: Completed Check point shuttle verified
[2017-11-21 04:50:20,493] Main.Replica<Replica:f380a#OlympusNode>:OUTPUT: [Replica 1 :]>> Result Shuttle:  slice('hakuna','0:4')  to Replica:  0
[2017-11-21 04:50:20,493] Main.Replica<Replica:f3809#OlympusNode>:OUTPUT: [Replica 0 ]: Removing entries from history upto : 3  : history length:  4
[2017-11-21 04:50:20,493] Main.Replica<Replica:f3809#OlympusNode>:OUTPUT: [Replica 0 ]: New History : 1
[2017-11-21 04:50:20,494] Main.Replica<Replica:f3809#OlympusNode>:OUTPUT: [Replica 0 :]<< req_operation:  get('hakuna')  Client:  0
[2017-11-21 04:50:20,494] Main.Replica<Replica:f3809#OlympusNode>:OUTPUT: Slot:  6  : Operation:  get('hakuna')
[2017-11-21 04:50:20,495] Main.Replica<Replica:f3809#OlympusNode>:OUTPUT: [Replica 0 :] Perform:  get('hakuna')
[2017-11-21 04:50:20,495] Main.Replica<Replica:f3809#OlympusNode>:OUTPUT: [Replica 0 :] Perform:  get('hakuna') , result:  mata
[2017-11-21 04:50:20,497] Main.Replica<Replica:f3809#OlympusNode>:OUTPUT: [Replica 0 :]>> Shuttle:  get('hakuna')  to Replica:  1
[2017-11-21 04:50:20,499] Main.Replica<Replica:f3809#OlympusNode>:OUTPUT: [Replica 0 :]<< Result Shuttle:  slice('hakuna','0:4')  to Replica:  1
[2017-11-21 04:50:20,500] Main.Replica<Replica:f380a#OlympusNode>:OUTPUT: [Replica 1 :]<< forward_shuttle :  6 , len :  6
[2017-11-21 04:50:20,500] Main.Replica<Replica:f380a#OlympusNode>:OUTPUT: [Replica 1 :]<< Shuttle:  get('hakuna')  from Replica:  0
[2017-11-21 04:50:20,502] Main.Replica<Replica:f380a#OlympusNode>:OUTPUT: [Replica 1 :] Perform:  get('hakuna')
[2017-11-21 04:50:20,502] Main.Replica<Replica:f380a#OlympusNode>:OUTPUT: [Replica 1 :] Perform:  get('hakuna') , result:  mata
[2017-11-21 04:50:20,504] Main.Replica<Replica:f380a#OlympusNode>:OUTPUT: [Replica 1 :]>> Shuttle:  get('hakuna')  to Replica:  2
[2017-11-21 04:50:20,506] Main.Replica<Replica:f380b#OlympusNode>:OUTPUT: [Replica 2 :]<< forward_shuttle :  6 , len :  6
[2017-11-21 04:50:20,506] Main.Replica<Replica:f380b#OlympusNode>:OUTPUT: [Replica 2 :]<< Shuttle:  get('hakuna')  from Replica:  1
[2017-11-21 04:50:20,508] Main.Replica<Replica:f380b#OlympusNode>:OUTPUT: [Replica 2 :] Perform:  get('hakuna')
[2017-11-21 04:50:20,508] Main.Replica<Replica:f380b#OlympusNode>:OUTPUT: [Replica 2 :] Perform:  get('hakuna') , result:  mata
[2017-11-21 04:50:20,509] Main.Replica<Replica:f380b#OlympusNode>:OUTPUT: [Replica 2 :]>> res_operation:  get('hakuna')  result:  mata
[2017-11-21 04:50:20,512] Main.Replica<Replica:f380b#OlympusNode>:OUTPUT: [Replica 2 :]>> Result Shuttle:  get('hakuna')  to Replica:  1
[2017-11-21 04:50:20,512] Client.Client<Client:1bc02#ClientNode>:OUTPUT: [Client 0 :]<< res_operation:  get('hakuna')  Result:  mata
[2017-11-21 04:50:20,513] Client.Client<Client:1bc02#ClientNode>:OUTPUT: [Client 0 :]>> req_operation:  put('andi','mandi sandi')  : config:  2
[2017-11-21 04:50:20,515] Main.Replica<Replica:f3809#OlympusNode>:OUTPUT: [Replica 0 :]<< req_operation:  put('andi','mandi sandi')  Client:  0
[2017-11-21 04:50:20,516] Main.Replica<Replica:f3809#OlympusNode>:OUTPUT: Slot:  7  : Operation:  put('andi','mandi sandi')
[2017-11-21 04:50:20,516] Main.Replica<Replica:f380a#OlympusNode>:OUTPUT: [Replica 1 :]<< Result Shuttle:  get('hakuna')  to Replica:  2
[2017-11-21 04:50:20,516] Main.Replica<Replica:f380a#OlympusNode>:OUTPUT: [Replica 1 :]>> Result Shuttle:  get('hakuna')  to Replica:  0
[2017-11-21 04:50:20,516] Main.Replica<Replica:f3809#OlympusNode>:OUTPUT: [Replica 0 :] Perform:  put('andi','mandi sandi')
[2017-11-21 04:50:20,517] Main.Replica<Replica:f3809#OlympusNode>:OUTPUT: [Replica 0 :] Perform:  put('andi','mandi sandi') , result:  OK
[2017-11-21 04:50:20,521] Main.Replica<Replica:f3809#OlympusNode>:OUTPUT: [Replica 0 :]>> Shuttle:  put('andi','mandi sandi')  to Replica:  1
[2017-11-21 04:50:20,523] Main.Replica<Replica:f380a#OlympusNode>:OUTPUT: [Replica 1 :]<< forward_shuttle :  7 , len :  7
[2017-11-21 04:50:20,524] Main.Replica<Replica:f380a#OlympusNode>:OUTPUT: [Replica 1 :]<< Shuttle:  put('andi','mandi sandi')  from Replica:  0
[2017-11-21 04:50:20,524] Main.Replica<Replica:f3809#OlympusNode>:OUTPUT: [Replica 0 :]<< Result Shuttle:  get('hakuna')  to Replica:  1
[2017-11-21 04:50:20,525] Main.Replica<Replica:f380a#OlympusNode>:OUTPUT: [Replica 1 :] Perform:  put('andi','mandi sandi')
[2017-11-21 04:50:20,525] Main.Replica<Replica:f380a#OlympusNode>:OUTPUT: [Replica 1 :] Perform:  put('andi','mandi sandi') , result:  OK
[2017-11-21 04:50:20,526] Main.Replica<Replica:f380a#OlympusNode>:OUTPUT: [Replica 1 :]>> Shuttle:  put('andi','mandi sandi')  to Replica:  2
[2017-11-21 04:50:20,528] Main.Replica<Replica:f380b#OlympusNode>:OUTPUT: [Replica 2 :]<< forward_shuttle :  7 , len :  7
[2017-11-21 04:50:20,529] Main.Replica<Replica:f380b#OlympusNode>:OUTPUT: [Replica 2 :]<< Shuttle:  put('andi','mandi sandi')  from Replica:  1
[2017-11-21 04:50:20,531] Main.Replica<Replica:f380b#OlympusNode>:OUTPUT: [Replica 2 :] Perform:  put('andi','mandi sandi')
[2017-11-21 04:50:20,531] Main.Replica<Replica:f380b#OlympusNode>:OUTPUT: [Replica 2 :] Perform:  put('andi','mandi sandi') , result:  OK
[2017-11-21 04:50:20,531] Main.Replica<Replica:f3809#OlympusNode>:OUTPUT: [Replica 0 :]>> Sending Check Point Shuttle: to Replica:  1
[2017-11-21 04:50:20,533] Main.Replica<Replica:f380a#OlympusNode>:OUTPUT: [Replica 1 ]: Received check point shuttle:  6
[2017-11-21 04:50:20,533] Main.Replica<Replica:f380b#OlympusNode>:OUTPUT: [Replica 2 :]>> res_operation:  put('andi','mandi sandi')  result:  OK
[2017-11-21 04:50:20,534] Main.Replica<Replica:f380a#OlympusNode>:OUTPUT: [Replica 1 ]: Check point shuttle verified
[2017-11-21 04:50:20,535] Main.Replica<Replica:f380b#OlympusNode>:OUTPUT: [Replica 2 :]>> Result Shuttle:  put('andi','mandi sandi')  to Replica:  1
[2017-11-21 04:50:20,535] Client.Client<Client:1bc02#ClientNode>:OUTPUT: [Client 0 :]<< res_operation:  put('andi','mandi sandi')  Result:  OK
[2017-11-21 04:50:20,536] Client.Client<Client:1bc02#ClientNode>:OUTPUT: [Client 0 :]>> req_operation:  slice('andi','0:4')  : config:  2
[2017-11-21 04:50:20,536] Main.Replica<Replica:f380a#OlympusNode>:OUTPUT: [Replica 1 :]>> Check Point Shuttle: to Replica:  2
[2017-11-21 04:50:20,538] Main.Replica<Replica:f3809#OlympusNode>:OUTPUT: [Replica 0 :]<< req_operation:  slice('andi','0:4')  Client:  0
[2017-11-21 04:50:20,538] Main.Replica<Replica:f380b#OlympusNode>:OUTPUT: [Replica 2 ]: Received check point shuttle:  6
[2017-11-21 04:50:20,538] Main.Replica<Replica:f3809#OlympusNode>:OUTPUT: Slot:  8  : Operation:  slice('andi','0:4')
[2017-11-21 04:50:20,539] Main.Replica<Replica:f3809#OlympusNode>:OUTPUT: [Replica 0 :] Perform:  slice('andi','0:4')
[2017-11-21 04:50:20,540] Main.Replica<Replica:f3809#OlympusNode>:OUTPUT: [Replica 0 :] Perform:  slice('andi','0:4') , result:  OK
[2017-11-21 04:50:20,541] Main.Replica<Replica:f380b#OlympusNode>:OUTPUT: [Replica 2 ]: Check point shuttle verified
[2017-11-21 04:50:20,541] Main.Replica<Replica:f380a#OlympusNode>:OUTPUT: [Replica 1 :]<< Result Shuttle:  put('andi','mandi sandi')  to Replica:  2
[2017-11-21 04:50:20,541] Main.Replica<Replica:f380a#OlympusNode>:OUTPUT: [Replica 1 :]>> Result Shuttle:  put('andi','mandi sandi')  to Replica:  0
[2017-11-21 04:50:20,543] Main.Replica<Replica:f3809#OlympusNode>:OUTPUT: [Replica 0 :]>> Shuttle:  slice('andi','0:4')  to Replica:  1
[2017-11-21 04:50:20,543] Main.Replica<Replica:f380b#OlympusNode>:OUTPUT: [Replica 2 ]: Removing entries from history upto : 6  : history length:  4
[2017-11-21 04:50:20,544] Main.Replica<Replica:f380b#OlympusNode>:OUTPUT: [Replica 2 :]>> Completed Check Point Shuttle: to Replica:  1
[2017-11-21 04:50:20,545] Main.Replica<Replica:f380a#OlympusNode>:OUTPUT: [Replica 1 :]<< forward_shuttle :  8 , len :  8
[2017-11-21 04:50:20,546] Main.Replica<Replica:f380a#OlympusNode>:OUTPUT: [Replica 1 :]<< Shuttle:  slice('andi','0:4')  from Replica:  0
[2017-11-21 04:50:20,546] Main.Replica<Replica:f3809#OlympusNode>:OUTPUT: [Replica 0 :]<< Result Shuttle:  put('andi','mandi sandi')  to Replica:  1
[2017-11-21 04:50:20,547] Main.Replica<Replica:f380a#OlympusNode>:OUTPUT: [Replica 1 :] Perform:  slice('andi','0:4')
[2017-11-21 04:50:20,548] Main.Replica<Replica:f380a#OlympusNode>:OUTPUT: [Replica 1 :] Perform:  slice('andi','0:4') , result:  OK
[2017-11-21 04:50:20,549] Main.Replica<Replica:f380a#OlympusNode>:OUTPUT: [Replica 1 :]>> Shuttle:  slice('andi','0:4')  to Replica:  2
[2017-11-21 04:50:20,550] Main.Replica<Replica:f380a#OlympusNode>:OUTPUT: [Replica 1 ]: Received completed check point shuttle
[2017-11-21 04:50:20,551] Main.Replica<Replica:f380b#OlympusNode>:OUTPUT: [Replica 2 :]<< forward_shuttle :  8 , len :  8
[2017-11-21 04:50:20,552] Main.Replica<Replica:f380b#OlympusNode>:OUTPUT: [Replica 2 :]<< Shuttle:  slice('andi','0:4')  from Replica:  1
[2017-11-21 04:50:20,553] Main.Replica<Replica:f380a#OlympusNode>:OUTPUT: [Replica 1 ]: Completed Check point shuttle verified
[2017-11-21 04:50:20,554] Main.Replica<Replica:f380a#OlympusNode>:OUTPUT: [Replica 1 ]: Removing entries from history upto : 6  : history length:  4
[2017-11-21 04:50:20,554] Main.Replica<Replica:f380a#OlympusNode>:OUTPUT: [Replica 1 ]: New History : 1
[2017-11-21 04:50:20,554] Main.Replica<Replica:f380a#OlympusNode>:OUTPUT: [Replica 1 :]>> Completed Check Point Shuttle: to Replica:  0
[2017-11-21 04:50:20,554] Main.Replica<Replica:f380b#OlympusNode>:OUTPUT: [Replica 2 :] Perform:  slice('andi','0:4')
[2017-11-21 04:50:20,556] Main.Replica<Replica:f380b#OlympusNode>:OUTPUT: [Replica 2 :] Perform:  slice('andi','0:4') , result:  OK
[2017-11-21 04:50:20,556] Main.Replica<Replica:f3809#OlympusNode>:OUTPUT: [Replica 0 ]: Received completed check point shuttle
[2017-11-21 04:50:20,559] Main.Replica<Replica:f3809#OlympusNode>:OUTPUT: [Replica 0 ]: Completed Check point shuttle verified
[2017-11-21 04:50:20,560] Main.Replica<Replica:f380b#OlympusNode>:OUTPUT: [Replica 2 :]>> res_operation:  slice('andi','0:4')  result:  OK
[2017-11-21 04:50:20,560] Main.Replica<Replica:f3809#OlympusNode>:OUTPUT: [Replica 0 ]: Removing entries from history upto : 6  : history length:  4
[2017-11-21 04:50:20,561] Main.Replica<Replica:f3809#OlympusNode>:OUTPUT: [Replica 0 ]: New History : 1
[2017-11-21 04:50:20,562] Main.Replica<Replica:f380b#OlympusNode>:OUTPUT: [Replica 2 :]>> Result Shuttle:  slice('andi','0:4')  to Replica:  1
[2017-11-21 04:50:20,562] Client.Client<Client:1bc02#ClientNode>:OUTPUT: [Client 0 :]<< res_operation:  slice('andi','0:4')  Result:  OK
[2017-11-21 04:50:20,563] Client.Client<Client:1bc02#ClientNode>:OUTPUT: [Client 0 :]>> req_operation:  get('andi')  : config:  2
[2017-11-21 04:50:20,565] Main.Replica<Replica:f3809#OlympusNode>:OUTPUT: [Replica 0 :]<< req_operation:  get('andi')  Client:  0
[2017-11-21 04:50:20,565] Main.Replica<Replica:f3809#OlympusNode>:OUTPUT: Slot:  9  : Operation:  get('andi')
[2017-11-21 04:50:20,566] Main.Replica<Replica:f3809#OlympusNode>:OUTPUT: [Replica 0 :] Perform:  get('andi')
[2017-11-21 04:50:20,566] Main.Replica<Replica:f3809#OlympusNode>:OUTPUT: [Replica 0 :] Perform:  get('andi') , result:  mand
[2017-11-21 04:50:20,568] Main.Replica<Replica:f3809#OlympusNode>:OUTPUT: [Replica 0 :]>> Shuttle:  get('andi')  to Replica:  1
[2017-11-21 04:50:20,569] Main.Replica<Replica:f380a#OlympusNode>:OUTPUT: [Replica 1 :]<< Result Shuttle:  slice('andi','0:4')  to Replica:  2
[2017-11-21 04:50:20,570] Main.Replica<Replica:f380a#OlympusNode>:OUTPUT: [Replica 1 :]>> Result Shuttle:  slice('andi','0:4')  to Replica:  0
[2017-11-21 04:50:20,571] Main.Replica<Replica:f380a#OlympusNode>:OUTPUT: [Replica 1 :]<< forward_shuttle :  9 , len :  9
[2017-11-21 04:50:20,572] Main.Replica<Replica:f380a#OlympusNode>:OUTPUT: [Replica 1 :]<< Shuttle:  get('andi')  from Replica:  0
[2017-11-21 04:50:20,573] Main.Replica<Replica:f380a#OlympusNode>:OUTPUT: [Replica 1 :] Perform:  get('andi')
[2017-11-21 04:50:20,574] Main.Replica<Replica:f380a#OlympusNode>:OUTPUT: [Replica 1 :] Perform:  get('andi') , result:  mand
[2017-11-21 04:50:20,574] Main.Replica<Replica:f3809#OlympusNode>:OUTPUT: [Replica 0 :]<< Result Shuttle:  slice('andi','0:4')  to Replica:  1
[2017-11-21 04:50:20,575] Main.Replica<Replica:f380a#OlympusNode>:OUTPUT: [Replica 1 :]>> Shuttle:  get('andi')  to Replica:  2
[2017-11-21 04:50:20,577] Main.Replica<Replica:f380b#OlympusNode>:OUTPUT: [Replica 2 :]<< forward_shuttle :  9 , len :  9
[2017-11-21 04:50:20,578] Main.Replica<Replica:f380b#OlympusNode>:OUTPUT: [Replica 2 :]<< Shuttle:  get('andi')  from Replica:  1
[2017-11-21 04:50:20,579] Main.Replica<Replica:f380b#OlympusNode>:OUTPUT: [Replica 2 :] Perform:  get('andi')
[2017-11-21 04:50:20,580] Main.Replica<Replica:f380b#OlympusNode>:OUTPUT: [Replica 2 :] Perform:  get('andi') , result:  mand
[2017-11-21 04:50:20,581] Main.Replica<Replica:f380b#OlympusNode>:OUTPUT: [Replica 2 :]>> res_operation:  get('andi')  result:  mand
[2017-11-21 04:50:20,583] Main.Replica<Replica:f380b#OlympusNode>:OUTPUT: [Replica 2 :]>> Result Shuttle:  get('andi')  to Replica:  1
[2017-11-21 04:50:20,584] Client.Client<Client:1bc02#ClientNode>:OUTPUT: [Client 0 :]<< res_operation:  get('andi')  Result:  mand
[2017-11-21 04:50:20,584] Client.Client<Client:1bc02#ClientNode>:OUTPUT: [Client 0 :] Test case completed! Validating Result
[2017-11-21 04:50:20,592] Client.Client<Client:1bc02#ClientNode>:OUTPUT: [Client 0 :] Valid Final Result! Client:  ['OK', 'OK', 'luke', 'OK', 'OK', 'mata', 'OK', 'OK', 'mand'] , Replica:  ['OK', 'OK', 'luke', 'OK', 'OK', 'mata', 'OK', 'OK', 'mand']
[2017-11-21 04:50:20,593] Main.Replica<Replica:f380a#OlympusNode>:OUTPUT: [Replica 1 :]<< Result Shuttle:  get('andi')  to Replica:  2
[2017-11-21 04:50:20,594] Main.Replica<Replica:f380a#OlympusNode>:OUTPUT: [Replica 1 :]>> Result Shuttle:  get('andi')  to Replica:  0
[2017-11-21 04:50:20,597] Main.Replica<Replica:f3809#OlympusNode>:OUTPUT: [Replica 0 :]<< Result Shuttle:  get('andi')  to Replica:  1
[2017-11-21 04:50:20,600] Main.Replica<Replica:f3809#OlympusNode>:OUTPUT: [Replica 0 :]>> Sending Check Point Shuttle: to Replica:  1
[2017-11-21 04:50:20,601] Main.Replica<Replica:f380a#OlympusNode>:OUTPUT: [Replica 1 ]: Received check point shuttle:  9
[2017-11-21 04:50:20,603] Main.Replica<Replica:f380a#OlympusNode>:OUTPUT: [Replica 1 ]: Check point shuttle verified
[2017-11-21 04:50:20,605] Main.Replica<Replica:f380a#OlympusNode>:OUTPUT: [Replica 1 :]>> Check Point Shuttle: to Replica:  2
[2017-11-21 04:50:20,607] Main.Replica<Replica:f380b#OlympusNode>:OUTPUT: [Replica 2 ]: Received check point shuttle:  9
[2017-11-21 04:50:20,609] Main.Replica<Replica:f380b#OlympusNode>:OUTPUT: [Replica 2 ]: Check point shuttle verified
[2017-11-21 04:50:20,611] Main.Replica<Replica:f380b#OlympusNode>:OUTPUT: [Replica 2 ]: Removing entries from history upto : 9  : history length:  3
[2017-11-21 04:50:20,612] Main.Replica<Replica:f380b#OlympusNode>:OUTPUT: [Replica 2 :]>> Completed Check Point Shuttle: to Replica:  1
[2017-11-21 04:50:20,614] Main.Replica<Replica:f380a#OlympusNode>:OUTPUT: [Replica 1 ]: Received completed check point shuttle
[2017-11-21 04:50:20,616] Main.Replica<Replica:f380a#OlympusNode>:OUTPUT: [Replica 1 ]: Completed Check point shuttle verified
[2017-11-21 04:50:20,616] Main.Replica<Replica:f380a#OlympusNode>:OUTPUT: [Replica 1 ]: Removing entries from history upto : 9  : history length:  3
[2017-11-21 04:50:20,617] Main.Replica<Replica:f380a#OlympusNode>:OUTPUT: [Replica 1 ]: New History : 0
[2017-11-21 04:50:20,617] Main.Replica<Replica:f380a#OlympusNode>:OUTPUT: [Replica 1 :]>> Completed Check Point Shuttle: to Replica:  0
[2017-11-21 04:50:20,619] Main.Replica<Replica:f3809#OlympusNode>:OUTPUT: [Replica 0 ]: Received completed check point shuttle
[2017-11-21 04:50:20,622] Main.Replica<Replica:f3809#OlympusNode>:OUTPUT: [Replica 0 ]: Completed Check point shuttle verified
[2017-11-21 04:50:20,622] Main.Replica<Replica:f3809#OlympusNode>:OUTPUT: [Replica 0 ]: Removing entries from history upto : 9  : history length:  3
[2017-11-21 04:50:20,622] Main.Replica<Replica:f3809#OlympusNode>:OUTPUT: [Replica 0 ]: New History : 0
[2017-11-21 04:50:26,031] da.api<MainProcess>:WARNING: Received keyboard interrupt. 
