[2017-11-21 04:51:35,506] da.api<MainProcess>:INFO: Bootstrapping attempt failed due to BootstrapException('Unable to contact a peer node.',),  continuing as a master node (use '--master' to disable bootstrapping at startup).
[2017-11-21 04:51:35,507] da.api<MainProcess>:INFO: <Node_:ClientNode> initialized at 127.0.0.1:(UdpTransport=15000, TcpTransport=15000).
[2017-11-21 04:51:35,508] da.api<MainProcess>:INFO: Starting program <module 'Main' from 'src/Main.py'>...
[2017-11-21 04:51:35,508] da.api<MainProcess>:INFO: Running iteration 1 ...
[2017-11-21 04:51:35,509] da.api<MainProcess>:INFO: Waiting for remaining child processes to terminate...(Press "Ctrl-C" to force kill)
[2017-11-21 04:51:35,526] Main.Node_<Node_:ClientNode>:INFO: Waiting to resolve name 'OlympusNode'...
[2017-11-21 04:51:43,085] da.sim.Router<MainProcess>:INFO: Bootstrap succeeded using <UdpTransport(127.0.0.1:38225)>.
[2017-11-21 04:51:43,086] da.api<MainProcess>:INFO: <Node_:OlympusNode> initialized at 127.0.0.1:(UdpTransport=38225, TcpTransport=36812).
[2017-11-21 04:51:43,086] da.api<MainProcess>:INFO: Starting program <module 'Main' from 'src/Main.py'>...
[2017-11-21 04:51:43,087] da.api<MainProcess>:INFO: Running iteration 1 ...
[2017-11-21 04:51:43,087] da.api<MainProcess>:INFO: Waiting for remaining child processes to terminate...(Press "Ctrl-C" to force kill)
[2017-11-21 04:51:43,166] Main.Olympus<Olympus:d7002#OlympusNode>:OUTPUT: [Olympus:] Setup
[2017-11-21 04:51:43,240] Client.Client<Client:28c02#ClientNode>:OUTPUT: [Client 0 :] Workload:  put('jedi','luke skywalker'); slice('jedi','0:4'); get('jedi'); put('hakuna','matata'); slice('hakuna','0:4'); get('hakuna'); put('andi','mandi sandi'); slice('andi','0:4'); get('andi')
[2017-11-21 04:51:43,244] Main.Olympus<Olympus:d7002#OlympusNode>:OUTPUT: [Olympus:] Started
[2017-11-21 04:51:43,268] Client.Client<Client:28c02#ClientNode>:OUTPUT: [Client 0 :] Started
[2017-11-21 04:51:43,279] da.api<MainProcess>:INFO: Main process terminated.
[2017-11-21 04:51:43,298] Main.Olympus<Olympus:d7002#OlympusNode>:OUTPUT: [Olympus:]<< req_get_current_configuration
[2017-11-21 04:51:43,298] Main.Olympus<Olympus:d7002#OlympusNode>:OUTPUT: [Olympus:] Making New Configuration
[2017-11-21 04:51:43,399] Main.Olympus<Olympus:d7002#OlympusNode>:OUTPUT: failure map is : {}
[2017-11-21 04:51:43,417] Main.Olympus<Olympus:d7002#OlympusNode>:OUTPUT: failure map is : {'change_operation()': ('shuttle', ('0', '1'))}
[2017-11-21 04:51:43,436] Main.Olympus<Olympus:d7002#OlympusNode>:OUTPUT: failure map is : {}
[2017-11-21 04:51:43,457] Main.Replica<Replica:d7004#OlympusNode>:OUTPUT: [Replica 0 :] Started:  head ACTIVE 0
[2017-11-21 04:51:43,464] Main.Replica<Replica:d7003#OlympusNode>:OUTPUT: [Replica 1 :] Started:  normal_replica ACTIVE 0
[2017-11-21 04:51:43,480] Main.Replica<Replica:d7005#OlympusNode>:OUTPUT: [Replica 2 :] Started:  tail ACTIVE 0
[2017-11-21 04:51:43,481] Main.Olympus<Olympus:d7002#OlympusNode>:OUTPUT: [Olympus:]>> res_get_current_configuration
[2017-11-21 04:51:43,498] Client.Client<Client:28c02#ClientNode>:OUTPUT: [Client 0 :]<< res_get_current_configuration
[2017-11-21 04:51:43,500] Client.Client<Client:28c02#ClientNode>:OUTPUT: [Client 0 :]>> req_operation:  put('jedi','luke skywalker')  : config:  0
[2017-11-21 04:51:43,518] Main.Replica<Replica:d7004#OlympusNode>:OUTPUT: [Replica 0 :]<< req_operation:  put('jedi','luke skywalker')  Client:  0
[2017-11-21 04:51:43,519] Main.Replica<Replica:d7004#OlympusNode>:OUTPUT: Slot:  1  : Operation:  put('jedi','luke skywalker')
[2017-11-21 04:51:43,520] Main.Replica<Replica:d7004#OlympusNode>:OUTPUT: [Replica 0 :] Perform:  put('jedi','luke skywalker')
[2017-11-21 04:51:43,521] Main.Replica<Replica:d7004#OlympusNode>:OUTPUT: [Replica 0 :] Perform:  put('jedi','luke skywalker') , result:  OK
[2017-11-21 04:51:43,525] Main.Replica<Replica:d7004#OlympusNode>:OUTPUT: [Replica 0 :]>> Shuttle:  put('jedi','luke skywalker')  to Replica:  1
[2017-11-21 04:51:43,543] Main.Replica<Replica:d7003#OlympusNode>:OUTPUT: [Replica 1 :]<< forward_shuttle :  1 , len :  1
[2017-11-21 04:51:43,544] Main.Replica<Replica:d7003#OlympusNode>:OUTPUT: [Replica 1 :]<< Shuttle:  put('jedi','luke skywalker')  from Replica:  0
[2017-11-21 04:51:43,546] Main.Replica<Replica:d7003#OlympusNode>:OUTPUT: [Replica 1 :] Fault: Change Operation, Client  0 , Request  1
[2017-11-21 04:51:43,546] Main.Replica<Replica:d7003#OlympusNode>:OUTPUT: [Replica 1 :] !!!!!! Changing operation from  ('jedi','luke skywalker')  to get('X') !!!!!!!
[2017-11-21 04:51:43,548] Main.Replica<Replica:d7003#OlympusNode>:OUTPUT: [Replica 1 :] Perform:  get('X')
[2017-11-21 04:51:43,548] Main.Replica<Replica:d7003#OlympusNode>:OUTPUT: [Replica 1 :] Perform:  get('X') , result:  
[2017-11-21 04:51:43,548] Main.Replica<Replica:d7003#OlympusNode>:OUTPUT: [Replica 1 :] Successfully injected fault: Change operation
[2017-11-21 04:51:43,550] Main.Replica<Replica:d7003#OlympusNode>:OUTPUT: [Replica 1 :]>> Shuttle:  get('X')  to Replica:  2
[2017-11-21 04:51:43,569] Main.Replica<Replica:d7005#OlympusNode>:OUTPUT: [Replica 2 :]<< forward_shuttle :  1 , len :  1
[2017-11-21 04:51:43,570] Main.Replica<Replica:d7005#OlympusNode>:OUTPUT: [Replica 2 :]<< Shuttle:  get('X')  from Replica:  1
[2017-11-21 04:51:43,571] Main.Replica<Replica:d7005#OlympusNode>:OUTPUT: [Replica 2 :] Result doesnot match so returning false
[2017-11-21 04:51:43,571] Main.Replica<Replica:d7005#OlympusNode>:OUTPUT: [Replica 2 :] Invalid Order Proof, Sending Reconfig request. Become Immutable
[2017-11-21 04:51:43,572] Main.Olympus<Olympus:d7002#OlympusNode>:OUTPUT: [Olympus:]<< req_re_configuration
[2017-11-21 04:51:43,572] Main.Olympus<Olympus:d7002#OlympusNode>:OUTPUT: [Olympus:]>> wedge to Replica:  0
[2017-11-21 04:51:43,573] Main.Olympus<Olympus:d7002#OlympusNode>:OUTPUT: [Olympus:]>> wedge to Replica:  1
[2017-11-21 04:51:43,574] Main.Olympus<Olympus:d7002#OlympusNode>:OUTPUT: [Olympus:]>> wedge to Replica:  2
[2017-11-21 04:51:43,574] Main.Replica<Replica:d7004#OlympusNode>:OUTPUT: [Replica 0 :]<< wedge
[2017-11-21 04:51:43,574] Main.Replica<Replica:d7004#OlympusNode>:OUTPUT: [Replica 0 :]>> wedged
[2017-11-21 04:51:43,575] Main.Replica<Replica:d7003#OlympusNode>:OUTPUT: [Replica 1 :]<< wedge
[2017-11-21 04:51:43,575] Main.Replica<Replica:d7003#OlympusNode>:OUTPUT: [Replica 1 :]>> wedged
[2017-11-21 04:51:43,575] Main.Replica<Replica:d7005#OlympusNode>:OUTPUT: [Replica 2 :]<< wedge
[2017-11-21 04:51:43,576] Main.Replica<Replica:d7005#OlympusNode>:OUTPUT: [Replica 2 :]>> wedged
[2017-11-21 04:51:43,577] Main.Olympus<Olympus:d7002#OlympusNode>:OUTPUT: [Olympus:]<< wegded from Replica:  1
[2017-11-21 04:51:43,578] Main.Olympus<Olympus:d7002#OlympusNode>:OUTPUT: [Olympus:] Replica:  1 , len(history):  0
[2017-11-21 04:51:43,578] Main.Olympus<Olympus:d7002#OlympusNode>:OUTPUT: [Olympus:] Total received:  1
[2017-11-21 04:51:43,579] Main.Olympus<Olympus:d7002#OlympusNode>:OUTPUT: [Olympus:]<< wegded from Replica:  2
[2017-11-21 04:51:43,580] Main.Olympus<Olympus:d7002#OlympusNode>:OUTPUT: [Olympus:] Replica:  2 , len(history):  0
[2017-11-21 04:51:43,580] Main.Olympus<Olympus:d7002#OlympusNode>:OUTPUT: [Olympus:] Total received:  2
[2017-11-21 04:51:43,580] Main.Olympus<Olympus:d7002#OlympusNode>:OUTPUT: [Olympus:] Longest History
[2017-11-21 04:51:43,580] Main.Olympus<Olympus:d7002#OlympusNode>:OUTPUT: [Olympus:] Longest Database:  {}
[2017-11-21 04:51:43,583] Main.Replica<Replica:d7004#OlympusNode>:OUTPUT: [Replica 0 :]<< catch-up
[2017-11-21 04:51:43,583] Main.Replica<Replica:d7004#OlympusNode>:OUTPUT: [Replica 0 :] catch-up History
[2017-11-21 04:51:43,584] Main.Replica<Replica:d7004#OlympusNode>:OUTPUT: [Replica 0 :]>> caught-up
[2017-11-21 04:51:43,584] Main.Olympus<Olympus:d7002#OlympusNode>:OUTPUT: [Olympus:]<< wegded from Replica:  0
[2017-11-21 04:51:43,584] Main.Replica<Replica:d7003#OlympusNode>:OUTPUT: [Replica 1 :]<< catch-up
[2017-11-21 04:51:43,584] Main.Replica<Replica:d7005#OlympusNode>:OUTPUT: [Replica 2 :]<< catch-up
[2017-11-21 04:51:43,585] Main.Replica<Replica:d7003#OlympusNode>:OUTPUT: [Replica 1 :] catch-up History
[2017-11-21 04:51:43,585] Main.Replica<Replica:d7005#OlympusNode>:OUTPUT: [Replica 2 :] catch-up History
[2017-11-21 04:51:43,585] Main.Replica<Replica:d7003#OlympusNode>:OUTPUT: [Replica 1 :]>> caught-up
[2017-11-21 04:51:43,585] Main.Replica<Replica:d7005#OlympusNode>:OUTPUT: [Replica 2 :]>> caught-up
[2017-11-21 04:51:43,585] Main.Olympus<Olympus:d7002#OlympusNode>:OUTPUT: [Olympus:] Replica:  0 , len(history):  0
[2017-11-21 04:51:43,585] Main.Olympus<Olympus:d7002#OlympusNode>:OUTPUT: [Olympus:] Total received:  1
[2017-11-21 04:51:43,586] Main.Olympus<Olympus:d7002#OlympusNode>:OUTPUT: [Olympus:]<< caught-up from Replica:  0  : database:  {'jedi': 'luke skywalker'}
[2017-11-21 04:51:43,587] Main.Olympus<Olympus:d7002#OlympusNode>:OUTPUT: [Olympus:]Incorrect caught-up history: Not including Replica :  0  in Quoram
[2017-11-21 04:51:43,587] Main.Olympus<Olympus:d7002#OlympusNode>:OUTPUT: [Olympus:]<< caught-up from Replica:  2  : database:  {}
[2017-11-21 04:51:43,588] Main.Olympus<Olympus:d7002#OlympusNode>:OUTPUT: [Olympus:]<< caught-up from Replica:  1  : database:  {}
[2017-11-21 04:51:43,588] Main.Olympus<Olympus:d7002#OlympusNode>:OUTPUT: [Olympus:] Making New Configuration
[2017-11-21 04:51:43,672] Main.Olympus<Olympus:d7002#OlympusNode>:OUTPUT: failure map is : {}
[2017-11-21 04:51:43,691] Main.Olympus<Olympus:d7002#OlympusNode>:OUTPUT: failure map is : {'invalid_order_sig()': ('new_configuration', ('-1', '0')), 'sleep(9)': ('catch_up', ('-1', '1'))}
[2017-11-21 04:51:43,706] Main.Replica<Replica:d7007#OlympusNode>:OUTPUT: Returning True
[2017-11-21 04:51:43,707] Main.Replica<Replica:d7007#OlympusNode>:OUTPUT: New Configuration Fault: Invalid Order Sig injected
[2017-11-21 04:51:43,708] Main.Olympus<Olympus:d7002#OlympusNode>:OUTPUT: failure map is : {}
[2017-11-21 04:51:43,724] Main.Replica<Replica:d7006#OlympusNode>:OUTPUT: [Replica 0 :] Started:  head ACTIVE 1
[2017-11-21 04:51:43,736] Main.Replica<Replica:d7007#OlympusNode>:OUTPUT: [Replica 1 :] Started:  normal_replica ACTIVE 1
[2017-11-21 04:51:43,752] Main.Replica<Replica:d7008#OlympusNode>:OUTPUT: [Replica 2 :] Started:  tail ACTIVE 1
[2017-11-21 04:51:43,753] Main.Olympus<Olympus:d7002#OlympusNode>:OUTPUT: [Olympus:]<< Killing catch-up waiting timer
[2017-11-21 04:51:53,518] Client.Client<Client:28c02#ClientNode>:OUTPUT: [Client 0 :] Client Timeout.
[2017-11-21 04:51:53,520] Client.Client<Client:28c02#ClientNode>:OUTPUT: [Client 0 :]>> req_operation_timeout: Replica:  0 put('jedi','luke skywalker')  : config:  0
[2017-11-21 04:51:53,521] Client.Client<Client:28c02#ClientNode>:OUTPUT: [Client 0 :]>> req_operation_timeout: Replica:  1 put('jedi','luke skywalker')  : config:  0
[2017-11-21 04:51:53,523] Main.Replica<Replica:d7004#OlympusNode>:OUTPUT: [Replica 0 :]<< req_operation_timeout: IMMUTABLE:  put('jedi','luke skywalker')  Client:  0
[2017-11-21 04:51:53,539] Client.Client<Client:28c02#ClientNode>:OUTPUT: [Client 0 :]>> req_operation_timeout: Replica:  2 put('jedi','luke skywalker')  : config:  0
[2017-11-21 04:51:53,540] Main.Replica<Replica:d7003#OlympusNode>:OUTPUT: [Replica 1 :]<< req_operation_timeout: IMMUTABLE:  put('jedi','luke skywalker')  Client:  0
[2017-11-21 04:51:53,572] Main.Replica<Replica:d7005#OlympusNode>:OUTPUT: [Replica 2 :]<< req_operation_timeout: IMMUTABLE:  put('jedi','luke skywalker')  Client:  0
[2017-11-21 04:51:53,583] Client.Client<Client:28c02#ClientNode>:OUTPUT: [Client 0 :] Replica:  0  is Immutable, Request  new configuration
[2017-11-21 04:51:53,583] Client.Client<Client:28c02#ClientNode>:OUTPUT: [Client 0 :]>> error_in_replica:  1
[2017-11-21 04:51:53,584] Client.Client<Client:28c02#ClientNode>:OUTPUT: [Client 0 :]>> req_get_current_configuration
[2017-11-21 04:51:53,586] Main.Olympus<Olympus:d7002#OlympusNode>:OUTPUT: [Olympus:]<< req_get_current_configuration
[2017-11-21 04:51:53,586] Main.Olympus<Olympus:d7002#OlympusNode>:OUTPUT: [Olympus:]>> res_get_current_configuration
[2017-11-21 04:51:53,590] Client.Client<Client:28c02#ClientNode>:OUTPUT: [Client 0 :] Replica:  1  is Immutable, Request  new configuration
[2017-11-21 04:51:53,603] Client.Client<Client:28c02#ClientNode>:OUTPUT: [Client 0 :]<< res_get_current_configuration
[2017-11-21 04:51:53,603] Client.Client<Client:28c02#ClientNode>:OUTPUT: [Client 0 :]>> Sending to new config 
[2017-11-21 04:51:53,604] Client.Client<Client:28c02#ClientNode>:OUTPUT: [Client 0 :]>> req_operation:  put('jedi','luke skywalker')  : config:  1
[2017-11-21 04:51:53,617] Client.Client<Client:28c02#ClientNode>:OUTPUT: [Client 0 :] Replica:  2  is Immutable, Request  new configuration
[2017-11-21 04:51:53,618] Main.Replica<Replica:d7006#OlympusNode>:OUTPUT: [Replica 0 :]<< req_operation:  put('jedi','luke skywalker')  Client:  0
[2017-11-21 04:51:53,619] Main.Replica<Replica:d7006#OlympusNode>:OUTPUT: Slot:  1  : Operation:  put('jedi','luke skywalker')
[2017-11-21 04:51:53,621] Main.Replica<Replica:d7006#OlympusNode>:OUTPUT: [Replica 0 :] Perform:  put('jedi','luke skywalker')
[2017-11-21 04:51:53,621] Main.Replica<Replica:d7006#OlympusNode>:OUTPUT: [Replica 0 :] Perform:  put('jedi','luke skywalker') , result:  OK
[2017-11-21 04:51:53,631] Main.Replica<Replica:d7006#OlympusNode>:OUTPUT: [Replica 0 :]>> Shuttle:  put('jedi','luke skywalker')  to Replica:  1
[2017-11-21 04:51:53,648] Main.Replica<Replica:d7007#OlympusNode>:OUTPUT: [Replica 1 :]<< forward_shuttle :  1 , len :  1
[2017-11-21 04:51:53,648] Main.Replica<Replica:d7007#OlympusNode>:OUTPUT: [Replica 1 :]<< Shuttle:  put('jedi','luke skywalker')  from Replica:  0
[2017-11-21 04:51:53,650] Main.Replica<Replica:d7007#OlympusNode>:OUTPUT: [Replica 1 :] Perform:  put('jedi','luke skywalker')
[2017-11-21 04:51:53,651] Main.Replica<Replica:d7007#OlympusNode>:OUTPUT: [Replica 1 :] Perform:  put('jedi','luke skywalker') , result:  OK
[2017-11-21 04:51:53,653] Main.Replica<Replica:d7007#OlympusNode>:OUTPUT: [Replica 1 :]>> Shuttle:  put('jedi','luke skywalker')  to Replica:  2
[2017-11-21 04:51:53,670] Main.Replica<Replica:d7008#OlympusNode>:OUTPUT: [Replica 2 :]<< forward_shuttle :  1 , len :  1
[2017-11-21 04:51:53,671] Main.Replica<Replica:d7008#OlympusNode>:OUTPUT: [Replica 2 :]<< Shuttle:  put('jedi','luke skywalker')  from Replica:  1
[2017-11-21 04:51:53,672] Main.Replica<Replica:d7008#OlympusNode>:OUTPUT: [Replica 2 :] Invalid Order Proof, Sending Reconfig request. Become Immutable
[2017-11-21 04:51:53,674] Main.Olympus<Olympus:d7002#OlympusNode>:OUTPUT: [Olympus:]<< req_re_configuration
[2017-11-21 04:51:53,674] Main.Olympus<Olympus:d7002#OlympusNode>:OUTPUT: [Olympus:]>> wedge to Replica:  0
[2017-11-21 04:51:53,675] Main.Olympus<Olympus:d7002#OlympusNode>:OUTPUT: [Olympus:]>> wedge to Replica:  1
[2017-11-21 04:51:53,676] Main.Olympus<Olympus:d7002#OlympusNode>:OUTPUT: [Olympus:]>> wedge to Replica:  2
[2017-11-21 04:51:53,676] Main.Replica<Replica:d7006#OlympusNode>:OUTPUT: [Replica 0 :]<< wedge
[2017-11-21 04:51:53,676] Main.Replica<Replica:d7006#OlympusNode>:OUTPUT: [Replica 0 :]>> wedged
[2017-11-21 04:51:53,677] Main.Replica<Replica:d7007#OlympusNode>:OUTPUT: [Replica 1 :]<< wedge
[2017-11-21 04:51:53,677] Main.Replica<Replica:d7007#OlympusNode>:OUTPUT: [Replica 1 :]>> wedged
[2017-11-21 04:51:53,679] Main.Olympus<Olympus:d7002#OlympusNode>:OUTPUT: [Olympus:]<< wegded from Replica:  0
[2017-11-21 04:51:53,680] Main.Olympus<Olympus:d7002#OlympusNode>:OUTPUT: [Olympus:] Replica:  0 , len(history):  0
[2017-11-21 04:51:53,678] Main.Replica<Replica:d7008#OlympusNode>:OUTPUT: [Replica 2 :]<< wedge
[2017-11-21 04:51:53,680] Main.Replica<Replica:d7008#OlympusNode>:OUTPUT: [Replica 2 :]>> wedged
[2017-11-21 04:51:53,681] Main.Olympus<Olympus:d7002#OlympusNode>:OUTPUT: [Olympus:] Total received:  1
[2017-11-21 04:51:53,682] Main.Olympus<Olympus:d7002#OlympusNode>:OUTPUT: [Olympus:]<< wegded from Replica:  1
[2017-11-21 04:51:53,683] Main.Olympus<Olympus:d7002#OlympusNode>:OUTPUT: [Olympus:] Replica:  1 , len(history):  0
[2017-11-21 04:51:53,683] Main.Olympus<Olympus:d7002#OlympusNode>:OUTPUT: [Olympus:] Total received:  2
[2017-11-21 04:51:53,683] Main.Olympus<Olympus:d7002#OlympusNode>:OUTPUT: [Olympus:] Longest History
[2017-11-21 04:51:53,684] Main.Olympus<Olympus:d7002#OlympusNode>:OUTPUT: [Olympus:] Longest Database:  {'jedi': 'luke skywalker'}
[2017-11-21 04:51:53,686] Main.Replica<Replica:d7006#OlympusNode>:OUTPUT: [Replica 0 :]<< catch-up
[2017-11-21 04:51:53,686] Main.Replica<Replica:d7006#OlympusNode>:OUTPUT: [Replica 0 :] catch-up History
[2017-11-21 04:51:53,686] Main.Replica<Replica:d7006#OlympusNode>:OUTPUT: [Replica 0 :]>> caught-up
[2017-11-21 04:51:53,686] Main.Olympus<Olympus:d7002#OlympusNode>:OUTPUT: [Olympus:]<< wegded from Replica:  2
[2017-11-21 04:51:53,687] Main.Replica<Replica:d7008#OlympusNode>:OUTPUT: [Replica 2 :]<< catch-up
[2017-11-21 04:51:53,687] Main.Olympus<Olympus:d7002#OlympusNode>:OUTPUT: [Olympus:] Replica:  2 , len(history):  0
[2017-11-21 04:51:53,687] Main.Replica<Replica:d7008#OlympusNode>:OUTPUT: [Replica 2 :] catch-up History
[2017-11-21 04:51:53,688] Main.Olympus<Olympus:d7002#OlympusNode>:OUTPUT: [Olympus:] Total received:  1
[2017-11-21 04:51:53,688] Main.Replica<Replica:d7007#OlympusNode>:OUTPUT: [Replica 1 :]<< catch-up
[2017-11-21 04:51:53,688] Main.Replica<Replica:d7008#OlympusNode>:OUTPUT: [Replica 2 :]>> caught-up
[2017-11-21 04:51:53,688] Main.Replica<Replica:d7007#OlympusNode>:OUTPUT: [Replica 1 :] catch-up History
[2017-11-21 04:51:53,688] Main.Replica<Replica:d7007#OlympusNode>:OUTPUT: Catch Up Fault: Sleep injected for time: 9  seconds
[2017-11-21 04:51:53,689] Main.Olympus<Olympus:d7002#OlympusNode>:OUTPUT: [Olympus:]<< caught-up from Replica:  0  : database:  {'jedi': 'luke skywalker'}
[2017-11-21 04:51:53,690] Main.Olympus<Olympus:d7002#OlympusNode>:OUTPUT: [Olympus:]<< caught-up from Replica:  2  : database:  {}
[2017-11-21 04:51:53,690] Main.Olympus<Olympus:d7002#OlympusNode>:OUTPUT: [Olympus:]Incorrect caught-up history: Not including Replica :  2  in Quoram
[2017-11-21 04:52:02,697] Main.Replica<Replica:d7007#OlympusNode>:OUTPUT: [Replica 1 :]>> caught-up
[2017-11-21 04:52:02,700] Main.Olympus<Olympus:d7002#OlympusNode>:OUTPUT: [Olympus:]<< caught-up from Replica:  1  : database:  {'jedi': 'luke skywalker'}
[2017-11-21 04:52:02,701] Main.Olympus<Olympus:d7002#OlympusNode>:OUTPUT: [Olympus:] Making New Configuration
[2017-11-21 04:52:02,773] Main.Olympus<Olympus:d7002#OlympusNode>:OUTPUT: failure map is : {}
[2017-11-21 04:52:02,804] Main.Olympus<Olympus:d7002#OlympusNode>:OUTPUT: failure map is : {}
[2017-11-21 04:52:02,819] Main.Olympus<Olympus:d7002#OlympusNode>:OUTPUT: failure map is : {}
[2017-11-21 04:52:02,836] Main.Replica<Replica:d700b#OlympusNode>:OUTPUT: [Replica 0 :] Started:  head ACTIVE 2
[2017-11-21 04:52:02,848] Main.Replica<Replica:d7009#OlympusNode>:OUTPUT: [Replica 1 :] Started:  normal_replica ACTIVE 2
[2017-11-21 04:52:02,865] Main.Replica<Replica:d700a#OlympusNode>:OUTPUT: [Replica 2 :] Started:  tail ACTIVE 2
[2017-11-21 04:52:02,865] Main.Olympus<Olympus:d7002#OlympusNode>:OUTPUT: [Olympus:]<< Killing catch-up waiting timer
[2017-11-21 04:52:03,618] Client.Client<Client:28c02#ClientNode>:OUTPUT: [Client 0 :] Client Timeout.
[2017-11-21 04:52:03,619] Client.Client<Client:28c02#ClientNode>:OUTPUT: [Client 0 :]>> req_operation_timeout: Replica:  0 put('jedi','luke skywalker')  : config:  1
[2017-11-21 04:52:03,621] Client.Client<Client:28c02#ClientNode>:OUTPUT: [Client 0 :]>> req_operation_timeout: Replica:  1 put('jedi','luke skywalker')  : config:  1
[2017-11-21 04:52:03,623] Main.Replica<Replica:d7006#OlympusNode>:OUTPUT: [Replica 0 :]<< req_operation_timeout: IMMUTABLE:  put('jedi','luke skywalker')  Client:  0
[2017-11-21 04:52:03,635] Client.Client<Client:28c02#ClientNode>:OUTPUT: [Client 0 :]>> req_operation_timeout: Replica:  2 put('jedi','luke skywalker')  : config:  1
[2017-11-21 04:52:03,637] Main.Replica<Replica:d7007#OlympusNode>:OUTPUT: [Replica 1 :]<< req_operation_timeout: IMMUTABLE:  put('jedi','luke skywalker')  Client:  0
[2017-11-21 04:52:03,651] Main.Replica<Replica:d7008#OlympusNode>:OUTPUT: [Replica 2 :]<< req_operation_timeout: IMMUTABLE:  put('jedi','luke skywalker')  Client:  0
[2017-11-21 04:52:03,674] Client.Client<Client:28c02#ClientNode>:OUTPUT: [Client 0 :] Replica:  0  is Immutable, Request  new configuration
[2017-11-21 04:52:03,675] Client.Client<Client:28c02#ClientNode>:OUTPUT: [Client 0 :]>> error_in_replica:  1
[2017-11-21 04:52:03,675] Client.Client<Client:28c02#ClientNode>:OUTPUT: [Client 0 :]>> req_get_current_configuration
[2017-11-21 04:52:03,677] Main.Olympus<Olympus:d7002#OlympusNode>:OUTPUT: [Olympus:]<< req_get_current_configuration
[2017-11-21 04:52:03,678] Main.Olympus<Olympus:d7002#OlympusNode>:OUTPUT: [Olympus:]>> res_get_current_configuration
[2017-11-21 04:52:03,691] Client.Client<Client:28c02#ClientNode>:OUTPUT: [Client 0 :] Replica:  1  is Immutable, Request  new configuration
[2017-11-21 04:52:03,691] Client.Client<Client:28c02#ClientNode>:OUTPUT: [Client 0 :]<< res_get_current_configuration
[2017-11-21 04:52:03,692] Client.Client<Client:28c02#ClientNode>:OUTPUT: [Client 0 :]>> Sending to new config 
[2017-11-21 04:52:03,692] Client.Client<Client:28c02#ClientNode>:OUTPUT: [Client 0 :]>> req_operation:  put('jedi','luke skywalker')  : config:  2
[2017-11-21 04:52:03,707] Client.Client<Client:28c02#ClientNode>:OUTPUT: [Client 0 :] Replica:  2  is Immutable, Request  new configuration
[2017-11-21 04:52:03,709] Main.Replica<Replica:d700b#OlympusNode>:OUTPUT: [Replica 0 :]<< req_operation:  put('jedi','luke skywalker')  Client:  0
[2017-11-21 04:52:03,709] Main.Replica<Replica:d700b#OlympusNode>:OUTPUT: Slot:  1  : Operation:  put('jedi','luke skywalker')
[2017-11-21 04:52:03,711] Main.Replica<Replica:d700b#OlympusNode>:OUTPUT: [Replica 0 :] Perform:  put('jedi','luke skywalker')
[2017-11-21 04:52:03,712] Main.Replica<Replica:d700b#OlympusNode>:OUTPUT: [Replica 0 :] Perform:  put('jedi','luke skywalker') , result:  OK
[2017-11-21 04:52:03,715] Main.Replica<Replica:d700b#OlympusNode>:OUTPUT: [Replica 0 :]>> Shuttle:  put('jedi','luke skywalker')  to Replica:  1
[2017-11-21 04:52:03,741] Main.Replica<Replica:d7009#OlympusNode>:OUTPUT: [Replica 1 :]<< forward_shuttle :  1 , len :  1
[2017-11-21 04:52:03,742] Main.Replica<Replica:d7009#OlympusNode>:OUTPUT: [Replica 1 :]<< Shuttle:  put('jedi','luke skywalker')  from Replica:  0
[2017-11-21 04:52:03,746] Main.Replica<Replica:d7009#OlympusNode>:OUTPUT: [Replica 1 :] Perform:  put('jedi','luke skywalker')
[2017-11-21 04:52:03,747] Main.Replica<Replica:d7009#OlympusNode>:OUTPUT: [Replica 1 :] Perform:  put('jedi','luke skywalker') , result:  OK
[2017-11-21 04:52:03,749] Main.Replica<Replica:d7009#OlympusNode>:OUTPUT: [Replica 1 :]>> Shuttle:  put('jedi','luke skywalker')  to Replica:  2
[2017-11-21 04:52:03,770] Main.Replica<Replica:d700a#OlympusNode>:OUTPUT: [Replica 2 :]<< forward_shuttle :  1 , len :  1
[2017-11-21 04:52:03,771] Main.Replica<Replica:d700a#OlympusNode>:OUTPUT: [Replica 2 :]<< Shuttle:  put('jedi','luke skywalker')  from Replica:  1
[2017-11-21 04:52:03,773] Main.Replica<Replica:d700a#OlympusNode>:OUTPUT: [Replica 2 :] Perform:  put('jedi','luke skywalker')
[2017-11-21 04:52:03,774] Main.Replica<Replica:d700a#OlympusNode>:OUTPUT: [Replica 2 :] Perform:  put('jedi','luke skywalker') , result:  OK
[2017-11-21 04:52:03,807] Client.Client<Client:28c02#ClientNode>:OUTPUT: [Client 0 :]<< res_operation:  put('jedi','luke skywalker')  Result:  OK
[2017-11-21 04:52:03,808] Client.Client<Client:28c02#ClientNode>:OUTPUT: [Client 0 :]>> req_operation:  slice('jedi','0:4')  : config:  2
[2017-11-21 04:52:03,812] Main.Replica<Replica:d700a#OlympusNode>:OUTPUT: [Replica 2 :]>> res_operation:  put('jedi','luke skywalker')  result:  OK
[2017-11-21 04:52:03,816] Main.Replica<Replica:d700b#OlympusNode>:OUTPUT: [Replica 0 :]<< req_operation:  slice('jedi','0:4')  Client:  0
[2017-11-21 04:52:03,817] Main.Replica<Replica:d700b#OlympusNode>:OUTPUT: Slot:  2  : Operation:  slice('jedi','0:4')
[2017-11-21 04:52:03,818] Main.Replica<Replica:d700b#OlympusNode>:OUTPUT: [Replica 0 :] Perform:  slice('jedi','0:4')
[2017-11-21 04:52:03,819] Main.Replica<Replica:d700b#OlympusNode>:OUTPUT: [Replica 0 :] Perform:  slice('jedi','0:4') , result:  OK
[2017-11-21 04:52:03,821] Main.Replica<Replica:d700b#OlympusNode>:OUTPUT: [Replica 0 :]>> Shuttle:  slice('jedi','0:4')  to Replica:  1
[2017-11-21 04:52:03,815] Main.Replica<Replica:d700a#OlympusNode>:OUTPUT: [Replica 2 :]>> Result Shuttle:  put('jedi','luke skywalker')  to Replica:  1
[2017-11-21 04:52:03,826] Main.Replica<Replica:d7009#OlympusNode>:OUTPUT: [Replica 1 :]<< forward_shuttle :  2 , len :  2
[2017-11-21 04:52:03,829] Main.Replica<Replica:d7009#OlympusNode>:OUTPUT: [Replica 1 :]<< Shuttle:  slice('jedi','0:4')  from Replica:  0
[2017-11-21 04:52:03,830] Main.Replica<Replica:d7009#OlympusNode>:OUTPUT: [Replica 1 :] Perform:  slice('jedi','0:4')
[2017-11-21 04:52:03,831] Main.Replica<Replica:d7009#OlympusNode>:OUTPUT: [Replica 1 :] Perform:  slice('jedi','0:4') , result:  OK
[2017-11-21 04:52:04,005] Main.Replica<Replica:d7009#OlympusNode>:OUTPUT: [Replica 1 :]>> Shuttle:  slice('jedi','0:4')  to Replica:  2
[2017-11-21 04:52:04,010] Main.Replica<Replica:d7009#OlympusNode>:OUTPUT: [Replica 1 :]<< Result Shuttle:  put('jedi','luke skywalker')  to Replica:  2
[2017-11-21 04:52:04,011] Main.Replica<Replica:d7009#OlympusNode>:OUTPUT: [Replica 1 :]>> Result Shuttle:  put('jedi','luke skywalker')  to Replica:  0
[2017-11-21 04:52:04,183] Main.Replica<Replica:d700a#OlympusNode>:OUTPUT: [Replica 2 :]<< forward_shuttle :  2 , len :  2
[2017-11-21 04:52:04,183] Main.Replica<Replica:d700a#OlympusNode>:OUTPUT: [Replica 2 :]<< Shuttle:  slice('jedi','0:4')  from Replica:  1
[2017-11-21 04:52:04,185] Main.Replica<Replica:d700a#OlympusNode>:OUTPUT: [Replica 2 :] Perform:  slice('jedi','0:4')
[2017-11-21 04:52:04,185] Main.Replica<Replica:d700a#OlympusNode>:OUTPUT: [Replica 2 :] Perform:  slice('jedi','0:4') , result:  OK
[2017-11-21 04:52:04,186] Main.Replica<Replica:d700a#OlympusNode>:OUTPUT: [Replica 2 :]>> res_operation:  slice('jedi','0:4')  result:  OK
[2017-11-21 04:52:04,188] Main.Replica<Replica:d700a#OlympusNode>:OUTPUT: [Replica 2 :]>> Result Shuttle:  slice('jedi','0:4')  to Replica:  1
[2017-11-21 04:52:04,189] Client.Client<Client:28c02#ClientNode>:OUTPUT: [Client 0 :]<< res_operation:  slice('jedi','0:4')  Result:  OK
[2017-11-21 04:52:04,189] Client.Client<Client:28c02#ClientNode>:OUTPUT: [Client 0 :]>> req_operation:  get('jedi')  : config:  2
[2017-11-21 04:52:04,331] Main.Replica<Replica:d700b#OlympusNode>:OUTPUT: [Replica 0 :]<< req_operation:  get('jedi')  Client:  0
[2017-11-21 04:52:04,333] Main.Replica<Replica:d700b#OlympusNode>:OUTPUT: Slot:  3  : Operation:  get('jedi')
[2017-11-21 04:52:04,334] Main.Replica<Replica:d700b#OlympusNode>:OUTPUT: [Replica 0 :] Perform:  get('jedi')
[2017-11-21 04:52:04,334] Main.Replica<Replica:d700b#OlympusNode>:OUTPUT: [Replica 0 :] Perform:  get('jedi') , result:  luke
[2017-11-21 04:52:04,337] Main.Replica<Replica:d700b#OlympusNode>:OUTPUT: [Replica 0 :]>> Shuttle:  get('jedi')  to Replica:  1
[2017-11-21 04:52:04,342] Main.Replica<Replica:d700b#OlympusNode>:OUTPUT: [Replica 0 :]<< Result Shuttle:  put('jedi','luke skywalker')  to Replica:  1
[2017-11-21 04:52:04,347] Main.Replica<Replica:d7009#OlympusNode>:OUTPUT: [Replica 1 :]<< Result Shuttle:  slice('jedi','0:4')  to Replica:  2
[2017-11-21 04:52:04,347] Main.Replica<Replica:d7009#OlympusNode>:OUTPUT: [Replica 1 :]>> Result Shuttle:  slice('jedi','0:4')  to Replica:  0
[2017-11-21 04:52:04,349] Main.Replica<Replica:d7009#OlympusNode>:OUTPUT: [Replica 1 :]<< forward_shuttle :  3 , len :  3
[2017-11-21 04:52:04,349] Main.Replica<Replica:d7009#OlympusNode>:OUTPUT: [Replica 1 :]<< Shuttle:  get('jedi')  from Replica:  0
[2017-11-21 04:52:04,351] Main.Replica<Replica:d7009#OlympusNode>:OUTPUT: [Replica 1 :] Perform:  get('jedi')
[2017-11-21 04:52:04,351] Main.Replica<Replica:d7009#OlympusNode>:OUTPUT: [Replica 1 :] Perform:  get('jedi') , result:  luke
[2017-11-21 04:52:04,352] Main.Replica<Replica:d700b#OlympusNode>:OUTPUT: [Replica 0 :]<< Result Shuttle:  slice('jedi','0:4')  to Replica:  1
[2017-11-21 04:52:04,353] Main.Replica<Replica:d7009#OlympusNode>:OUTPUT: [Replica 1 :]>> Shuttle:  get('jedi')  to Replica:  2
[2017-11-21 04:52:04,356] Main.Replica<Replica:d700a#OlympusNode>:OUTPUT: [Replica 2 :]<< forward_shuttle :  3 , len :  3
[2017-11-21 04:52:04,356] Main.Replica<Replica:d700a#OlympusNode>:OUTPUT: [Replica 2 :]<< Shuttle:  get('jedi')  from Replica:  1
[2017-11-21 04:52:04,358] Main.Replica<Replica:d700a#OlympusNode>:OUTPUT: [Replica 2 :] Perform:  get('jedi')
[2017-11-21 04:52:04,358] Main.Replica<Replica:d700a#OlympusNode>:OUTPUT: [Replica 2 :] Perform:  get('jedi') , result:  luke
[2017-11-21 04:52:04,360] Main.Replica<Replica:d700a#OlympusNode>:OUTPUT: [Replica 2 :]>> res_operation:  get('jedi')  result:  luke
[2017-11-21 04:52:04,362] Client.Client<Client:28c02#ClientNode>:OUTPUT: [Client 0 :]<< res_operation:  get('jedi')  Result:  luke
[2017-11-21 04:52:04,362] Main.Replica<Replica:d700a#OlympusNode>:OUTPUT: [Replica 2 :]>> Result Shuttle:  get('jedi')  to Replica:  1
[2017-11-21 04:52:04,363] Client.Client<Client:28c02#ClientNode>:OUTPUT: [Client 0 :]>> req_operation:  put('hakuna','matata')  : config:  2
[2017-11-21 04:52:04,366] Main.Replica<Replica:d700b#OlympusNode>:OUTPUT: [Replica 0 :]<< req_operation:  put('hakuna','matata')  Client:  0
[2017-11-21 04:52:04,366] Main.Replica<Replica:d700b#OlympusNode>:OUTPUT: Slot:  4  : Operation:  put('hakuna','matata')
[2017-11-21 04:52:04,367] Main.Replica<Replica:d7009#OlympusNode>:OUTPUT: [Replica 1 :]<< Result Shuttle:  get('jedi')  to Replica:  2
[2017-11-21 04:52:04,367] Main.Replica<Replica:d7009#OlympusNode>:OUTPUT: [Replica 1 :]>> Result Shuttle:  get('jedi')  to Replica:  0
[2017-11-21 04:52:04,369] Main.Replica<Replica:d700b#OlympusNode>:OUTPUT: [Replica 0 :] Perform:  put('hakuna','matata')
[2017-11-21 04:52:04,371] Main.Replica<Replica:d700b#OlympusNode>:OUTPUT: [Replica 0 :] Perform:  put('hakuna','matata') , result:  OK
[2017-11-21 04:52:04,373] Main.Replica<Replica:d700b#OlympusNode>:OUTPUT: [Replica 0 :]>> Shuttle:  put('hakuna','matata')  to Replica:  1
[2017-11-21 04:52:04,375] Main.Replica<Replica:d7009#OlympusNode>:OUTPUT: [Replica 1 :]<< forward_shuttle :  4 , len :  4
[2017-11-21 04:52:04,376] Main.Replica<Replica:d7009#OlympusNode>:OUTPUT: [Replica 1 :]<< Shuttle:  put('hakuna','matata')  from Replica:  0
[2017-11-21 04:52:04,377] Main.Replica<Replica:d700b#OlympusNode>:OUTPUT: [Replica 0 :]<< Result Shuttle:  get('jedi')  to Replica:  1
[2017-11-21 04:52:04,377] Main.Replica<Replica:d7009#OlympusNode>:OUTPUT: [Replica 1 :] Perform:  put('hakuna','matata')
[2017-11-21 04:52:04,378] Main.Replica<Replica:d7009#OlympusNode>:OUTPUT: [Replica 1 :] Perform:  put('hakuna','matata') , result:  OK
[2017-11-21 04:52:04,379] Main.Replica<Replica:d7009#OlympusNode>:OUTPUT: [Replica 1 :]>> Shuttle:  put('hakuna','matata')  to Replica:  2
[2017-11-21 04:52:04,381] Main.Replica<Replica:d700a#OlympusNode>:OUTPUT: [Replica 2 :]<< forward_shuttle :  4 , len :  4
[2017-11-21 04:52:04,381] Main.Replica<Replica:d700a#OlympusNode>:OUTPUT: [Replica 2 :]<< Shuttle:  put('hakuna','matata')  from Replica:  1
[2017-11-21 04:52:04,382] Main.Replica<Replica:d700a#OlympusNode>:OUTPUT: [Replica 2 :] Perform:  put('hakuna','matata')
[2017-11-21 04:52:04,382] Main.Replica<Replica:d700a#OlympusNode>:OUTPUT: [Replica 2 :] Perform:  put('hakuna','matata') , result:  OK
[2017-11-21 04:52:04,384] Main.Replica<Replica:d700a#OlympusNode>:OUTPUT: [Replica 2 :]>> res_operation:  put('hakuna','matata')  result:  OK
[2017-11-21 04:52:04,386] Main.Replica<Replica:d700a#OlympusNode>:OUTPUT: [Replica 2 :]>> Result Shuttle:  put('hakuna','matata')  to Replica:  1
[2017-11-21 04:52:04,386] Client.Client<Client:28c02#ClientNode>:OUTPUT: [Client 0 :]<< res_operation:  put('hakuna','matata')  Result:  OK
[2017-11-21 04:52:04,387] Client.Client<Client:28c02#ClientNode>:OUTPUT: [Client 0 :]>> req_operation:  slice('hakuna','0:4')  : config:  2
[2017-11-21 04:52:04,390] Main.Replica<Replica:d7009#OlympusNode>:OUTPUT: [Replica 1 :]<< Result Shuttle:  put('hakuna','matata')  to Replica:  2
[2017-11-21 04:52:04,391] Main.Replica<Replica:d7009#OlympusNode>:OUTPUT: [Replica 1 :]>> Result Shuttle:  put('hakuna','matata')  to Replica:  0
[2017-11-21 04:52:04,862] Main.Replica<Replica:d700b#OlympusNode>:OUTPUT: [Replica 0 :]>> Sending Check Point Shuttle: to Replica:  1
[2017-11-21 04:52:04,863] Main.Replica<Replica:d700b#OlympusNode>:OUTPUT: [Replica 0 :]<< req_operation:  slice('hakuna','0:4')  Client:  0
[2017-11-21 04:52:04,863] Main.Replica<Replica:d700b#OlympusNode>:OUTPUT: Slot:  5  : Operation:  slice('hakuna','0:4')
[2017-11-21 04:52:04,864] Main.Replica<Replica:d7009#OlympusNode>:OUTPUT: [Replica 1 ]: Received check point shuttle:  3
[2017-11-21 04:52:04,864] Main.Replica<Replica:d700b#OlympusNode>:OUTPUT: [Replica 0 :] Perform:  slice('hakuna','0:4')
[2017-11-21 04:52:04,865] Main.Replica<Replica:d700b#OlympusNode>:OUTPUT: [Replica 0 :] Perform:  slice('hakuna','0:4') , result:  OK
[2017-11-21 04:52:04,866] Main.Replica<Replica:d7009#OlympusNode>:OUTPUT: [Replica 1 ]: Check point shuttle verified
[2017-11-21 04:52:04,867] Main.Replica<Replica:d700b#OlympusNode>:OUTPUT: [Replica 0 :]>> Shuttle:  slice('hakuna','0:4')  to Replica:  1
[2017-11-21 04:52:04,869] Main.Replica<Replica:d7009#OlympusNode>:OUTPUT: [Replica 1 :]>> Check Point Shuttle: to Replica:  2
[2017-11-21 04:52:04,870] Main.Replica<Replica:d700b#OlympusNode>:OUTPUT: [Replica 0 :]<< Result Shuttle:  put('hakuna','matata')  to Replica:  1
[2017-11-21 04:52:04,871] Main.Replica<Replica:d7009#OlympusNode>:OUTPUT: [Replica 1 :]<< forward_shuttle :  5 , len :  5
[2017-11-21 04:52:04,872] Main.Replica<Replica:d7009#OlympusNode>:OUTPUT: [Replica 1 :]<< Shuttle:  slice('hakuna','0:4')  from Replica:  0
[2017-11-21 04:52:04,872] Main.Replica<Replica:d700a#OlympusNode>:OUTPUT: [Replica 2 ]: Received check point shuttle:  3
[2017-11-21 04:52:04,873] Main.Replica<Replica:d7009#OlympusNode>:OUTPUT: [Replica 1 :] Perform:  slice('hakuna','0:4')
[2017-11-21 04:52:04,873] Main.Replica<Replica:d7009#OlympusNode>:OUTPUT: [Replica 1 :] Perform:  slice('hakuna','0:4') , result:  OK
[2017-11-21 04:52:04,875] Main.Replica<Replica:d7009#OlympusNode>:OUTPUT: [Replica 1 :]>> Shuttle:  slice('hakuna','0:4')  to Replica:  2
[2017-11-21 04:52:04,875] Main.Replica<Replica:d700a#OlympusNode>:OUTPUT: [Replica 2 ]: Check point shuttle verified
[2017-11-21 04:52:04,878] Main.Replica<Replica:d700a#OlympusNode>:OUTPUT: [Replica 2 ]: Removing entries from history upto : 3  : history length:  4
[2017-11-21 04:52:04,878] Main.Replica<Replica:d700a#OlympusNode>:OUTPUT: [Replica 2 :]>> Completed Check Point Shuttle: to Replica:  1
[2017-11-21 04:52:04,880] Main.Replica<Replica:d700a#OlympusNode>:OUTPUT: [Replica 2 :]<< forward_shuttle :  5 , len :  5
[2017-11-21 04:52:04,880] Main.Replica<Replica:d700a#OlympusNode>:OUTPUT: [Replica 2 :]<< Shuttle:  slice('hakuna','0:4')  from Replica:  1
[2017-11-21 04:52:04,881] Main.Replica<Replica:d7009#OlympusNode>:OUTPUT: [Replica 1 ]: Received completed check point shuttle
[2017-11-21 04:52:04,882] Main.Replica<Replica:d700a#OlympusNode>:OUTPUT: [Replica 2 :] Perform:  slice('hakuna','0:4')
[2017-11-21 04:52:04,883] Main.Replica<Replica:d700a#OlympusNode>:OUTPUT: [Replica 2 :] Perform:  slice('hakuna','0:4') , result:  OK
[2017-11-21 04:52:04,884] Main.Replica<Replica:d7009#OlympusNode>:OUTPUT: [Replica 1 ]: Completed Check point shuttle verified
[2017-11-21 04:52:04,884] Main.Replica<Replica:d7009#OlympusNode>:OUTPUT: [Replica 1 ]: Removing entries from history upto : 3  : history length:  4
[2017-11-21 04:52:04,885] Main.Replica<Replica:d7009#OlympusNode>:OUTPUT: [Replica 1 ]: New History : 1
[2017-11-21 04:52:04,885] Main.Replica<Replica:d700a#OlympusNode>:OUTPUT: [Replica 2 :]>> res_operation:  slice('hakuna','0:4')  result:  OK
[2017-11-21 04:52:04,885] Main.Replica<Replica:d7009#OlympusNode>:OUTPUT: [Replica 1 :]>> Completed Check Point Shuttle: to Replica:  0
[2017-11-21 04:52:04,887] Main.Replica<Replica:d700a#OlympusNode>:OUTPUT: [Replica 2 :]>> Result Shuttle:  slice('hakuna','0:4')  to Replica:  1
[2017-11-21 04:52:04,887] Client.Client<Client:28c02#ClientNode>:OUTPUT: [Client 0 :]<< res_operation:  slice('hakuna','0:4')  Result:  OK
[2017-11-21 04:52:04,888] Client.Client<Client:28c02#ClientNode>:OUTPUT: [Client 0 :]>> req_operation:  get('hakuna')  : config:  2
[2017-11-21 04:52:04,890] Main.Replica<Replica:d700b#OlympusNode>:OUTPUT: [Replica 0 :]<< req_operation:  get('hakuna')  Client:  0
[2017-11-21 04:52:04,890] Main.Replica<Replica:d700b#OlympusNode>:OUTPUT: Slot:  6  : Operation:  get('hakuna')
[2017-11-21 04:52:04,891] Main.Replica<Replica:d700b#OlympusNode>:OUTPUT: [Replica 0 :] Perform:  get('hakuna')
[2017-11-21 04:52:04,891] Main.Replica<Replica:d700b#OlympusNode>:OUTPUT: [Replica 0 :] Perform:  get('hakuna') , result:  mata
[2017-11-21 04:52:04,894] Main.Replica<Replica:d7009#OlympusNode>:OUTPUT: [Replica 1 :]<< Result Shuttle:  slice('hakuna','0:4')  to Replica:  2
[2017-11-21 04:52:04,894] Main.Replica<Replica:d700b#OlympusNode>:OUTPUT: [Replica 0 :]>> Shuttle:  get('hakuna')  to Replica:  1
[2017-11-21 04:52:04,895] Main.Replica<Replica:d7009#OlympusNode>:OUTPUT: [Replica 1 :]>> Result Shuttle:  slice('hakuna','0:4')  to Replica:  0
[2017-11-21 04:52:04,897] Main.Replica<Replica:d7009#OlympusNode>:OUTPUT: [Replica 1 :]<< forward_shuttle :  6 , len :  6
[2017-11-21 04:52:04,897] Main.Replica<Replica:d700b#OlympusNode>:OUTPUT: [Replica 0 ]: Received completed check point shuttle
[2017-11-21 04:52:04,897] Main.Replica<Replica:d7009#OlympusNode>:OUTPUT: [Replica 1 :]<< Shuttle:  get('hakuna')  from Replica:  0
[2017-11-21 04:52:04,899] Main.Replica<Replica:d7009#OlympusNode>:OUTPUT: [Replica 1 :] Perform:  get('hakuna')
[2017-11-21 04:52:04,899] Main.Replica<Replica:d7009#OlympusNode>:OUTPUT: [Replica 1 :] Perform:  get('hakuna') , result:  mata
[2017-11-21 04:52:04,900] Main.Replica<Replica:d700b#OlympusNode>:OUTPUT: [Replica 0 ]: Completed Check point shuttle verified
[2017-11-21 04:52:04,900] Main.Replica<Replica:d7009#OlympusNode>:OUTPUT: [Replica 1 :]>> Shuttle:  get('hakuna')  to Replica:  2
[2017-11-21 04:52:04,900] Main.Replica<Replica:d700b#OlympusNode>:OUTPUT: [Replica 0 ]: Removing entries from history upto : 3  : history length:  4
[2017-11-21 04:52:04,901] Main.Replica<Replica:d700b#OlympusNode>:OUTPUT: [Replica 0 ]: New History : 1
[2017-11-21 04:52:04,903] Main.Replica<Replica:d700a#OlympusNode>:OUTPUT: [Replica 2 :]<< forward_shuttle :  6 , len :  6
[2017-11-21 04:52:04,903] Main.Replica<Replica:d700a#OlympusNode>:OUTPUT: [Replica 2 :]<< Shuttle:  get('hakuna')  from Replica:  1
[2017-11-21 04:52:04,903] Main.Replica<Replica:d700b#OlympusNode>:OUTPUT: [Replica 0 :]<< Result Shuttle:  slice('hakuna','0:4')  to Replica:  1
[2017-11-21 04:52:04,904] Main.Replica<Replica:d700a#OlympusNode>:OUTPUT: [Replica 2 :] Perform:  get('hakuna')
[2017-11-21 04:52:04,905] Main.Replica<Replica:d700a#OlympusNode>:OUTPUT: [Replica 2 :] Perform:  get('hakuna') , result:  mata
[2017-11-21 04:52:04,906] Main.Replica<Replica:d700a#OlympusNode>:OUTPUT: [Replica 2 :]>> res_operation:  get('hakuna')  result:  mata
[2017-11-21 04:52:04,908] Main.Replica<Replica:d700a#OlympusNode>:OUTPUT: [Replica 2 :]>> Result Shuttle:  get('hakuna')  to Replica:  1
[2017-11-21 04:52:04,909] Client.Client<Client:28c02#ClientNode>:OUTPUT: [Client 0 :]<< res_operation:  get('hakuna')  Result:  mata
[2017-11-21 04:52:04,910] Client.Client<Client:28c02#ClientNode>:OUTPUT: [Client 0 :]>> req_operation:  put('andi','mandi sandi')  : config:  2
[2017-11-21 04:52:04,912] Main.Replica<Replica:d7009#OlympusNode>:OUTPUT: [Replica 1 :]<< Result Shuttle:  get('hakuna')  to Replica:  2
[2017-11-21 04:52:04,912] Main.Replica<Replica:d700b#OlympusNode>:OUTPUT: [Replica 0 :]<< req_operation:  put('andi','mandi sandi')  Client:  0
[2017-11-21 04:52:04,912] Main.Replica<Replica:d7009#OlympusNode>:OUTPUT: [Replica 1 :]>> Result Shuttle:  get('hakuna')  to Replica:  0
[2017-11-21 04:52:04,912] Main.Replica<Replica:d700b#OlympusNode>:OUTPUT: Slot:  7  : Operation:  put('andi','mandi sandi')
[2017-11-21 04:52:04,913] Main.Replica<Replica:d700b#OlympusNode>:OUTPUT: [Replica 0 :] Perform:  put('andi','mandi sandi')
[2017-11-21 04:52:04,914] Main.Replica<Replica:d700b#OlympusNode>:OUTPUT: [Replica 0 :] Perform:  put('andi','mandi sandi') , result:  OK
[2017-11-21 04:52:04,916] Main.Replica<Replica:d700b#OlympusNode>:OUTPUT: [Replica 0 :]>> Shuttle:  put('andi','mandi sandi')  to Replica:  1
[2017-11-21 04:52:04,918] Main.Replica<Replica:d7009#OlympusNode>:OUTPUT: [Replica 1 :]<< forward_shuttle :  7 , len :  7
[2017-11-21 04:52:04,919] Main.Replica<Replica:d7009#OlympusNode>:OUTPUT: [Replica 1 :]<< Shuttle:  put('andi','mandi sandi')  from Replica:  0
[2017-11-21 04:52:04,920] Main.Replica<Replica:d7009#OlympusNode>:OUTPUT: [Replica 1 :] Perform:  put('andi','mandi sandi')
[2017-11-21 04:52:04,920] Main.Replica<Replica:d7009#OlympusNode>:OUTPUT: [Replica 1 :] Perform:  put('andi','mandi sandi') , result:  OK
[2017-11-21 04:52:04,920] Main.Replica<Replica:d700b#OlympusNode>:OUTPUT: [Replica 0 :]<< Result Shuttle:  get('hakuna')  to Replica:  1
[2017-11-21 04:52:04,921] Main.Replica<Replica:d7009#OlympusNode>:OUTPUT: [Replica 1 :]>> Shuttle:  put('andi','mandi sandi')  to Replica:  2
[2017-11-21 04:52:04,923] Main.Replica<Replica:d700a#OlympusNode>:OUTPUT: [Replica 2 :]<< forward_shuttle :  7 , len :  7
[2017-11-21 04:52:04,923] Main.Replica<Replica:d700a#OlympusNode>:OUTPUT: [Replica 2 :]<< Shuttle:  put('andi','mandi sandi')  from Replica:  1
[2017-11-21 04:52:04,923] Main.Replica<Replica:d700b#OlympusNode>:OUTPUT: [Replica 0 :]>> Sending Check Point Shuttle: to Replica:  1
[2017-11-21 04:52:04,924] Main.Replica<Replica:d700a#OlympusNode>:OUTPUT: [Replica 2 :] Perform:  put('andi','mandi sandi')
[2017-11-21 04:52:04,924] Main.Replica<Replica:d700a#OlympusNode>:OUTPUT: [Replica 2 :] Perform:  put('andi','mandi sandi') , result:  OK
[2017-11-21 04:52:04,925] Main.Replica<Replica:d7009#OlympusNode>:OUTPUT: [Replica 1 ]: Received check point shuttle:  6
[2017-11-21 04:52:04,926] Main.Replica<Replica:d700a#OlympusNode>:OUTPUT: [Replica 2 :]>> res_operation:  put('andi','mandi sandi')  result:  OK
[2017-11-21 04:52:04,930] Client.Client<Client:28c02#ClientNode>:OUTPUT: [Client 0 :]<< res_operation:  put('andi','mandi sandi')  Result:  OK
[2017-11-21 04:52:04,929] Main.Replica<Replica:d700a#OlympusNode>:OUTPUT: [Replica 2 :]>> Result Shuttle:  put('andi','mandi sandi')  to Replica:  1
[2017-11-21 04:52:04,931] Client.Client<Client:28c02#ClientNode>:OUTPUT: [Client 0 :]>> req_operation:  slice('andi','0:4')  : config:  2
[2017-11-21 04:52:04,928] Main.Replica<Replica:d7009#OlympusNode>:OUTPUT: [Replica 1 ]: Check point shuttle verified
[2017-11-21 04:52:04,933] Main.Replica<Replica:d700b#OlympusNode>:OUTPUT: [Replica 0 :]<< req_operation:  slice('andi','0:4')  Client:  0
[2017-11-21 04:52:04,933] Main.Replica<Replica:d700b#OlympusNode>:OUTPUT: Slot:  8  : Operation:  slice('andi','0:4')
[2017-11-21 04:52:04,934] Main.Replica<Replica:d7009#OlympusNode>:OUTPUT: [Replica 1 :]>> Check Point Shuttle: to Replica:  2
[2017-11-21 04:52:04,934] Main.Replica<Replica:d700b#OlympusNode>:OUTPUT: [Replica 0 :] Perform:  slice('andi','0:4')
[2017-11-21 04:52:04,935] Main.Replica<Replica:d700b#OlympusNode>:OUTPUT: [Replica 0 :] Perform:  slice('andi','0:4') , result:  OK
[2017-11-21 04:52:04,936] Main.Replica<Replica:d700a#OlympusNode>:OUTPUT: [Replica 2 ]: Received check point shuttle:  6
[2017-11-21 04:52:04,937] Main.Replica<Replica:d7009#OlympusNode>:OUTPUT: [Replica 1 :]<< Result Shuttle:  put('andi','mandi sandi')  to Replica:  2
[2017-11-21 04:52:04,937] Main.Replica<Replica:d700b#OlympusNode>:OUTPUT: [Replica 0 :]>> Shuttle:  slice('andi','0:4')  to Replica:  1
[2017-11-21 04:52:04,938] Main.Replica<Replica:d7009#OlympusNode>:OUTPUT: [Replica 1 :]>> Result Shuttle:  put('andi','mandi sandi')  to Replica:  0
[2017-11-21 04:52:04,938] Main.Replica<Replica:d700a#OlympusNode>:OUTPUT: [Replica 2 ]: Check point shuttle verified
[2017-11-21 04:52:04,940] Main.Replica<Replica:d7009#OlympusNode>:OUTPUT: [Replica 1 :]<< forward_shuttle :  8 , len :  8
[2017-11-21 04:52:04,941] Main.Replica<Replica:d7009#OlympusNode>:OUTPUT: [Replica 1 :]<< Shuttle:  slice('andi','0:4')  from Replica:  0
[2017-11-21 04:52:04,942] Main.Replica<Replica:d7009#OlympusNode>:OUTPUT: [Replica 1 :] Perform:  slice('andi','0:4')
[2017-11-21 04:52:04,942] Main.Replica<Replica:d700a#OlympusNode>:OUTPUT: [Replica 2 ]: Removing entries from history upto : 6  : history length:  4
[2017-11-21 04:52:04,942] Main.Replica<Replica:d7009#OlympusNode>:OUTPUT: [Replica 1 :] Perform:  slice('andi','0:4') , result:  OK
[2017-11-21 04:52:04,942] Main.Replica<Replica:d700a#OlympusNode>:OUTPUT: [Replica 2 :]>> Completed Check Point Shuttle: to Replica:  1
[2017-11-21 04:52:04,942] Main.Replica<Replica:d700b#OlympusNode>:OUTPUT: [Replica 0 :]<< Result Shuttle:  put('andi','mandi sandi')  to Replica:  1
[2017-11-21 04:52:04,944] Main.Replica<Replica:d7009#OlympusNode>:OUTPUT: [Replica 1 :]>> Shuttle:  slice('andi','0:4')  to Replica:  2
[2017-11-21 04:52:04,946] Main.Replica<Replica:d7009#OlympusNode>:OUTPUT: [Replica 1 ]: Received completed check point shuttle
[2017-11-21 04:52:04,946] Main.Replica<Replica:d700a#OlympusNode>:OUTPUT: [Replica 2 :]<< forward_shuttle :  8 , len :  8
[2017-11-21 04:52:04,947] Main.Replica<Replica:d700a#OlympusNode>:OUTPUT: [Replica 2 :]<< Shuttle:  slice('andi','0:4')  from Replica:  1
[2017-11-21 04:52:04,949] Main.Replica<Replica:d700a#OlympusNode>:OUTPUT: [Replica 2 :] Perform:  slice('andi','0:4')
[2017-11-21 04:52:04,949] Main.Replica<Replica:d7009#OlympusNode>:OUTPUT: [Replica 1 ]: Completed Check point shuttle verified
[2017-11-21 04:52:04,949] Main.Replica<Replica:d7009#OlympusNode>:OUTPUT: [Replica 1 ]: Removing entries from history upto : 6  : history length:  4
[2017-11-21 04:52:04,949] Main.Replica<Replica:d700a#OlympusNode>:OUTPUT: [Replica 2 :] Perform:  slice('andi','0:4') , result:  OK
[2017-11-21 04:52:04,949] Main.Replica<Replica:d7009#OlympusNode>:OUTPUT: [Replica 1 ]: New History : 1
[2017-11-21 04:52:04,950] Main.Replica<Replica:d7009#OlympusNode>:OUTPUT: [Replica 1 :]>> Completed Check Point Shuttle: to Replica:  0
[2017-11-21 04:52:04,951] Main.Replica<Replica:d700a#OlympusNode>:OUTPUT: [Replica 2 :]>> res_operation:  slice('andi','0:4')  result:  OK
[2017-11-21 04:52:04,952] Main.Replica<Replica:d700b#OlympusNode>:OUTPUT: [Replica 0 ]: Received completed check point shuttle
[2017-11-21 04:52:04,954] Main.Replica<Replica:d700a#OlympusNode>:OUTPUT: [Replica 2 :]>> Result Shuttle:  slice('andi','0:4')  to Replica:  1
[2017-11-21 04:52:04,954] Client.Client<Client:28c02#ClientNode>:OUTPUT: [Client 0 :]<< res_operation:  slice('andi','0:4')  Result:  OK
[2017-11-21 04:52:04,954] Main.Replica<Replica:d700b#OlympusNode>:OUTPUT: [Replica 0 ]: Completed Check point shuttle verified
[2017-11-21 04:52:04,954] Main.Replica<Replica:d700b#OlympusNode>:OUTPUT: [Replica 0 ]: Removing entries from history upto : 6  : history length:  4
[2017-11-21 04:52:04,954] Client.Client<Client:28c02#ClientNode>:OUTPUT: [Client 0 :]>> req_operation:  get('andi')  : config:  2
[2017-11-21 04:52:04,955] Main.Replica<Replica:d700b#OlympusNode>:OUTPUT: [Replica 0 ]: New History : 1
[2017-11-21 04:52:04,956] Main.Replica<Replica:d700b#OlympusNode>:OUTPUT: [Replica 0 :]<< req_operation:  get('andi')  Client:  0
[2017-11-21 04:52:04,957] Main.Replica<Replica:d7009#OlympusNode>:OUTPUT: [Replica 1 :]<< Result Shuttle:  slice('andi','0:4')  to Replica:  2
[2017-11-21 04:52:04,957] Main.Replica<Replica:d700b#OlympusNode>:OUTPUT: Slot:  9  : Operation:  get('andi')
[2017-11-21 04:52:04,957] Main.Replica<Replica:d7009#OlympusNode>:OUTPUT: [Replica 1 :]>> Result Shuttle:  slice('andi','0:4')  to Replica:  0
[2017-11-21 04:52:04,958] Main.Replica<Replica:d700b#OlympusNode>:OUTPUT: [Replica 0 :] Perform:  get('andi')
[2017-11-21 04:52:04,959] Main.Replica<Replica:d700b#OlympusNode>:OUTPUT: [Replica 0 :] Perform:  get('andi') , result:  mand
[2017-11-21 04:52:04,961] Main.Replica<Replica:d700b#OlympusNode>:OUTPUT: [Replica 0 :]>> Shuttle:  get('andi')  to Replica:  1
[2017-11-21 04:52:04,963] Main.Replica<Replica:d7009#OlympusNode>:OUTPUT: [Replica 1 :]<< forward_shuttle :  9 , len :  9
[2017-11-21 04:52:04,963] Main.Replica<Replica:d7009#OlympusNode>:OUTPUT: [Replica 1 :]<< Shuttle:  get('andi')  from Replica:  0
[2017-11-21 04:52:04,964] Main.Replica<Replica:d700b#OlympusNode>:OUTPUT: [Replica 0 :]<< Result Shuttle:  slice('andi','0:4')  to Replica:  1
[2017-11-21 04:52:04,968] Main.Replica<Replica:d7009#OlympusNode>:OUTPUT: [Replica 1 :] Perform:  get('andi')
[2017-11-21 04:52:04,968] Main.Replica<Replica:d7009#OlympusNode>:OUTPUT: [Replica 1 :] Perform:  get('andi') , result:  mand
[2017-11-21 04:52:04,970] Main.Replica<Replica:d7009#OlympusNode>:OUTPUT: [Replica 1 :]>> Shuttle:  get('andi')  to Replica:  2
[2017-11-21 04:52:04,975] Main.Replica<Replica:d700a#OlympusNode>:OUTPUT: [Replica 2 :]<< forward_shuttle :  9 , len :  9
[2017-11-21 04:52:04,976] Main.Replica<Replica:d700a#OlympusNode>:OUTPUT: [Replica 2 :]<< Shuttle:  get('andi')  from Replica:  1
[2017-11-21 04:52:04,978] Main.Replica<Replica:d700a#OlympusNode>:OUTPUT: [Replica 2 :] Perform:  get('andi')
[2017-11-21 04:52:04,978] Main.Replica<Replica:d700a#OlympusNode>:OUTPUT: [Replica 2 :] Perform:  get('andi') , result:  mand
[2017-11-21 04:52:04,980] Main.Replica<Replica:d700a#OlympusNode>:OUTPUT: [Replica 2 :]>> res_operation:  get('andi')  result:  mand
[2017-11-21 04:52:04,983] Client.Client<Client:28c02#ClientNode>:OUTPUT: [Client 0 :]<< res_operation:  get('andi')  Result:  mand
[2017-11-21 04:52:04,983] Main.Replica<Replica:d700a#OlympusNode>:OUTPUT: [Replica 2 :]>> Result Shuttle:  get('andi')  to Replica:  1
[2017-11-21 04:52:04,983] Client.Client<Client:28c02#ClientNode>:OUTPUT: [Client 0 :] Test case completed! Validating Result
[2017-11-21 04:52:04,987] Main.Replica<Replica:d7009#OlympusNode>:OUTPUT: [Replica 1 :]<< Result Shuttle:  get('andi')  to Replica:  2
[2017-11-21 04:52:04,987] Main.Replica<Replica:d7009#OlympusNode>:OUTPUT: [Replica 1 :]>> Result Shuttle:  get('andi')  to Replica:  0
[2017-11-21 04:52:04,988] Client.Client<Client:28c02#ClientNode>:OUTPUT: [Client 0 :] Valid Final Result! Client:  ['OK', 'OK', 'luke', 'OK', 'OK', 'mata', 'OK', 'OK', 'mand'] , Replica:  ['OK', 'OK', 'luke', 'OK', 'OK', 'mata', 'OK', 'OK', 'mand']
[2017-11-21 04:52:04,992] Main.Replica<Replica:d700b#OlympusNode>:OUTPUT: [Replica 0 :]<< Result Shuttle:  get('andi')  to Replica:  1
[2017-11-21 04:52:04,994] Main.Replica<Replica:d700b#OlympusNode>:OUTPUT: [Replica 0 :]>> Sending Check Point Shuttle: to Replica:  1
[2017-11-21 04:52:04,995] Main.Replica<Replica:d7009#OlympusNode>:OUTPUT: [Replica 1 ]: Received check point shuttle:  9
[2017-11-21 04:52:04,997] Main.Replica<Replica:d7009#OlympusNode>:OUTPUT: [Replica 1 ]: Check point shuttle verified
[2017-11-21 04:52:04,998] Main.Replica<Replica:d7009#OlympusNode>:OUTPUT: [Replica 1 :]>> Check Point Shuttle: to Replica:  2
[2017-11-21 04:52:05,000] Main.Replica<Replica:d700a#OlympusNode>:OUTPUT: [Replica 2 ]: Received check point shuttle:  9
[2017-11-21 04:52:05,002] Main.Replica<Replica:d700a#OlympusNode>:OUTPUT: [Replica 2 ]: Check point shuttle verified
[2017-11-21 04:52:05,005] Main.Replica<Replica:d700a#OlympusNode>:OUTPUT: [Replica 2 ]: Removing entries from history upto : 9  : history length:  3
[2017-11-21 04:52:05,005] Main.Replica<Replica:d700a#OlympusNode>:OUTPUT: [Replica 2 :]>> Completed Check Point Shuttle: to Replica:  1
[2017-11-21 04:52:05,007] Main.Replica<Replica:d7009#OlympusNode>:OUTPUT: [Replica 1 ]: Received completed check point shuttle
[2017-11-21 04:52:05,010] Main.Replica<Replica:d7009#OlympusNode>:OUTPUT: [Replica 1 ]: Completed Check point shuttle verified
[2017-11-21 04:52:05,010] Main.Replica<Replica:d7009#OlympusNode>:OUTPUT: [Replica 1 ]: Removing entries from history upto : 9  : history length:  3
[2017-11-21 04:52:05,011] Main.Replica<Replica:d7009#OlympusNode>:OUTPUT: [Replica 1 ]: New History : 0
[2017-11-21 04:52:05,011] Main.Replica<Replica:d7009#OlympusNode>:OUTPUT: [Replica 1 :]>> Completed Check Point Shuttle: to Replica:  0
[2017-11-21 04:52:05,013] Main.Replica<Replica:d700b#OlympusNode>:OUTPUT: [Replica 0 ]: Received completed check point shuttle
[2017-11-21 04:52:05,017] Main.Replica<Replica:d700b#OlympusNode>:OUTPUT: [Replica 0 ]: Completed Check point shuttle verified
[2017-11-21 04:52:05,017] Main.Replica<Replica:d700b#OlympusNode>:OUTPUT: [Replica 0 ]: Removing entries from history upto : 9  : history length:  3
[2017-11-21 04:52:05,018] Main.Replica<Replica:d700b#OlympusNode>:OUTPUT: [Replica 0 ]: New History : 0
[2017-11-21 04:52:10,888] da.api<MainProcess>:WARNING: Received keyboard interrupt. 
