[2017-10-22 22:12:46,211] da.api<MainProcess>:INFO: Bootstrapping attempt failed due to BootstrapException('Unable to contact a peer node.',),  continuing as a master node (use '--master' to disable bootstrapping at startup).
[2017-10-22 22:12:46,211] da.api<MainProcess>:INFO: <Node_:ClientNode> initialized at 127.0.0.1:(UdpTransport=15000, TcpTransport=15000).
[2017-10-22 22:12:46,211] da.api<MainProcess>:INFO: Starting program <module 'Main' from 'src/Main.py'>...
[2017-10-22 22:12:46,212] da.api<MainProcess>:INFO: Running iteration 1 ...
[2017-10-22 22:12:46,213] da.api<MainProcess>:INFO: Waiting for remaining child processes to terminate...(Press "Ctrl-C" to force kill)
[2017-10-22 22:12:46,234] Main.Node_<Node_:ClientNode>:INFO: Waiting to resolve name 'OlympusNode'...
[2017-10-22 22:12:48,153] da.sim.Router<MainProcess>:INFO: Bootstrap succeeded using <UdpTransport(127.0.0.1:32253)>.
[2017-10-22 22:12:48,153] da.api<MainProcess>:INFO: <Node_:OlympusNode> initialized at 127.0.0.1:(UdpTransport=32253, TcpTransport=27524).
[2017-10-22 22:12:48,153] da.api<MainProcess>:INFO: Starting program <module 'Main' from 'src/Main.py'>...
[2017-10-22 22:12:48,154] da.api<MainProcess>:INFO: Running iteration 1 ...
[2017-10-22 22:12:48,156] da.api<MainProcess>:INFO: Waiting for remaining child processes to terminate...(Press "Ctrl-C" to force kill)
[2017-10-22 22:12:48,193] Main.Olympus<Olympus:ed802#OlympusNode>:OUTPUT: [Olympus:] Setup
[2017-10-22 22:12:48,280] Client.Client<Client:f7c04#ClientNode>:OUTPUT: [Client 0 :] Workload:  pseudorandom(233,10)
[2017-10-22 22:12:48,281] Client.Client<Client:f7c04#ClientNode>:OUTPUT: ["get('ice')", "put('hello','hockey')", "slice('ice','0:4')", "get('hello')", "slice('moon','0:4')", "put('hello','walk')", "append('country','hockey')", "put('moon','walk')", "append('hello','India')", "append('moon','India')"]
[2017-10-22 22:12:48,319] Client.Client<Client:f7c03#ClientNode>:OUTPUT: [Client 1 :] Workload:  put('movie','star'); append('movie',' wars'); get('movie')
[2017-10-22 22:12:48,325] Client.Client<Client:f7c02#ClientNode>:OUTPUT: [Client 2 :] Workload:  put('jedi','luke skywalker'); slice('jedi','0:4'); get('jedi')
[2017-10-22 22:12:48,328] Main.Olympus<Olympus:ed802#OlympusNode>:OUTPUT: [Olympus:] Started
[2017-10-22 22:12:48,330] Client.Client<Client:f7c04#ClientNode>:OUTPUT: [Client 0 :] Started
[2017-10-22 22:12:48,348] Main.Olympus<Olympus:ed802#OlympusNode>:OUTPUT: [Olympus:]<< req_get_current_configuration
[2017-10-22 22:12:48,349] Main.Olympus<Olympus:ed802#OlympusNode>:OUTPUT: [Olympus:] Making New Configuration
[2017-10-22 22:12:48,360] Client.Client<Client:f7c03#ClientNode>:OUTPUT: [Client 1 :] Started
[2017-10-22 22:12:48,368] Client.Client<Client:f7c02#ClientNode>:OUTPUT: [Client 2 :] Started
[2017-10-22 22:12:48,369] da.api<MainProcess>:INFO: Main process terminated.
[2017-10-22 22:12:48,481] Main.Replica<Replica:ed806#OlympusNode>:OUTPUT: [Replica 0 :] Started:  head ACTIVE
[2017-10-22 22:12:48,505] Main.Replica<Replica:ed803#OlympusNode>:OUTPUT: [Replica 1 :] Started:  normal_replica ACTIVE
[2017-10-22 22:12:48,509] Main.Replica<Replica:ed804#OlympusNode>:OUTPUT: [Replica 2 :] Started:  normal_replica ACTIVE
[2017-10-22 22:12:48,513] Main.Replica<Replica:ed805#OlympusNode>:OUTPUT: [Replica 3 :] Started:  normal_replica ACTIVE
[2017-10-22 22:12:48,517] Main.Replica<Replica:ed807#OlympusNode>:OUTPUT: [Replica 4 :] Started:  tail ACTIVE
[2017-10-22 22:12:48,517] Main.Olympus<Olympus:ed802#OlympusNode>:OUTPUT: [Olympus:]>> res_get_current_configuration
[2017-10-22 22:12:48,520] Main.Olympus<Olympus:ed802#OlympusNode>:OUTPUT: [Olympus:]<< req_get_current_configuration
[2017-10-22 22:12:48,521] Main.Olympus<Olympus:ed802#OlympusNode>:OUTPUT: [Olympus:]>> res_get_current_configuration
[2017-10-22 22:12:48,523] Main.Olympus<Olympus:ed802#OlympusNode>:OUTPUT: [Olympus:]<< req_get_current_configuration
[2017-10-22 22:12:48,523] Client.Client<Client:f7c04#ClientNode>:OUTPUT: [Client 0 :]>> req_operation:  get('ice')
[2017-10-22 22:12:48,523] Main.Olympus<Olympus:ed802#OlympusNode>:OUTPUT: [Olympus:]>> res_get_current_configuration
[2017-10-22 22:12:48,526] Client.Client<Client:f7c03#ClientNode>:OUTPUT: [Client 1 :]>> req_operation:  put('movie','star')
[2017-10-22 22:12:48,529] Client.Client<Client:f7c02#ClientNode>:OUTPUT: [Client 2 :]>> req_operation:  put('jedi','luke skywalker')
[2017-10-22 22:12:48,529] Main.Replica<Replica:ed806#OlympusNode>:OUTPUT: [Replica 0 :]<< req_operation:  get('ice')  Client:  0
[2017-10-22 22:12:48,532] Main.Replica<Replica:ed806#OlympusNode>:OUTPUT: [Replica 0 :] Perform:  get('ice')
[2017-10-22 22:12:48,537] Main.Replica<Replica:ed806#OlympusNode>:OUTPUT: [Replica 0 :]>> Shuttle:  get('ice')  to Replica:  1
[2017-10-22 22:12:48,539] Main.Replica<Replica:ed806#OlympusNode>:OUTPUT: [Replica 0 :]<< req_operation:  put('movie','star')  Client:  1
[2017-10-22 22:12:48,540] Main.Replica<Replica:ed806#OlympusNode>:OUTPUT: [Replica 0 :] Perform:  put('movie','star')
[2017-10-22 22:12:48,542] Main.Replica<Replica:ed803#OlympusNode>:OUTPUT: [Replica 1 :]<< Shuttle:  get('ice')  from Replica:  0
[2017-10-22 22:12:48,542] Main.Replica<Replica:ed806#OlympusNode>:OUTPUT: [Replica 0 :]>> Shuttle:  put('movie','star')  to Replica:  1
[2017-10-22 22:12:48,543] Main.Replica<Replica:ed806#OlympusNode>:OUTPUT: [Replica 0 :]<< req_operation:  put('jedi','luke skywalker')  Client:  2
[2017-10-22 22:12:48,545] Main.Replica<Replica:ed806#OlympusNode>:OUTPUT: [Replica 0 :] Perform:  put('jedi','luke skywalker')
[2017-10-22 22:12:48,545] Main.Replica<Replica:ed803#OlympusNode>:OUTPUT: [Replica 1 :] Perform:  get('ice')
[2017-10-22 22:12:48,548] Main.Replica<Replica:ed803#OlympusNode>:OUTPUT: [Replica 1 :]>> Shuttle:  get('ice')  to Replica:  2
[2017-10-22 22:12:48,550] Main.Replica<Replica:ed803#OlympusNode>:OUTPUT: [Replica 1 :]<< Shuttle:  put('movie','star')  from Replica:  0
[2017-10-22 22:12:48,549] Main.Replica<Replica:ed806#OlympusNode>:OUTPUT: [Replica 0 :]>> Shuttle:  put('jedi','luke skywalker')  to Replica:  1
[2017-10-22 22:12:48,552] Main.Replica<Replica:ed803#OlympusNode>:OUTPUT: [Replica 1 :] Perform:  put('movie','star')
[2017-10-22 22:12:48,554] Main.Replica<Replica:ed803#OlympusNode>:OUTPUT: [Replica 1 :]>> Shuttle:  put('movie','star')  to Replica:  2
[2017-10-22 22:12:48,554] Main.Replica<Replica:ed804#OlympusNode>:OUTPUT: [Replica 2 :]<< Shuttle:  get('ice')  from Replica:  1
[2017-10-22 22:12:48,557] Main.Replica<Replica:ed804#OlympusNode>:OUTPUT: [Replica 2 :] Perform:  get('ice')
[2017-10-22 22:12:48,559] Main.Replica<Replica:ed804#OlympusNode>:OUTPUT: [Replica 2 :]>> Shuttle:  get('ice')  to Replica:  3
[2017-10-22 22:12:48,561] Main.Replica<Replica:ed804#OlympusNode>:OUTPUT: [Replica 2 :]<< Shuttle:  put('movie','star')  from Replica:  1
[2017-10-22 22:12:48,562] Main.Replica<Replica:ed804#OlympusNode>:OUTPUT: [Replica 2 :] Perform:  put('movie','star')
[2017-10-22 22:12:48,564] Main.Replica<Replica:ed805#OlympusNode>:OUTPUT: [Replica 3 :]<< Shuttle:  get('ice')  from Replica:  2
[2017-10-22 22:12:48,565] Main.Replica<Replica:ed804#OlympusNode>:OUTPUT: [Replica 2 :]>> Shuttle:  put('movie','star')  to Replica:  3
[2017-10-22 22:12:48,567] Main.Replica<Replica:ed805#OlympusNode>:OUTPUT: [Replica 3 :] Perform:  get('ice')
[2017-10-22 22:12:48,569] Main.Replica<Replica:ed805#OlympusNode>:OUTPUT: [Replica 3 :]>> Shuttle:  get('ice')  to Replica:  4
[2017-10-22 22:12:48,573] Main.Replica<Replica:ed805#OlympusNode>:OUTPUT: [Replica 3 :]<< Shuttle:  put('movie','star')  from Replica:  2
[2017-10-22 22:12:48,574] Main.Replica<Replica:ed807#OlympusNode>:OUTPUT: [Replica 4 :]<< Shuttle:  get('ice')  from Replica:  3
[2017-10-22 22:12:48,575] Main.Replica<Replica:ed805#OlympusNode>:OUTPUT: [Replica 3 :] Perform:  put('movie','star')
[2017-10-22 22:12:48,576] Main.Replica<Replica:ed805#OlympusNode>:OUTPUT: [Replica 3 :]>> Shuttle:  put('movie','star')  to Replica:  4
[2017-10-22 22:12:48,579] Main.Replica<Replica:ed807#OlympusNode>:OUTPUT: [Replica 4 :] Perform:  get('ice')
[2017-10-22 22:12:48,582] Main.Replica<Replica:ed807#OlympusNode>:OUTPUT: [Replica 4 :]>> res_operation:  get('ice')  result:  
[2017-10-22 22:12:48,585] Main.Replica<Replica:ed803#OlympusNode>:OUTPUT: [Replica 1 :]<< Shuttle:  put('jedi','luke skywalker')  from Replica:  0
[2017-10-22 22:12:48,586] Main.Replica<Replica:ed807#OlympusNode>:OUTPUT: [Replica 4 :]>> Result Shuttle:  get('ice')  to Replica:  3
[2017-10-22 22:12:48,587] Main.Replica<Replica:ed803#OlympusNode>:OUTPUT: [Replica 1 :] Perform:  put('jedi','luke skywalker')
[2017-10-22 22:12:48,590] Main.Replica<Replica:ed807#OlympusNode>:OUTPUT: [Replica 4 :]<< Shuttle:  put('movie','star')  from Replica:  3
[2017-10-22 22:12:48,592] Main.Replica<Replica:ed803#OlympusNode>:OUTPUT: [Replica 1 :]>> Shuttle:  put('jedi','luke skywalker')  to Replica:  2
[2017-10-22 22:12:48,592] Client.Client<Client:f7c04#ClientNode>:OUTPUT: [Client 0 :]<< res_operation:  get('ice')  Result:  
[2017-10-22 22:12:48,593] Main.Replica<Replica:ed807#OlympusNode>:OUTPUT: [Replica 4 :] Perform:  put('movie','star')
[2017-10-22 22:12:48,593] Client.Client<Client:f7c04#ClientNode>:OUTPUT: [Client 0 :]>> req_operation:  put('hello','hockey')
[2017-10-22 22:12:48,595] Main.Replica<Replica:ed805#OlympusNode>:OUTPUT: [Replica 3 :]<< Result Shuttle:  get('ice')  to Replica:  4
[2017-10-22 22:12:48,595] Main.Replica<Replica:ed806#OlympusNode>:OUTPUT: [Replica 0 :]<< req_operation:  put('hello','hockey')  Client:  0
[2017-10-22 22:12:48,595] Main.Replica<Replica:ed805#OlympusNode>:OUTPUT: [Replica 3 :]>> Result Shuttle:  get('ice')  to Replica:  2
[2017-10-22 22:12:48,596] Main.Replica<Replica:ed806#OlympusNode>:OUTPUT: [Replica 0 :] Perform:  put('hello','hockey')
[2017-10-22 22:12:48,597] Main.Replica<Replica:ed804#OlympusNode>:OUTPUT: [Replica 2 :]<< Shuttle:  put('jedi','luke skywalker')  from Replica:  1
[2017-10-22 22:12:48,598] Main.Replica<Replica:ed806#OlympusNode>:OUTPUT: [Replica 0 :]>> Shuttle:  put('hello','hockey')  to Replica:  1
[2017-10-22 22:12:48,599] Main.Replica<Replica:ed807#OlympusNode>:OUTPUT: [Replica 4 :]>> res_operation:  put('movie','star')  result:  OK
[2017-10-22 22:12:48,599] Main.Replica<Replica:ed803#OlympusNode>:OUTPUT: [Replica 1 :]<< Shuttle:  put('hello','hockey')  from Replica:  0
[2017-10-22 22:12:48,601] Main.Replica<Replica:ed803#OlympusNode>:OUTPUT: [Replica 1 :] Perform:  put('hello','hockey')
[2017-10-22 22:12:48,601] Main.Replica<Replica:ed803#OlympusNode>:OUTPUT: [Replica 1 :]>> Shuttle:  put('hello','hockey')  to Replica:  2
[2017-10-22 22:12:48,602] Main.Replica<Replica:ed807#OlympusNode>:OUTPUT: [Replica 4 :]>> Result Shuttle:  put('movie','star')  to Replica:  3
[2017-10-22 22:12:48,603] Client.Client<Client:f7c03#ClientNode>:OUTPUT: [Client 1 :]<< res_operation:  put('movie','star')  Result:  OK
[2017-10-22 22:12:48,604] Client.Client<Client:f7c03#ClientNode>:OUTPUT: [Client 1 :]>> req_operation:  append('movie',' wars')
[2017-10-22 22:12:48,605] Main.Replica<Replica:ed804#OlympusNode>:OUTPUT: [Replica 2 :] Perform:  put('jedi','luke skywalker')
[2017-10-22 22:12:48,606] Main.Replica<Replica:ed804#OlympusNode>:OUTPUT: [Replica 2 :]>> Shuttle:  put('jedi','luke skywalker')  to Replica:  3
[2017-10-22 22:12:48,607] Main.Replica<Replica:ed806#OlympusNode>:OUTPUT: [Replica 0 :]<< req_operation:  append('movie',' wars')  Client:  1
[2017-10-22 22:12:48,607] Main.Replica<Replica:ed805#OlympusNode>:OUTPUT: [Replica 3 :]<< Result Shuttle:  put('movie','star')  to Replica:  4
[2017-10-22 22:12:48,607] Main.Replica<Replica:ed805#OlympusNode>:OUTPUT: [Replica 3 :]>> Result Shuttle:  put('movie','star')  to Replica:  2
[2017-10-22 22:12:48,608] Main.Replica<Replica:ed806#OlympusNode>:OUTPUT: [Replica 0 :] Perform:  append('movie',' wars')
[2017-10-22 22:12:48,610] Main.Replica<Replica:ed804#OlympusNode>:OUTPUT: [Replica 2 :]<< Result Shuttle:  get('ice')  to Replica:  3
[2017-10-22 22:12:48,610] Main.Replica<Replica:ed804#OlympusNode>:OUTPUT: [Replica 2 :]>> Result Shuttle:  get('ice')  to Replica:  1
[2017-10-22 22:12:48,612] Main.Replica<Replica:ed806#OlympusNode>:OUTPUT: [Replica 0 :]>> Shuttle:  append('movie',' wars')  to Replica:  1
[2017-10-22 22:12:48,610] Main.Replica<Replica:ed805#OlympusNode>:OUTPUT: [Replica 3 :]<< Shuttle:  put('jedi','luke skywalker')  from Replica:  2
[2017-10-22 22:12:48,612] Main.Replica<Replica:ed804#OlympusNode>:OUTPUT: [Replica 2 :]<< Shuttle:  put('hello','hockey')  from Replica:  1
[2017-10-22 22:12:48,615] Main.Replica<Replica:ed804#OlympusNode>:OUTPUT: [Replica 2 :] Perform:  put('hello','hockey')
[2017-10-22 22:12:48,617] Main.Replica<Replica:ed804#OlympusNode>:OUTPUT: [Replica 2 :]>> Shuttle:  put('hello','hockey')  to Replica:  3
[2017-10-22 22:12:48,615] Main.Replica<Replica:ed803#OlympusNode>:OUTPUT: [Replica 1 :]<< Result Shuttle:  get('ice')  to Replica:  2
[2017-10-22 22:12:48,615] Main.Replica<Replica:ed805#OlympusNode>:OUTPUT: [Replica 3 :] Perform:  put('jedi','luke skywalker')
[2017-10-22 22:12:48,619] Main.Replica<Replica:ed803#OlympusNode>:OUTPUT: [Replica 1 :]>> Result Shuttle:  get('ice')  to Replica:  0
[2017-10-22 22:12:48,621] Main.Replica<Replica:ed805#OlympusNode>:OUTPUT: [Replica 3 :]>> Shuttle:  put('jedi','luke skywalker')  to Replica:  4
[2017-10-22 22:12:48,622] Main.Replica<Replica:ed804#OlympusNode>:OUTPUT: [Replica 2 :]<< Result Shuttle:  put('movie','star')  to Replica:  3
[2017-10-22 22:12:48,624] Main.Replica<Replica:ed805#OlympusNode>:OUTPUT: [Replica 3 :]<< Shuttle:  put('hello','hockey')  from Replica:  2
[2017-10-22 22:12:48,624] Main.Replica<Replica:ed804#OlympusNode>:OUTPUT: [Replica 2 :]>> Result Shuttle:  put('movie','star')  to Replica:  1
[2017-10-22 22:12:48,627] Main.Replica<Replica:ed807#OlympusNode>:OUTPUT: [Replica 4 :]<< Shuttle:  put('jedi','luke skywalker')  from Replica:  3
[2017-10-22 22:12:48,628] Main.Replica<Replica:ed805#OlympusNode>:OUTPUT: [Replica 3 :] Perform:  put('hello','hockey')
[2017-10-22 22:12:48,625] Main.Replica<Replica:ed803#OlympusNode>:OUTPUT: [Replica 1 :]<< Shuttle:  append('movie',' wars')  from Replica:  0
[2017-10-22 22:12:48,629] Main.Replica<Replica:ed805#OlympusNode>:OUTPUT: [Replica 3 :]>> Shuttle:  put('hello','hockey')  to Replica:  4
[2017-10-22 22:12:48,631] Main.Replica<Replica:ed806#OlympusNode>:OUTPUT: [Replica 0 :]<< Result Shuttle:  get('ice')  to Replica:  1
[2017-10-22 22:12:48,629] Main.Replica<Replica:ed803#OlympusNode>:OUTPUT: [Replica 1 :] Perform:  append('movie',' wars')
[2017-10-22 22:12:48,631] Main.Replica<Replica:ed807#OlympusNode>:OUTPUT: [Replica 4 :] Perform:  put('jedi','luke skywalker')
[2017-10-22 22:12:48,632] Main.Replica<Replica:ed803#OlympusNode>:OUTPUT: [Replica 1 :]>> Shuttle:  append('movie',' wars')  to Replica:  2
[2017-10-22 22:12:48,634] Main.Replica<Replica:ed807#OlympusNode>:OUTPUT: [Replica 4 :]>> res_operation:  put('jedi','luke skywalker')  result:  OK
[2017-10-22 22:12:48,634] Main.Replica<Replica:ed804#OlympusNode>:OUTPUT: [Replica 2 :]<< Shuttle:  append('movie',' wars')  from Replica:  1
[2017-10-22 22:12:48,636] Main.Replica<Replica:ed804#OlympusNode>:OUTPUT: [Replica 2 :] Perform:  append('movie',' wars')
[2017-10-22 22:12:48,637] Main.Replica<Replica:ed807#OlympusNode>:OUTPUT: [Replica 4 :]>> Result Shuttle:  put('jedi','luke skywalker')  to Replica:  3
[2017-10-22 22:12:48,638] Main.Replica<Replica:ed804#OlympusNode>:OUTPUT: [Replica 2 :]>> Shuttle:  append('movie',' wars')  to Replica:  3
[2017-10-22 22:12:48,638] Client.Client<Client:f7c02#ClientNode>:OUTPUT: [Client 2 :]<< res_operation:  put('jedi','luke skywalker')  Result:  OK
[2017-10-22 22:12:48,639] Client.Client<Client:f7c02#ClientNode>:OUTPUT: [Client 2 :]>> req_operation:  slice('jedi','0:4')
[2017-10-22 22:12:48,639] Main.Replica<Replica:ed807#OlympusNode>:OUTPUT: [Replica 4 :]<< Shuttle:  put('hello','hockey')  from Replica:  3
[2017-10-22 22:12:48,641] Main.Replica<Replica:ed806#OlympusNode>:OUTPUT: [Replica 0 :]<< req_operation:  slice('jedi','0:4')  Client:  2
[2017-10-22 22:12:48,642] Main.Replica<Replica:ed807#OlympusNode>:OUTPUT: [Replica 4 :] Perform:  put('hello','hockey')
[2017-10-22 22:12:48,642] Main.Replica<Replica:ed806#OlympusNode>:OUTPUT: [Replica 0 :] Perform:  slice('jedi','0:4')
[2017-10-22 22:12:48,643] Main.Replica<Replica:ed805#OlympusNode>:OUTPUT: [Replica 3 :]<< Shuttle:  append('movie',' wars')  from Replica:  2
[2017-10-22 22:12:48,645] Main.Replica<Replica:ed806#OlympusNode>:OUTPUT: [Replica 0 :]>> Shuttle:  slice('jedi','0:4')  to Replica:  1
[2017-10-22 22:12:48,646] Main.Replica<Replica:ed805#OlympusNode>:OUTPUT: [Replica 3 :] Perform:  append('movie',' wars')
[2017-10-22 22:12:48,648] Main.Replica<Replica:ed807#OlympusNode>:OUTPUT: [Replica 4 :]>> res_operation:  put('hello','hockey')  result:  OK
[2017-10-22 22:12:48,648] Client.Client<Client:f7c04#ClientNode>:OUTPUT: [Client 0 :]<< res_operation:  put('hello','hockey')  Result:  OK
[2017-10-22 22:12:48,648] Main.Replica<Replica:ed805#OlympusNode>:OUTPUT: [Replica 3 :]>> Shuttle:  append('movie',' wars')  to Replica:  4
[2017-10-22 22:12:48,648] Main.Replica<Replica:ed803#OlympusNode>:OUTPUT: [Replica 1 :]<< Result Shuttle:  put('movie','star')  to Replica:  2
[2017-10-22 22:12:48,649] Client.Client<Client:f7c04#ClientNode>:OUTPUT: [Client 0 :]>> req_operation:  slice('ice','0:4')
[2017-10-22 22:12:48,649] Main.Replica<Replica:ed803#OlympusNode>:OUTPUT: [Replica 1 :]>> Result Shuttle:  put('movie','star')  to Replica:  0
[2017-10-22 22:12:48,650] Main.Replica<Replica:ed803#OlympusNode>:OUTPUT: [Replica 1 :]<< Shuttle:  slice('jedi','0:4')  from Replica:  0
[2017-10-22 22:12:48,652] Main.Replica<Replica:ed807#OlympusNode>:OUTPUT: [Replica 4 :]>> Result Shuttle:  put('hello','hockey')  to Replica:  3
[2017-10-22 22:12:48,652] Main.Replica<Replica:ed805#OlympusNode>:OUTPUT: [Replica 3 :]<< Result Shuttle:  put('jedi','luke skywalker')  to Replica:  4
[2017-10-22 22:12:48,652] Main.Replica<Replica:ed806#OlympusNode>:OUTPUT: [Replica 0 :]<< req_operation:  slice('ice','0:4')  Client:  0
[2017-10-22 22:12:48,653] Main.Replica<Replica:ed805#OlympusNode>:OUTPUT: [Replica 3 :]>> Result Shuttle:  put('jedi','luke skywalker')  to Replica:  2
[2017-10-22 22:12:48,653] Main.Replica<Replica:ed806#OlympusNode>:OUTPUT: [Replica 0 :] Perform:  slice('ice','0:4')
[2017-10-22 22:12:48,655] Main.Replica<Replica:ed807#OlympusNode>:OUTPUT: [Replica 4 :]<< Shuttle:  append('movie',' wars')  from Replica:  3
[2017-10-22 22:12:48,652] Main.Replica<Replica:ed803#OlympusNode>:OUTPUT: [Replica 1 :] Perform:  slice('jedi','0:4')
[2017-10-22 22:12:48,657] Main.Replica<Replica:ed806#OlympusNode>:OUTPUT: [Replica 0 :]>> Shuttle:  slice('ice','0:4')  to Replica:  1
[2017-10-22 22:12:48,657] Main.Replica<Replica:ed807#OlympusNode>:OUTPUT: [Replica 4 :] Perform:  append('movie',' wars')
[2017-10-22 22:12:48,658] Main.Replica<Replica:ed803#OlympusNode>:OUTPUT: [Replica 1 :]>> Shuttle:  slice('jedi','0:4')  to Replica:  2
[2017-10-22 22:12:48,661] Main.Replica<Replica:ed807#OlympusNode>:OUTPUT: [Replica 4 :]>> res_operation:  append('movie',' wars')  result:  OK
[2017-10-22 22:12:48,664] Main.Replica<Replica:ed804#OlympusNode>:OUTPUT: [Replica 2 :]<< Result Shuttle:  put('jedi','luke skywalker')  to Replica:  3
[2017-10-22 22:12:48,664] Main.Replica<Replica:ed804#OlympusNode>:OUTPUT: [Replica 2 :]>> Result Shuttle:  put('jedi','luke skywalker')  to Replica:  1
[2017-10-22 22:12:48,664] Main.Replica<Replica:ed803#OlympusNode>:OUTPUT: [Replica 1 :]<< Shuttle:  slice('ice','0:4')  from Replica:  0
[2017-10-22 22:12:48,665] Client.Client<Client:f7c03#ClientNode>:OUTPUT: [Client 1 :]<< res_operation:  append('movie',' wars')  Result:  OK
[2017-10-22 22:12:48,665] Main.Replica<Replica:ed807#OlympusNode>:OUTPUT: [Replica 4 :]>> Result Shuttle:  append('movie',' wars')  to Replica:  3
[2017-10-22 22:12:48,665] Main.Replica<Replica:ed804#OlympusNode>:OUTPUT: [Replica 2 :]<< Shuttle:  slice('jedi','0:4')  from Replica:  1
[2017-10-22 22:12:48,666] Main.Replica<Replica:ed803#OlympusNode>:OUTPUT: [Replica 1 :] Perform:  slice('ice','0:4')
[2017-10-22 22:12:48,666] Client.Client<Client:f7c03#ClientNode>:OUTPUT: [Client 1 :]>> req_operation:  get('movie')
[2017-10-22 22:12:48,667] Main.Replica<Replica:ed803#OlympusNode>:OUTPUT: [Replica 1 :]>> Shuttle:  slice('ice','0:4')  to Replica:  2
[2017-10-22 22:12:48,669] Main.Replica<Replica:ed806#OlympusNode>:OUTPUT: [Replica 0 :]<< Result Shuttle:  put('movie','star')  to Replica:  1
[2017-10-22 22:12:48,669] Main.Replica<Replica:ed804#OlympusNode>:OUTPUT: [Replica 2 :] Perform:  slice('jedi','0:4')
[2017-10-22 22:12:48,669] Main.Replica<Replica:ed806#OlympusNode>:OUTPUT: [Replica 0 :]<< req_operation:  get('movie')  Client:  1
[2017-10-22 22:12:48,670] Main.Replica<Replica:ed806#OlympusNode>:OUTPUT: [Replica 0 :] Perform:  get('movie')
[2017-10-22 22:12:48,671] Main.Replica<Replica:ed804#OlympusNode>:OUTPUT: [Replica 2 :]>> Shuttle:  slice('jedi','0:4')  to Replica:  3
[2017-10-22 22:12:48,673] Main.Replica<Replica:ed806#OlympusNode>:OUTPUT: [Replica 0 :]>> Shuttle:  get('movie')  to Replica:  1
[2017-10-22 22:12:48,674] Main.Replica<Replica:ed804#OlympusNode>:OUTPUT: [Replica 2 :]<< Shuttle:  slice('ice','0:4')  from Replica:  1
[2017-10-22 22:12:48,675] Main.Replica<Replica:ed804#OlympusNode>:OUTPUT: [Replica 2 :] Perform:  slice('ice','0:4')
[2017-10-22 22:12:48,676] Main.Replica<Replica:ed803#OlympusNode>:OUTPUT: [Replica 1 :]<< Result Shuttle:  put('jedi','luke skywalker')  to Replica:  2
[2017-10-22 22:12:48,676] Main.Replica<Replica:ed803#OlympusNode>:OUTPUT: [Replica 1 :]>> Result Shuttle:  put('jedi','luke skywalker')  to Replica:  0
[2017-10-22 22:12:48,677] Main.Replica<Replica:ed804#OlympusNode>:OUTPUT: [Replica 2 :]>> Shuttle:  slice('ice','0:4')  to Replica:  3
[2017-10-22 22:12:48,677] Main.Replica<Replica:ed803#OlympusNode>:OUTPUT: [Replica 1 :]<< Shuttle:  get('movie')  from Replica:  0
[2017-10-22 22:12:48,677] Main.Replica<Replica:ed805#OlympusNode>:OUTPUT: [Replica 3 :]<< Result Shuttle:  put('hello','hockey')  to Replica:  4
[2017-10-22 22:12:48,678] Main.Replica<Replica:ed805#OlympusNode>:OUTPUT: [Replica 3 :]>> Result Shuttle:  put('hello','hockey')  to Replica:  2
[2017-10-22 22:12:48,678] Main.Replica<Replica:ed803#OlympusNode>:OUTPUT: [Replica 1 :] Perform:  get('movie')
[2017-10-22 22:12:48,679] Main.Replica<Replica:ed803#OlympusNode>:OUTPUT: [Replica 1 :]>> Shuttle:  get('movie')  to Replica:  2
[2017-10-22 22:12:48,681] Main.Replica<Replica:ed805#OlympusNode>:OUTPUT: [Replica 3 :]<< Result Shuttle:  append('movie',' wars')  to Replica:  4
[2017-10-22 22:12:48,682] Main.Replica<Replica:ed805#OlympusNode>:OUTPUT: [Replica 3 :]>> Result Shuttle:  append('movie',' wars')  to Replica:  2
[2017-10-22 22:12:48,685] Main.Replica<Replica:ed804#OlympusNode>:OUTPUT: [Replica 2 :]<< Result Shuttle:  put('hello','hockey')  to Replica:  3
[2017-10-22 22:12:48,685] Main.Replica<Replica:ed804#OlympusNode>:OUTPUT: [Replica 2 :]>> Result Shuttle:  put('hello','hockey')  to Replica:  1
[2017-10-22 22:12:48,687] Main.Replica<Replica:ed804#OlympusNode>:OUTPUT: [Replica 2 :]<< Shuttle:  get('movie')  from Replica:  1
[2017-10-22 22:12:48,687] Main.Replica<Replica:ed805#OlympusNode>:OUTPUT: [Replica 3 :]<< Shuttle:  slice('jedi','0:4')  from Replica:  2
[2017-10-22 22:12:48,688] Main.Replica<Replica:ed804#OlympusNode>:OUTPUT: [Replica 2 :] Perform:  get('movie')
[2017-10-22 22:12:48,689] Main.Replica<Replica:ed805#OlympusNode>:OUTPUT: [Replica 3 :] Perform:  slice('jedi','0:4')
[2017-10-22 22:12:48,689] Main.Replica<Replica:ed804#OlympusNode>:OUTPUT: [Replica 2 :]>> Shuttle:  get('movie')  to Replica:  3
[2017-10-22 22:12:48,690] Main.Replica<Replica:ed805#OlympusNode>:OUTPUT: [Replica 3 :]>> Shuttle:  slice('jedi','0:4')  to Replica:  4
[2017-10-22 22:12:48,693] Main.Replica<Replica:ed804#OlympusNode>:OUTPUT: [Replica 2 :]<< Result Shuttle:  append('movie',' wars')  to Replica:  3
[2017-10-22 22:12:48,693] Main.Replica<Replica:ed803#OlympusNode>:OUTPUT: [Replica 1 :]<< Result Shuttle:  put('hello','hockey')  to Replica:  2
[2017-10-22 22:12:48,693] Main.Replica<Replica:ed804#OlympusNode>:OUTPUT: [Replica 2 :]>> Result Shuttle:  append('movie',' wars')  to Replica:  1
[2017-10-22 22:12:48,693] Main.Replica<Replica:ed803#OlympusNode>:OUTPUT: [Replica 1 :]>> Result Shuttle:  put('hello','hockey')  to Replica:  0
[2017-10-22 22:12:48,692] Main.Replica<Replica:ed805#OlympusNode>:OUTPUT: [Replica 3 :]<< Shuttle:  slice('ice','0:4')  from Replica:  2
[2017-10-22 22:12:48,698] Main.Replica<Replica:ed806#OlympusNode>:OUTPUT: [Replica 0 :]<< Result Shuttle:  put('jedi','luke skywalker')  to Replica:  1
[2017-10-22 22:12:48,698] Main.Replica<Replica:ed803#OlympusNode>:OUTPUT: [Replica 1 :]<< Result Shuttle:  append('movie',' wars')  to Replica:  2
[2017-10-22 22:12:48,698] Main.Replica<Replica:ed803#OlympusNode>:OUTPUT: [Replica 1 :]>> Result Shuttle:  append('movie',' wars')  to Replica:  0
[2017-10-22 22:12:48,699] Main.Replica<Replica:ed805#OlympusNode>:OUTPUT: [Replica 3 :] Perform:  slice('ice','0:4')
[2017-10-22 22:12:48,700] Main.Replica<Replica:ed805#OlympusNode>:OUTPUT: [Replica 3 :]>> Shuttle:  slice('ice','0:4')  to Replica:  4
[2017-10-22 22:12:48,702] Main.Replica<Replica:ed805#OlympusNode>:OUTPUT: [Replica 3 :]<< Shuttle:  get('movie')  from Replica:  2
[2017-10-22 22:12:48,703] Main.Replica<Replica:ed807#OlympusNode>:OUTPUT: [Replica 4 :]<< Shuttle:  slice('jedi','0:4')  from Replica:  3
[2017-10-22 22:12:48,704] Main.Replica<Replica:ed806#OlympusNode>:OUTPUT: [Replica 0 :]<< Result Shuttle:  put('hello','hockey')  to Replica:  1
[2017-10-22 22:12:48,705] Main.Replica<Replica:ed805#OlympusNode>:OUTPUT: [Replica 3 :] Perform:  get('movie')
[2017-10-22 22:12:48,706] Main.Replica<Replica:ed807#OlympusNode>:OUTPUT: [Replica 4 :] Perform:  slice('jedi','0:4')
[2017-10-22 22:12:48,707] Main.Replica<Replica:ed805#OlympusNode>:OUTPUT: [Replica 3 :]>> Shuttle:  get('movie')  to Replica:  4
[2017-10-22 22:12:48,708] Main.Replica<Replica:ed806#OlympusNode>:OUTPUT: [Replica 0 :]<< Result Shuttle:  append('movie',' wars')  to Replica:  1
[2017-10-22 22:12:48,708] Main.Replica<Replica:ed807#OlympusNode>:OUTPUT: [Replica 4 :]>> res_operation:  slice('jedi','0:4')  result:  OK
[2017-10-22 22:12:48,711] Main.Replica<Replica:ed807#OlympusNode>:OUTPUT: [Replica 4 :]>> Result Shuttle:  slice('jedi','0:4')  to Replica:  3
[2017-10-22 22:12:48,711] Client.Client<Client:f7c02#ClientNode>:OUTPUT: [Client 2 :]<< res_operation:  slice('jedi','0:4')  Result:  OK
[2017-10-22 22:12:48,713] Client.Client<Client:f7c02#ClientNode>:OUTPUT: [Client 2 :]>> req_operation:  get('jedi')
[2017-10-22 22:12:48,713] Main.Replica<Replica:ed807#OlympusNode>:OUTPUT: [Replica 4 :]<< Shuttle:  slice('ice','0:4')  from Replica:  3
[2017-10-22 22:12:48,716] Main.Replica<Replica:ed807#OlympusNode>:OUTPUT: [Replica 4 :] Perform:  slice('ice','0:4')
[2017-10-22 22:12:48,716] Main.Replica<Replica:ed806#OlympusNode>:OUTPUT: [Replica 0 :]<< req_operation:  get('jedi')  Client:  2
[2017-10-22 22:12:48,717] Main.Replica<Replica:ed806#OlympusNode>:OUTPUT: [Replica 0 :] Perform:  get('jedi')
[2017-10-22 22:12:48,717] Main.Replica<Replica:ed805#OlympusNode>:OUTPUT: [Replica 3 :]<< Result Shuttle:  slice('jedi','0:4')  to Replica:  4
[2017-10-22 22:12:48,718] Main.Replica<Replica:ed805#OlympusNode>:OUTPUT: [Replica 3 :]>> Result Shuttle:  slice('jedi','0:4')  to Replica:  2
[2017-10-22 22:12:48,718] Main.Replica<Replica:ed807#OlympusNode>:OUTPUT: [Replica 4 :]>> res_operation:  slice('ice','0:4')  result:  FAIL
[2017-10-22 22:12:48,721] Main.Replica<Replica:ed807#OlympusNode>:OUTPUT: [Replica 4 :]>> Result Shuttle:  slice('ice','0:4')  to Replica:  3
[2017-10-22 22:12:48,721] Main.Replica<Replica:ed806#OlympusNode>:OUTPUT: [Replica 0 :]>> Shuttle:  get('jedi')  to Replica:  1
[2017-10-22 22:12:48,721] Client.Client<Client:f7c04#ClientNode>:OUTPUT: [Client 0 :]<< res_operation:  slice('ice','0:4')  Result:  FAIL
[2017-10-22 22:12:48,722] Client.Client<Client:f7c04#ClientNode>:OUTPUT: [Client 0 :]>> req_operation:  get('hello')
[2017-10-22 22:12:48,723] Main.Replica<Replica:ed803#OlympusNode>:OUTPUT: [Replica 1 :]<< Shuttle:  get('jedi')  from Replica:  0
[2017-10-22 22:12:48,723] Main.Replica<Replica:ed807#OlympusNode>:OUTPUT: [Replica 4 :]<< Shuttle:  get('movie')  from Replica:  3
[2017-10-22 22:12:48,723] Main.Replica<Replica:ed804#OlympusNode>:OUTPUT: [Replica 2 :]<< Result Shuttle:  slice('jedi','0:4')  to Replica:  3
[2017-10-22 22:12:48,724] Main.Replica<Replica:ed804#OlympusNode>:OUTPUT: [Replica 2 :]>> Result Shuttle:  slice('jedi','0:4')  to Replica:  1
[2017-10-22 22:12:48,724] Main.Replica<Replica:ed803#OlympusNode>:OUTPUT: [Replica 1 :] Perform:  get('jedi')
[2017-10-22 22:12:48,726] Main.Replica<Replica:ed806#OlympusNode>:OUTPUT: [Replica 0 :]<< req_operation:  get('hello')  Client:  0
[2017-10-22 22:12:48,726] Main.Replica<Replica:ed803#OlympusNode>:OUTPUT: [Replica 1 :]>> Shuttle:  get('jedi')  to Replica:  2
[2017-10-22 22:12:48,727] Main.Replica<Replica:ed806#OlympusNode>:OUTPUT: [Replica 0 :] Perform:  get('hello')
[2017-10-22 22:12:48,728] Main.Replica<Replica:ed805#OlympusNode>:OUTPUT: [Replica 3 :]<< Result Shuttle:  slice('ice','0:4')  to Replica:  4
[2017-10-22 22:12:48,728] Main.Replica<Replica:ed805#OlympusNode>:OUTPUT: [Replica 3 :]>> Result Shuttle:  slice('ice','0:4')  to Replica:  2
[2017-10-22 22:12:48,731] Main.Replica<Replica:ed807#OlympusNode>:OUTPUT: [Replica 4 :] Perform:  get('movie')
[2017-10-22 22:12:48,729] Main.Replica<Replica:ed804#OlympusNode>:OUTPUT: [Replica 2 :]<< Shuttle:  get('jedi')  from Replica:  1
[2017-10-22 22:12:48,730] Main.Replica<Replica:ed803#OlympusNode>:OUTPUT: [Replica 1 :]<< Result Shuttle:  slice('jedi','0:4')  to Replica:  2
[2017-10-22 22:12:48,732] Main.Replica<Replica:ed803#OlympusNode>:OUTPUT: [Replica 1 :]>> Result Shuttle:  slice('jedi','0:4')  to Replica:  0
[2017-10-22 22:12:48,733] Main.Replica<Replica:ed807#OlympusNode>:OUTPUT: [Replica 4 :]>> res_operation:  get('movie')  result:  star wars
[2017-10-22 22:12:48,734] Main.Replica<Replica:ed804#OlympusNode>:OUTPUT: [Replica 2 :] Perform:  get('jedi')
[2017-10-22 22:12:48,735] Main.Replica<Replica:ed804#OlympusNode>:OUTPUT: [Replica 2 :]>> Shuttle:  get('jedi')  to Replica:  3
[2017-10-22 22:12:48,735] Main.Replica<Replica:ed807#OlympusNode>:OUTPUT: [Replica 4 :]>> Result Shuttle:  get('movie')  to Replica:  3
[2017-10-22 22:12:48,736] Client.Client<Client:f7c03#ClientNode>:OUTPUT: [Client 1 :]<< res_operation:  get('movie')  Result:  star wars
[2017-10-22 22:12:48,737] Client.Client<Client:f7c03#ClientNode>:OUTPUT: [Client 1 :] Test case completed! Validating Result
[2017-10-22 22:12:48,737] Main.Replica<Replica:ed805#OlympusNode>:OUTPUT: [Replica 3 :]<< Shuttle:  get('jedi')  from Replica:  2
[2017-10-22 22:12:48,739] Main.Replica<Replica:ed805#OlympusNode>:OUTPUT: [Replica 3 :] Perform:  get('jedi')
[2017-10-22 22:12:48,739] Main.Replica<Replica:ed804#OlympusNode>:OUTPUT: [Replica 2 :]<< Result Shuttle:  slice('ice','0:4')  to Replica:  3
[2017-10-22 22:12:48,739] Client.Client<Client:f7c03#ClientNode>:OUTPUT: [Client 1 :] Valid Final Result! Client:  ['OK', 'OK', 'star wars'] , Replica:  ['OK', 'OK', 'star wars']
[2017-10-22 22:12:48,739] Main.Replica<Replica:ed804#OlympusNode>:OUTPUT: [Replica 2 :]>> Result Shuttle:  slice('ice','0:4')  to Replica:  1
[2017-10-22 22:12:48,740] Main.Replica<Replica:ed805#OlympusNode>:OUTPUT: [Replica 3 :]>> Shuttle:  get('jedi')  to Replica:  4
[2017-10-22 22:12:48,744] Main.Replica<Replica:ed807#OlympusNode>:OUTPUT: [Replica 4 :]<< Shuttle:  get('jedi')  from Replica:  3
[2017-10-22 22:12:48,745] Main.Replica<Replica:ed806#OlympusNode>:OUTPUT: [Replica 0 :]>> Shuttle:  get('hello')  to Replica:  1
[2017-10-22 22:12:48,747] Main.Replica<Replica:ed807#OlympusNode>:OUTPUT: [Replica 4 :] Perform:  get('jedi')
[2017-10-22 22:12:48,747] Main.Replica<Replica:ed803#OlympusNode>:OUTPUT: [Replica 1 :]<< Result Shuttle:  slice('ice','0:4')  to Replica:  2
[2017-10-22 22:12:48,748] Main.Replica<Replica:ed803#OlympusNode>:OUTPUT: [Replica 1 :]>> Result Shuttle:  slice('ice','0:4')  to Replica:  0
[2017-10-22 22:12:48,749] Main.Replica<Replica:ed807#OlympusNode>:OUTPUT: [Replica 4 :]>> res_operation:  get('jedi')  result:  luke
[2017-10-22 22:12:48,750] Main.Replica<Replica:ed806#OlympusNode>:OUTPUT: [Replica 0 :]<< Result Shuttle:  slice('jedi','0:4')  to Replica:  1
[2017-10-22 22:12:48,750] Main.Replica<Replica:ed803#OlympusNode>:OUTPUT: [Replica 1 :]<< Shuttle:  get('hello')  from Replica:  0
[2017-10-22 22:12:48,753] Main.Replica<Replica:ed806#OlympusNode>:OUTPUT: [Replica 0 :]<< Result Shuttle:  slice('ice','0:4')  to Replica:  1
[2017-10-22 22:12:48,753] Main.Replica<Replica:ed805#OlympusNode>:OUTPUT: [Replica 3 :]<< Result Shuttle:  get('movie')  to Replica:  4
[2017-10-22 22:12:48,754] Main.Replica<Replica:ed805#OlympusNode>:OUTPUT: [Replica 3 :]>> Result Shuttle:  get('movie')  to Replica:  2
[2017-10-22 22:12:48,752] Main.Replica<Replica:ed807#OlympusNode>:OUTPUT: [Replica 4 :]>> Result Shuttle:  get('jedi')  to Replica:  3
[2017-10-22 22:12:48,757] Client.Client<Client:f7c02#ClientNode>:OUTPUT: [Client 2 :]<< res_operation:  get('jedi')  Result:  luke
[2017-10-22 22:12:48,757] Client.Client<Client:f7c02#ClientNode>:OUTPUT: [Client 2 :] Test case completed! Validating Result
[2017-10-22 22:12:48,759] Main.Replica<Replica:ed805#OlympusNode>:OUTPUT: [Replica 3 :]<< Result Shuttle:  get('jedi')  to Replica:  4
[2017-10-22 22:12:48,759] Main.Replica<Replica:ed805#OlympusNode>:OUTPUT: [Replica 3 :]>> Result Shuttle:  get('jedi')  to Replica:  2
[2017-10-22 22:12:48,760] Client.Client<Client:f7c02#ClientNode>:OUTPUT: [Client 2 :] Valid Final Result! Client:  ['OK', 'OK', 'luke'] , Replica:  ['OK', 'OK', 'luke']
[2017-10-22 22:12:48,761] Main.Replica<Replica:ed803#OlympusNode>:OUTPUT: [Replica 1 :] Perform:  get('hello')
[2017-10-22 22:12:48,762] Main.Replica<Replica:ed803#OlympusNode>:OUTPUT: [Replica 1 :]>> Shuttle:  get('hello')  to Replica:  2
[2017-10-22 22:12:48,764] Main.Replica<Replica:ed804#OlympusNode>:OUTPUT: [Replica 2 :]<< Result Shuttle:  get('movie')  to Replica:  3
[2017-10-22 22:12:48,764] Main.Replica<Replica:ed804#OlympusNode>:OUTPUT: [Replica 2 :]>> Result Shuttle:  get('movie')  to Replica:  1
[2017-10-22 22:12:48,768] Main.Replica<Replica:ed803#OlympusNode>:OUTPUT: [Replica 1 :]<< Result Shuttle:  get('movie')  to Replica:  2
[2017-10-22 22:12:48,768] Main.Replica<Replica:ed803#OlympusNode>:OUTPUT: [Replica 1 :]>> Result Shuttle:  get('movie')  to Replica:  0
[2017-10-22 22:12:48,768] Main.Replica<Replica:ed804#OlympusNode>:OUTPUT: [Replica 2 :]<< Result Shuttle:  get('jedi')  to Replica:  3
[2017-10-22 22:12:48,768] Main.Replica<Replica:ed804#OlympusNode>:OUTPUT: [Replica 2 :]>> Result Shuttle:  get('jedi')  to Replica:  1
[2017-10-22 22:12:48,770] Main.Replica<Replica:ed804#OlympusNode>:OUTPUT: [Replica 2 :]<< Shuttle:  get('hello')  from Replica:  1
[2017-10-22 22:12:48,772] Main.Replica<Replica:ed803#OlympusNode>:OUTPUT: [Replica 1 :]<< Result Shuttle:  get('jedi')  to Replica:  2
[2017-10-22 22:12:48,772] Main.Replica<Replica:ed803#OlympusNode>:OUTPUT: [Replica 1 :]>> Result Shuttle:  get('jedi')  to Replica:  0
[2017-10-22 22:12:48,773] Main.Replica<Replica:ed804#OlympusNode>:OUTPUT: [Replica 2 :] Perform:  get('hello')
[2017-10-22 22:12:48,777] Main.Replica<Replica:ed806#OlympusNode>:OUTPUT: [Replica 0 :]<< Result Shuttle:  get('movie')  to Replica:  1
[2017-10-22 22:12:48,778] Main.Replica<Replica:ed804#OlympusNode>:OUTPUT: [Replica 2 :]>> Shuttle:  get('hello')  to Replica:  3
[2017-10-22 22:12:48,780] Main.Replica<Replica:ed805#OlympusNode>:OUTPUT: [Replica 3 :]<< Shuttle:  get('hello')  from Replica:  2
[2017-10-22 22:12:48,781] Main.Replica<Replica:ed806#OlympusNode>:OUTPUT: [Replica 0 :]<< Result Shuttle:  get('jedi')  to Replica:  1
[2017-10-22 22:12:48,783] Main.Replica<Replica:ed805#OlympusNode>:OUTPUT: [Replica 3 :] Perform:  get('hello')
[2017-10-22 22:12:48,784] Main.Replica<Replica:ed805#OlympusNode>:OUTPUT: [Replica 3 :]>> Shuttle:  get('hello')  to Replica:  4
[2017-10-22 22:12:48,786] Main.Replica<Replica:ed807#OlympusNode>:OUTPUT: [Replica 4 :]<< Shuttle:  get('hello')  from Replica:  3
[2017-10-22 22:12:48,788] Main.Replica<Replica:ed807#OlympusNode>:OUTPUT: [Replica 4 :] Perform:  get('hello')
[2017-10-22 22:12:48,790] Main.Replica<Replica:ed807#OlympusNode>:OUTPUT: [Replica 4 :]>> res_operation:  get('hello')  result:  hockey
[2017-10-22 22:12:48,792] Main.Replica<Replica:ed807#OlympusNode>:OUTPUT: [Replica 4 :]>> Result Shuttle:  get('hello')  to Replica:  3
[2017-10-22 22:12:48,793] Client.Client<Client:f7c04#ClientNode>:OUTPUT: [Client 0 :]<< res_operation:  get('hello')  Result:  hockey
[2017-10-22 22:12:48,795] Client.Client<Client:f7c04#ClientNode>:OUTPUT: [Client 0 :]>> req_operation:  slice('moon','0:4')
[2017-10-22 22:12:48,796] Main.Replica<Replica:ed805#OlympusNode>:OUTPUT: [Replica 3 :]<< Result Shuttle:  get('hello')  to Replica:  4
[2017-10-22 22:12:48,796] Main.Replica<Replica:ed805#OlympusNode>:OUTPUT: [Replica 3 :]>> Result Shuttle:  get('hello')  to Replica:  2
[2017-10-22 22:12:48,798] Main.Replica<Replica:ed806#OlympusNode>:OUTPUT: [Replica 0 :]<< req_operation:  slice('moon','0:4')  Client:  0
[2017-10-22 22:12:48,800] Main.Replica<Replica:ed806#OlympusNode>:OUTPUT: [Replica 0 :] Perform:  slice('moon','0:4')
[2017-10-22 22:12:48,802] Main.Replica<Replica:ed804#OlympusNode>:OUTPUT: [Replica 2 :]<< Result Shuttle:  get('hello')  to Replica:  3
[2017-10-22 22:12:48,802] Main.Replica<Replica:ed804#OlympusNode>:OUTPUT: [Replica 2 :]>> Result Shuttle:  get('hello')  to Replica:  1
[2017-10-22 22:12:48,802] Main.Replica<Replica:ed806#OlympusNode>:OUTPUT: [Replica 0 :]>> Shuttle:  slice('moon','0:4')  to Replica:  1
[2017-10-22 22:12:48,804] Main.Replica<Replica:ed803#OlympusNode>:OUTPUT: [Replica 1 :]<< Shuttle:  slice('moon','0:4')  from Replica:  0
[2017-10-22 22:12:48,806] Main.Replica<Replica:ed803#OlympusNode>:OUTPUT: [Replica 1 :] Perform:  slice('moon','0:4')
[2017-10-22 22:12:48,807] Main.Replica<Replica:ed803#OlympusNode>:OUTPUT: [Replica 1 :]>> Shuttle:  slice('moon','0:4')  to Replica:  2
[2017-10-22 22:12:48,809] Main.Replica<Replica:ed804#OlympusNode>:OUTPUT: [Replica 2 :]<< Shuttle:  slice('moon','0:4')  from Replica:  1
[2017-10-22 22:12:48,811] Main.Replica<Replica:ed803#OlympusNode>:OUTPUT: [Replica 1 :]<< Result Shuttle:  get('hello')  to Replica:  2
[2017-10-22 22:12:48,811] Main.Replica<Replica:ed804#OlympusNode>:OUTPUT: [Replica 2 :] Perform:  slice('moon','0:4')
[2017-10-22 22:12:48,811] Main.Replica<Replica:ed803#OlympusNode>:OUTPUT: [Replica 1 :]>> Result Shuttle:  get('hello')  to Replica:  0
[2017-10-22 22:12:48,815] Main.Replica<Replica:ed806#OlympusNode>:OUTPUT: [Replica 0 :]<< Result Shuttle:  get('hello')  to Replica:  1
[2017-10-22 22:12:48,815] Main.Replica<Replica:ed804#OlympusNode>:OUTPUT: [Replica 2 :]>> Shuttle:  slice('moon','0:4')  to Replica:  3
[2017-10-22 22:12:48,818] Main.Replica<Replica:ed805#OlympusNode>:OUTPUT: [Replica 3 :]<< Shuttle:  slice('moon','0:4')  from Replica:  2
[2017-10-22 22:12:48,820] Main.Replica<Replica:ed805#OlympusNode>:OUTPUT: [Replica 3 :] Perform:  slice('moon','0:4')
[2017-10-22 22:12:48,821] Main.Replica<Replica:ed805#OlympusNode>:OUTPUT: [Replica 3 :]>> Shuttle:  slice('moon','0:4')  to Replica:  4
[2017-10-22 22:12:48,823] Main.Replica<Replica:ed807#OlympusNode>:OUTPUT: [Replica 4 :]<< Shuttle:  slice('moon','0:4')  from Replica:  3
[2017-10-22 22:12:48,826] Main.Replica<Replica:ed807#OlympusNode>:OUTPUT: [Replica 4 :] Perform:  slice('moon','0:4')
[2017-10-22 22:12:48,827] Main.Replica<Replica:ed807#OlympusNode>:OUTPUT: [Replica 4 :]>> res_operation:  slice('moon','0:4')  result:  FAIL
[2017-10-22 22:12:48,830] Main.Replica<Replica:ed807#OlympusNode>:OUTPUT: [Replica 4 :]>> Result Shuttle:  slice('moon','0:4')  to Replica:  3
[2017-10-22 22:12:48,830] Client.Client<Client:f7c04#ClientNode>:OUTPUT: [Client 0 :]<< res_operation:  slice('moon','0:4')  Result:  FAIL
[2017-10-22 22:12:48,832] Client.Client<Client:f7c04#ClientNode>:OUTPUT: [Client 0 :]>> req_operation:  put('hello','walk')
[2017-10-22 22:12:48,835] Main.Replica<Replica:ed806#OlympusNode>:OUTPUT: [Replica 0 :]<< req_operation:  put('hello','walk')  Client:  0
[2017-10-22 22:12:48,835] Main.Replica<Replica:ed805#OlympusNode>:OUTPUT: [Replica 3 :]<< Result Shuttle:  slice('moon','0:4')  to Replica:  4
[2017-10-22 22:12:48,836] Main.Replica<Replica:ed805#OlympusNode>:OUTPUT: [Replica 3 :]>> Result Shuttle:  slice('moon','0:4')  to Replica:  2
[2017-10-22 22:12:48,836] Main.Replica<Replica:ed806#OlympusNode>:OUTPUT: [Replica 0 :] Perform:  put('hello','walk')
[2017-10-22 22:12:48,838] Main.Replica<Replica:ed806#OlympusNode>:OUTPUT: [Replica 0 :]>> Shuttle:  put('hello','walk')  to Replica:  1
[2017-10-22 22:12:48,840] Main.Replica<Replica:ed803#OlympusNode>:OUTPUT: [Replica 1 :]<< Shuttle:  put('hello','walk')  from Replica:  0
[2017-10-22 22:12:48,841] Main.Replica<Replica:ed804#OlympusNode>:OUTPUT: [Replica 2 :]<< Result Shuttle:  slice('moon','0:4')  to Replica:  3
[2017-10-22 22:12:48,841] Main.Replica<Replica:ed804#OlympusNode>:OUTPUT: [Replica 2 :]>> Result Shuttle:  slice('moon','0:4')  to Replica:  1
[2017-10-22 22:12:48,841] Main.Replica<Replica:ed803#OlympusNode>:OUTPUT: [Replica 1 :] Perform:  put('hello','walk')
[2017-10-22 22:12:48,843] Main.Replica<Replica:ed803#OlympusNode>:OUTPUT: [Replica 1 :]>> Shuttle:  put('hello','walk')  to Replica:  2
[2017-10-22 22:12:48,845] Main.Replica<Replica:ed804#OlympusNode>:OUTPUT: [Replica 2 :]<< Shuttle:  put('hello','walk')  from Replica:  1
[2017-10-22 22:12:48,846] Main.Replica<Replica:ed803#OlympusNode>:OUTPUT: [Replica 1 :]<< Result Shuttle:  slice('moon','0:4')  to Replica:  2
[2017-10-22 22:12:48,847] Main.Replica<Replica:ed803#OlympusNode>:OUTPUT: [Replica 1 :]>> Result Shuttle:  slice('moon','0:4')  to Replica:  0
[2017-10-22 22:12:48,847] Main.Replica<Replica:ed804#OlympusNode>:OUTPUT: [Replica 2 :] Perform:  put('hello','walk')
[2017-10-22 22:12:48,849] Main.Replica<Replica:ed804#OlympusNode>:OUTPUT: [Replica 2 :]>> Shuttle:  put('hello','walk')  to Replica:  3
[2017-10-22 22:12:48,851] Main.Replica<Replica:ed806#OlympusNode>:OUTPUT: [Replica 0 :]<< Result Shuttle:  slice('moon','0:4')  to Replica:  1
[2017-10-22 22:12:48,851] Main.Replica<Replica:ed805#OlympusNode>:OUTPUT: [Replica 3 :]<< Shuttle:  put('hello','walk')  from Replica:  2
[2017-10-22 22:12:48,854] Main.Replica<Replica:ed805#OlympusNode>:OUTPUT: [Replica 3 :] Perform:  put('hello','walk')
[2017-10-22 22:12:48,855] Main.Replica<Replica:ed805#OlympusNode>:OUTPUT: [Replica 3 :]>> Shuttle:  put('hello','walk')  to Replica:  4
[2017-10-22 22:12:48,858] Main.Replica<Replica:ed807#OlympusNode>:OUTPUT: [Replica 4 :]<< Shuttle:  put('hello','walk')  from Replica:  3
[2017-10-22 22:12:48,860] Main.Replica<Replica:ed807#OlympusNode>:OUTPUT: [Replica 4 :] Perform:  put('hello','walk')
[2017-10-22 22:12:48,862] Main.Replica<Replica:ed807#OlympusNode>:OUTPUT: [Replica 4 :]>> res_operation:  put('hello','walk')  result:  OK
[2017-10-22 22:12:48,864] Main.Replica<Replica:ed807#OlympusNode>:OUTPUT: [Replica 4 :]>> Result Shuttle:  put('hello','walk')  to Replica:  3
[2017-10-22 22:12:48,865] Client.Client<Client:f7c04#ClientNode>:OUTPUT: [Client 0 :]<< res_operation:  put('hello','walk')  Result:  OK
[2017-10-22 22:12:48,866] Client.Client<Client:f7c04#ClientNode>:OUTPUT: [Client 0 :]>> req_operation:  append('country','hockey')
[2017-10-22 22:12:48,868] Main.Replica<Replica:ed806#OlympusNode>:OUTPUT: [Replica 0 :]<< req_operation:  append('country','hockey')  Client:  0
[2017-10-22 22:12:48,869] Main.Replica<Replica:ed806#OlympusNode>:OUTPUT: [Replica 0 :] Perform:  append('country','hockey')
[2017-10-22 22:12:48,870] Main.Replica<Replica:ed806#OlympusNode>:OUTPUT: [Replica 0 :]>> Shuttle:  append('country','hockey')  to Replica:  1
[2017-10-22 22:12:48,870] Main.Replica<Replica:ed805#OlympusNode>:OUTPUT: [Replica 3 :]<< Result Shuttle:  put('hello','walk')  to Replica:  4
[2017-10-22 22:12:48,871] Main.Replica<Replica:ed805#OlympusNode>:OUTPUT: [Replica 3 :]>> Result Shuttle:  put('hello','walk')  to Replica:  2
[2017-10-22 22:12:48,872] Main.Replica<Replica:ed803#OlympusNode>:OUTPUT: [Replica 1 :]<< Shuttle:  append('country','hockey')  from Replica:  0
[2017-10-22 22:12:48,875] Main.Replica<Replica:ed803#OlympusNode>:OUTPUT: [Replica 1 :] Perform:  append('country','hockey')
[2017-10-22 22:12:48,876] Main.Replica<Replica:ed804#OlympusNode>:OUTPUT: [Replica 2 :]<< Result Shuttle:  put('hello','walk')  to Replica:  3
[2017-10-22 22:12:48,876] Main.Replica<Replica:ed804#OlympusNode>:OUTPUT: [Replica 2 :]>> Result Shuttle:  put('hello','walk')  to Replica:  1
[2017-10-22 22:12:48,876] Main.Replica<Replica:ed803#OlympusNode>:OUTPUT: [Replica 1 :]>> Shuttle:  append('country','hockey')  to Replica:  2
[2017-10-22 22:12:48,878] Main.Replica<Replica:ed804#OlympusNode>:OUTPUT: [Replica 2 :]<< Shuttle:  append('country','hockey')  from Replica:  1
[2017-10-22 22:12:48,880] Main.Replica<Replica:ed804#OlympusNode>:OUTPUT: [Replica 2 :] Perform:  append('country','hockey')
[2017-10-22 22:12:48,881] Main.Replica<Replica:ed803#OlympusNode>:OUTPUT: [Replica 1 :]<< Result Shuttle:  put('hello','walk')  to Replica:  2
[2017-10-22 22:12:48,881] Main.Replica<Replica:ed803#OlympusNode>:OUTPUT: [Replica 1 :]>> Result Shuttle:  put('hello','walk')  to Replica:  0
[2017-10-22 22:12:48,882] Main.Replica<Replica:ed804#OlympusNode>:OUTPUT: [Replica 2 :]>> Shuttle:  append('country','hockey')  to Replica:  3
[2017-10-22 22:12:48,884] Main.Replica<Replica:ed805#OlympusNode>:OUTPUT: [Replica 3 :]<< Shuttle:  append('country','hockey')  from Replica:  2
[2017-10-22 22:12:48,885] Main.Replica<Replica:ed806#OlympusNode>:OUTPUT: [Replica 0 :]<< Result Shuttle:  put('hello','walk')  to Replica:  1
[2017-10-22 22:12:48,887] Main.Replica<Replica:ed805#OlympusNode>:OUTPUT: [Replica 3 :] Perform:  append('country','hockey')
[2017-10-22 22:12:48,888] Main.Replica<Replica:ed805#OlympusNode>:OUTPUT: [Replica 3 :]>> Shuttle:  append('country','hockey')  to Replica:  4
[2017-10-22 22:12:48,893] Main.Replica<Replica:ed807#OlympusNode>:OUTPUT: [Replica 4 :]<< Shuttle:  append('country','hockey')  from Replica:  3
[2017-10-22 22:12:48,896] Main.Replica<Replica:ed807#OlympusNode>:OUTPUT: [Replica 4 :] Perform:  append('country','hockey')
[2017-10-22 22:12:48,898] Main.Replica<Replica:ed807#OlympusNode>:OUTPUT: [Replica 4 :]>> res_operation:  append('country','hockey')  result:  FAIL
[2017-10-22 22:12:48,901] Main.Replica<Replica:ed807#OlympusNode>:OUTPUT: [Replica 4 :]>> Result Shuttle:  append('country','hockey')  to Replica:  3
[2017-10-22 22:12:48,901] Client.Client<Client:f7c04#ClientNode>:OUTPUT: [Client 0 :]<< res_operation:  append('country','hockey')  Result:  FAIL
[2017-10-22 22:12:48,901] Client.Client<Client:f7c04#ClientNode>:OUTPUT: [Client 0 :]>> req_operation:  put('moon','walk')
[2017-10-22 22:12:48,903] Main.Replica<Replica:ed806#OlympusNode>:OUTPUT: [Replica 0 :]<< req_operation:  put('moon','walk')  Client:  0
[2017-10-22 22:12:48,903] Main.Replica<Replica:ed806#OlympusNode>:OUTPUT: [Replica 0 :] Perform:  put('moon','walk')
[2017-10-22 22:12:48,905] Main.Replica<Replica:ed805#OlympusNode>:OUTPUT: [Replica 3 :]<< Result Shuttle:  append('country','hockey')  to Replica:  4
[2017-10-22 22:12:48,905] Main.Replica<Replica:ed805#OlympusNode>:OUTPUT: [Replica 3 :]>> Result Shuttle:  append('country','hockey')  to Replica:  2
[2017-10-22 22:12:48,905] Main.Replica<Replica:ed806#OlympusNode>:OUTPUT: [Replica 0 :]>> Shuttle:  put('moon','walk')  to Replica:  1
[2017-10-22 22:12:48,907] Main.Replica<Replica:ed803#OlympusNode>:OUTPUT: [Replica 1 :]<< Shuttle:  put('moon','walk')  from Replica:  0
[2017-10-22 22:12:48,908] Main.Replica<Replica:ed803#OlympusNode>:OUTPUT: [Replica 1 :] Perform:  put('moon','walk')
[2017-10-22 22:12:48,909] Main.Replica<Replica:ed803#OlympusNode>:OUTPUT: [Replica 1 :]>> Shuttle:  put('moon','walk')  to Replica:  2
[2017-10-22 22:12:48,915] Main.Replica<Replica:ed804#OlympusNode>:OUTPUT: [Replica 2 :]<< Result Shuttle:  append('country','hockey')  to Replica:  3
[2017-10-22 22:12:48,915] Main.Replica<Replica:ed804#OlympusNode>:OUTPUT: [Replica 2 :]>> Result Shuttle:  append('country','hockey')  to Replica:  1
[2017-10-22 22:12:48,917] Main.Replica<Replica:ed804#OlympusNode>:OUTPUT: [Replica 2 :]<< Shuttle:  put('moon','walk')  from Replica:  1
[2017-10-22 22:12:48,919] Main.Replica<Replica:ed804#OlympusNode>:OUTPUT: [Replica 2 :] Perform:  put('moon','walk')
[2017-10-22 22:12:48,920] Main.Replica<Replica:ed804#OlympusNode>:OUTPUT: [Replica 2 :]>> Shuttle:  put('moon','walk')  to Replica:  3
[2017-10-22 22:12:48,922] Main.Replica<Replica:ed803#OlympusNode>:OUTPUT: [Replica 1 :]<< Result Shuttle:  append('country','hockey')  to Replica:  2
[2017-10-22 22:12:48,922] Main.Replica<Replica:ed803#OlympusNode>:OUTPUT: [Replica 1 :]>> Result Shuttle:  append('country','hockey')  to Replica:  0
[2017-10-22 22:12:48,923] Main.Replica<Replica:ed805#OlympusNode>:OUTPUT: [Replica 3 :]<< Shuttle:  put('moon','walk')  from Replica:  2
[2017-10-22 22:12:48,926] Main.Replica<Replica:ed805#OlympusNode>:OUTPUT: [Replica 3 :] Perform:  put('moon','walk')
[2017-10-22 22:12:48,928] Main.Replica<Replica:ed805#OlympusNode>:OUTPUT: [Replica 3 :]>> Shuttle:  put('moon','walk')  to Replica:  4
[2017-10-22 22:12:48,930] Main.Replica<Replica:ed806#OlympusNode>:OUTPUT: [Replica 0 :]<< Result Shuttle:  append('country','hockey')  to Replica:  1
[2017-10-22 22:12:48,932] Main.Replica<Replica:ed807#OlympusNode>:OUTPUT: [Replica 4 :]<< Shuttle:  put('moon','walk')  from Replica:  3
[2017-10-22 22:12:48,934] Main.Replica<Replica:ed807#OlympusNode>:OUTPUT: [Replica 4 :] Perform:  put('moon','walk')
[2017-10-22 22:12:48,936] Main.Replica<Replica:ed807#OlympusNode>:OUTPUT: [Replica 4 :]>> res_operation:  put('moon','walk')  result:  OK
[2017-10-22 22:12:48,938] Main.Replica<Replica:ed807#OlympusNode>:OUTPUT: [Replica 4 :]>> Result Shuttle:  put('moon','walk')  to Replica:  3
[2017-10-22 22:12:48,938] Client.Client<Client:f7c04#ClientNode>:OUTPUT: [Client 0 :]<< res_operation:  put('moon','walk')  Result:  OK
[2017-10-22 22:12:48,939] Client.Client<Client:f7c04#ClientNode>:OUTPUT: [Client 0 :]>> req_operation:  append('hello','India')
[2017-10-22 22:12:48,941] Main.Replica<Replica:ed806#OlympusNode>:OUTPUT: [Replica 0 :]<< req_operation:  append('hello','India')  Client:  0
[2017-10-22 22:12:48,941] Main.Replica<Replica:ed806#OlympusNode>:OUTPUT: [Replica 0 :] Perform:  append('hello','India')
[2017-10-22 22:12:48,942] Main.Replica<Replica:ed805#OlympusNode>:OUTPUT: [Replica 3 :]<< Result Shuttle:  put('moon','walk')  to Replica:  4
[2017-10-22 22:12:48,942] Main.Replica<Replica:ed805#OlympusNode>:OUTPUT: [Replica 3 :]>> Result Shuttle:  put('moon','walk')  to Replica:  2
[2017-10-22 22:12:48,943] Main.Replica<Replica:ed806#OlympusNode>:OUTPUT: [Replica 0 :]>> Shuttle:  append('hello','India')  to Replica:  1
[2017-10-22 22:12:48,945] Main.Replica<Replica:ed803#OlympusNode>:OUTPUT: [Replica 1 :]<< Shuttle:  append('hello','India')  from Replica:  0
[2017-10-22 22:12:48,947] Main.Replica<Replica:ed803#OlympusNode>:OUTPUT: [Replica 1 :] Perform:  append('hello','India')
[2017-10-22 22:12:48,947] Main.Replica<Replica:ed804#OlympusNode>:OUTPUT: [Replica 2 :]<< Result Shuttle:  put('moon','walk')  to Replica:  3
[2017-10-22 22:12:48,947] Main.Replica<Replica:ed804#OlympusNode>:OUTPUT: [Replica 2 :]>> Result Shuttle:  put('moon','walk')  to Replica:  1
[2017-10-22 22:12:48,949] Main.Replica<Replica:ed803#OlympusNode>:OUTPUT: [Replica 1 :]>> Shuttle:  append('hello','India')  to Replica:  2
[2017-10-22 22:12:48,951] Main.Replica<Replica:ed804#OlympusNode>:OUTPUT: [Replica 2 :]<< Shuttle:  append('hello','India')  from Replica:  1
[2017-10-22 22:12:48,953] Main.Replica<Replica:ed804#OlympusNode>:OUTPUT: [Replica 2 :] Perform:  append('hello','India')
[2017-10-22 22:12:48,953] Main.Replica<Replica:ed803#OlympusNode>:OUTPUT: [Replica 1 :]<< Result Shuttle:  put('moon','walk')  to Replica:  2
[2017-10-22 22:12:48,953] Main.Replica<Replica:ed803#OlympusNode>:OUTPUT: [Replica 1 :]>> Result Shuttle:  put('moon','walk')  to Replica:  0
[2017-10-22 22:12:48,954] Main.Replica<Replica:ed804#OlympusNode>:OUTPUT: [Replica 2 :]>> Shuttle:  append('hello','India')  to Replica:  3
[2017-10-22 22:12:48,956] Main.Replica<Replica:ed805#OlympusNode>:OUTPUT: [Replica 3 :]<< Shuttle:  append('hello','India')  from Replica:  2
[2017-10-22 22:12:48,957] Main.Replica<Replica:ed806#OlympusNode>:OUTPUT: [Replica 0 :]<< Result Shuttle:  put('moon','walk')  to Replica:  1
[2017-10-22 22:12:48,958] Main.Replica<Replica:ed805#OlympusNode>:OUTPUT: [Replica 3 :] Perform:  append('hello','India')
[2017-10-22 22:12:48,959] Main.Replica<Replica:ed805#OlympusNode>:OUTPUT: [Replica 3 :]>> Shuttle:  append('hello','India')  to Replica:  4
[2017-10-22 22:12:48,961] Main.Replica<Replica:ed807#OlympusNode>:OUTPUT: [Replica 4 :]<< Shuttle:  append('hello','India')  from Replica:  3
[2017-10-22 22:12:48,964] Main.Replica<Replica:ed807#OlympusNode>:OUTPUT: [Replica 4 :] Perform:  append('hello','India')
[2017-10-22 22:12:48,967] Main.Replica<Replica:ed807#OlympusNode>:OUTPUT: [Replica 4 :]>> res_operation:  append('hello','India')  result:  OK
[2017-10-22 22:12:48,970] Client.Client<Client:f7c04#ClientNode>:OUTPUT: [Client 0 :]<< res_operation:  append('hello','India')  Result:  OK
[2017-10-22 22:12:48,970] Main.Replica<Replica:ed807#OlympusNode>:OUTPUT: [Replica 4 :]>> Result Shuttle:  append('hello','India')  to Replica:  3
[2017-10-22 22:12:48,971] Client.Client<Client:f7c04#ClientNode>:OUTPUT: [Client 0 :]>> req_operation:  append('moon','India')
[2017-10-22 22:12:48,972] Main.Replica<Replica:ed806#OlympusNode>:OUTPUT: [Replica 0 :]<< req_operation:  append('moon','India')  Client:  0
[2017-10-22 22:12:48,973] Main.Replica<Replica:ed806#OlympusNode>:OUTPUT: [Replica 0 :] Perform:  append('moon','India')
[2017-10-22 22:12:48,974] Main.Replica<Replica:ed805#OlympusNode>:OUTPUT: [Replica 3 :]<< Result Shuttle:  append('hello','India')  to Replica:  4
[2017-10-22 22:12:48,975] Main.Replica<Replica:ed805#OlympusNode>:OUTPUT: [Replica 3 :]>> Result Shuttle:  append('hello','India')  to Replica:  2
[2017-10-22 22:12:48,975] Main.Replica<Replica:ed806#OlympusNode>:OUTPUT: [Replica 0 :]>> Shuttle:  append('moon','India')  to Replica:  1
[2017-10-22 22:12:48,977] Main.Replica<Replica:ed803#OlympusNode>:OUTPUT: [Replica 1 :]<< Shuttle:  append('moon','India')  from Replica:  0
[2017-10-22 22:12:48,978] Main.Replica<Replica:ed803#OlympusNode>:OUTPUT: [Replica 1 :] Perform:  append('moon','India')
[2017-10-22 22:12:48,980] Main.Replica<Replica:ed804#OlympusNode>:OUTPUT: [Replica 2 :]<< Result Shuttle:  append('hello','India')  to Replica:  3
[2017-10-22 22:12:48,980] Main.Replica<Replica:ed804#OlympusNode>:OUTPUT: [Replica 2 :]>> Result Shuttle:  append('hello','India')  to Replica:  1
[2017-10-22 22:12:48,981] Main.Replica<Replica:ed803#OlympusNode>:OUTPUT: [Replica 1 :]>> Shuttle:  append('moon','India')  to Replica:  2
[2017-10-22 22:12:48,982] Main.Replica<Replica:ed804#OlympusNode>:OUTPUT: [Replica 2 :]<< Shuttle:  append('moon','India')  from Replica:  1
[2017-10-22 22:12:48,984] Main.Replica<Replica:ed804#OlympusNode>:OUTPUT: [Replica 2 :] Perform:  append('moon','India')
[2017-10-22 22:12:48,985] Main.Replica<Replica:ed804#OlympusNode>:OUTPUT: [Replica 2 :]>> Shuttle:  append('moon','India')  to Replica:  3
[2017-10-22 22:12:48,987] Main.Replica<Replica:ed805#OlympusNode>:OUTPUT: [Replica 3 :]<< Shuttle:  append('moon','India')  from Replica:  2
[2017-10-22 22:12:48,987] Main.Replica<Replica:ed803#OlympusNode>:OUTPUT: [Replica 1 :]<< Result Shuttle:  append('hello','India')  to Replica:  2
[2017-10-22 22:12:48,988] Main.Replica<Replica:ed803#OlympusNode>:OUTPUT: [Replica 1 :]>> Result Shuttle:  append('hello','India')  to Replica:  0
[2017-10-22 22:12:48,989] Main.Replica<Replica:ed805#OlympusNode>:OUTPUT: [Replica 3 :] Perform:  append('moon','India')
[2017-10-22 22:12:48,990] Main.Replica<Replica:ed805#OlympusNode>:OUTPUT: [Replica 3 :]>> Shuttle:  append('moon','India')  to Replica:  4
[2017-10-22 22:12:48,992] Main.Replica<Replica:ed807#OlympusNode>:OUTPUT: [Replica 4 :]<< Shuttle:  append('moon','India')  from Replica:  3
[2017-10-22 22:12:48,992] Main.Replica<Replica:ed806#OlympusNode>:OUTPUT: [Replica 0 :]<< Result Shuttle:  append('hello','India')  to Replica:  1
[2017-10-22 22:12:48,994] Main.Replica<Replica:ed807#OlympusNode>:OUTPUT: [Replica 4 :] Perform:  append('moon','India')
[2017-10-22 22:12:48,995] Main.Replica<Replica:ed807#OlympusNode>:OUTPUT: [Replica 4 :]>> res_operation:  append('moon','India')  result:  OK
[2017-10-22 22:12:48,998] Main.Replica<Replica:ed807#OlympusNode>:OUTPUT: [Replica 4 :]>> Result Shuttle:  append('moon','India')  to Replica:  3
[2017-10-22 22:12:48,999] Client.Client<Client:f7c04#ClientNode>:OUTPUT: [Client 0 :]<< res_operation:  append('moon','India')  Result:  OK
[2017-10-22 22:12:49,000] Client.Client<Client:f7c04#ClientNode>:OUTPUT: [Client 0 :] Test case completed! Validating Result
[2017-10-22 22:12:49,002] Main.Replica<Replica:ed805#OlympusNode>:OUTPUT: [Replica 3 :]<< Result Shuttle:  append('moon','India')  to Replica:  4
[2017-10-22 22:12:49,003] Main.Replica<Replica:ed805#OlympusNode>:OUTPUT: [Replica 3 :]>> Result Shuttle:  append('moon','India')  to Replica:  2
[2017-10-22 22:12:49,007] Client.Client<Client:f7c04#ClientNode>:OUTPUT: [Client 0 :] Valid Final Result! Client:  ['', 'OK', 'FAIL', 'hockey', 'FAIL', 'OK', 'FAIL', 'OK', 'OK', 'OK'] , Replica:  ['', 'OK', 'FAIL', 'hockey', 'FAIL', 'OK', 'FAIL', 'OK', 'OK', 'OK']
[2017-10-22 22:12:49,008] Main.Replica<Replica:ed804#OlympusNode>:OUTPUT: [Replica 2 :]<< Result Shuttle:  append('moon','India')  to Replica:  3
[2017-10-22 22:12:49,008] Main.Replica<Replica:ed804#OlympusNode>:OUTPUT: [Replica 2 :]>> Result Shuttle:  append('moon','India')  to Replica:  1
[2017-10-22 22:12:49,011] Main.Replica<Replica:ed803#OlympusNode>:OUTPUT: [Replica 1 :]<< Result Shuttle:  append('moon','India')  to Replica:  2
[2017-10-22 22:12:49,012] Main.Replica<Replica:ed803#OlympusNode>:OUTPUT: [Replica 1 :]>> Result Shuttle:  append('moon','India')  to Replica:  0
[2017-10-22 22:12:49,015] Main.Replica<Replica:ed806#OlympusNode>:OUTPUT: [Replica 0 :]<< Result Shuttle:  append('moon','India')  to Replica:  1
[2017-10-22 22:12:52,251] da.api<MainProcess>:WARNING: Received keyboard interrupt. 
