[2017-11-21 00:24:10,284] da.api<MainProcess>:INFO: Bootstrapping attempt failed due to BootstrapException('Unable to contact a peer node.',),  continuing as a master node (use '--master' to disable bootstrapping at startup).
[2017-11-21 00:24:10,284] da.api<MainProcess>:INFO: <Node_:ClientNode> initialized at 127.0.0.1:(UdpTransport=15000, TcpTransport=15000).
[2017-11-21 00:24:10,284] da.api<MainProcess>:INFO: Starting program <module 'Main' from 'src/Main.py'>...
[2017-11-21 00:24:10,285] da.api<MainProcess>:INFO: Running iteration 1 ...
[2017-11-21 00:24:10,285] da.api<MainProcess>:INFO: Waiting for remaining child processes to terminate...(Press "Ctrl-C" to force kill)
[2017-11-21 00:24:10,302] Main.Node_<Node_:ClientNode>:INFO: Waiting to resolve name 'OlympusNode'...
[2017-11-21 00:24:12,946] da.sim.Router<MainProcess>:INFO: Bootstrap succeeded using <UdpTransport(127.0.0.1:19705)>.
[2017-11-21 00:24:12,946] da.api<MainProcess>:INFO: <Node_:OlympusNode> initialized at 127.0.0.1:(UdpTransport=19705, TcpTransport=26170).
[2017-11-21 00:24:12,946] da.api<MainProcess>:INFO: Starting program <module 'Main' from 'src/Main.py'>...
[2017-11-21 00:24:12,947] da.api<MainProcess>:INFO: Running iteration 1 ...
[2017-11-21 00:24:12,948] da.api<MainProcess>:INFO: Waiting for remaining child processes to terminate...(Press "Ctrl-C" to force kill)
[2017-11-21 00:24:13,025] Main.Olympus<Olympus:c5802#OlympusNode>:OUTPUT: [Olympus:] Setup
[2017-11-21 00:24:13,097] Client.Client<Client:69802#ClientNode>:OUTPUT: [Client 0 :] Workload:  put('jedi','luke skywalker'); slice('jedi','0:4'); get('jedi')
[2017-11-21 00:24:13,101] Main.Olympus<Olympus:c5802#OlympusNode>:OUTPUT: [Olympus:] Started
[2017-11-21 00:24:13,124] Client.Client<Client:69802#ClientNode>:OUTPUT: [Client 0 :] Started
[2017-11-21 00:24:13,126] da.api<MainProcess>:INFO: Main process terminated.
[2017-11-21 00:24:13,156] Main.Olympus<Olympus:c5802#OlympusNode>:OUTPUT: [Olympus:]<< req_get_current_configuration
[2017-11-21 00:24:13,156] Main.Olympus<Olympus:c5802#OlympusNode>:OUTPUT: [Olympus:] Making New Configuration
[2017-11-21 00:24:13,263] Main.Olympus<Olympus:c5802#OlympusNode>:OUTPUT: failure map is : {}
[2017-11-21 00:24:13,281] Main.Olympus<Olympus:c5802#OlympusNode>:OUTPUT: failure map is : {'change_operation()': ('shuttle', ('0', '2')), 'truncate_history(2)': ('wedge_request', ('-1', '0'))}
[2017-11-21 00:24:13,301] Main.Olympus<Olympus:c5802#OlympusNode>:OUTPUT: failure map is : {}
[2017-11-21 00:24:13,321] Main.Replica<Replica:c5803#OlympusNode>:OUTPUT: [Replica 0 :] Started:  head ACTIVE 0
[2017-11-21 00:24:13,328] Main.Replica<Replica:c5804#OlympusNode>:OUTPUT: [Replica 1 :] Started:  normal_replica ACTIVE 0
[2017-11-21 00:24:13,344] Main.Replica<Replica:c5805#OlympusNode>:OUTPUT: [Replica 2 :] Started:  tail ACTIVE 0
[2017-11-21 00:24:13,345] Main.Olympus<Olympus:c5802#OlympusNode>:OUTPUT: [Olympus:]>> res_get_current_configuration
[2017-11-21 00:24:13,362] Client.Client<Client:69802#ClientNode>:OUTPUT: [Client 0 :]<< res_get_current_configuration
[2017-11-21 00:24:13,363] Client.Client<Client:69802#ClientNode>:OUTPUT: [Client 0 :]>> req_operation:  put('jedi','luke skywalker')  : config:  0
[2017-11-21 00:24:13,383] Main.Replica<Replica:c5803#OlympusNode>:OUTPUT: [Replica 0 :]<< req_operation:  put('jedi','luke skywalker')  Client:  0
[2017-11-21 00:24:13,383] Main.Replica<Replica:c5803#OlympusNode>:OUTPUT: Slot:  1  : Operation:  put('jedi','luke skywalker')
[2017-11-21 00:24:13,384] Main.Replica<Replica:c5803#OlympusNode>:OUTPUT: [Replica 0 :] Perform:  put('jedi','luke skywalker')
[2017-11-21 00:24:13,385] Main.Replica<Replica:c5803#OlympusNode>:OUTPUT: [Replica 0 :] Perform:  put('jedi','luke skywalker') , result:  OK
[2017-11-21 00:24:13,387] Main.Replica<Replica:c5803#OlympusNode>:OUTPUT: [Replica 0 :]>> Shuttle:  put('jedi','luke skywalker')  to Replica:  1
[2017-11-21 00:24:13,406] Main.Replica<Replica:c5804#OlympusNode>:OUTPUT: [Replica 1 :]<< forward_shuttle :  1 , len :  1
[2017-11-21 00:24:13,406] Main.Replica<Replica:c5804#OlympusNode>:OUTPUT: [Replica 1 :]<< Shuttle:  put('jedi','luke skywalker')  from Replica:  0
[2017-11-21 00:24:13,409] Main.Replica<Replica:c5804#OlympusNode>:OUTPUT: [Replica 1 :] Perform:  put('jedi','luke skywalker')
[2017-11-21 00:24:13,410] Main.Replica<Replica:c5804#OlympusNode>:OUTPUT: [Replica 1 :] Perform:  put('jedi','luke skywalker') , result:  OK
[2017-11-21 00:24:13,412] Main.Replica<Replica:c5804#OlympusNode>:OUTPUT: [Replica 1 :]>> Shuttle:  put('jedi','luke skywalker')  to Replica:  2
[2017-11-21 00:24:13,431] Main.Replica<Replica:c5805#OlympusNode>:OUTPUT: [Replica 2 :]<< forward_shuttle :  1 , len :  1
[2017-11-21 00:24:13,431] Main.Replica<Replica:c5805#OlympusNode>:OUTPUT: [Replica 2 :]<< Shuttle:  put('jedi','luke skywalker')  from Replica:  1
[2017-11-21 00:24:13,433] Main.Replica<Replica:c5805#OlympusNode>:OUTPUT: [Replica 2 :] Perform:  put('jedi','luke skywalker')
[2017-11-21 00:24:13,434] Main.Replica<Replica:c5805#OlympusNode>:OUTPUT: [Replica 2 :] Perform:  put('jedi','luke skywalker') , result:  OK
[2017-11-21 00:24:13,453] Main.Replica<Replica:c5805#OlympusNode>:OUTPUT: [Replica 2 :]>> res_operation:  put('jedi','luke skywalker')  result:  OK
[2017-11-21 00:24:13,455] Client.Client<Client:69802#ClientNode>:OUTPUT: [Client 0 :]<< res_operation:  put('jedi','luke skywalker')  Result:  OK
[2017-11-21 00:24:13,456] Client.Client<Client:69802#ClientNode>:OUTPUT: [Client 0 :]>> req_operation:  slice('jedi','0:4')  : config:  0
[2017-11-21 00:24:13,456] Main.Replica<Replica:c5805#OlympusNode>:OUTPUT: [Replica 2 :]>> Result Shuttle:  put('jedi','luke skywalker')  to Replica:  1
[2017-11-21 00:24:13,457] Main.Replica<Replica:c5803#OlympusNode>:OUTPUT: [Replica 0 :]<< req_operation:  slice('jedi','0:4')  Client:  0
[2017-11-21 00:24:13,458] Main.Replica<Replica:c5803#OlympusNode>:OUTPUT: Slot:  2  : Operation:  slice('jedi','0:4')
[2017-11-21 00:24:13,460] Main.Replica<Replica:c5803#OlympusNode>:OUTPUT: [Replica 0 :] Perform:  slice('jedi','0:4')
[2017-11-21 00:24:13,461] Main.Replica<Replica:c5803#OlympusNode>:OUTPUT: [Replica 0 :] Perform:  slice('jedi','0:4') , result:  OK
[2017-11-21 00:24:13,467] Main.Replica<Replica:c5803#OlympusNode>:OUTPUT: [Replica 0 :]>> Shuttle:  slice('jedi','0:4')  to Replica:  1
[2017-11-21 00:24:13,477] Main.Replica<Replica:c5804#OlympusNode>:OUTPUT: [Replica 1 :]<< forward_shuttle :  2 , len :  2
[2017-11-21 00:24:13,477] Main.Replica<Replica:c5804#OlympusNode>:OUTPUT: [Replica 1 :]<< Shuttle:  slice('jedi','0:4')  from Replica:  0
[2017-11-21 00:24:13,479] Main.Replica<Replica:c5804#OlympusNode>:OUTPUT: [Replica 1 :] Fault: Change Operation, Client  0 , Request  2
[2017-11-21 00:24:13,479] Main.Replica<Replica:c5804#OlympusNode>:OUTPUT: [Replica 1 :] !!!!!! Changing operation from  ('jedi','0:4')  to get('X') !!!!!!!
[2017-11-21 00:24:13,480] Main.Replica<Replica:c5804#OlympusNode>:OUTPUT: [Replica 1 :] Perform:  get('X')
[2017-11-21 00:24:13,480] Main.Replica<Replica:c5804#OlympusNode>:OUTPUT: [Replica 1 :] Perform:  get('X') , result:  
[2017-11-21 00:24:13,480] Main.Replica<Replica:c5804#OlympusNode>:OUTPUT: [Replica 1 :] Successfully injected fault: Change operation
[2017-11-21 00:24:13,482] Main.Replica<Replica:c5804#OlympusNode>:OUTPUT: [Replica 1 :]>> Shuttle:  get('X')  to Replica:  2
[2017-11-21 00:24:13,484] Main.Replica<Replica:c5805#OlympusNode>:OUTPUT: [Replica 2 :]<< forward_shuttle :  2 , len :  2
[2017-11-21 00:24:13,484] Main.Replica<Replica:c5805#OlympusNode>:OUTPUT: [Replica 2 :]<< Shuttle:  get('X')  from Replica:  1
[2017-11-21 00:24:13,484] Main.Replica<Replica:c5805#OlympusNode>:OUTPUT: [Replica 2 :] Result doesnot match so returning false
[2017-11-21 00:24:13,485] Main.Replica<Replica:c5805#OlympusNode>:OUTPUT: [Replica 2 :] Invalid Order Proof, Sending Reconfig request. Become Immutable
[2017-11-21 00:24:13,485] Main.Replica<Replica:c5804#OlympusNode>:OUTPUT: [Replica 1 :]<< Result Shuttle:  put('jedi','luke skywalker')  to Replica:  2
[2017-11-21 00:24:13,486] Main.Replica<Replica:c5804#OlympusNode>:OUTPUT: [Replica 1 :]>> Result Shuttle:  put('jedi','luke skywalker')  to Replica:  0
[2017-11-21 00:24:13,486] Main.Olympus<Olympus:c5802#OlympusNode>:OUTPUT: [Olympus:]<< req_re_configuration
[2017-11-21 00:24:13,486] Main.Olympus<Olympus:c5802#OlympusNode>:OUTPUT: [Olympus:]>> wedge to Replica:  0
[2017-11-21 00:24:13,487] Main.Olympus<Olympus:c5802#OlympusNode>:OUTPUT: [Olympus:]>> wedge to Replica:  1
[2017-11-21 00:24:13,487] Main.Olympus<Olympus:c5802#OlympusNode>:OUTPUT: [Olympus:]>> wedge to Replica:  2
[2017-11-21 00:24:13,488] Main.Replica<Replica:c5803#OlympusNode>:OUTPUT: [Replica 0 :]<< wedge
[2017-11-21 00:24:13,488] Main.Replica<Replica:c5803#OlympusNode>:OUTPUT: [Replica 0 :]>> wedged
[2017-11-21 00:24:13,488] Main.Replica<Replica:c5805#OlympusNode>:OUTPUT: [Replica 2 :]<< wedge
[2017-11-21 00:24:13,489] Main.Replica<Replica:c5805#OlympusNode>:OUTPUT: [Replica 2 :]>> wedged
[2017-11-21 00:24:13,490] Main.Olympus<Olympus:c5802#OlympusNode>:OUTPUT: [Olympus:]<< wegded from Replica:  0
[2017-11-21 00:24:13,491] Main.Olympus<Olympus:c5802#OlympusNode>:OUTPUT: [Olympus:] Replica:  0 , len(history):  0
[2017-11-21 00:24:13,491] Main.Olympus<Olympus:c5802#OlympusNode>:OUTPUT: [Olympus:] Total received:  1
[2017-11-21 00:24:13,491] Main.Olympus<Olympus:c5802#OlympusNode>:OUTPUT: [Olympus:]<< wegded from Replica:  2
[2017-11-21 00:24:13,494] Main.Olympus<Olympus:c5802#OlympusNode>:OUTPUT: [Olympus:] Replica:  2 , len(history):  1
[2017-11-21 00:24:13,495] Main.Olympus<Olympus:c5802#OlympusNode>:OUTPUT: [Olympus:] Total received:  2
[2017-11-21 00:24:13,496] Main.Olympus<Olympus:c5802#OlympusNode>:OUTPUT: [Olympus:] Longest History
[2017-11-21 00:24:13,496] Main.Olympus<Olympus:c5802#OlympusNode>:OUTPUT: [Olympus:] Longest History: Slot:  1 , Operation:  put('jedi','luke skywalker')
[2017-11-21 00:24:13,496] Main.Olympus<Olympus:c5802#OlympusNode>:OUTPUT: [Olympus:] Longest Database:  {'jedi': 'luke skywalker'}
[2017-11-21 00:24:13,504] Main.Replica<Replica:c5804#OlympusNode>:OUTPUT: [Replica 1 :]<< wedge
[2017-11-21 00:24:13,504] Main.Replica<Replica:c5804#OlympusNode>:OUTPUT: [Replica 1 :]>> wedged
[2017-11-21 00:24:13,505] Main.Replica<Replica:c5804#OlympusNode>:OUTPUT: [Replica 1 :] Fault: Truncate Histroy Injected on wedge request
[2017-11-21 00:24:13,508] Main.Replica<Replica:c5804#OlympusNode>:OUTPUT: [Replica 1 :]<< catch-up
[2017-11-21 00:24:13,508] Main.Replica<Replica:c5804#OlympusNode>:OUTPUT: [Replica 1 :] catch-up History
[2017-11-21 00:24:13,508] Main.Olympus<Olympus:c5802#OlympusNode>:OUTPUT: [Olympus:]<< wegded from Replica:  1
[2017-11-21 00:24:13,508] Main.Replica<Replica:c5804#OlympusNode>:OUTPUT: [Replica 1 :] catch-up History: Slot:  1 , operation:  put('jedi','luke skywalker')
[2017-11-21 00:24:13,509] Main.Replica<Replica:c5804#OlympusNode>:OUTPUT: [Replica 1 :]>> catchUpWithLongestHistory:  (1, {'jedi': 'luke skywalker'})
[2017-11-21 00:24:13,509] Main.Replica<Replica:c5804#OlympusNode>:OUTPUT: [Replica 1 :]>> caught-up
[2017-11-21 00:24:13,509] Main.Olympus<Olympus:c5802#OlympusNode>:OUTPUT: [Olympus:] Replica:  1 , len(history):  0
[2017-11-21 00:24:13,511] Main.Olympus<Olympus:c5802#OlympusNode>:OUTPUT: [Olympus:] Total received:  1
[2017-11-21 00:24:13,511] Main.Olympus<Olympus:c5802#OlympusNode>:OUTPUT: [Olympus:]<< caught-up from Replica:  1  : database:  {'jedi': 'luke skywalker'}
[2017-11-21 00:24:13,512] Main.Replica<Replica:c5805#OlympusNode>:OUTPUT: [Replica 2 :]<< catch-up
[2017-11-21 00:24:13,512] Main.Replica<Replica:c5805#OlympusNode>:OUTPUT: [Replica 2 :] catch-up History
[2017-11-21 00:24:13,512] Main.Replica<Replica:c5805#OlympusNode>:OUTPUT: [Replica 2 :]>> caught-up
[2017-11-21 00:24:13,514] Main.Olympus<Olympus:c5802#OlympusNode>:OUTPUT: [Olympus:]<< caught-up from Replica:  2  : database:  {'jedi': 'luke skywalker'}
[2017-11-21 00:24:13,515] Main.Olympus<Olympus:c5802#OlympusNode>:OUTPUT: [Olympus:] Making New Configuration
[2017-11-21 00:24:13,517] Main.Replica<Replica:c5803#OlympusNode>:OUTPUT: [Replica 0 :]<< catch-up
[2017-11-21 00:24:13,518] Main.Replica<Replica:c5803#OlympusNode>:OUTPUT: [Replica 0 :] catch-up History
[2017-11-21 00:24:13,518] Main.Replica<Replica:c5803#OlympusNode>:OUTPUT: [Replica 0 :] catch-up History: Slot:  1 , operation:  put('jedi','luke skywalker')
[2017-11-21 00:24:13,518] Main.Replica<Replica:c5803#OlympusNode>:OUTPUT: [Replica 0 :]>> catchUpWithLongestHistory:  (1, {'jedi': 'luke skywalker'})
[2017-11-21 00:24:13,519] Main.Replica<Replica:c5803#OlympusNode>:OUTPUT: [Replica 0 :]>> caught-up
[2017-11-21 00:24:13,599] Main.Olympus<Olympus:c5802#OlympusNode>:OUTPUT: failure map is : {}
[2017-11-21 00:24:13,617] Main.Olympus<Olympus:c5802#OlympusNode>:OUTPUT: failure map is : {}
[2017-11-21 00:24:13,637] Main.Olympus<Olympus:c5802#OlympusNode>:OUTPUT: failure map is : {}
[2017-11-21 00:24:13,658] Main.Replica<Replica:c5807#OlympusNode>:OUTPUT: [Replica 0 :] Started:  head ACTIVE 1
[2017-11-21 00:24:13,664] Main.Replica<Replica:c5808#OlympusNode>:OUTPUT: [Replica 1 :] Started:  normal_replica ACTIVE 1
[2017-11-21 00:24:13,688] Main.Replica<Replica:c5806#OlympusNode>:OUTPUT: [Replica 2 :] Started:  tail ACTIVE 1
[2017-11-21 00:24:13,689] Main.Olympus<Olympus:c5802#OlympusNode>:OUTPUT: [Olympus:]<< caught-up from Replica:  0  : database:  {'jedi': 'luke skywalker'}
[2017-11-21 00:24:23,457] Client.Client<Client:69802#ClientNode>:OUTPUT: [Client 0 :] Client Timeout.
[2017-11-21 00:24:23,458] Client.Client<Client:69802#ClientNode>:OUTPUT: [Client 0 :]>> req_operation_timeout: Replica:  0 slice('jedi','0:4')  : config:  0
[2017-11-21 00:24:23,460] Client.Client<Client:69802#ClientNode>:OUTPUT: [Client 0 :]>> req_operation_timeout: Replica:  1 slice('jedi','0:4')  : config:  0
[2017-11-21 00:24:23,462] Main.Replica<Replica:c5803#OlympusNode>:OUTPUT: [Replica 0 :]<< req_operation_timeout: IMMUTABLE:  slice('jedi','0:4')  Client:  0
[2017-11-21 00:24:23,478] Client.Client<Client:69802#ClientNode>:OUTPUT: [Client 0 :]>> req_operation_timeout: Replica:  2 slice('jedi','0:4')  : config:  0
[2017-11-21 00:24:23,480] Main.Replica<Replica:c5804#OlympusNode>:OUTPUT: [Replica 1 :]<< req_operation_timeout: IMMUTABLE:  slice('jedi','0:4')  Client:  0
[2017-11-21 00:24:23,503] Main.Replica<Replica:c5805#OlympusNode>:OUTPUT: [Replica 2 :]<< req_operation_timeout: IMMUTABLE:  slice('jedi','0:4')  Client:  0
[2017-11-21 00:24:23,524] Client.Client<Client:69802#ClientNode>:OUTPUT: [Client 0 :] Replica:  2  is Immutable, Request  new configuration
[2017-11-21 00:24:23,525] Client.Client<Client:69802#ClientNode>:OUTPUT: [Client 0 :]>> error_in_replica:  1
[2017-11-21 00:24:23,526] Client.Client<Client:69802#ClientNode>:OUTPUT: [Client 0 :]>> req_get_current_configuration
[2017-11-21 00:24:23,527] Client.Client<Client:69802#ClientNode>:OUTPUT: [Client 0 :] Replica:  0  is Immutable, Request  new configuration
[2017-11-21 00:24:23,527] Main.Olympus<Olympus:c5802#OlympusNode>:OUTPUT: [Olympus:]<< req_get_current_configuration
[2017-11-21 00:24:23,527] Client.Client<Client:69802#ClientNode>:OUTPUT: [Client 0 :] Replica:  1  is Immutable, Request  new configuration
[2017-11-21 00:24:23,528] Main.Olympus<Olympus:c5802#OlympusNode>:OUTPUT: [Olympus:]>> res_get_current_configuration
[2017-11-21 00:24:23,529] Client.Client<Client:69802#ClientNode>:OUTPUT: [Client 0 :]<< res_get_current_configuration
[2017-11-21 00:24:23,529] Client.Client<Client:69802#ClientNode>:OUTPUT: [Client 0 :]>> Sending to new config 
[2017-11-21 00:24:23,530] Client.Client<Client:69802#ClientNode>:OUTPUT: [Client 0 :]>> req_operation:  slice('jedi','0:4')  : config:  1
[2017-11-21 00:24:23,546] Main.Replica<Replica:c5807#OlympusNode>:OUTPUT: [Replica 0 :]<< req_operation:  slice('jedi','0:4')  Client:  0
[2017-11-21 00:24:23,547] Main.Replica<Replica:c5807#OlympusNode>:OUTPUT: Slot:  1  : Operation:  slice('jedi','0:4')
[2017-11-21 00:24:23,548] Main.Replica<Replica:c5807#OlympusNode>:OUTPUT: [Replica 0 :] Perform:  slice('jedi','0:4')
[2017-11-21 00:24:23,549] Main.Replica<Replica:c5807#OlympusNode>:OUTPUT: [Replica 0 :] Perform:  slice('jedi','0:4') , result:  OK
[2017-11-21 00:24:23,552] Main.Replica<Replica:c5807#OlympusNode>:OUTPUT: [Replica 0 :]>> Shuttle:  slice('jedi','0:4')  to Replica:  1
[2017-11-21 00:24:23,571] Main.Replica<Replica:c5808#OlympusNode>:OUTPUT: [Replica 1 :]<< forward_shuttle :  1 , len :  1
[2017-11-21 00:24:23,571] Main.Replica<Replica:c5808#OlympusNode>:OUTPUT: [Replica 1 :]<< Shuttle:  slice('jedi','0:4')  from Replica:  0
[2017-11-21 00:24:23,574] Main.Replica<Replica:c5808#OlympusNode>:OUTPUT: [Replica 1 :] Perform:  slice('jedi','0:4')
[2017-11-21 00:24:23,575] Main.Replica<Replica:c5808#OlympusNode>:OUTPUT: [Replica 1 :] Perform:  slice('jedi','0:4') , result:  OK
[2017-11-21 00:24:23,577] Main.Replica<Replica:c5808#OlympusNode>:OUTPUT: [Replica 1 :]>> Shuttle:  slice('jedi','0:4')  to Replica:  2
[2017-11-21 00:24:23,589] Main.Replica<Replica:c5806#OlympusNode>:OUTPUT: [Replica 2 :]<< forward_shuttle :  1 , len :  1
[2017-11-21 00:24:23,590] Main.Replica<Replica:c5806#OlympusNode>:OUTPUT: [Replica 2 :]<< Shuttle:  slice('jedi','0:4')  from Replica:  1
[2017-11-21 00:24:23,592] Main.Replica<Replica:c5806#OlympusNode>:OUTPUT: [Replica 2 :] Perform:  slice('jedi','0:4')
[2017-11-21 00:24:23,593] Main.Replica<Replica:c5806#OlympusNode>:OUTPUT: [Replica 2 :] Perform:  slice('jedi','0:4') , result:  OK
[2017-11-21 00:24:23,609] Main.Replica<Replica:c5806#OlympusNode>:OUTPUT: [Replica 2 :]>> res_operation:  slice('jedi','0:4')  result:  OK
[2017-11-21 00:24:23,611] Main.Replica<Replica:c5806#OlympusNode>:OUTPUT: [Replica 2 :]>> Result Shuttle:  slice('jedi','0:4')  to Replica:  1
[2017-11-21 00:24:23,611] Client.Client<Client:69802#ClientNode>:OUTPUT: [Client 0 :]<< res_operation:  slice('jedi','0:4')  Result:  OK
[2017-11-21 00:24:23,612] Client.Client<Client:69802#ClientNode>:OUTPUT: [Client 0 :]>> req_operation:  get('jedi')  : config:  1
[2017-11-21 00:24:23,615] Main.Replica<Replica:c5807#OlympusNode>:OUTPUT: [Replica 0 :]<< req_operation:  get('jedi')  Client:  0
[2017-11-21 00:24:23,616] Main.Replica<Replica:c5807#OlympusNode>:OUTPUT: Slot:  2  : Operation:  get('jedi')
[2017-11-21 00:24:23,617] Main.Replica<Replica:c5807#OlympusNode>:OUTPUT: [Replica 0 :] Perform:  get('jedi')
[2017-11-21 00:24:23,618] Main.Replica<Replica:c5807#OlympusNode>:OUTPUT: [Replica 0 :] Perform:  get('jedi') , result:  luke
[2017-11-21 00:24:23,622] Main.Replica<Replica:c5807#OlympusNode>:OUTPUT: [Replica 0 :]>> Shuttle:  get('jedi')  to Replica:  1
[2017-11-21 00:24:23,627] Main.Replica<Replica:c5808#OlympusNode>:OUTPUT: [Replica 1 :]<< forward_shuttle :  2 , len :  2
[2017-11-21 00:24:23,627] Main.Replica<Replica:c5808#OlympusNode>:OUTPUT: [Replica 1 :]<< Shuttle:  get('jedi')  from Replica:  0
[2017-11-21 00:24:23,629] Main.Replica<Replica:c5808#OlympusNode>:OUTPUT: [Replica 1 :] Perform:  get('jedi')
[2017-11-21 00:24:23,629] Main.Replica<Replica:c5808#OlympusNode>:OUTPUT: [Replica 1 :] Perform:  get('jedi') , result:  luke
[2017-11-21 00:24:23,630] Main.Replica<Replica:c5808#OlympusNode>:OUTPUT: [Replica 1 :]>> Shuttle:  get('jedi')  to Replica:  2
[2017-11-21 00:24:23,632] Main.Replica<Replica:c5806#OlympusNode>:OUTPUT: [Replica 2 :]<< forward_shuttle :  2 , len :  2
[2017-11-21 00:24:23,632] Main.Replica<Replica:c5806#OlympusNode>:OUTPUT: [Replica 2 :]<< Shuttle:  get('jedi')  from Replica:  1
[2017-11-21 00:24:23,633] Main.Replica<Replica:c5808#OlympusNode>:OUTPUT: [Replica 1 :]<< Result Shuttle:  slice('jedi','0:4')  to Replica:  2
[2017-11-21 00:24:23,634] Main.Replica<Replica:c5808#OlympusNode>:OUTPUT: [Replica 1 :]>> Result Shuttle:  slice('jedi','0:4')  to Replica:  0
[2017-11-21 00:24:23,634] Main.Replica<Replica:c5806#OlympusNode>:OUTPUT: [Replica 2 :] Perform:  get('jedi')
[2017-11-21 00:24:23,634] Main.Replica<Replica:c5806#OlympusNode>:OUTPUT: [Replica 2 :] Perform:  get('jedi') , result:  luke
[2017-11-21 00:24:23,636] Main.Replica<Replica:c5806#OlympusNode>:OUTPUT: [Replica 2 :]>> res_operation:  get('jedi')  result:  luke
[2017-11-21 00:24:23,639] Main.Replica<Replica:c5806#OlympusNode>:OUTPUT: [Replica 2 :]>> Result Shuttle:  get('jedi')  to Replica:  1
[2017-11-21 00:24:23,639] Client.Client<Client:69802#ClientNode>:OUTPUT: [Client 0 :]<< res_operation:  get('jedi')  Result:  luke
[2017-11-21 00:24:23,640] Client.Client<Client:69802#ClientNode>:OUTPUT: [Client 0 :] Test case completed! Validating Result
[2017-11-21 00:24:23,645] Client.Client<Client:69802#ClientNode>:OUTPUT: [Client 0 :] Valid Final Result! Client:  ['OK', 'OK', 'luke'] , Replica:  ['OK', 'OK', 'luke']
[2017-11-21 00:24:23,650] Main.Replica<Replica:c5808#OlympusNode>:OUTPUT: [Replica 1 :]<< Result Shuttle:  get('jedi')  to Replica:  2
[2017-11-21 00:24:23,651] Main.Replica<Replica:c5808#OlympusNode>:OUTPUT: [Replica 1 :]>> Result Shuttle:  get('jedi')  to Replica:  0
[2017-11-21 00:24:23,656] Main.Replica<Replica:c5807#OlympusNode>:OUTPUT: [Replica 0 :]<< Result Shuttle:  slice('jedi','0:4')  to Replica:  1
[2017-11-21 00:24:23,658] Main.Replica<Replica:c5807#OlympusNode>:OUTPUT: [Replica 0 :]<< Result Shuttle:  get('jedi')  to Replica:  1
[2017-11-21 00:24:25,462] da.api<MainProcess>:WARNING: Received keyboard interrupt. 
