[2017-11-21 00:48:46,033] da.api<MainProcess>:INFO: Bootstrapping attempt failed due to BootstrapException('Unable to contact a peer node.',),  continuing as a master node (use '--master' to disable bootstrapping at startup).
[2017-11-21 00:48:46,034] da.api<MainProcess>:INFO: <Node_:ClientNode> initialized at 127.0.0.1:(UdpTransport=15000, TcpTransport=15000).
[2017-11-21 00:48:46,034] da.api<MainProcess>:INFO: Starting program <module 'Main' from 'src/Main.py'>...
[2017-11-21 00:48:46,035] da.api<MainProcess>:INFO: Running iteration 1 ...
[2017-11-21 00:48:46,037] da.api<MainProcess>:INFO: Waiting for remaining child processes to terminate...(Press "Ctrl-C" to force kill)
[2017-11-21 00:48:46,292] Main.Node_<Node_:ClientNode>:INFO: Waiting to resolve name 'OlympusNode'...
[2017-11-21 00:48:47,723] da.sim.Router<MainProcess>:INFO: Bootstrap succeeded using <UdpTransport(127.0.0.1:33931)>.
[2017-11-21 00:48:47,723] da.api<MainProcess>:INFO: <Node_:OlympusNode> initialized at 127.0.0.1:(UdpTransport=33931, TcpTransport=16388).
[2017-11-21 00:48:47,724] da.api<MainProcess>:INFO: Starting program <module 'Main' from 'src/Main.py'>...
[2017-11-21 00:48:47,724] da.api<MainProcess>:INFO: Running iteration 1 ...
[2017-11-21 00:48:47,725] da.api<MainProcess>:INFO: Waiting for remaining child processes to terminate...(Press "Ctrl-C" to force kill)
[2017-11-21 00:48:47,937] Main.Olympus<Olympus:c2402#OlympusNode>:OUTPUT: [Olympus:] Setup
[2017-11-21 00:48:48,035] Client.Client<Client:cb002#ClientNode>:OUTPUT: [Client 0 :] Workload:  put('jedi','luke skywalker'); slice('jedi','0:4'); get('jedi')
[2017-11-21 00:48:48,038] Main.Olympus<Olympus:c2402#OlympusNode>:OUTPUT: [Olympus:] Started
[2017-11-21 00:48:48,060] Client.Client<Client:cb002#ClientNode>:OUTPUT: [Client 0 :] Started
[2017-11-21 00:48:48,061] da.api<MainProcess>:INFO: Main process terminated.
[2017-11-21 00:48:48,092] Main.Olympus<Olympus:c2402#OlympusNode>:OUTPUT: [Olympus:]<< req_get_current_configuration
[2017-11-21 00:48:48,092] Main.Olympus<Olympus:c2402#OlympusNode>:OUTPUT: [Olympus:] Making New Configuration
[2017-11-21 00:48:48,199] Main.Olympus<Olympus:c2402#OlympusNode>:OUTPUT: failure map is : {}
[2017-11-21 00:48:48,220] Main.Olympus<Olympus:c2402#OlympusNode>:OUTPUT: failure map is : {'change_operation()': ('shuttle', ('0', '1'))}
[2017-11-21 00:48:48,241] Main.Olympus<Olympus:c2402#OlympusNode>:OUTPUT: failure map is : {}
[2017-11-21 00:48:48,260] Main.Replica<Replica:c2403#OlympusNode>:OUTPUT: [Replica 0 :] Started:  head ACTIVE 0
[2017-11-21 00:48:48,264] Main.Replica<Replica:c2404#OlympusNode>:OUTPUT: [Replica 1 :] Started:  normal_replica ACTIVE 0
[2017-11-21 00:48:48,285] Main.Replica<Replica:c2405#OlympusNode>:OUTPUT: [Replica 2 :] Started:  tail ACTIVE 0
[2017-11-21 00:48:48,285] Main.Olympus<Olympus:c2402#OlympusNode>:OUTPUT: [Olympus:]>> res_get_current_configuration
[2017-11-21 00:48:48,306] Client.Client<Client:cb002#ClientNode>:OUTPUT: [Client 0 :]<< res_get_current_configuration
[2017-11-21 00:48:48,307] Client.Client<Client:cb002#ClientNode>:OUTPUT: [Client 0 :]>> req_operation:  put('jedi','luke skywalker')  : config:  0
[2017-11-21 00:48:48,324] Main.Replica<Replica:c2403#OlympusNode>:OUTPUT: [Replica 0 :]<< req_operation:  put('jedi','luke skywalker')  Client:  0
[2017-11-21 00:48:48,325] Main.Replica<Replica:c2403#OlympusNode>:OUTPUT: Slot:  1  : Operation:  put('jedi','luke skywalker')
[2017-11-21 00:48:48,326] Main.Replica<Replica:c2403#OlympusNode>:OUTPUT: [Replica 0 :] Perform:  put('jedi','luke skywalker')
[2017-11-21 00:48:48,327] Main.Replica<Replica:c2403#OlympusNode>:OUTPUT: [Replica 0 :] Perform:  put('jedi','luke skywalker') , result:  OK
[2017-11-21 00:48:48,331] Main.Replica<Replica:c2403#OlympusNode>:OUTPUT: [Replica 0 :]>> Shuttle:  put('jedi','luke skywalker')  to Replica:  1
[2017-11-21 00:48:48,353] Main.Replica<Replica:c2404#OlympusNode>:OUTPUT: [Replica 1 :]<< forward_shuttle :  1 , len :  1
[2017-11-21 00:48:48,354] Main.Replica<Replica:c2404#OlympusNode>:OUTPUT: [Replica 1 :]<< Shuttle:  put('jedi','luke skywalker')  from Replica:  0
[2017-11-21 00:48:48,356] Main.Replica<Replica:c2404#OlympusNode>:OUTPUT: [Replica 1 :] Fault: Change Operation, Client  0 , Request  1
[2017-11-21 00:48:48,356] Main.Replica<Replica:c2404#OlympusNode>:OUTPUT: [Replica 1 :] !!!!!! Changing operation from  ('jedi','luke skywalker')  to get('X') !!!!!!!
[2017-11-21 00:48:48,357] Main.Replica<Replica:c2404#OlympusNode>:OUTPUT: [Replica 1 :] Perform:  get('X')
[2017-11-21 00:48:48,357] Main.Replica<Replica:c2404#OlympusNode>:OUTPUT: [Replica 1 :] Perform:  get('X') , result:  
[2017-11-21 00:48:48,358] Main.Replica<Replica:c2404#OlympusNode>:OUTPUT: [Replica 1 :] Successfully injected fault: Change operation
[2017-11-21 00:48:48,359] Main.Replica<Replica:c2404#OlympusNode>:OUTPUT: [Replica 1 :]>> Shuttle:  get('X')  to Replica:  2
[2017-11-21 00:48:48,381] Main.Replica<Replica:c2405#OlympusNode>:OUTPUT: [Replica 2 :]<< forward_shuttle :  1 , len :  1
[2017-11-21 00:48:48,381] Main.Replica<Replica:c2405#OlympusNode>:OUTPUT: [Replica 2 :]<< Shuttle:  get('X')  from Replica:  1
[2017-11-21 00:48:48,383] Main.Replica<Replica:c2405#OlympusNode>:OUTPUT: [Replica 2 :] Result doesnot match so returning false
[2017-11-21 00:48:48,383] Main.Replica<Replica:c2405#OlympusNode>:OUTPUT: [Replica 2 :] Invalid Order Proof, Sending Reconfig request. Become Immutable
[2017-11-21 00:48:48,385] Main.Olympus<Olympus:c2402#OlympusNode>:OUTPUT: [Olympus:]<< req_re_configuration
[2017-11-21 00:48:48,385] Main.Olympus<Olympus:c2402#OlympusNode>:OUTPUT: [Olympus:]>> wedge to Replica:  0
[2017-11-21 00:48:48,385] Main.Olympus<Olympus:c2402#OlympusNode>:OUTPUT: [Olympus:]>> wedge to Replica:  1
[2017-11-21 00:48:48,386] Main.Olympus<Olympus:c2402#OlympusNode>:OUTPUT: [Olympus:]>> wedge to Replica:  2
[2017-11-21 00:48:48,386] Main.Replica<Replica:c2403#OlympusNode>:OUTPUT: [Replica 0 :]<< wedge
[2017-11-21 00:48:48,387] Main.Replica<Replica:c2403#OlympusNode>:OUTPUT: [Replica 0 :]>> wedged
[2017-11-21 00:48:48,387] Main.Replica<Replica:c2404#OlympusNode>:OUTPUT: [Replica 1 :]<< wedge
[2017-11-21 00:48:48,388] Main.Olympus<Olympus:c2402#OlympusNode>:OUTPUT: [Olympus:]<< wegded from Replica:  0
[2017-11-21 00:48:48,388] Main.Replica<Replica:c2405#OlympusNode>:OUTPUT: [Replica 2 :]<< wedge
[2017-11-21 00:48:48,388] Main.Replica<Replica:c2405#OlympusNode>:OUTPUT: [Replica 2 :]>> wedged
[2017-11-21 00:48:48,389] Main.Olympus<Olympus:c2402#OlympusNode>:OUTPUT: [Olympus:] Replica:  0 , len(history):  0
[2017-11-21 00:48:48,389] Main.Olympus<Olympus:c2402#OlympusNode>:OUTPUT: [Olympus:] Total received:  1
[2017-11-21 00:48:48,388] Main.Replica<Replica:c2404#OlympusNode>:OUTPUT: [Replica 1 :]>> wedged
[2017-11-21 00:48:48,390] Main.Olympus<Olympus:c2402#OlympusNode>:OUTPUT: [Olympus:]<< wegded from Replica:  2
[2017-11-21 00:48:48,391] Main.Olympus<Olympus:c2402#OlympusNode>:OUTPUT: [Olympus:] Replica:  2 , len(history):  0
[2017-11-21 00:48:48,392] Main.Olympus<Olympus:c2402#OlympusNode>:OUTPUT: [Olympus:] Total received:  2
[2017-11-21 00:48:48,392] Main.Olympus<Olympus:c2402#OlympusNode>:OUTPUT: [Olympus:] Longest History
[2017-11-21 00:48:48,392] Main.Olympus<Olympus:c2402#OlympusNode>:OUTPUT: [Olympus:] Longest Database:  {'jedi': 'luke skywalker'}
[2017-11-21 00:48:48,395] Main.Olympus<Olympus:c2402#OlympusNode>:OUTPUT: [Olympus:]<< wegded from Replica:  1
[2017-11-21 00:48:48,395] Main.Replica<Replica:c2405#OlympusNode>:OUTPUT: [Replica 2 :]<< catch-up
[2017-11-21 00:48:48,395] Main.Replica<Replica:c2405#OlympusNode>:OUTPUT: [Replica 2 :] catch-up History
[2017-11-21 00:48:48,395] Main.Replica<Replica:c2403#OlympusNode>:OUTPUT: [Replica 0 :]<< catch-up
[2017-11-21 00:48:48,395] Main.Replica<Replica:c2405#OlympusNode>:OUTPUT: [Replica 2 :]>> caught-up
[2017-11-21 00:48:48,396] Main.Replica<Replica:c2403#OlympusNode>:OUTPUT: [Replica 0 :] catch-up History
[2017-11-21 00:48:48,396] Main.Replica<Replica:c2403#OlympusNode>:OUTPUT: [Replica 0 :]>> caught-up
[2017-11-21 00:48:48,396] Main.Olympus<Olympus:c2402#OlympusNode>:OUTPUT: [Olympus:] Replica:  1 , len(history):  0
[2017-11-21 00:48:48,396] Main.Olympus<Olympus:c2402#OlympusNode>:OUTPUT: [Olympus:] Total received:  1
[2017-11-21 00:48:48,395] Main.Replica<Replica:c2404#OlympusNode>:OUTPUT: [Replica 1 :]<< catch-up
[2017-11-21 00:48:48,397] Main.Replica<Replica:c2404#OlympusNode>:OUTPUT: [Replica 1 :] catch-up History
[2017-11-21 00:48:48,397] Main.Olympus<Olympus:c2402#OlympusNode>:OUTPUT: [Olympus:]<< caught-up from Replica:  2  : database:  {}
[2017-11-21 00:48:48,398] Main.Replica<Replica:c2404#OlympusNode>:OUTPUT: [Replica 1 :]>> caught-up
[2017-11-21 00:48:48,398] Main.Olympus<Olympus:c2402#OlympusNode>:OUTPUT: [Olympus:]Incorrect caught-up history: Not including Replica :  2  in Quoram
[2017-11-21 00:48:48,398] Main.Olympus<Olympus:c2402#OlympusNode>:OUTPUT: [Olympus:]<< caught-up from Replica:  0  : database:  {'jedi': 'luke skywalker'}
[2017-11-21 00:48:48,399] Main.Olympus<Olympus:c2402#OlympusNode>:OUTPUT: [Olympus:]<< caught-up from Replica:  1  : database:  {}
[2017-11-21 00:48:48,399] Main.Olympus<Olympus:c2402#OlympusNode>:OUTPUT: [Olympus:]Incorrect caught-up history: Not including Replica :  1  in Quoram
[2017-11-21 00:48:48,399] Main.Olympus<Olympus:c2402#OlympusNode>:OUTPUT: [Olympus:]<< Longest history might be of byzantine
[2017-11-21 00:48:48,400] Main.Olympus<Olympus:c2402#OlympusNode>:OUTPUT: [Olympus:]>> get-running-state to Replica:  1
[2017-11-21 00:48:48,401] Main.Replica<Replica:c2404#OlympusNode>:OUTPUT: [Replica 1 :]<< get-running-state
[2017-11-21 00:48:48,401] Main.Replica<Replica:c2404#OlympusNode>:OUTPUT: [Replica 1 :]>> running-state
[2017-11-21 00:48:48,402] Main.Olympus<Olympus:c2402#OlympusNode>:OUTPUT: [Olympus:]<< running-state from Replica:  1  : database:  {}
[2017-11-21 00:48:48,403] Main.Olympus<Olympus:c2402#OlympusNode>:OUTPUT: [Olympus:]<< running-state matching with caught-up history
[2017-11-21 00:48:48,403] Main.Olympus<Olympus:c2402#OlympusNode>:OUTPUT: [Olympus:] Making New Configuration
[2017-11-21 00:48:48,489] Main.Olympus<Olympus:c2402#OlympusNode>:OUTPUT: failure map is : {}
[2017-11-21 00:48:48,515] Main.Olympus<Olympus:c2402#OlympusNode>:OUTPUT: failure map is : {'crash()': ('new_configuration', ('-1', '0'))}
[2017-11-21 00:48:48,534] Main.Replica<Replica:c2406#OlympusNode>:OUTPUT: New Configuration Fault: Crash Replica injected
[2017-11-21 00:48:48,536] Main.Olympus<Olympus:c2402#OlympusNode>:OUTPUT: failure map is : {}
[2017-11-21 00:48:48,556] Main.Replica<Replica:c2408#OlympusNode>:OUTPUT: [Replica 0 :] Started:  head ACTIVE 1
[2017-11-21 00:48:48,560] Main.Replica<Replica:c2406#OlympusNode>:OUTPUT: [Replica 1 :] Started:  normal_replica ACTIVE 1
[2017-11-21 00:48:48,580] Main.Replica<Replica:c2407#OlympusNode>:OUTPUT: [Replica 2 :] Started:  tail ACTIVE 1
[2017-11-21 00:48:48,581] Main.Olympus<Olympus:c2402#OlympusNode>:OUTPUT: [Olympus:] New configuration created
[2017-11-21 00:48:58,323] Client.Client<Client:cb002#ClientNode>:OUTPUT: [Client 0 :] Client Timeout.
[2017-11-21 00:48:58,325] Client.Client<Client:cb002#ClientNode>:OUTPUT: [Client 0 :]>> req_operation_timeout: Replica:  0 put('jedi','luke skywalker')  : config:  0
[2017-11-21 00:48:58,327] Client.Client<Client:cb002#ClientNode>:OUTPUT: [Client 0 :]>> req_operation_timeout: Replica:  1 put('jedi','luke skywalker')  : config:  0
[2017-11-21 00:48:58,329] Main.Replica<Replica:c2403#OlympusNode>:OUTPUT: [Replica 0 :]<< req_operation_timeout: IMMUTABLE:  put('jedi','luke skywalker')  Client:  0
[2017-11-21 00:48:58,345] Client.Client<Client:cb002#ClientNode>:OUTPUT: [Client 0 :]>> req_operation_timeout: Replica:  2 put('jedi','luke skywalker')  : config:  0
[2017-11-21 00:48:58,347] Main.Replica<Replica:c2404#OlympusNode>:OUTPUT: [Replica 1 :]<< req_operation_timeout: IMMUTABLE:  put('jedi','luke skywalker')  Client:  0
[2017-11-21 00:48:58,386] Main.Replica<Replica:c2405#OlympusNode>:OUTPUT: [Replica 2 :]<< req_operation_timeout: IMMUTABLE:  put('jedi','luke skywalker')  Client:  0
[2017-11-21 00:48:58,393] Client.Client<Client:cb002#ClientNode>:OUTPUT: [Client 0 :] Replica:  0  is Immutable, Request  new configuration
[2017-11-21 00:48:58,394] Client.Client<Client:cb002#ClientNode>:OUTPUT: [Client 0 :]>> error_in_replica:  1
[2017-11-21 00:48:58,394] Client.Client<Client:cb002#ClientNode>:OUTPUT: [Client 0 :]>> req_get_current_configuration
[2017-11-21 00:48:58,397] Client.Client<Client:cb002#ClientNode>:OUTPUT: [Client 0 :] Replica:  1  is Immutable, Request  new configuration
[2017-11-21 00:48:58,397] Main.Olympus<Olympus:c2402#OlympusNode>:OUTPUT: [Olympus:]<< req_get_current_configuration
[2017-11-21 00:48:58,397] Main.Olympus<Olympus:c2402#OlympusNode>:OUTPUT: [Olympus:]>> res_get_current_configuration
[2017-11-21 00:48:58,411] Client.Client<Client:cb002#ClientNode>:OUTPUT: [Client 0 :]<< res_get_current_configuration
[2017-11-21 00:48:58,411] Client.Client<Client:cb002#ClientNode>:OUTPUT: [Client 0 :]>> Sending to new config 
[2017-11-21 00:48:58,412] Client.Client<Client:cb002#ClientNode>:OUTPUT: [Client 0 :]>> req_operation:  put('jedi','luke skywalker')  : config:  1
[2017-11-21 00:48:58,428] Client.Client<Client:cb002#ClientNode>:OUTPUT: [Client 0 :] Replica:  2  is Immutable, Request  new configuration
[2017-11-21 00:48:58,434] Main.Replica<Replica:c2408#OlympusNode>:OUTPUT: [Replica 0 :]<< req_operation:  put('jedi','luke skywalker')  Client:  0
[2017-11-21 00:48:58,435] Main.Replica<Replica:c2408#OlympusNode>:OUTPUT: Slot:  1  : Operation:  put('jedi','luke skywalker')
[2017-11-21 00:48:58,436] Main.Replica<Replica:c2408#OlympusNode>:OUTPUT: [Replica 0 :] Perform:  put('jedi','luke skywalker')
[2017-11-21 00:48:58,437] Main.Replica<Replica:c2408#OlympusNode>:OUTPUT: [Replica 0 :] Perform:  put('jedi','luke skywalker') , result:  OK
[2017-11-21 00:48:58,440] Main.Replica<Replica:c2408#OlympusNode>:OUTPUT: [Replica 0 :]>> Shuttle:  put('jedi','luke skywalker')  to Replica:  1
[2017-11-21 00:48:58,455] Main.Replica<Replica:c2406#OlympusNode>:OUTPUT: [Replica 1 :]<< forward_shuttle :  1 , len :  1
[2017-11-21 00:48:58,455] Main.Replica<Replica:c2406#OlympusNode>:OUTPUT: [Replica 1 :]<< Shuttle:  put('jedi','luke skywalker')  from Replica:  0
[2017-11-21 00:48:58,456] Main.Replica<Replica:c2406#OlympusNode>:OUTPUT: [Replica 1 :] Fault: Crash Replica injected
[2017-11-21 00:49:08,430] Client.Client<Client:cb002#ClientNode>:OUTPUT: [Client 0 :] Client Timeout.
[2017-11-21 00:49:08,431] Client.Client<Client:cb002#ClientNode>:OUTPUT: [Client 0 :]>> req_operation_timeout: Replica:  0 put('jedi','luke skywalker')  : config:  1
[2017-11-21 00:49:08,433] Client.Client<Client:cb002#ClientNode>:OUTPUT: [Client 0 :]>> req_operation_timeout: Replica:  1 put('jedi','luke skywalker')  : config:  1
[2017-11-21 00:49:08,434] da.sim.Router<OSProcessContainer-1>:ERROR: Could not send message due to: TransportException("connection refused by ('127.0.0.1', 21714)",)
[2017-11-21 00:49:08,437] Client.Client<Client:cb002#ClientNode>:OUTPUT: [Client 0 :]>> req_operation_timeout: Replica:  2 put('jedi','luke skywalker')  : config:  1
[2017-11-21 00:49:08,437] Main.Replica<Replica:c2408#OlympusNode>:OUTPUT: [Replica 0 :]<< req_operation_timeout:  put('jedi','luke skywalker')  Client:  0
[2017-11-21 00:49:08,456] Main.Replica<Replica:c2407#OlympusNode>:OUTPUT: [Replica 2 :]<< req_operation_timeout:  put('jedi','luke skywalker')  Client:  0
[2017-11-21 00:49:08,456] Main.Replica<Replica:c2407#OlympusNode>:OUTPUT: [Replica 2 :]>> res_operation_timeout:  put('jedi','luke skywalker')  to Head Replica
[2017-11-21 00:49:08,473] Main.Replica<Replica:c2408#OlympusNode>:OUTPUT: [Replica 0 :]<< req_operation_timeout:  put('jedi','luke skywalker')  from Replica[no history], Client:  0
[2017-11-21 00:49:18,454] Client.Client<Client:cb002#ClientNode>:OUTPUT: [Client 0 :] Not received from Quoram, Terminate System.
[2017-11-21 00:49:18,455] Client.Client<Client:cb002#ClientNode>:OUTPUT: [Client 0 :]>> req_get_current_configuration
[2017-11-21 00:49:18,457] Main.Olympus<Olympus:c2402#OlympusNode>:OUTPUT: [Olympus:]<< req_get_current_configuration
[2017-11-21 00:49:18,458] Main.Olympus<Olympus:c2402#OlympusNode>:OUTPUT: [Olympus:]>> res_get_current_configuration
[2017-11-21 00:49:18,461] Client.Client<Client:cb002#ClientNode>:OUTPUT: [Client 0 :]<< res_get_current_configuration
[2017-11-21 00:49:18,461] Client.Client<Client:cb002#ClientNode>:OUTPUT: [Client 0 :]>> Sending to new config 
[2017-11-21 00:49:18,463] Client.Client<Client:cb002#ClientNode>:OUTPUT: [Client 0 :]>> req_operation:  put('jedi','luke skywalker')  : config:  1
[2017-11-21 00:49:18,466] Main.Replica<Replica:c2408#OlympusNode>:OUTPUT: [Replica 0 :]<< req_operation:  put('jedi','luke skywalker')  Client:  0
[2017-11-21 00:49:18,467] Main.Replica<Replica:c2408#OlympusNode>:OUTPUT: Slot:  2  : Operation:  put('jedi','luke skywalker')
[2017-11-21 00:49:18,468] Main.Replica<Replica:c2408#OlympusNode>:OUTPUT: [Replica 0 :] Perform:  put('jedi','luke skywalker')
[2017-11-21 00:49:18,468] Main.Replica<Replica:c2408#OlympusNode>:OUTPUT: [Replica 0 :] Perform:  put('jedi','luke skywalker') , result:  OK
[2017-11-21 00:49:18,471] Main.Replica<Replica:c2408#OlympusNode>:OUTPUT: [Replica 0 :]>> Shuttle:  put('jedi','luke skywalker')  to Replica:  1
[2017-11-21 00:49:18,472] da.sim.Router<OSProcessContainer-1:6>:ERROR: Could not send message due to: TransportException("connection refused by ('127.0.0.1', 21714)",)
[2017-11-21 00:49:18,474] Main.Replica<Replica:c2407#OlympusNode>:OUTPUT: [Replica 2 :] Timeout!! Sending Reconfig Request
[2017-11-21 00:49:18,474] Main.Replica<Replica:c2408#OlympusNode>:OUTPUT: [Replica 0 :] Timeout!! Sending Reconfig Request
[2017-11-21 00:49:18,475] Main.Replica<Replica:c2408#OlympusNode>:OUTPUT: [Replica 0 :]>> Killing Timer
[2017-11-21 00:49:18,476] Main.Olympus<Olympus:c2402#OlympusNode>:OUTPUT: [Olympus:]<< req_re_configuration
[2017-11-21 00:49:18,476] Main.Olympus<Olympus:c2402#OlympusNode>:OUTPUT: [Olympus:]>> wedge to Replica:  0
[2017-11-21 00:49:18,476] Main.Olympus<Olympus:c2402#OlympusNode>:OUTPUT: [Olympus:]>> wedge to Replica:  1
[2017-11-21 00:49:18,477] Main.Replica<Replica:c2408#OlympusNode>:OUTPUT: [Replica 0 :]<< wedge
[2017-11-21 00:49:18,477] Main.Replica<Replica:c2408#OlympusNode>:OUTPUT: [Replica 0 :]>> wedged
[2017-11-21 00:49:18,477] da.sim.Router<OSProcessContainer-1>:ERROR: Could not send message due to: TransportException("connection refused by ('127.0.0.1', 21714)",)
[2017-11-21 00:49:18,478] Main.Olympus<Olympus:c2402#OlympusNode>:OUTPUT: [Olympus:]>> wedge to Replica:  2
[2017-11-21 00:49:18,480] Main.Olympus<Olympus:c2402#OlympusNode>:OUTPUT: [Olympus:]<< req_re_configuration
[2017-11-21 00:49:18,480] Main.Olympus<Olympus:c2402#OlympusNode>:OUTPUT: [Olympus:]Reconfig request from old configuration, ignoring!
[2017-11-21 00:49:18,480] Main.Replica<Replica:c2407#OlympusNode>:OUTPUT: [Replica 2 :]<< wedge
[2017-11-21 00:49:18,480] Main.Replica<Replica:c2407#OlympusNode>:OUTPUT: [Replica 2 :]>> wedged
[2017-11-21 00:49:18,481] Main.Olympus<Olympus:c2402#OlympusNode>:OUTPUT: [Olympus:]<< wegded from Replica:  0
[2017-11-21 00:49:18,481] Main.Olympus<Olympus:c2402#OlympusNode>:OUTPUT: [Olympus:] Replica:  0 , len(history):  0
[2017-11-21 00:49:18,482] Main.Olympus<Olympus:c2402#OlympusNode>:OUTPUT: [Olympus:] Total received:  1
[2017-11-21 00:49:18,484] Main.Olympus<Olympus:c2402#OlympusNode>:OUTPUT: [Olympus:]<< wegded from Replica:  2
[2017-11-21 00:49:18,484] Main.Olympus<Olympus:c2402#OlympusNode>:OUTPUT: [Olympus:] Replica:  2 , len(history):  0
[2017-11-21 00:49:18,485] Main.Olympus<Olympus:c2402#OlympusNode>:OUTPUT: [Olympus:] Total received:  2
[2017-11-21 00:49:18,485] Main.Olympus<Olympus:c2402#OlympusNode>:OUTPUT: [Olympus:] Longest History
[2017-11-21 00:49:18,485] Main.Olympus<Olympus:c2402#OlympusNode>:OUTPUT: [Olympus:] Longest Database:  {'jedi': 'luke skywalker'}
[2017-11-21 00:49:18,487] Main.Replica<Replica:c2408#OlympusNode>:OUTPUT: [Replica 0 :]<< catch-up
[2017-11-21 00:49:18,488] da.sim.Router<OSProcessContainer-1>:ERROR: Could not send message due to: TransportException("connection refused by ('127.0.0.1', 21714)",)
[2017-11-21 00:49:18,488] Main.Replica<Replica:c2408#OlympusNode>:OUTPUT: [Replica 0 :] catch-up History
[2017-11-21 00:49:18,488] Main.Replica<Replica:c2408#OlympusNode>:OUTPUT: [Replica 0 :]>> caught-up
[2017-11-21 00:49:18,490] Main.Replica<Replica:c2407#OlympusNode>:OUTPUT: [Replica 2 :]<< catch-up
[2017-11-21 00:49:18,491] Main.Replica<Replica:c2407#OlympusNode>:OUTPUT: [Replica 2 :] catch-up History
[2017-11-21 00:49:18,491] Main.Replica<Replica:c2407#OlympusNode>:OUTPUT: [Replica 2 :]>> caught-up
[2017-11-21 00:49:18,494] Main.Olympus<Olympus:c2402#OlympusNode>:OUTPUT: [Olympus:]<< caught-up from Replica:  0  : database:  {'jedi': 'luke skywalker'}
[2017-11-21 00:49:18,494] Main.Olympus<Olympus:c2402#OlympusNode>:OUTPUT: [Olympus:]<< caught-up from Replica:  2  : database:  {}
[2017-11-21 00:49:18,494] Main.Olympus<Olympus:c2402#OlympusNode>:OUTPUT: [Olympus:]Incorrect caught-up history: Not including Replica :  2  in Quoram
[2017-11-21 00:49:18,495] Main.Olympus<Olympus:c2402#OlympusNode>:OUTPUT: [Olympus:]<< Longest history might be of byzantine
[2017-11-21 00:49:18,495] Main.Olympus<Olympus:c2402#OlympusNode>:OUTPUT: [Olympus:]>> get-running-state to Replica:  0
[2017-11-21 00:49:18,496] Main.Replica<Replica:c2408#OlympusNode>:OUTPUT: [Replica 0 :]<< get-running-state
[2017-11-21 00:49:18,497] Main.Replica<Replica:c2408#OlympusNode>:OUTPUT: [Replica 0 :]>> running-state
[2017-11-21 00:49:18,498] Main.Olympus<Olympus:c2402#OlympusNode>:OUTPUT: [Olympus:]<< running-state from Replica:  0  : database:  {'jedi': 'luke skywalker'}
[2017-11-21 00:49:18,498] Main.Olympus<Olympus:c2402#OlympusNode>:OUTPUT: [Olympus:]<< running-state matching with caught-up history
[2017-11-21 00:49:18,498] Main.Olympus<Olympus:c2402#OlympusNode>:OUTPUT: [Olympus:] Making New Configuration
[2017-11-21 00:49:18,577] Main.Olympus<Olympus:c2402#OlympusNode>:OUTPUT: failure map is : {}
[2017-11-21 00:49:18,594] Main.Olympus<Olympus:c2402#OlympusNode>:OUTPUT: failure map is : {}
[2017-11-21 00:49:18,608] Main.Olympus<Olympus:c2402#OlympusNode>:OUTPUT: failure map is : {}
[2017-11-21 00:49:18,624] Main.Replica<Replica:c2409#OlympusNode>:OUTPUT: [Replica 0 :] Started:  head ACTIVE 2
[2017-11-21 00:49:18,640] Main.Replica<Replica:c240a#OlympusNode>:OUTPUT: [Replica 1 :] Started:  normal_replica ACTIVE 2
[2017-11-21 00:49:18,652] Main.Replica<Replica:c240b#OlympusNode>:OUTPUT: [Replica 2 :] Started:  tail ACTIVE 2
[2017-11-21 00:49:18,653] Main.Olympus<Olympus:c2402#OlympusNode>:OUTPUT: [Olympus:] New configuration created
[2017-11-21 00:49:28,465] Client.Client<Client:cb002#ClientNode>:OUTPUT: [Client 0 :] Client Timeout.
[2017-11-21 00:49:28,467] Client.Client<Client:cb002#ClientNode>:OUTPUT: [Client 0 :]>> req_operation_timeout: Replica:  0 put('jedi','luke skywalker')  : config:  1
[2017-11-21 00:49:28,468] Client.Client<Client:cb002#ClientNode>:OUTPUT: [Client 0 :]>> req_operation_timeout: Replica:  1 put('jedi','luke skywalker')  : config:  1
[2017-11-21 00:49:28,469] da.sim.Router<OSProcessContainer-1>:ERROR: Could not send message due to: TransportException("connection refused by ('127.0.0.1', 21714)",)
[2017-11-21 00:49:28,470] Client.Client<Client:cb002#ClientNode>:OUTPUT: [Client 0 :]>> req_operation_timeout: Replica:  2 put('jedi','luke skywalker')  : config:  1
[2017-11-21 00:49:28,471] Main.Replica<Replica:c2408#OlympusNode>:OUTPUT: [Replica 0 :]<< req_operation_timeout: IMMUTABLE:  put('jedi','luke skywalker')  Client:  0
[2017-11-21 00:49:28,473] Main.Replica<Replica:c2407#OlympusNode>:OUTPUT: [Replica 2 :]<< req_operation_timeout: IMMUTABLE:  put('jedi','luke skywalker')  Client:  0
[2017-11-21 00:49:28,486] Client.Client<Client:cb002#ClientNode>:OUTPUT: [Client 0 :] Replica:  0  is Immutable, Request  new configuration
[2017-11-21 00:49:28,497] Client.Client<Client:cb002#ClientNode>:OUTPUT: [Client 0 :]>> error_in_replica:  1
[2017-11-21 00:49:28,498] Client.Client<Client:cb002#ClientNode>:OUTPUT: [Client 0 :]>> req_get_current_configuration
[2017-11-21 00:49:28,499] Client.Client<Client:cb002#ClientNode>:OUTPUT: [Client 0 :] Replica:  2  is Immutable, Request  new configuration
[2017-11-21 00:49:28,500] Main.Olympus<Olympus:c2402#OlympusNode>:OUTPUT: [Olympus:]<< req_get_current_configuration
[2017-11-21 00:49:28,500] Main.Olympus<Olympus:c2402#OlympusNode>:OUTPUT: [Olympus:]>> res_get_current_configuration
[2017-11-21 00:49:28,502] Client.Client<Client:cb002#ClientNode>:OUTPUT: [Client 0 :]<< res_get_current_configuration
[2017-11-21 00:49:28,502] Client.Client<Client:cb002#ClientNode>:OUTPUT: [Client 0 :]>> Sending to new config 
[2017-11-21 00:49:28,503] Client.Client<Client:cb002#ClientNode>:OUTPUT: [Client 0 :]>> req_operation:  put('jedi','luke skywalker')  : config:  2
[2017-11-21 00:49:28,518] Main.Replica<Replica:c2409#OlympusNode>:OUTPUT: [Replica 0 :]<< req_operation:  put('jedi','luke skywalker')  Client:  0
[2017-11-21 00:49:28,518] Main.Replica<Replica:c2409#OlympusNode>:OUTPUT: Slot:  1  : Operation:  put('jedi','luke skywalker')
[2017-11-21 00:49:28,519] Main.Replica<Replica:c2409#OlympusNode>:OUTPUT: [Replica 0 :] Perform:  put('jedi','luke skywalker')
[2017-11-21 00:49:28,520] Main.Replica<Replica:c2409#OlympusNode>:OUTPUT: [Replica 0 :] Perform:  put('jedi','luke skywalker') , result:  OK
[2017-11-21 00:49:28,523] Main.Replica<Replica:c2409#OlympusNode>:OUTPUT: [Replica 0 :]>> Shuttle:  put('jedi','luke skywalker')  to Replica:  1
[2017-11-21 00:49:28,540] Main.Replica<Replica:c240a#OlympusNode>:OUTPUT: [Replica 1 :]<< forward_shuttle :  1 , len :  1
[2017-11-21 00:49:28,540] Main.Replica<Replica:c240a#OlympusNode>:OUTPUT: [Replica 1 :]<< Shuttle:  put('jedi','luke skywalker')  from Replica:  0
[2017-11-21 00:49:28,542] Main.Replica<Replica:c240a#OlympusNode>:OUTPUT: [Replica 1 :] Perform:  put('jedi','luke skywalker')
[2017-11-21 00:49:28,543] Main.Replica<Replica:c240a#OlympusNode>:OUTPUT: [Replica 1 :] Perform:  put('jedi','luke skywalker') , result:  OK
[2017-11-21 00:49:28,545] Main.Replica<Replica:c240a#OlympusNode>:OUTPUT: [Replica 1 :]>> Shuttle:  put('jedi','luke skywalker')  to Replica:  2
[2017-11-21 00:49:28,581] Main.Replica<Replica:c240b#OlympusNode>:OUTPUT: [Replica 2 :]<< forward_shuttle :  1 , len :  1
[2017-11-21 00:49:28,582] Main.Replica<Replica:c240b#OlympusNode>:OUTPUT: [Replica 2 :]<< Shuttle:  put('jedi','luke skywalker')  from Replica:  1
[2017-11-21 00:49:28,593] Main.Replica<Replica:c240b#OlympusNode>:OUTPUT: [Replica 2 :] Perform:  put('jedi','luke skywalker')
[2017-11-21 00:49:28,632] Main.Replica<Replica:c240b#OlympusNode>:OUTPUT: [Replica 2 :] Perform:  put('jedi','luke skywalker') , result:  OK
[2017-11-21 00:49:29,237] Main.Replica<Replica:c240b#OlympusNode>:OUTPUT: [Replica 2 :]>> res_operation:  put('jedi','luke skywalker')  result:  OK
[2017-11-21 00:49:29,291] Main.Replica<Replica:c240b#OlympusNode>:OUTPUT: [Replica 2 :]>> Result Shuttle:  put('jedi','luke skywalker')  to Replica:  1
[2017-11-21 00:49:29,316] Client.Client<Client:cb002#ClientNode>:OUTPUT: [Client 0 :]<< res_operation:  put('jedi','luke skywalker')  Result:  OK
[2017-11-21 00:49:29,317] Client.Client<Client:cb002#ClientNode>:OUTPUT: [Client 0 :]>> req_operation:  slice('jedi','0:4')  : config:  2
[2017-11-21 00:49:29,341] Main.Replica<Replica:c2409#OlympusNode>:OUTPUT: [Replica 0 :]<< req_operation:  slice('jedi','0:4')  Client:  0
[2017-11-21 00:49:29,341] Main.Replica<Replica:c2409#OlympusNode>:OUTPUT: Slot:  2  : Operation:  slice('jedi','0:4')
[2017-11-21 00:49:29,342] Main.Replica<Replica:c2409#OlympusNode>:OUTPUT: [Replica 0 :] Perform:  slice('jedi','0:4')
[2017-11-21 00:49:29,343] Main.Replica<Replica:c2409#OlympusNode>:OUTPUT: [Replica 0 :] Perform:  slice('jedi','0:4') , result:  OK
[2017-11-21 00:49:29,651] Main.Replica<Replica:c2409#OlympusNode>:OUTPUT: [Replica 0 :]>> Shuttle:  slice('jedi','0:4')  to Replica:  1
[2017-11-21 00:49:30,435] Main.Replica<Replica:c240a#OlympusNode>:OUTPUT: [Replica 1 :]<< forward_shuttle :  2 , len :  2
[2017-11-21 00:49:30,436] Main.Replica<Replica:c240a#OlympusNode>:OUTPUT: [Replica 1 :]<< Shuttle:  slice('jedi','0:4')  from Replica:  0
[2017-11-21 00:49:30,437] Main.Replica<Replica:c240a#OlympusNode>:OUTPUT: [Replica 1 :] Perform:  slice('jedi','0:4')
[2017-11-21 00:49:30,438] Main.Replica<Replica:c240a#OlympusNode>:OUTPUT: [Replica 1 :] Perform:  slice('jedi','0:4') , result:  OK
[2017-11-21 00:49:30,439] Main.Replica<Replica:c240a#OlympusNode>:OUTPUT: [Replica 1 :]>> Shuttle:  slice('jedi','0:4')  to Replica:  2
[2017-11-21 00:49:30,442] Main.Replica<Replica:c240b#OlympusNode>:OUTPUT: [Replica 2 :]<< forward_shuttle :  2 , len :  2
[2017-11-21 00:49:30,442] Main.Replica<Replica:c240a#OlympusNode>:OUTPUT: [Replica 1 :]<< Result Shuttle:  put('jedi','luke skywalker')  to Replica:  2
[2017-11-21 00:49:30,442] Main.Replica<Replica:c240a#OlympusNode>:OUTPUT: [Replica 1 :]>> Result Shuttle:  put('jedi','luke skywalker')  to Replica:  0
[2017-11-21 00:49:30,442] Main.Replica<Replica:c240b#OlympusNode>:OUTPUT: [Replica 2 :]<< Shuttle:  slice('jedi','0:4')  from Replica:  1
[2017-11-21 00:49:30,509] Main.Replica<Replica:c240b#OlympusNode>:OUTPUT: [Replica 2 :] Perform:  slice('jedi','0:4')
[2017-11-21 00:49:30,530] Main.Replica<Replica:c240b#OlympusNode>:OUTPUT: [Replica 2 :] Perform:  slice('jedi','0:4') , result:  OK
[2017-11-21 00:49:30,531] Main.Replica<Replica:c240b#OlympusNode>:OUTPUT: [Replica 2 :]>> res_operation:  slice('jedi','0:4')  result:  OK
[2017-11-21 00:49:30,533] Main.Replica<Replica:c240b#OlympusNode>:OUTPUT: [Replica 2 :]>> Result Shuttle:  slice('jedi','0:4')  to Replica:  1
[2017-11-21 00:49:30,533] Client.Client<Client:cb002#ClientNode>:OUTPUT: [Client 0 :]<< res_operation:  slice('jedi','0:4')  Result:  OK
[2017-11-21 00:49:30,534] Client.Client<Client:cb002#ClientNode>:OUTPUT: [Client 0 :]>> req_operation:  get('jedi')  : config:  2
[2017-11-21 00:49:31,199] Main.Replica<Replica:c240a#OlympusNode>:OUTPUT: [Replica 1 :]<< Result Shuttle:  slice('jedi','0:4')  to Replica:  2
[2017-11-21 00:49:31,200] Main.Replica<Replica:c240a#OlympusNode>:OUTPUT: [Replica 1 :]>> Result Shuttle:  slice('jedi','0:4')  to Replica:  0
[2017-11-21 00:49:31,220] Main.Replica<Replica:c2409#OlympusNode>:OUTPUT: [Replica 0 :]<< req_operation:  get('jedi')  Client:  0
[2017-11-21 00:49:31,220] Main.Replica<Replica:c2409#OlympusNode>:OUTPUT: Slot:  3  : Operation:  get('jedi')
[2017-11-21 00:49:31,221] Main.Replica<Replica:c2409#OlympusNode>:OUTPUT: [Replica 0 :] Perform:  get('jedi')
[2017-11-21 00:49:31,222] Main.Replica<Replica:c2409#OlympusNode>:OUTPUT: [Replica 0 :] Perform:  get('jedi') , result:  luke
[2017-11-21 00:49:31,224] Main.Replica<Replica:c2409#OlympusNode>:OUTPUT: [Replica 0 :]>> Shuttle:  get('jedi')  to Replica:  1
[2017-11-21 00:49:31,228] Main.Replica<Replica:c2409#OlympusNode>:OUTPUT: [Replica 0 :]<< Result Shuttle:  put('jedi','luke skywalker')  to Replica:  1
[2017-11-21 00:49:31,228] Main.Replica<Replica:c240a#OlympusNode>:OUTPUT: [Replica 1 :]<< forward_shuttle :  3 , len :  3
[2017-11-21 00:49:31,229] Main.Replica<Replica:c240a#OlympusNode>:OUTPUT: [Replica 1 :]<< Shuttle:  get('jedi')  from Replica:  0
[2017-11-21 00:49:31,230] Main.Replica<Replica:c240a#OlympusNode>:OUTPUT: [Replica 1 :] Perform:  get('jedi')
[2017-11-21 00:49:31,230] Main.Replica<Replica:c240a#OlympusNode>:OUTPUT: [Replica 1 :] Perform:  get('jedi') , result:  luke
[2017-11-21 00:49:31,230] Main.Replica<Replica:c2409#OlympusNode>:OUTPUT: [Replica 0 :]<< Result Shuttle:  slice('jedi','0:4')  to Replica:  1
[2017-11-21 00:49:31,231] Main.Replica<Replica:c240a#OlympusNode>:OUTPUT: [Replica 1 :]>> Shuttle:  get('jedi')  to Replica:  2
[2017-11-21 00:49:31,234] Main.Replica<Replica:c240b#OlympusNode>:OUTPUT: [Replica 2 :]<< forward_shuttle :  3 , len :  3
[2017-11-21 00:49:31,234] Main.Replica<Replica:c240b#OlympusNode>:OUTPUT: [Replica 2 :]<< Shuttle:  get('jedi')  from Replica:  1
[2017-11-21 00:49:31,235] Main.Replica<Replica:c240b#OlympusNode>:OUTPUT: [Replica 2 :] Perform:  get('jedi')
[2017-11-21 00:49:31,235] Main.Replica<Replica:c240b#OlympusNode>:OUTPUT: [Replica 2 :] Perform:  get('jedi') , result:  luke
[2017-11-21 00:49:31,237] Main.Replica<Replica:c240b#OlympusNode>:OUTPUT: [Replica 2 :]>> res_operation:  get('jedi')  result:  luke
[2017-11-21 00:49:31,238] Main.Replica<Replica:c240b#OlympusNode>:OUTPUT: [Replica 2 :]>> Result Shuttle:  get('jedi')  to Replica:  1
[2017-11-21 00:49:31,239] Client.Client<Client:cb002#ClientNode>:OUTPUT: [Client 0 :]<< res_operation:  get('jedi')  Result:  luke
[2017-11-21 00:49:31,239] Client.Client<Client:cb002#ClientNode>:OUTPUT: [Client 0 :] Test case completed! Validating Result
[2017-11-21 00:49:31,241] Client.Client<Client:cb002#ClientNode>:OUTPUT: [Client 0 :] Valid Final Result! Client:  ['OK', 'OK', 'luke'] , Replica:  ['OK', 'OK', 'luke']
[2017-11-21 00:49:31,241] Main.Replica<Replica:c240a#OlympusNode>:OUTPUT: [Replica 1 :]<< Result Shuttle:  get('jedi')  to Replica:  2
[2017-11-21 00:49:31,241] Main.Replica<Replica:c240a#OlympusNode>:OUTPUT: [Replica 1 :]>> Result Shuttle:  get('jedi')  to Replica:  0
[2017-11-21 00:49:31,244] Main.Replica<Replica:c2409#OlympusNode>:OUTPUT: [Replica 0 :]<< Result Shuttle:  get('jedi')  to Replica:  1
[2017-11-21 00:49:38,725] da.api<MainProcess>:WARNING: Received keyboard interrupt. 
