[2017-11-21 01:57:40,669] da.api<MainProcess>:INFO: Bootstrapping attempt failed due to BootstrapException('Unable to contact a peer node.',),  continuing as a master node (use '--master' to disable bootstrapping at startup).
[2017-11-21 01:57:40,669] da.api<MainProcess>:INFO: <Node_:ClientNode> initialized at 127.0.0.1:(UdpTransport=15000, TcpTransport=15000).
[2017-11-21 01:57:40,670] da.api<MainProcess>:INFO: Starting program <module 'Main' from 'src/Main.py'>...
[2017-11-21 01:57:40,670] da.api<MainProcess>:INFO: Running iteration 1 ...
[2017-11-21 01:57:40,671] da.api<MainProcess>:INFO: Waiting for remaining child processes to terminate...(Press "Ctrl-C" to force kill)
[2017-11-21 01:57:40,689] Main.Node_<Node_:ClientNode>:INFO: Waiting to resolve name 'OlympusNode'...
[2017-11-21 01:57:43,648] da.sim.Router<MainProcess>:INFO: Bootstrap succeeded using <UdpTransport(127.0.0.1:36404)>.
[2017-11-21 01:57:43,649] da.api<MainProcess>:INFO: <Node_:OlympusNode> initialized at 127.0.0.1:(UdpTransport=36404, TcpTransport=29619).
[2017-11-21 01:57:43,649] da.api<MainProcess>:INFO: Starting program <module 'Main' from 'src/Main.py'>...
[2017-11-21 01:57:43,649] da.api<MainProcess>:INFO: Running iteration 1 ...
[2017-11-21 01:57:43,650] da.api<MainProcess>:INFO: Waiting for remaining child processes to terminate...(Press "Ctrl-C" to force kill)
[2017-11-21 01:57:43,730] Main.Olympus<Olympus:f4002#OlympusNode>:OUTPUT: [Olympus:] Setup
[2017-11-21 01:57:43,800] Client.Client<Client:47c02#ClientNode>:OUTPUT: [Client 0 :] Workload:  put('jedi','luke skywalker'); slice('jedi','0:4'); get('jedi')
[2017-11-21 01:57:43,803] Main.Olympus<Olympus:f4002#OlympusNode>:OUTPUT: [Olympus:] Started
[2017-11-21 01:57:43,828] Client.Client<Client:47c02#ClientNode>:OUTPUT: [Client 0 :] Started
[2017-11-21 01:57:43,834] da.api<MainProcess>:INFO: Main process terminated.
[2017-11-21 01:57:43,858] Main.Olympus<Olympus:f4002#OlympusNode>:OUTPUT: [Olympus:]<< req_get_current_configuration
[2017-11-21 01:57:43,859] Main.Olympus<Olympus:f4002#OlympusNode>:OUTPUT: [Olympus:] Making New Configuration
[2017-11-21 01:57:43,964] Main.Olympus<Olympus:f4002#OlympusNode>:OUTPUT: failure map is : {}
[2017-11-21 01:57:43,988] Main.Olympus<Olympus:f4002#OlympusNode>:OUTPUT: failure map is : {'change_operation()': ('shuttle', ('0', '1'))}
[2017-11-21 01:57:44,006] Main.Olympus<Olympus:f4002#OlympusNode>:OUTPUT: failure map is : {}
[2017-11-21 01:57:44,026] Main.Replica<Replica:f4005#OlympusNode>:OUTPUT: [Replica 0 :] Started:  head ACTIVE 0
[2017-11-21 01:57:44,032] Main.Replica<Replica:f4004#OlympusNode>:OUTPUT: [Replica 1 :] Started:  normal_replica ACTIVE 0
[2017-11-21 01:57:44,052] Main.Replica<Replica:f4003#OlympusNode>:OUTPUT: [Replica 2 :] Started:  tail ACTIVE 0
[2017-11-21 01:57:44,053] Main.Olympus<Olympus:f4002#OlympusNode>:OUTPUT: [Olympus:]>> res_get_current_configuration
[2017-11-21 01:57:44,071] Client.Client<Client:47c02#ClientNode>:OUTPUT: [Client 0 :]<< res_get_current_configuration
[2017-11-21 01:57:44,072] Client.Client<Client:47c02#ClientNode>:OUTPUT: [Client 0 :]>> req_operation:  put('jedi','luke skywalker')  : config:  0
[2017-11-21 01:57:44,090] Main.Replica<Replica:f4005#OlympusNode>:OUTPUT: [Replica 0 :]<< req_operation:  put('jedi','luke skywalker')  Client:  0
[2017-11-21 01:57:44,091] Main.Replica<Replica:f4005#OlympusNode>:OUTPUT: Slot:  1  : Operation:  put('jedi','luke skywalker')
[2017-11-21 01:57:44,093] Main.Replica<Replica:f4005#OlympusNode>:OUTPUT: [Replica 0 :] Perform:  put('jedi','luke skywalker')
[2017-11-21 01:57:44,094] Main.Replica<Replica:f4005#OlympusNode>:OUTPUT: [Replica 0 :] Perform:  put('jedi','luke skywalker') , result:  OK
[2017-11-21 01:57:44,098] Main.Replica<Replica:f4005#OlympusNode>:OUTPUT: [Replica 0 :]>> Shuttle:  put('jedi','luke skywalker')  to Replica:  1
[2017-11-21 01:57:44,119] Main.Replica<Replica:f4004#OlympusNode>:OUTPUT: [Replica 1 :]<< forward_shuttle :  1 , len :  1
[2017-11-21 01:57:44,119] Main.Replica<Replica:f4004#OlympusNode>:OUTPUT: [Replica 1 :]<< Shuttle:  put('jedi','luke skywalker')  from Replica:  0
[2017-11-21 01:57:44,121] Main.Replica<Replica:f4004#OlympusNode>:OUTPUT: [Replica 1 :] Fault: Change Operation, Client  0 , Request  1
[2017-11-21 01:57:44,121] Main.Replica<Replica:f4004#OlympusNode>:OUTPUT: [Replica 1 :] !!!!!! Changing operation from  ('jedi','luke skywalker')  to get('X') !!!!!!!
[2017-11-21 01:57:44,121] Main.Replica<Replica:f4004#OlympusNode>:OUTPUT: [Replica 1 :] Perform:  get('X')
[2017-11-21 01:57:44,122] Main.Replica<Replica:f4004#OlympusNode>:OUTPUT: [Replica 1 :] Perform:  get('X') , result:  
[2017-11-21 01:57:44,122] Main.Replica<Replica:f4004#OlympusNode>:OUTPUT: [Replica 1 :] Successfully injected fault: Change operation
[2017-11-21 01:57:44,124] Main.Replica<Replica:f4004#OlympusNode>:OUTPUT: [Replica 1 :]>> Shuttle:  get('X')  to Replica:  2
[2017-11-21 01:57:44,144] Main.Replica<Replica:f4003#OlympusNode>:OUTPUT: [Replica 2 :]<< forward_shuttle :  1 , len :  1
[2017-11-21 01:57:44,144] Main.Replica<Replica:f4003#OlympusNode>:OUTPUT: [Replica 2 :]<< Shuttle:  get('X')  from Replica:  1
[2017-11-21 01:57:44,145] Main.Replica<Replica:f4003#OlympusNode>:OUTPUT: [Replica 2 :] Result doesnot match so returning false
[2017-11-21 01:57:44,146] Main.Replica<Replica:f4003#OlympusNode>:OUTPUT: [Replica 2 :] Invalid Order Proof, Sending Reconfig request. Become Immutable
[2017-11-21 01:57:44,147] Main.Olympus<Olympus:f4002#OlympusNode>:OUTPUT: [Olympus:]<< req_re_configuration
[2017-11-21 01:57:44,147] Main.Olympus<Olympus:f4002#OlympusNode>:OUTPUT: [Olympus:]>> wedge to Replica:  0
[2017-11-21 01:57:44,148] Main.Olympus<Olympus:f4002#OlympusNode>:OUTPUT: [Olympus:]>> wedge to Replica:  1
[2017-11-21 01:57:44,149] Main.Olympus<Olympus:f4002#OlympusNode>:OUTPUT: [Olympus:]>> wedge to Replica:  2
[2017-11-21 01:57:44,150] Main.Replica<Replica:f4005#OlympusNode>:OUTPUT: [Replica 0 :]<< wedge
[2017-11-21 01:57:44,150] Main.Replica<Replica:f4005#OlympusNode>:OUTPUT: [Replica 0 :]>> wedged
[2017-11-21 01:57:44,151] Main.Replica<Replica:f4004#OlympusNode>:OUTPUT: [Replica 1 :]<< wedge
[2017-11-21 01:57:44,151] Main.Replica<Replica:f4004#OlympusNode>:OUTPUT: [Replica 1 :]>> wedged
[2017-11-21 01:57:44,153] Main.Replica<Replica:f4003#OlympusNode>:OUTPUT: [Replica 2 :]<< wedge
[2017-11-21 01:57:44,154] Main.Replica<Replica:f4003#OlympusNode>:OUTPUT: [Replica 2 :]>> wedged
[2017-11-21 01:57:44,156] Main.Olympus<Olympus:f4002#OlympusNode>:OUTPUT: [Olympus:]<< wegded from Replica:  0
[2017-11-21 01:57:44,158] Main.Olympus<Olympus:f4002#OlympusNode>:OUTPUT: [Olympus:] Replica:  0 , len(history):  0
[2017-11-21 01:57:44,158] Main.Olympus<Olympus:f4002#OlympusNode>:OUTPUT: [Olympus:] Total received:  1
[2017-11-21 01:57:44,159] Main.Olympus<Olympus:f4002#OlympusNode>:OUTPUT: [Olympus:]<< wegded from Replica:  1
[2017-11-21 01:57:44,159] Main.Olympus<Olympus:f4002#OlympusNode>:OUTPUT: [Olympus:] Replica:  1 , len(history):  0
[2017-11-21 01:57:44,160] Main.Olympus<Olympus:f4002#OlympusNode>:OUTPUT: [Olympus:] Total received:  2
[2017-11-21 01:57:44,160] Main.Olympus<Olympus:f4002#OlympusNode>:OUTPUT: [Olympus:] Longest History
[2017-11-21 01:57:44,160] Main.Olympus<Olympus:f4002#OlympusNode>:OUTPUT: [Olympus:] Longest Database:  {'jedi': 'luke skywalker'}
[2017-11-21 01:57:44,162] Main.Replica<Replica:f4005#OlympusNode>:OUTPUT: [Replica 0 :]<< catch-up
[2017-11-21 01:57:44,162] Main.Replica<Replica:f4005#OlympusNode>:OUTPUT: [Replica 0 :] catch-up History
[2017-11-21 01:57:44,162] Main.Replica<Replica:f4005#OlympusNode>:OUTPUT: [Replica 0 :]>> caught-up
[2017-11-21 01:57:44,162] Main.Olympus<Olympus:f4002#OlympusNode>:OUTPUT: [Olympus:]<< wegded from Replica:  2
[2017-11-21 01:57:44,163] Main.Olympus<Olympus:f4002#OlympusNode>:OUTPUT: [Olympus:] Replica:  2 , len(history):  0
[2017-11-21 01:57:44,164] Main.Olympus<Olympus:f4002#OlympusNode>:OUTPUT: [Olympus:] Total received:  1
[2017-11-21 01:57:44,164] Main.Replica<Replica:f4003#OlympusNode>:OUTPUT: [Replica 2 :]<< catch-up
[2017-11-21 01:57:44,164] Main.Replica<Replica:f4004#OlympusNode>:OUTPUT: [Replica 1 :]<< catch-up
[2017-11-21 01:57:44,165] Main.Replica<Replica:f4003#OlympusNode>:OUTPUT: [Replica 2 :] catch-up History
[2017-11-21 01:57:44,165] Main.Replica<Replica:f4003#OlympusNode>:OUTPUT: [Replica 2 :]>> caught-up
[2017-11-21 01:57:44,165] Main.Olympus<Olympus:f4002#OlympusNode>:OUTPUT: [Olympus:]<< caught-up from Replica:  0  : database:  {'jedi': 'luke skywalker'}
[2017-11-21 01:57:44,165] Main.Replica<Replica:f4004#OlympusNode>:OUTPUT: [Replica 1 :] catch-up History
[2017-11-21 01:57:44,165] Main.Replica<Replica:f4004#OlympusNode>:OUTPUT: [Replica 1 :]>> caught-up
[2017-11-21 01:57:44,167] Main.Olympus<Olympus:f4002#OlympusNode>:OUTPUT: [Olympus:]<< caught-up from Replica:  2  : database:  {}
[2017-11-21 01:57:44,167] Main.Olympus<Olympus:f4002#OlympusNode>:OUTPUT: [Olympus:]Incorrect caught-up history: Not including Replica :  2  in Quoram
[2017-11-21 01:57:44,168] Main.Olympus<Olympus:f4002#OlympusNode>:OUTPUT: [Olympus:]<< caught-up from Replica:  1  : database:  {}
[2017-11-21 01:57:44,168] Main.Olympus<Olympus:f4002#OlympusNode>:OUTPUT: [Olympus:]Incorrect caught-up history: Not including Replica :  1  in Quoram
[2017-11-21 01:57:44,168] Main.Olympus<Olympus:f4002#OlympusNode>:OUTPUT: [Olympus:]<< Longest history might be of byzantine
[2017-11-21 01:57:44,168] Main.Olympus<Olympus:f4002#OlympusNode>:OUTPUT: [Olympus:]>> get-running-state to Replica:  2
[2017-11-21 01:57:44,170] Main.Replica<Replica:f4003#OlympusNode>:OUTPUT: [Replica 2 :]<< get-running-state
[2017-11-21 01:57:44,170] Main.Replica<Replica:f4003#OlympusNode>:OUTPUT: [Replica 2 :]>> running-state
[2017-11-21 01:57:44,171] Main.Olympus<Olympus:f4002#OlympusNode>:OUTPUT: [Olympus:]<< running-state from Replica:  2  : database:  {}
[2017-11-21 01:57:44,171] Main.Olympus<Olympus:f4002#OlympusNode>:OUTPUT: [Olympus:]<< running-state matching with caught-up history
[2017-11-21 01:57:44,172] Main.Olympus<Olympus:f4002#OlympusNode>:OUTPUT: [Olympus:] Making New Configuration
[2017-11-21 01:57:44,252] Main.Olympus<Olympus:f4002#OlympusNode>:OUTPUT: failure map is : {}
[2017-11-21 01:57:44,284] Main.Olympus<Olympus:f4002#OlympusNode>:OUTPUT: failure map is : {'truncate_history(2)': ('new_configuration', ('-1', '0')), 'change_operation()': ('shuttle', ('0', '2'))}
[2017-11-21 01:57:44,300] Main.Replica<Replica:f4006#OlympusNode>:OUTPUT: New Configuration Fault: Fault: Truncate history injected removing last entry from history
[2017-11-21 01:57:44,302] Main.Olympus<Olympus:f4002#OlympusNode>:OUTPUT: failure map is : {}
[2017-11-21 01:57:44,322] Main.Replica<Replica:f4008#OlympusNode>:OUTPUT: [Replica 0 :] Started:  head ACTIVE 1
[2017-11-21 01:57:44,328] Main.Replica<Replica:f4006#OlympusNode>:OUTPUT: [Replica 1 :] Started:  normal_replica ACTIVE 1
[2017-11-21 01:57:44,349] Main.Olympus<Olympus:f4002#OlympusNode>:OUTPUT: [Olympus:] New configuration created
[2017-11-21 01:57:44,348] Main.Replica<Replica:f4007#OlympusNode>:OUTPUT: [Replica 2 :] Started:  tail ACTIVE 1
[2017-11-21 01:57:54,089] Client.Client<Client:47c02#ClientNode>:OUTPUT: [Client 0 :] Client Timeout.
[2017-11-21 01:57:54,090] Client.Client<Client:47c02#ClientNode>:OUTPUT: [Client 0 :]>> req_operation_timeout: Replica:  0 put('jedi','luke skywalker')  : config:  0
[2017-11-21 01:57:54,092] Client.Client<Client:47c02#ClientNode>:OUTPUT: [Client 0 :]>> req_operation_timeout: Replica:  1 put('jedi','luke skywalker')  : config:  0
[2017-11-21 01:57:54,093] Main.Replica<Replica:f4005#OlympusNode>:OUTPUT: [Replica 0 :]<< req_operation_timeout: IMMUTABLE:  put('jedi','luke skywalker')  Client:  0
[2017-11-21 01:57:54,109] Client.Client<Client:47c02#ClientNode>:OUTPUT: [Client 0 :]>> req_operation_timeout: Replica:  2 put('jedi','luke skywalker')  : config:  0
[2017-11-21 01:57:54,110] Main.Replica<Replica:f4004#OlympusNode>:OUTPUT: [Replica 1 :]<< req_operation_timeout: IMMUTABLE:  put('jedi','luke skywalker')  Client:  0
[2017-11-21 01:57:54,150] Main.Replica<Replica:f4003#OlympusNode>:OUTPUT: [Replica 2 :]<< req_operation_timeout: IMMUTABLE:  put('jedi','luke skywalker')  Client:  0
[2017-11-21 01:57:54,159] Client.Client<Client:47c02#ClientNode>:OUTPUT: [Client 0 :] Replica:  0  is Immutable, Request  new configuration
[2017-11-21 01:57:54,159] Client.Client<Client:47c02#ClientNode>:OUTPUT: [Client 0 :]>> error_in_replica:  1
[2017-11-21 01:57:54,160] Client.Client<Client:47c02#ClientNode>:OUTPUT: [Client 0 :]>> req_get_current_configuration
[2017-11-21 01:57:54,162] Main.Olympus<Olympus:f4002#OlympusNode>:OUTPUT: [Olympus:]<< req_get_current_configuration
[2017-11-21 01:57:54,162] Main.Olympus<Olympus:f4002#OlympusNode>:OUTPUT: [Olympus:]>> res_get_current_configuration
[2017-11-21 01:57:54,161] Client.Client<Client:47c02#ClientNode>:OUTPUT: [Client 0 :] Replica:  1  is Immutable, Request  new configuration
[2017-11-21 01:57:54,177] Client.Client<Client:47c02#ClientNode>:OUTPUT: [Client 0 :]<< res_get_current_configuration
[2017-11-21 01:57:54,178] Client.Client<Client:47c02#ClientNode>:OUTPUT: [Client 0 :]>> Sending to new config 
[2017-11-21 01:57:54,178] Client.Client<Client:47c02#ClientNode>:OUTPUT: [Client 0 :]>> req_operation:  put('jedi','luke skywalker')  : config:  1
[2017-11-21 01:57:54,192] Client.Client<Client:47c02#ClientNode>:OUTPUT: [Client 0 :] Replica:  2  is Immutable, Request  new configuration
[2017-11-21 01:57:54,197] Main.Replica<Replica:f4008#OlympusNode>:OUTPUT: [Replica 0 :]<< req_operation:  put('jedi','luke skywalker')  Client:  0
[2017-11-21 01:57:54,198] Main.Replica<Replica:f4008#OlympusNode>:OUTPUT: Slot:  1  : Operation:  put('jedi','luke skywalker')
[2017-11-21 01:57:54,200] Main.Replica<Replica:f4008#OlympusNode>:OUTPUT: [Replica 0 :] Perform:  put('jedi','luke skywalker')
[2017-11-21 01:57:54,201] Main.Replica<Replica:f4008#OlympusNode>:OUTPUT: [Replica 0 :] Perform:  put('jedi','luke skywalker') , result:  OK
[2017-11-21 01:57:54,204] Main.Replica<Replica:f4008#OlympusNode>:OUTPUT: [Replica 0 :]>> Shuttle:  put('jedi','luke skywalker')  to Replica:  1
[2017-11-21 01:57:54,221] Main.Replica<Replica:f4006#OlympusNode>:OUTPUT: [Replica 1 :]<< forward_shuttle :  1 , len :  1
[2017-11-21 01:57:54,222] Main.Replica<Replica:f4006#OlympusNode>:OUTPUT: [Replica 1 :]<< Shuttle:  put('jedi','luke skywalker')  from Replica:  0
[2017-11-21 01:57:54,223] Main.Replica<Replica:f4006#OlympusNode>:OUTPUT: [Replica 1 :] Perform:  put('jedi','luke skywalker')
[2017-11-21 01:57:54,224] Main.Replica<Replica:f4006#OlympusNode>:OUTPUT: [Replica 1 :] Perform:  put('jedi','luke skywalker') , result:  OK
[2017-11-21 01:57:54,225] Main.Replica<Replica:f4006#OlympusNode>:OUTPUT: [Replica 1 :]>> Shuttle:  put('jedi','luke skywalker')  to Replica:  2
[2017-11-21 01:57:54,243] Main.Replica<Replica:f4007#OlympusNode>:OUTPUT: [Replica 2 :]<< forward_shuttle :  1 , len :  1
[2017-11-21 01:57:54,243] Main.Replica<Replica:f4007#OlympusNode>:OUTPUT: [Replica 2 :]<< Shuttle:  put('jedi','luke skywalker')  from Replica:  1
[2017-11-21 01:57:54,245] Main.Replica<Replica:f4007#OlympusNode>:OUTPUT: [Replica 2 :] Perform:  put('jedi','luke skywalker')
[2017-11-21 01:57:54,246] Main.Replica<Replica:f4007#OlympusNode>:OUTPUT: [Replica 2 :] Perform:  put('jedi','luke skywalker') , result:  OK
[2017-11-21 01:57:54,262] Main.Replica<Replica:f4007#OlympusNode>:OUTPUT: [Replica 2 :]>> res_operation:  put('jedi','luke skywalker')  result:  OK
[2017-11-21 01:57:54,264] Main.Replica<Replica:f4007#OlympusNode>:OUTPUT: [Replica 2 :]>> Result Shuttle:  put('jedi','luke skywalker')  to Replica:  1
[2017-11-21 01:57:54,265] Client.Client<Client:47c02#ClientNode>:OUTPUT: [Client 0 :]<< res_operation:  put('jedi','luke skywalker')  Result:  OK
[2017-11-21 01:57:54,266] Client.Client<Client:47c02#ClientNode>:OUTPUT: [Client 0 :]>> req_operation:  slice('jedi','0:4')  : config:  1
[2017-11-21 01:57:54,268] Main.Replica<Replica:f4008#OlympusNode>:OUTPUT: [Replica 0 :]<< req_operation:  slice('jedi','0:4')  Client:  0
[2017-11-21 01:57:54,268] Main.Replica<Replica:f4008#OlympusNode>:OUTPUT: Slot:  2  : Operation:  slice('jedi','0:4')
[2017-11-21 01:57:54,269] Main.Replica<Replica:f4008#OlympusNode>:OUTPUT: [Replica 0 :] Perform:  slice('jedi','0:4')
[2017-11-21 01:57:54,269] Main.Replica<Replica:f4008#OlympusNode>:OUTPUT: [Replica 0 :] Perform:  slice('jedi','0:4') , result:  OK
[2017-11-21 01:57:54,272] Main.Replica<Replica:f4008#OlympusNode>:OUTPUT: [Replica 0 :]>> Shuttle:  slice('jedi','0:4')  to Replica:  1
[2017-11-21 01:57:54,279] Main.Replica<Replica:f4006#OlympusNode>:OUTPUT: [Replica 1 :]<< forward_shuttle :  2 , len :  2
[2017-11-21 01:57:54,283] Main.Replica<Replica:f4006#OlympusNode>:OUTPUT: [Replica 1 :]<< Shuttle:  slice('jedi','0:4')  from Replica:  0
[2017-11-21 01:57:54,284] Main.Replica<Replica:f4006#OlympusNode>:OUTPUT: [Replica 1 :] Fault: Change Operation, Client  0 , Request  2
[2017-11-21 01:57:54,285] Main.Replica<Replica:f4006#OlympusNode>:OUTPUT: [Replica 1 :] !!!!!! Changing operation from  ('jedi','0:4')  to get('X') !!!!!!!
[2017-11-21 01:57:54,285] Main.Replica<Replica:f4006#OlympusNode>:OUTPUT: [Replica 1 :] Perform:  get('X')
[2017-11-21 01:57:54,286] Main.Replica<Replica:f4006#OlympusNode>:OUTPUT: [Replica 1 :] Perform:  get('X') , result:  
[2017-11-21 01:57:54,286] Main.Replica<Replica:f4006#OlympusNode>:OUTPUT: [Replica 1 :] Successfully injected fault: Change operation
[2017-11-21 01:57:54,287] Main.Replica<Replica:f4006#OlympusNode>:OUTPUT: [Replica 1 :]>> Shuttle:  get('X')  to Replica:  2
[2017-11-21 01:57:54,289] Main.Replica<Replica:f4007#OlympusNode>:OUTPUT: [Replica 2 :]<< forward_shuttle :  2 , len :  2
[2017-11-21 01:57:54,290] Main.Replica<Replica:f4007#OlympusNode>:OUTPUT: [Replica 2 :]<< Shuttle:  get('X')  from Replica:  1
[2017-11-21 01:57:54,290] Main.Replica<Replica:f4006#OlympusNode>:OUTPUT: [Replica 1 :]<< Result Shuttle:  put('jedi','luke skywalker')  to Replica:  2
[2017-11-21 01:57:54,290] Main.Replica<Replica:f4006#OlympusNode>:OUTPUT: [Replica 1 :]>> Result Shuttle:  put('jedi','luke skywalker')  to Replica:  0
[2017-11-21 01:57:54,290] Main.Replica<Replica:f4007#OlympusNode>:OUTPUT: [Replica 2 :] Result doesnot match so returning false
[2017-11-21 01:57:54,291] Main.Replica<Replica:f4007#OlympusNode>:OUTPUT: [Replica 2 :] Invalid Order Proof, Sending Reconfig request. Become Immutable
[2017-11-21 01:57:54,292] Main.Olympus<Olympus:f4002#OlympusNode>:OUTPUT: [Olympus:]<< req_re_configuration
[2017-11-21 01:57:54,293] Main.Olympus<Olympus:f4002#OlympusNode>:OUTPUT: [Olympus:]>> wedge to Replica:  0
[2017-11-21 01:57:54,294] Main.Olympus<Olympus:f4002#OlympusNode>:OUTPUT: [Olympus:]>> wedge to Replica:  1
[2017-11-21 01:57:54,295] Main.Olympus<Olympus:f4002#OlympusNode>:OUTPUT: [Olympus:]>> wedge to Replica:  2
[2017-11-21 01:57:54,303] Main.Replica<Replica:f4007#OlympusNode>:OUTPUT: [Replica 2 :]<< wedge
[2017-11-21 01:57:54,303] Main.Replica<Replica:f4007#OlympusNode>:OUTPUT: [Replica 2 :]>> wedged
[2017-11-21 01:57:54,304] Main.Replica<Replica:f4008#OlympusNode>:OUTPUT: [Replica 0 :]<< wedge
[2017-11-21 01:57:54,305] Main.Replica<Replica:f4008#OlympusNode>:OUTPUT: [Replica 0 :]>> wedged
[2017-11-21 01:57:54,311] Main.Olympus<Olympus:f4002#OlympusNode>:OUTPUT: [Olympus:]<< wegded from Replica:  0
[2017-11-21 01:57:54,312] Main.Olympus<Olympus:f4002#OlympusNode>:OUTPUT: [Olympus:] Replica:  0 , len(history):  0
[2017-11-21 01:57:54,312] Main.Olympus<Olympus:f4002#OlympusNode>:OUTPUT: [Olympus:] Total received:  1
[2017-11-21 01:57:54,313] Main.Replica<Replica:f4006#OlympusNode>:OUTPUT: [Replica 1 :]<< wedge
[2017-11-21 01:57:54,313] Main.Replica<Replica:f4006#OlympusNode>:OUTPUT: [Replica 1 :]>> wedged
[2017-11-21 01:57:54,314] Main.Replica<Replica:f4006#OlympusNode>:OUTPUT: [Replica 1 :] Fault: Truncate History: entries_to_truncate:  2 , len(history):  1
[2017-11-21 01:57:54,316] Main.Olympus<Olympus:f4002#OlympusNode>:OUTPUT: [Olympus:]<< wegded from Replica:  2
[2017-11-21 01:57:54,318] Main.Olympus<Olympus:f4002#OlympusNode>:OUTPUT: [Olympus:] Replica:  2 , len(history):  1
[2017-11-21 01:57:54,318] Main.Olympus<Olympus:f4002#OlympusNode>:OUTPUT: [Olympus:] Total received:  2
[2017-11-21 01:57:54,318] Main.Olympus<Olympus:f4002#OlympusNode>:OUTPUT: [Olympus:] Longest History
[2017-11-21 01:57:54,318] Main.Olympus<Olympus:f4002#OlympusNode>:OUTPUT: [Olympus:] Longest History: Slot:  1 , Operation:  put('jedi','luke skywalker')
[2017-11-21 01:57:54,319] Main.Olympus<Olympus:f4002#OlympusNode>:OUTPUT: [Olympus:] Longest Database:  {'jedi': 'luke skywalker'}
[2017-11-21 01:57:54,322] Main.Olympus<Olympus:f4002#OlympusNode>:OUTPUT: [Olympus:]<< wegded from Replica:  1
[2017-11-21 01:57:54,322] Main.Replica<Replica:f4006#OlympusNode>:OUTPUT: [Replica 1 :]<< catch-up
[2017-11-21 01:57:54,321] Main.Replica<Replica:f4008#OlympusNode>:OUTPUT: [Replica 0 :]<< catch-up
[2017-11-21 01:57:54,322] Main.Replica<Replica:f4006#OlympusNode>:OUTPUT: [Replica 1 :] catch-up History
[2017-11-21 01:57:54,322] Main.Replica<Replica:f4008#OlympusNode>:OUTPUT: [Replica 0 :] catch-up History
[2017-11-21 01:57:54,322] Main.Replica<Replica:f4006#OlympusNode>:OUTPUT: [Replica 1 :] catch-up History: Slot:  1 , operation:  put('jedi','luke skywalker')
[2017-11-21 01:57:54,322] Main.Olympus<Olympus:f4002#OlympusNode>:OUTPUT: [Olympus:] Replica:  1 , len(history):  0
[2017-11-21 01:57:54,322] Main.Replica<Replica:f4008#OlympusNode>:OUTPUT: [Replica 0 :] catch-up History: Slot:  1 , operation:  put('jedi','luke skywalker')
[2017-11-21 01:57:54,323] Main.Olympus<Olympus:f4002#OlympusNode>:OUTPUT: [Olympus:] Total received:  1
[2017-11-21 01:57:54,323] Main.Replica<Replica:f4008#OlympusNode>:OUTPUT: [Replica 0 :]>> catchUpWithLongestHistory:  (1, {'jedi': 'luke skywalker'})
[2017-11-21 01:57:54,323] Main.Replica<Replica:f4008#OlympusNode>:OUTPUT: [Replica 0 :]>> caught-up
[2017-11-21 01:57:54,323] Main.Replica<Replica:f4007#OlympusNode>:OUTPUT: [Replica 2 :]<< catch-up
[2017-11-21 01:57:54,323] Main.Replica<Replica:f4007#OlympusNode>:OUTPUT: [Replica 2 :] catch-up History
[2017-11-21 01:57:54,324] Main.Replica<Replica:f4007#OlympusNode>:OUTPUT: [Replica 2 :]>> caught-up
[2017-11-21 01:57:54,322] Main.Replica<Replica:f4006#OlympusNode>:OUTPUT: [Replica 1 :]>> catchUpWithLongestHistory:  (1, {'jedi': 'luke skywalker'})
[2017-11-21 01:57:54,324] Main.Replica<Replica:f4006#OlympusNode>:OUTPUT: [Replica 1 :]>> caught-up
[2017-11-21 01:57:54,327] Main.Olympus<Olympus:f4002#OlympusNode>:OUTPUT: [Olympus:]<< caught-up from Replica:  0  : database:  {'jedi': 'luke skywalker'}
[2017-11-21 01:57:54,327] Main.Olympus<Olympus:f4002#OlympusNode>:OUTPUT: [Olympus:]<< caught-up from Replica:  2  : database:  {'jedi': 'luke skywalker'}
[2017-11-21 01:57:54,327] Main.Olympus<Olympus:f4002#OlympusNode>:OUTPUT: [Olympus:] Making New Configuration
[2017-11-21 01:57:54,406] Main.Olympus<Olympus:f4002#OlympusNode>:OUTPUT: failure map is : {}
[2017-11-21 01:57:54,439] Main.Olympus<Olympus:f4002#OlympusNode>:OUTPUT: failure map is : {}
[2017-11-21 01:57:54,456] Main.Olympus<Olympus:f4002#OlympusNode>:OUTPUT: failure map is : {}
[2017-11-21 01:57:54,475] Main.Replica<Replica:f400b#OlympusNode>:OUTPUT: [Replica 0 :] Started:  head ACTIVE 2
[2017-11-21 01:57:54,484] Main.Replica<Replica:f4009#OlympusNode>:OUTPUT: [Replica 1 :] Started:  normal_replica ACTIVE 2
[2017-11-21 01:57:54,500] Main.Replica<Replica:f400a#OlympusNode>:OUTPUT: [Replica 2 :] Started:  tail ACTIVE 2
[2017-11-21 01:57:54,501] Main.Olympus<Olympus:f4002#OlympusNode>:OUTPUT: [Olympus:]<< caught-up from Replica:  1  : database:  {'jedi': 'luke skywalker'}
[2017-11-21 01:58:04,267] Client.Client<Client:47c02#ClientNode>:OUTPUT: [Client 0 :] Client Timeout.
[2017-11-21 01:58:04,268] Client.Client<Client:47c02#ClientNode>:OUTPUT: [Client 0 :]>> req_operation_timeout: Replica:  0 slice('jedi','0:4')  : config:  1
[2017-11-21 01:58:04,270] Client.Client<Client:47c02#ClientNode>:OUTPUT: [Client 0 :]>> req_operation_timeout: Replica:  1 slice('jedi','0:4')  : config:  1
[2017-11-21 01:58:04,272] Main.Replica<Replica:f4008#OlympusNode>:OUTPUT: [Replica 0 :]<< req_operation_timeout: IMMUTABLE:  slice('jedi','0:4')  Client:  0
[2017-11-21 01:58:04,284] Client.Client<Client:47c02#ClientNode>:OUTPUT: [Client 0 :]>> req_operation_timeout: Replica:  2 slice('jedi','0:4')  : config:  1
[2017-11-21 01:58:04,291] Main.Replica<Replica:f4006#OlympusNode>:OUTPUT: [Replica 1 :]<< req_operation_timeout: IMMUTABLE:  slice('jedi','0:4')  Client:  0
[2017-11-21 01:58:04,305] Main.Replica<Replica:f4007#OlympusNode>:OUTPUT: [Replica 2 :]<< req_operation_timeout: IMMUTABLE:  slice('jedi','0:4')  Client:  0
[2017-11-21 01:58:04,315] Client.Client<Client:47c02#ClientNode>:OUTPUT: [Client 0 :] Replica:  2  is Immutable, Request  new configuration
[2017-11-21 01:58:04,326] Client.Client<Client:47c02#ClientNode>:OUTPUT: [Client 0 :]>> error_in_replica:  1
[2017-11-21 01:58:04,326] Client.Client<Client:47c02#ClientNode>:OUTPUT: [Client 0 :]>> req_get_current_configuration
[2017-11-21 01:58:04,328] Client.Client<Client:47c02#ClientNode>:OUTPUT: [Client 0 :] Replica:  0  is Immutable, Request  new configuration
[2017-11-21 01:58:04,328] Main.Olympus<Olympus:f4002#OlympusNode>:OUTPUT: [Olympus:]<< req_get_current_configuration
[2017-11-21 01:58:04,328] Main.Olympus<Olympus:f4002#OlympusNode>:OUTPUT: [Olympus:]>> res_get_current_configuration
[2017-11-21 01:58:04,328] Client.Client<Client:47c02#ClientNode>:OUTPUT: [Client 0 :] Replica:  1  is Immutable, Request  new configuration
[2017-11-21 01:58:04,330] Client.Client<Client:47c02#ClientNode>:OUTPUT: [Client 0 :]<< res_get_current_configuration
[2017-11-21 01:58:04,330] Client.Client<Client:47c02#ClientNode>:OUTPUT: [Client 0 :]>> Sending to new config 
[2017-11-21 01:58:04,330] Client.Client<Client:47c02#ClientNode>:OUTPUT: [Client 0 :]>> req_operation:  slice('jedi','0:4')  : config:  2
[2017-11-21 01:58:04,345] Main.Replica<Replica:f400b#OlympusNode>:OUTPUT: [Replica 0 :]<< req_operation:  slice('jedi','0:4')  Client:  0
[2017-11-21 01:58:04,346] Main.Replica<Replica:f400b#OlympusNode>:OUTPUT: Slot:  1  : Operation:  slice('jedi','0:4')
[2017-11-21 01:58:04,347] Main.Replica<Replica:f400b#OlympusNode>:OUTPUT: [Replica 0 :] Perform:  slice('jedi','0:4')
[2017-11-21 01:58:04,348] Main.Replica<Replica:f400b#OlympusNode>:OUTPUT: [Replica 0 :] Perform:  slice('jedi','0:4') , result:  OK
[2017-11-21 01:58:04,352] Main.Replica<Replica:f400b#OlympusNode>:OUTPUT: [Replica 0 :]>> Shuttle:  slice('jedi','0:4')  to Replica:  1
[2017-11-21 01:58:04,366] Main.Replica<Replica:f4009#OlympusNode>:OUTPUT: [Replica 1 :]<< forward_shuttle :  1 , len :  1
[2017-11-21 01:58:04,366] Main.Replica<Replica:f4009#OlympusNode>:OUTPUT: [Replica 1 :]<< Shuttle:  slice('jedi','0:4')  from Replica:  0
[2017-11-21 01:58:04,368] Main.Replica<Replica:f4009#OlympusNode>:OUTPUT: [Replica 1 :] Perform:  slice('jedi','0:4')
[2017-11-21 01:58:04,368] Main.Replica<Replica:f4009#OlympusNode>:OUTPUT: [Replica 1 :] Perform:  slice('jedi','0:4') , result:  OK
[2017-11-21 01:58:04,370] Main.Replica<Replica:f4009#OlympusNode>:OUTPUT: [Replica 1 :]>> Shuttle:  slice('jedi','0:4')  to Replica:  2
[2017-11-21 01:58:04,384] Main.Replica<Replica:f400a#OlympusNode>:OUTPUT: [Replica 2 :]<< forward_shuttle :  1 , len :  1
[2017-11-21 01:58:04,385] Main.Replica<Replica:f400a#OlympusNode>:OUTPUT: [Replica 2 :]<< Shuttle:  slice('jedi','0:4')  from Replica:  1
[2017-11-21 01:58:04,389] Main.Replica<Replica:f400a#OlympusNode>:OUTPUT: [Replica 2 :] Perform:  slice('jedi','0:4')
[2017-11-21 01:58:04,390] Main.Replica<Replica:f400a#OlympusNode>:OUTPUT: [Replica 2 :] Perform:  slice('jedi','0:4') , result:  OK
[2017-11-21 01:58:04,404] Main.Replica<Replica:f400a#OlympusNode>:OUTPUT: [Replica 2 :]>> res_operation:  slice('jedi','0:4')  result:  OK
[2017-11-21 01:58:04,406] Client.Client<Client:47c02#ClientNode>:OUTPUT: [Client 0 :]<< res_operation:  slice('jedi','0:4')  Result:  OK
[2017-11-21 01:58:04,406] Main.Replica<Replica:f400a#OlympusNode>:OUTPUT: [Replica 2 :]>> Result Shuttle:  slice('jedi','0:4')  to Replica:  1
[2017-11-21 01:58:04,406] Client.Client<Client:47c02#ClientNode>:OUTPUT: [Client 0 :]>> req_operation:  get('jedi')  : config:  2
[2017-11-21 01:58:04,408] Main.Replica<Replica:f400b#OlympusNode>:OUTPUT: [Replica 0 :]<< req_operation:  get('jedi')  Client:  0
[2017-11-21 01:58:04,409] Main.Replica<Replica:f400b#OlympusNode>:OUTPUT: Slot:  2  : Operation:  get('jedi')
[2017-11-21 01:58:04,411] Main.Replica<Replica:f400b#OlympusNode>:OUTPUT: [Replica 0 :] Perform:  get('jedi')
[2017-11-21 01:58:04,412] Main.Replica<Replica:f400b#OlympusNode>:OUTPUT: [Replica 0 :] Perform:  get('jedi') , result:  luke
[2017-11-21 01:58:04,420] Main.Replica<Replica:f400b#OlympusNode>:OUTPUT: [Replica 0 :]>> Shuttle:  get('jedi')  to Replica:  1
[2017-11-21 01:58:04,423] Main.Replica<Replica:f4009#OlympusNode>:OUTPUT: [Replica 1 :]<< forward_shuttle :  2 , len :  2
[2017-11-21 01:58:04,423] Main.Replica<Replica:f4009#OlympusNode>:OUTPUT: [Replica 1 :]<< Shuttle:  get('jedi')  from Replica:  0
[2017-11-21 01:58:04,425] Main.Replica<Replica:f4009#OlympusNode>:OUTPUT: [Replica 1 :] Perform:  get('jedi')
[2017-11-21 01:58:04,425] Main.Replica<Replica:f4009#OlympusNode>:OUTPUT: [Replica 1 :] Perform:  get('jedi') , result:  luke
[2017-11-21 01:58:04,427] Main.Replica<Replica:f4009#OlympusNode>:OUTPUT: [Replica 1 :]>> Shuttle:  get('jedi')  to Replica:  2
[2017-11-21 01:58:04,429] Main.Replica<Replica:f400a#OlympusNode>:OUTPUT: [Replica 2 :]<< forward_shuttle :  2 , len :  2
[2017-11-21 01:58:04,429] Main.Replica<Replica:f400a#OlympusNode>:OUTPUT: [Replica 2 :]<< Shuttle:  get('jedi')  from Replica:  1
[2017-11-21 01:58:04,430] Main.Replica<Replica:f4009#OlympusNode>:OUTPUT: [Replica 1 :]<< Result Shuttle:  slice('jedi','0:4')  to Replica:  2
[2017-11-21 01:58:04,430] Main.Replica<Replica:f4009#OlympusNode>:OUTPUT: [Replica 1 :]>> Result Shuttle:  slice('jedi','0:4')  to Replica:  0
[2017-11-21 01:58:04,430] Main.Replica<Replica:f400a#OlympusNode>:OUTPUT: [Replica 2 :] Perform:  get('jedi')
[2017-11-21 01:58:04,431] Main.Replica<Replica:f400a#OlympusNode>:OUTPUT: [Replica 2 :] Perform:  get('jedi') , result:  luke
[2017-11-21 01:58:04,435] Main.Replica<Replica:f400a#OlympusNode>:OUTPUT: [Replica 2 :]>> res_operation:  get('jedi')  result:  luke
[2017-11-21 01:58:04,437] Client.Client<Client:47c02#ClientNode>:OUTPUT: [Client 0 :]<< res_operation:  get('jedi')  Result:  luke
[2017-11-21 01:58:04,438] Client.Client<Client:47c02#ClientNode>:OUTPUT: [Client 0 :] Test case completed! Validating Result
[2017-11-21 01:58:04,438] Main.Replica<Replica:f400a#OlympusNode>:OUTPUT: [Replica 2 :]>> Result Shuttle:  get('jedi')  to Replica:  1
[2017-11-21 01:58:04,442] Client.Client<Client:47c02#ClientNode>:OUTPUT: [Client 0 :] Valid Final Result! Client:  ['OK', 'OK', 'luke'] , Replica:  ['OK', 'OK', 'luke']
[2017-11-21 01:58:04,446] Main.Replica<Replica:f400b#OlympusNode>:OUTPUT: [Replica 0 :]<< Result Shuttle:  slice('jedi','0:4')  to Replica:  1
[2017-11-21 01:58:04,447] Main.Replica<Replica:f4009#OlympusNode>:OUTPUT: [Replica 1 :]<< Result Shuttle:  get('jedi')  to Replica:  2
[2017-11-21 01:58:04,447] Main.Replica<Replica:f4009#OlympusNode>:OUTPUT: [Replica 1 :]>> Result Shuttle:  get('jedi')  to Replica:  0
[2017-11-21 01:58:04,450] Main.Replica<Replica:f400b#OlympusNode>:OUTPUT: [Replica 0 :]<< Result Shuttle:  get('jedi')  to Replica:  1
[2017-11-21 01:58:09,114] da.api<MainProcess>:WARNING: Received keyboard interrupt. 
