[2017-11-21 02:00:53,027] da.api<MainProcess>:INFO: Bootstrapping attempt failed due to BootstrapException('Unable to contact a peer node.',),  continuing as a master node (use '--master' to disable bootstrapping at startup).
[2017-11-21 02:00:53,028] da.api<MainProcess>:INFO: <Node_:ClientNode> initialized at 127.0.0.1:(UdpTransport=15000, TcpTransport=15000).
[2017-11-21 02:00:53,028] da.api<MainProcess>:INFO: Starting program <module 'Main' from 'src/Main.py'>...
[2017-11-21 02:00:53,029] da.api<MainProcess>:INFO: Running iteration 1 ...
[2017-11-21 02:00:53,030] da.api<MainProcess>:INFO: Waiting for remaining child processes to terminate...(Press "Ctrl-C" to force kill)
[2017-11-21 02:00:53,050] Main.Node_<Node_:ClientNode>:INFO: Waiting to resolve name 'OlympusNode'...
[2017-11-21 02:00:58,349] da.sim.Router<MainProcess>:INFO: Bootstrap succeeded using <UdpTransport(127.0.0.1:27936)>.
[2017-11-21 02:00:58,350] da.api<MainProcess>:INFO: <Node_:OlympusNode> initialized at 127.0.0.1:(UdpTransport=27936, TcpTransport=33945).
[2017-11-21 02:00:58,350] da.api<MainProcess>:INFO: Starting program <module 'Main' from 'src/Main.py'>...
[2017-11-21 02:00:58,350] da.api<MainProcess>:INFO: Running iteration 1 ...
[2017-11-21 02:00:58,351] da.api<MainProcess>:INFO: Waiting for remaining child processes to terminate...(Press "Ctrl-C" to force kill)
[2017-11-21 02:00:58,431] Main.Olympus<Olympus:12002#OlympusNode>:OUTPUT: [Olympus:] Setup
[2017-11-21 02:00:58,499] Client.Client<Client:68402#ClientNode>:OUTPUT: [Client 0 :] Workload:  put('jedi','luke skywalker'); slice('jedi','0:4'); get('jedi')
[2017-11-21 02:00:58,505] Main.Olympus<Olympus:12002#OlympusNode>:OUTPUT: [Olympus:] Started
[2017-11-21 02:00:58,529] Client.Client<Client:68402#ClientNode>:OUTPUT: [Client 0 :] Started
[2017-11-21 02:00:58,530] da.api<MainProcess>:INFO: Main process terminated.
[2017-11-21 02:00:58,565] Main.Olympus<Olympus:12002#OlympusNode>:OUTPUT: [Olympus:]<< req_get_current_configuration
[2017-11-21 02:00:58,565] Main.Olympus<Olympus:12002#OlympusNode>:OUTPUT: [Olympus:] Making New Configuration
[2017-11-21 02:00:58,668] Main.Olympus<Olympus:12002#OlympusNode>:OUTPUT: failure map is : {}
[2017-11-21 02:00:58,700] Main.Olympus<Olympus:12002#OlympusNode>:OUTPUT: failure map is : {'change_operation()': ('shuttle', ('0', '1'))}
[2017-11-21 02:00:58,718] Main.Olympus<Olympus:12002#OlympusNode>:OUTPUT: failure map is : {}
[2017-11-21 02:00:58,740] Main.Replica<Replica:12005#OlympusNode>:OUTPUT: [Replica 0 :] Started:  head ACTIVE 0
[2017-11-21 02:00:58,752] Main.Replica<Replica:12003#OlympusNode>:OUTPUT: [Replica 1 :] Started:  normal_replica ACTIVE 0
[2017-11-21 02:00:58,764] Main.Replica<Replica:12004#OlympusNode>:OUTPUT: [Replica 2 :] Started:  tail ACTIVE 0
[2017-11-21 02:00:58,764] Main.Olympus<Olympus:12002#OlympusNode>:OUTPUT: [Olympus:]>> res_get_current_configuration
[2017-11-21 02:00:58,783] Client.Client<Client:68402#ClientNode>:OUTPUT: [Client 0 :]<< res_get_current_configuration
[2017-11-21 02:00:58,785] Client.Client<Client:68402#ClientNode>:OUTPUT: [Client 0 :]>> req_operation:  put('jedi','luke skywalker')  : config:  0
[2017-11-21 02:00:58,807] Main.Replica<Replica:12005#OlympusNode>:OUTPUT: [Replica 0 :]<< req_operation:  put('jedi','luke skywalker')  Client:  0
[2017-11-21 02:00:58,807] Main.Replica<Replica:12005#OlympusNode>:OUTPUT: Slot:  1  : Operation:  put('jedi','luke skywalker')
[2017-11-21 02:00:58,808] Main.Replica<Replica:12005#OlympusNode>:OUTPUT: [Replica 0 :] Perform:  put('jedi','luke skywalker')
[2017-11-21 02:00:58,809] Main.Replica<Replica:12005#OlympusNode>:OUTPUT: [Replica 0 :] Perform:  put('jedi','luke skywalker') , result:  OK
[2017-11-21 02:00:58,812] Main.Replica<Replica:12005#OlympusNode>:OUTPUT: [Replica 0 :]>> Shuttle:  put('jedi','luke skywalker')  to Replica:  1
[2017-11-21 02:00:58,830] Main.Replica<Replica:12003#OlympusNode>:OUTPUT: [Replica 1 :]<< forward_shuttle :  1 , len :  1
[2017-11-21 02:00:58,830] Main.Replica<Replica:12003#OlympusNode>:OUTPUT: [Replica 1 :]<< Shuttle:  put('jedi','luke skywalker')  from Replica:  0
[2017-11-21 02:00:58,832] Main.Replica<Replica:12003#OlympusNode>:OUTPUT: [Replica 1 :] Fault: Change Operation, Client  0 , Request  1
[2017-11-21 02:00:58,832] Main.Replica<Replica:12003#OlympusNode>:OUTPUT: [Replica 1 :] !!!!!! Changing operation from  ('jedi','luke skywalker')  to get('X') !!!!!!!
[2017-11-21 02:00:58,832] Main.Replica<Replica:12003#OlympusNode>:OUTPUT: [Replica 1 :] Perform:  get('X')
[2017-11-21 02:00:58,833] Main.Replica<Replica:12003#OlympusNode>:OUTPUT: [Replica 1 :] Perform:  get('X') , result:  
[2017-11-21 02:00:58,833] Main.Replica<Replica:12003#OlympusNode>:OUTPUT: [Replica 1 :] Successfully injected fault: Change operation
[2017-11-21 02:00:58,834] Main.Replica<Replica:12003#OlympusNode>:OUTPUT: [Replica 1 :]>> Shuttle:  get('X')  to Replica:  2
[2017-11-21 02:00:58,855] Main.Replica<Replica:12004#OlympusNode>:OUTPUT: [Replica 2 :]<< forward_shuttle :  1 , len :  1
[2017-11-21 02:00:58,856] Main.Replica<Replica:12004#OlympusNode>:OUTPUT: [Replica 2 :]<< Shuttle:  get('X')  from Replica:  1
[2017-11-21 02:00:58,857] Main.Replica<Replica:12004#OlympusNode>:OUTPUT: [Replica 2 :] Result doesnot match so returning false
[2017-11-21 02:00:58,857] Main.Replica<Replica:12004#OlympusNode>:OUTPUT: [Replica 2 :] Invalid Order Proof, Sending Reconfig request. Become Immutable
[2017-11-21 02:00:58,858] Main.Olympus<Olympus:12002#OlympusNode>:OUTPUT: [Olympus:]<< req_re_configuration
[2017-11-21 02:00:58,858] Main.Olympus<Olympus:12002#OlympusNode>:OUTPUT: [Olympus:]>> wedge to Replica:  0
[2017-11-21 02:00:58,859] Main.Olympus<Olympus:12002#OlympusNode>:OUTPUT: [Olympus:]>> wedge to Replica:  1
[2017-11-21 02:00:58,860] Main.Olympus<Olympus:12002#OlympusNode>:OUTPUT: [Olympus:]>> wedge to Replica:  2
[2017-11-21 02:00:58,860] Main.Replica<Replica:12005#OlympusNode>:OUTPUT: [Replica 0 :]<< wedge
[2017-11-21 02:00:58,860] Main.Replica<Replica:12005#OlympusNode>:OUTPUT: [Replica 0 :]>> wedged
[2017-11-21 02:00:58,861] Main.Replica<Replica:12003#OlympusNode>:OUTPUT: [Replica 1 :]<< wedge
[2017-11-21 02:00:58,861] Main.Replica<Replica:12003#OlympusNode>:OUTPUT: [Replica 1 :]>> wedged
[2017-11-21 02:00:58,861] Main.Replica<Replica:12004#OlympusNode>:OUTPUT: [Replica 2 :]<< wedge
[2017-11-21 02:00:58,862] Main.Replica<Replica:12004#OlympusNode>:OUTPUT: [Replica 2 :]>> wedged
[2017-11-21 02:00:58,864] Main.Olympus<Olympus:12002#OlympusNode>:OUTPUT: [Olympus:]<< wegded from Replica:  0
[2017-11-21 02:00:58,865] Main.Olympus<Olympus:12002#OlympusNode>:OUTPUT: [Olympus:] Replica:  0 , len(history):  0
[2017-11-21 02:00:58,865] Main.Olympus<Olympus:12002#OlympusNode>:OUTPUT: [Olympus:] Total received:  1
[2017-11-21 02:00:58,865] Main.Olympus<Olympus:12002#OlympusNode>:OUTPUT: [Olympus:]<< wegded from Replica:  1
[2017-11-21 02:00:58,866] Main.Olympus<Olympus:12002#OlympusNode>:OUTPUT: [Olympus:] Replica:  1 , len(history):  0
[2017-11-21 02:00:58,866] Main.Olympus<Olympus:12002#OlympusNode>:OUTPUT: [Olympus:] Total received:  2
[2017-11-21 02:00:58,866] Main.Olympus<Olympus:12002#OlympusNode>:OUTPUT: [Olympus:] Longest History
[2017-11-21 02:00:58,866] Main.Olympus<Olympus:12002#OlympusNode>:OUTPUT: [Olympus:] Longest Database:  {'jedi': 'luke skywalker'}
[2017-11-21 02:00:58,868] Main.Replica<Replica:12005#OlympusNode>:OUTPUT: [Replica 0 :]<< catch-up
[2017-11-21 02:00:58,868] Main.Replica<Replica:12005#OlympusNode>:OUTPUT: [Replica 0 :] catch-up History
[2017-11-21 02:00:58,869] Main.Replica<Replica:12005#OlympusNode>:OUTPUT: [Replica 0 :]>> caught-up
[2017-11-21 02:00:58,869] Main.Replica<Replica:12003#OlympusNode>:OUTPUT: [Replica 1 :]<< catch-up
[2017-11-21 02:00:58,869] Main.Olympus<Olympus:12002#OlympusNode>:OUTPUT: [Olympus:]<< wegded from Replica:  2
[2017-11-21 02:00:58,869] Main.Replica<Replica:12003#OlympusNode>:OUTPUT: [Replica 1 :] catch-up History
[2017-11-21 02:00:58,869] Main.Replica<Replica:12003#OlympusNode>:OUTPUT: [Replica 1 :]>> caught-up
[2017-11-21 02:00:58,870] Main.Olympus<Olympus:12002#OlympusNode>:OUTPUT: [Olympus:] Replica:  2 , len(history):  0
[2017-11-21 02:00:58,871] Main.Olympus<Olympus:12002#OlympusNode>:OUTPUT: [Olympus:] Total received:  1
[2017-11-21 02:00:58,871] Main.Replica<Replica:12004#OlympusNode>:OUTPUT: [Replica 2 :]<< catch-up
[2017-11-21 02:00:58,871] Main.Replica<Replica:12004#OlympusNode>:OUTPUT: [Replica 2 :] catch-up History
[2017-11-21 02:00:58,871] Main.Replica<Replica:12004#OlympusNode>:OUTPUT: [Replica 2 :]>> caught-up
[2017-11-21 02:00:58,871] Main.Olympus<Olympus:12002#OlympusNode>:OUTPUT: [Olympus:]<< caught-up from Replica:  0  : database:  {'jedi': 'luke skywalker'}
[2017-11-21 02:00:58,872] Main.Olympus<Olympus:12002#OlympusNode>:OUTPUT: [Olympus:]<< caught-up from Replica:  1  : database:  {}
[2017-11-21 02:00:58,873] Main.Olympus<Olympus:12002#OlympusNode>:OUTPUT: [Olympus:]Incorrect caught-up history: Not including Replica :  1  in Quoram
[2017-11-21 02:00:58,873] Main.Olympus<Olympus:12002#OlympusNode>:OUTPUT: [Olympus:]<< caught-up from Replica:  2  : database:  {}
[2017-11-21 02:00:58,873] Main.Olympus<Olympus:12002#OlympusNode>:OUTPUT: [Olympus:]Incorrect caught-up history: Not including Replica :  2  in Quoram
[2017-11-21 02:00:58,873] Main.Olympus<Olympus:12002#OlympusNode>:OUTPUT: [Olympus:]<< Longest history might be of byzantine
[2017-11-21 02:00:58,874] Main.Olympus<Olympus:12002#OlympusNode>:OUTPUT: [Olympus:]>> get-running-state to Replica:  1
[2017-11-21 02:00:58,876] Main.Replica<Replica:12003#OlympusNode>:OUTPUT: [Replica 1 :]<< get-running-state
[2017-11-21 02:00:58,876] Main.Replica<Replica:12003#OlympusNode>:OUTPUT: [Replica 1 :]>> running-state
[2017-11-21 02:00:58,877] Main.Olympus<Olympus:12002#OlympusNode>:OUTPUT: [Olympus:]<< running-state from Replica:  1  : database:  {}
[2017-11-21 02:00:58,877] Main.Olympus<Olympus:12002#OlympusNode>:OUTPUT: [Olympus:]<< running-state matching with caught-up history
[2017-11-21 02:00:58,878] Main.Olympus<Olympus:12002#OlympusNode>:OUTPUT: [Olympus:] Making New Configuration
[2017-11-21 02:00:58,963] Main.Olympus<Olympus:12002#OlympusNode>:OUTPUT: failure map is : {}
[2017-11-21 02:00:58,992] Main.Olympus<Olympus:12002#OlympusNode>:OUTPUT: failure map is : {'sleep(20)': ('new_configuration', ('-1', '0'))}
[2017-11-21 02:00:59,010] Main.Replica<Replica:12006#OlympusNode>:OUTPUT: New Configuration Fault: Sleep injected for time: 20  seconds
[2017-11-21 02:00:59,011] Main.Olympus<Olympus:12002#OlympusNode>:OUTPUT: failure map is : {}
[2017-11-21 02:00:59,031] Main.Replica<Replica:12008#OlympusNode>:OUTPUT: [Replica 0 :] Started:  head ACTIVE 1
[2017-11-21 02:00:59,036] Main.Replica<Replica:12006#OlympusNode>:OUTPUT: [Replica 1 :] Started:  normal_replica ACTIVE 1
[2017-11-21 02:00:59,056] Main.Replica<Replica:12007#OlympusNode>:OUTPUT: [Replica 2 :] Started:  tail ACTIVE 1
[2017-11-21 02:00:59,057] Main.Olympus<Olympus:12002#OlympusNode>:OUTPUT: [Olympus:] New configuration created
[2017-11-21 02:01:08,806] Client.Client<Client:68402#ClientNode>:OUTPUT: [Client 0 :] Client Timeout.
[2017-11-21 02:01:08,807] Client.Client<Client:68402#ClientNode>:OUTPUT: [Client 0 :]>> req_operation_timeout: Replica:  0 put('jedi','luke skywalker')  : config:  0
[2017-11-21 02:01:08,808] Client.Client<Client:68402#ClientNode>:OUTPUT: [Client 0 :]>> req_operation_timeout: Replica:  1 put('jedi','luke skywalker')  : config:  0
[2017-11-21 02:01:08,811] Main.Replica<Replica:12005#OlympusNode>:OUTPUT: [Replica 0 :]<< req_operation_timeout: IMMUTABLE:  put('jedi','luke skywalker')  Client:  0
[2017-11-21 02:01:08,827] Client.Client<Client:68402#ClientNode>:OUTPUT: [Client 0 :]>> req_operation_timeout: Replica:  2 put('jedi','luke skywalker')  : config:  0
[2017-11-21 02:01:08,828] Main.Replica<Replica:12003#OlympusNode>:OUTPUT: [Replica 1 :]<< req_operation_timeout: IMMUTABLE:  put('jedi','luke skywalker')  Client:  0
[2017-11-21 02:01:08,872] Main.Replica<Replica:12004#OlympusNode>:OUTPUT: [Replica 2 :]<< req_operation_timeout: IMMUTABLE:  put('jedi','luke skywalker')  Client:  0
[2017-11-21 02:01:08,878] Client.Client<Client:68402#ClientNode>:OUTPUT: [Client 0 :] Replica:  0  is Immutable, Request  new configuration
[2017-11-21 02:01:08,878] Client.Client<Client:68402#ClientNode>:OUTPUT: [Client 0 :]>> error_in_replica:  1
[2017-11-21 02:01:08,879] Client.Client<Client:68402#ClientNode>:OUTPUT: [Client 0 :]>> req_get_current_configuration
[2017-11-21 02:01:08,882] Main.Olympus<Olympus:12002#OlympusNode>:OUTPUT: [Olympus:]<< req_get_current_configuration
[2017-11-21 02:01:08,883] Main.Olympus<Olympus:12002#OlympusNode>:OUTPUT: [Olympus:]>> res_get_current_configuration
[2017-11-21 02:01:08,891] Client.Client<Client:68402#ClientNode>:OUTPUT: [Client 0 :] Replica:  1  is Immutable, Request  new configuration
[2017-11-21 02:01:08,892] Client.Client<Client:68402#ClientNode>:OUTPUT: [Client 0 :]<< res_get_current_configuration
[2017-11-21 02:01:08,893] Client.Client<Client:68402#ClientNode>:OUTPUT: [Client 0 :]>> Sending to new config 
[2017-11-21 02:01:08,894] Client.Client<Client:68402#ClientNode>:OUTPUT: [Client 0 :]>> req_operation:  put('jedi','luke skywalker')  : config:  1
[2017-11-21 02:01:08,911] Client.Client<Client:68402#ClientNode>:OUTPUT: [Client 0 :] Replica:  2  is Immutable, Request  new configuration
[2017-11-21 02:01:08,916] Main.Replica<Replica:12008#OlympusNode>:OUTPUT: [Replica 0 :]<< req_operation:  put('jedi','luke skywalker')  Client:  0
[2017-11-21 02:01:08,916] Main.Replica<Replica:12008#OlympusNode>:OUTPUT: Slot:  1  : Operation:  put('jedi','luke skywalker')
[2017-11-21 02:01:08,918] Main.Replica<Replica:12008#OlympusNode>:OUTPUT: [Replica 0 :] Perform:  put('jedi','luke skywalker')
[2017-11-21 02:01:08,919] Main.Replica<Replica:12008#OlympusNode>:OUTPUT: [Replica 0 :] Perform:  put('jedi','luke skywalker') , result:  OK
[2017-11-21 02:01:08,924] Main.Replica<Replica:12008#OlympusNode>:OUTPUT: [Replica 0 :]>> Shuttle:  put('jedi','luke skywalker')  to Replica:  1
[2017-11-21 02:01:08,941] Main.Replica<Replica:12006#OlympusNode>:OUTPUT: [Replica 1 :]<< forward_shuttle :  1 , len :  1
[2017-11-21 02:01:08,942] Main.Replica<Replica:12006#OlympusNode>:OUTPUT: [Replica 1 :]<< Shuttle:  put('jedi','luke skywalker')  from Replica:  0
[2017-11-21 02:01:08,943] Main.Replica<Replica:12006#OlympusNode>:OUTPUT: [Replica 1 :] Fault: Sleep injected for time: 20  seconds
[2017-11-21 02:01:18,912] Client.Client<Client:68402#ClientNode>:OUTPUT: [Client 0 :] Client Timeout.
[2017-11-21 02:01:18,914] Client.Client<Client:68402#ClientNode>:OUTPUT: [Client 0 :]>> req_operation_timeout: Replica:  0 put('jedi','luke skywalker')  : config:  1
[2017-11-21 02:01:18,915] Client.Client<Client:68402#ClientNode>:OUTPUT: [Client 0 :]>> req_operation_timeout: Replica:  1 put('jedi','luke skywalker')  : config:  1
[2017-11-21 02:01:18,917] Main.Replica<Replica:12008#OlympusNode>:OUTPUT: [Replica 0 :]<< req_operation_timeout:  put('jedi','luke skywalker')  Client:  0
[2017-11-21 02:01:18,931] Client.Client<Client:68402#ClientNode>:OUTPUT: [Client 0 :]>> req_operation_timeout: Replica:  2 put('jedi','luke skywalker')  : config:  1
[2017-11-21 02:01:18,946] Main.Replica<Replica:12007#OlympusNode>:OUTPUT: [Replica 2 :]<< req_operation_timeout:  put('jedi','luke skywalker')  Client:  0
[2017-11-21 02:01:18,946] Main.Replica<Replica:12007#OlympusNode>:OUTPUT: [Replica 2 :]>> res_operation_timeout:  put('jedi','luke skywalker')  to Head Replica
[2017-11-21 02:01:18,961] Main.Replica<Replica:12008#OlympusNode>:OUTPUT: [Replica 0 :]<< req_operation_timeout:  put('jedi','luke skywalker')  from Replica[no history], Client:  0
[2017-11-21 02:01:28,943] Client.Client<Client:68402#ClientNode>:OUTPUT: [Client 0 :] Not received from Quoram, Terminate System.
[2017-11-21 02:01:28,944] Client.Client<Client:68402#ClientNode>:OUTPUT: [Client 0 :]>> req_get_current_configuration
[2017-11-21 02:01:28,944] Main.Replica<Replica:12006#OlympusNode>:OUTPUT: [Replica 1 :] Perform:  put('jedi','luke skywalker')
[2017-11-21 02:01:28,946] Main.Replica<Replica:12006#OlympusNode>:OUTPUT: [Replica 1 :] Perform:  put('jedi','luke skywalker') , result:  OK
[2017-11-21 02:01:28,946] Main.Olympus<Olympus:12002#OlympusNode>:OUTPUT: [Olympus:]<< req_get_current_configuration
[2017-11-21 02:01:28,946] Main.Olympus<Olympus:12002#OlympusNode>:OUTPUT: [Olympus:]>> res_get_current_configuration
[2017-11-21 02:01:28,949] Client.Client<Client:68402#ClientNode>:OUTPUT: [Client 0 :]<< res_get_current_configuration
[2017-11-21 02:01:28,949] Client.Client<Client:68402#ClientNode>:OUTPUT: [Client 0 :]>> Sending to new config 
[2017-11-21 02:01:28,949] Main.Replica<Replica:12006#OlympusNode>:OUTPUT: [Replica 1 :]>> Shuttle:  put('jedi','luke skywalker')  to Replica:  2
[2017-11-21 02:01:28,951] Client.Client<Client:68402#ClientNode>:OUTPUT: [Client 0 :]>> req_operation:  put('jedi','luke skywalker')  : config:  1
[2017-11-21 02:01:28,956] Main.Replica<Replica:12008#OlympusNode>:OUTPUT: [Replica 0 :]<< req_operation:  put('jedi','luke skywalker')  Client:  0
[2017-11-21 02:01:28,957] Main.Replica<Replica:12008#OlympusNode>:OUTPUT: Slot:  2  : Operation:  put('jedi','luke skywalker')
[2017-11-21 02:01:28,958] Main.Replica<Replica:12008#OlympusNode>:OUTPUT: [Replica 0 :] Perform:  put('jedi','luke skywalker')
[2017-11-21 02:01:28,959] Main.Replica<Replica:12008#OlympusNode>:OUTPUT: [Replica 0 :] Perform:  put('jedi','luke skywalker') , result:  OK
[2017-11-21 02:01:28,963] Main.Replica<Replica:12008#OlympusNode>:OUTPUT: [Replica 0 :]>> Shuttle:  put('jedi','luke skywalker')  to Replica:  1
[2017-11-21 02:01:28,965] Main.Replica<Replica:12008#OlympusNode>:OUTPUT: [Replica 0 :] Timeout!! Sending Reconfig Request
[2017-11-21 02:01:28,967] Main.Olympus<Olympus:12002#OlympusNode>:OUTPUT: [Olympus:]<< req_re_configuration
[2017-11-21 02:01:28,967] Main.Replica<Replica:12008#OlympusNode>:OUTPUT: [Replica 0 :]>> Killing Timer
[2017-11-21 02:01:28,967] Main.Olympus<Olympus:12002#OlympusNode>:OUTPUT: [Olympus:]>> wedge to Replica:  0
[2017-11-21 02:01:28,968] Main.Olympus<Olympus:12002#OlympusNode>:OUTPUT: [Olympus:]>> wedge to Replica:  1
[2017-11-21 02:01:28,969] Main.Replica<Replica:12007#OlympusNode>:OUTPUT: [Replica 2 :]<< forward_shuttle :  1 , len :  1
[2017-11-21 02:01:28,969] Main.Replica<Replica:12007#OlympusNode>:OUTPUT: [Replica 2 :]<< Shuttle:  put('jedi','luke skywalker')  from Replica:  1
[2017-11-21 02:01:28,971] Main.Replica<Replica:12006#OlympusNode>:OUTPUT: [Replica 1 :]<< req_operation_timeout:  put('jedi','luke skywalker')  Client:  0
[2017-11-21 02:01:28,972] Main.Replica<Replica:12007#OlympusNode>:OUTPUT: [Replica 2 :] Perform:  put('jedi','luke skywalker')
[2017-11-21 02:01:28,972] Main.Olympus<Olympus:12002#OlympusNode>:OUTPUT: [Olympus:]>> wedge to Replica:  2
[2017-11-21 02:01:28,973] Main.Replica<Replica:12007#OlympusNode>:OUTPUT: [Replica 2 :] Perform:  put('jedi','luke skywalker') , result:  OK
[2017-11-21 02:01:28,975] Main.Replica<Replica:12008#OlympusNode>:OUTPUT: [Replica 0 :]<< wedge
[2017-11-21 02:01:28,975] Main.Replica<Replica:12008#OlympusNode>:OUTPUT: [Replica 0 :]>> wedged
[2017-11-21 02:01:28,978] Main.Olympus<Olympus:12002#OlympusNode>:OUTPUT: [Olympus:]<< wegded from Replica:  0
[2017-11-21 02:01:28,979] Main.Olympus<Olympus:12002#OlympusNode>:OUTPUT: [Olympus:] Replica:  0 , len(history):  0
[2017-11-21 02:01:28,980] Main.Olympus<Olympus:12002#OlympusNode>:OUTPUT: [Olympus:] Total received:  1
[2017-11-21 02:01:28,971] Main.Replica<Replica:12006#OlympusNode>:OUTPUT: [Replica 1 :]>> res_operation_timeout:  put('jedi','luke skywalker')  to Head Replica
[2017-11-21 02:01:28,996] Main.Replica<Replica:12007#OlympusNode>:OUTPUT: [Replica 2 :]>> res_operation:  put('jedi','luke skywalker')  result:  OK
[2017-11-21 02:01:28,997] Client.Client<Client:68402#ClientNode>:OUTPUT: [Client 0 :]<< res_operation:  put('jedi','luke skywalker')  Result:  OK
[2017-11-21 02:01:28,997] Main.Replica<Replica:12008#OlympusNode>:OUTPUT: [Replica 0 :]<< req_operation_timeout: IMMUTABLE:  put('jedi','luke skywalker')  Client:  0
[2017-11-21 02:01:28,998] Client.Client<Client:68402#ClientNode>:OUTPUT: [Client 0 :]>> req_operation:  slice('jedi','0:4')  : config:  1
[2017-11-21 02:01:28,998] Main.Replica<Replica:12007#OlympusNode>:OUTPUT: [Replica 2 :]>> Result Shuttle:  put('jedi','luke skywalker')  to Replica:  1
[2017-11-21 02:01:29,009] Main.Replica<Replica:12006#OlympusNode>:OUTPUT: [Replica 1 :]<< forward_shuttle :  2 , len :  2
[2017-11-21 02:01:29,010] Main.Replica<Replica:12006#OlympusNode>:OUTPUT: [Replica 1 :]<< Shuttle:  put('jedi','luke skywalker')  from Replica:  0
[2017-11-21 02:01:29,022] Client.Client<Client:68402#ClientNode>:OUTPUT: [Client 0 :] Replica:  0  is Immutable, Request  new configuration
[2017-11-21 02:01:29,028] Main.Replica<Replica:12006#OlympusNode>:OUTPUT: [Replica 1 :] Perform:  put('jedi','luke skywalker')
[2017-11-21 02:01:29,029] Main.Replica<Replica:12006#OlympusNode>:OUTPUT: [Replica 1 :] Perform:  put('jedi','luke skywalker') , result:  OK
[2017-11-21 02:01:29,030] Main.Replica<Replica:12006#OlympusNode>:OUTPUT: [Replica 1 :]>> Shuttle:  put('jedi','luke skywalker')  to Replica:  2
[2017-11-21 02:01:29,031] Main.Replica<Replica:12007#OlympusNode>:OUTPUT: [Replica 2 :]>> Killing Timer
[2017-11-21 02:01:29,032] Main.Replica<Replica:12006#OlympusNode>:OUTPUT: [Replica 1 :]<< wedge
[2017-11-21 02:01:29,032] Main.Replica<Replica:12006#OlympusNode>:OUTPUT: [Replica 1 :]>> wedged
[2017-11-21 02:01:29,033] Main.Replica<Replica:12007#OlympusNode>:OUTPUT: [Replica 2 :]<< wedge
[2017-11-21 02:01:29,033] Main.Replica<Replica:12007#OlympusNode>:OUTPUT: [Replica 2 :]>> wedged
[2017-11-21 02:01:29,034] Main.Olympus<Olympus:12002#OlympusNode>:OUTPUT: [Olympus:]<< wegded from Replica:  1
[2017-11-21 02:01:29,035] Main.Olympus<Olympus:12002#OlympusNode>:OUTPUT: [Olympus:] Replica:  1 , len(history):  0
[2017-11-21 02:01:29,035] Main.Olympus<Olympus:12002#OlympusNode>:OUTPUT: [Olympus:] Total received:  2
[2017-11-21 02:01:29,035] Main.Olympus<Olympus:12002#OlympusNode>:OUTPUT: [Olympus:] Longest History
[2017-11-21 02:01:29,035] Main.Olympus<Olympus:12002#OlympusNode>:OUTPUT: [Olympus:] Longest Database:  {'jedi': 'luke skywalker'}
[2017-11-21 02:01:29,038] Main.Replica<Replica:12006#OlympusNode>:OUTPUT: [Replica 1 :]<< catch-up
[2017-11-21 02:01:29,038] Main.Replica<Replica:12008#OlympusNode>:OUTPUT: [Replica 0 :]<< catch-up
[2017-11-21 02:01:29,039] Main.Replica<Replica:12008#OlympusNode>:OUTPUT: [Replica 0 :] catch-up History
[2017-11-21 02:01:29,039] Main.Replica<Replica:12008#OlympusNode>:OUTPUT: [Replica 0 :]>> caught-up
[2017-11-21 02:01:29,039] Main.Replica<Replica:12007#OlympusNode>:OUTPUT: [Replica 2 :]<< catch-up
[2017-11-21 02:01:29,040] Main.Replica<Replica:12007#OlympusNode>:OUTPUT: [Replica 2 :] catch-up History
[2017-11-21 02:01:29,040] Main.Replica<Replica:12007#OlympusNode>:OUTPUT: [Replica 2 :]>> caught-up
[2017-11-21 02:01:29,038] Main.Replica<Replica:12006#OlympusNode>:OUTPUT: [Replica 1 :] catch-up History
[2017-11-21 02:01:29,041] Main.Replica<Replica:12006#OlympusNode>:OUTPUT: [Replica 1 :]>> caught-up
[2017-11-21 02:01:29,041] Main.Olympus<Olympus:12002#OlympusNode>:OUTPUT: [Olympus:]<< wegded from Replica:  2
[2017-11-21 02:01:29,043] Main.Olympus<Olympus:12002#OlympusNode>:OUTPUT: [Olympus:] Replica:  2 , len(history):  1
[2017-11-21 02:01:29,043] Main.Olympus<Olympus:12002#OlympusNode>:OUTPUT: [Olympus:] Total received:  1
[2017-11-21 02:01:29,044] Main.Olympus<Olympus:12002#OlympusNode>:OUTPUT: [Olympus:]<< caught-up from Replica:  0  : database:  {'jedi': 'luke skywalker'}
[2017-11-21 02:01:29,044] Main.Olympus<Olympus:12002#OlympusNode>:OUTPUT: [Olympus:]<< caught-up from Replica:  2  : database:  {'jedi': 'luke skywalker'}
[2017-11-21 02:01:29,044] Main.Olympus<Olympus:12002#OlympusNode>:OUTPUT: [Olympus:] Making New Configuration
[2017-11-21 02:01:29,118] Main.Olympus<Olympus:12002#OlympusNode>:OUTPUT: failure map is : {}
[2017-11-21 02:01:29,136] Main.Olympus<Olympus:12002#OlympusNode>:OUTPUT: failure map is : {}
[2017-11-21 02:01:29,158] Main.Olympus<Olympus:12002#OlympusNode>:OUTPUT: failure map is : {}
[2017-11-21 02:01:29,173] Main.Replica<Replica:1200a#OlympusNode>:OUTPUT: [Replica 0 :] Started:  head ACTIVE 2
[2017-11-21 02:01:29,184] Main.Replica<Replica:12009#OlympusNode>:OUTPUT: [Replica 1 :] Started:  normal_replica ACTIVE 2
[2017-11-21 02:01:29,208] Main.Replica<Replica:1200b#OlympusNode>:OUTPUT: [Replica 2 :] Started:  tail ACTIVE 2
[2017-11-21 02:01:29,209] Main.Olympus<Olympus:12002#OlympusNode>:OUTPUT: [Olympus:]<< caught-up from Replica:  1  : database:  {'jedi': 'luke skywalker'}
[2017-11-21 02:01:38,999] Client.Client<Client:68402#ClientNode>:OUTPUT: [Client 0 :] Client Timeout.
[2017-11-21 02:01:39,000] Client.Client<Client:68402#ClientNode>:OUTPUT: [Client 0 :]>> req_operation_timeout: Replica:  0 slice('jedi','0:4')  : config:  1
[2017-11-21 02:01:39,002] Client.Client<Client:68402#ClientNode>:OUTPUT: [Client 0 :]>> req_operation_timeout: Replica:  1 slice('jedi','0:4')  : config:  1
[2017-11-21 02:01:39,003] Client.Client<Client:68402#ClientNode>:OUTPUT: [Client 0 :]>> req_operation_timeout: Replica:  2 slice('jedi','0:4')  : config:  1
[2017-11-21 02:01:39,004] Main.Replica<Replica:12008#OlympusNode>:OUTPUT: [Replica 0 :]<< req_operation_timeout: IMMUTABLE:  slice('jedi','0:4')  Client:  0
[2017-11-21 02:01:39,006] Main.Replica<Replica:12006#OlympusNode>:OUTPUT: [Replica 1 :]<< req_operation_timeout: IMMUTABLE:  slice('jedi','0:4')  Client:  0
[2017-11-21 02:01:39,007] Main.Replica<Replica:12007#OlympusNode>:OUTPUT: [Replica 2 :]<< req_operation_timeout: IMMUTABLE:  slice('jedi','0:4')  Client:  0
[2017-11-21 02:01:39,010] Client.Client<Client:68402#ClientNode>:OUTPUT: [Client 0 :] Replica:  0  is Immutable, Request  new configuration
[2017-11-21 02:01:39,011] Client.Client<Client:68402#ClientNode>:OUTPUT: [Client 0 :]>> error_in_replica:  1
[2017-11-21 02:01:39,011] Client.Client<Client:68402#ClientNode>:OUTPUT: [Client 0 :]>> req_get_current_configuration
[2017-11-21 02:01:39,013] Client.Client<Client:68402#ClientNode>:OUTPUT: [Client 0 :] Replica:  2  is Immutable, Request  new configuration
[2017-11-21 02:01:39,019] Main.Olympus<Olympus:12002#OlympusNode>:OUTPUT: [Olympus:]<< req_get_current_configuration
[2017-11-21 02:01:39,020] Main.Olympus<Olympus:12002#OlympusNode>:OUTPUT: [Olympus:]>> res_get_current_configuration
[2017-11-21 02:01:39,027] Client.Client<Client:68402#ClientNode>:OUTPUT: [Client 0 :]<< res_get_current_configuration
[2017-11-21 02:01:39,027] Client.Client<Client:68402#ClientNode>:OUTPUT: [Client 0 :]>> Sending to new config 
[2017-11-21 02:01:39,028] Client.Client<Client:68402#ClientNode>:OUTPUT: [Client 0 :]>> req_operation:  slice('jedi','0:4')  : config:  2
[2017-11-21 02:01:39,032] Main.Replica<Replica:12006#OlympusNode>:OUTPUT: [Replica 1 :] Timeout!! Sending Reconfig Request
[2017-11-21 02:01:39,036] Main.Olympus<Olympus:12002#OlympusNode>:OUTPUT: [Olympus:]<< req_re_configuration
[2017-11-21 02:01:39,036] Main.Olympus<Olympus:12002#OlympusNode>:OUTPUT: [Olympus:]Reconfig request from old configuration, ignoring!
[2017-11-21 02:01:39,041] Client.Client<Client:68402#ClientNode>:OUTPUT: [Client 0 :] Replica:  1  is Immutable, Request  new configuration
[2017-11-21 02:01:39,043] Main.Replica<Replica:1200a#OlympusNode>:OUTPUT: [Replica 0 :]<< req_operation:  slice('jedi','0:4')  Client:  0
[2017-11-21 02:01:39,044] Main.Replica<Replica:1200a#OlympusNode>:OUTPUT: Slot:  1  : Operation:  slice('jedi','0:4')
[2017-11-21 02:01:39,045] Main.Replica<Replica:1200a#OlympusNode>:OUTPUT: [Replica 0 :] Perform:  slice('jedi','0:4')
[2017-11-21 02:01:39,046] Main.Replica<Replica:1200a#OlympusNode>:OUTPUT: [Replica 0 :] Perform:  slice('jedi','0:4') , result:  OK
[2017-11-21 02:01:39,049] Main.Replica<Replica:1200a#OlympusNode>:OUTPUT: [Replica 0 :]>> Shuttle:  slice('jedi','0:4')  to Replica:  1
[2017-11-21 02:01:39,064] Main.Replica<Replica:12009#OlympusNode>:OUTPUT: [Replica 1 :]<< forward_shuttle :  1 , len :  1
[2017-11-21 02:01:39,065] Main.Replica<Replica:12009#OlympusNode>:OUTPUT: [Replica 1 :]<< Shuttle:  slice('jedi','0:4')  from Replica:  0
[2017-11-21 02:01:39,067] Main.Replica<Replica:12009#OlympusNode>:OUTPUT: [Replica 1 :] Perform:  slice('jedi','0:4')
[2017-11-21 02:01:39,068] Main.Replica<Replica:12009#OlympusNode>:OUTPUT: [Replica 1 :] Perform:  slice('jedi','0:4') , result:  OK
[2017-11-21 02:01:39,069] Main.Replica<Replica:12009#OlympusNode>:OUTPUT: [Replica 1 :]>> Shuttle:  slice('jedi','0:4')  to Replica:  2
[2017-11-21 02:01:39,085] Main.Replica<Replica:1200b#OlympusNode>:OUTPUT: [Replica 2 :]<< forward_shuttle :  1 , len :  1
[2017-11-21 02:01:39,085] Main.Replica<Replica:1200b#OlympusNode>:OUTPUT: [Replica 2 :]<< Shuttle:  slice('jedi','0:4')  from Replica:  1
[2017-11-21 02:01:39,088] Main.Replica<Replica:1200b#OlympusNode>:OUTPUT: [Replica 2 :] Perform:  slice('jedi','0:4')
[2017-11-21 02:01:39,088] Main.Replica<Replica:1200b#OlympusNode>:OUTPUT: [Replica 2 :] Perform:  slice('jedi','0:4') , result:  OK
[2017-11-21 02:01:39,106] Client.Client<Client:68402#ClientNode>:OUTPUT: [Client 0 :]<< res_operation:  slice('jedi','0:4')  Result:  OK
[2017-11-21 02:01:39,107] Main.Replica<Replica:1200b#OlympusNode>:OUTPUT: [Replica 2 :]>> res_operation:  slice('jedi','0:4')  result:  OK
[2017-11-21 02:01:39,108] Client.Client<Client:68402#ClientNode>:OUTPUT: [Client 0 :]>> req_operation:  get('jedi')  : config:  2
[2017-11-21 02:01:39,110] Main.Replica<Replica:1200b#OlympusNode>:OUTPUT: [Replica 2 :]>> Result Shuttle:  slice('jedi','0:4')  to Replica:  1
[2017-11-21 02:01:39,110] Main.Replica<Replica:1200a#OlympusNode>:OUTPUT: [Replica 0 :]<< req_operation:  get('jedi')  Client:  0
[2017-11-21 02:01:39,110] Main.Replica<Replica:1200a#OlympusNode>:OUTPUT: Slot:  2  : Operation:  get('jedi')
[2017-11-21 02:01:39,111] Main.Replica<Replica:1200a#OlympusNode>:OUTPUT: [Replica 0 :] Perform:  get('jedi')
[2017-11-21 02:01:39,112] Main.Replica<Replica:1200a#OlympusNode>:OUTPUT: [Replica 0 :] Perform:  get('jedi') , result:  luke
[2017-11-21 02:01:39,115] Main.Replica<Replica:1200a#OlympusNode>:OUTPUT: [Replica 0 :]>> Shuttle:  get('jedi')  to Replica:  1
[2017-11-21 02:01:39,129] Main.Replica<Replica:12009#OlympusNode>:OUTPUT: [Replica 1 :]<< forward_shuttle :  2 , len :  2
[2017-11-21 02:01:39,130] Main.Replica<Replica:12009#OlympusNode>:OUTPUT: [Replica 1 :]<< Shuttle:  get('jedi')  from Replica:  0
[2017-11-21 02:01:39,132] Main.Replica<Replica:12009#OlympusNode>:OUTPUT: [Replica 1 :] Perform:  get('jedi')
[2017-11-21 02:01:39,133] Main.Replica<Replica:12009#OlympusNode>:OUTPUT: [Replica 1 :] Perform:  get('jedi') , result:  luke
[2017-11-21 02:01:39,134] Main.Replica<Replica:12009#OlympusNode>:OUTPUT: [Replica 1 :]>> Shuttle:  get('jedi')  to Replica:  2
[2017-11-21 02:01:39,137] Main.Replica<Replica:1200b#OlympusNode>:OUTPUT: [Replica 2 :]<< forward_shuttle :  2 , len :  2
[2017-11-21 02:01:39,137] Main.Replica<Replica:1200b#OlympusNode>:OUTPUT: [Replica 2 :]<< Shuttle:  get('jedi')  from Replica:  1
[2017-11-21 02:01:39,138] Main.Replica<Replica:12009#OlympusNode>:OUTPUT: [Replica 1 :]<< Result Shuttle:  slice('jedi','0:4')  to Replica:  2
[2017-11-21 02:01:39,139] Main.Replica<Replica:1200b#OlympusNode>:OUTPUT: [Replica 2 :] Perform:  get('jedi')
[2017-11-21 02:01:39,139] Main.Replica<Replica:12009#OlympusNode>:OUTPUT: [Replica 1 :]>> Result Shuttle:  slice('jedi','0:4')  to Replica:  0
[2017-11-21 02:01:39,139] Main.Replica<Replica:1200b#OlympusNode>:OUTPUT: [Replica 2 :] Perform:  get('jedi') , result:  luke
[2017-11-21 02:01:39,143] Client.Client<Client:68402#ClientNode>:OUTPUT: [Client 0 :]<< res_operation:  get('jedi')  Result:  luke
[2017-11-21 02:01:39,144] Client.Client<Client:68402#ClientNode>:OUTPUT: [Client 0 :] Test case completed! Validating Result
[2017-11-21 02:01:39,148] Client.Client<Client:68402#ClientNode>:OUTPUT: [Client 0 :] Valid Final Result! Client:  ['OK', 'OK', 'luke'] , Replica:  ['OK', 'OK', 'luke']
[2017-11-21 02:01:39,148] Main.Replica<Replica:1200b#OlympusNode>:OUTPUT: [Replica 2 :]>> res_operation:  get('jedi')  result:  luke
[2017-11-21 02:01:39,151] Main.Replica<Replica:1200b#OlympusNode>:OUTPUT: [Replica 2 :]>> Result Shuttle:  get('jedi')  to Replica:  1
[2017-11-21 02:01:39,166] Main.Replica<Replica:1200a#OlympusNode>:OUTPUT: [Replica 0 :]<< Result Shuttle:  slice('jedi','0:4')  to Replica:  1
[2017-11-21 02:01:39,167] Main.Replica<Replica:12009#OlympusNode>:OUTPUT: [Replica 1 :]<< Result Shuttle:  get('jedi')  to Replica:  2
[2017-11-21 02:01:39,167] Main.Replica<Replica:12009#OlympusNode>:OUTPUT: [Replica 1 :]>> Result Shuttle:  get('jedi')  to Replica:  0
[2017-11-21 02:01:39,171] Main.Replica<Replica:1200a#OlympusNode>:OUTPUT: [Replica 0 :]<< Result Shuttle:  get('jedi')  to Replica:  1
[2017-11-21 02:01:42,782] da.api<MainProcess>:WARNING: Received keyboard interrupt. 
