[2017-11-21 02:19:01,859] da.api<MainProcess>:INFO: Bootstrapping attempt failed due to BootstrapException('Unable to contact a peer node.',),  continuing as a master node (use '--master' to disable bootstrapping at startup).
[2017-11-21 02:19:01,859] da.api<MainProcess>:INFO: <Node_:ClientNode> initialized at 127.0.0.1:(UdpTransport=15000, TcpTransport=15000).
[2017-11-21 02:19:01,859] da.api<MainProcess>:INFO: Starting program <module 'Main' from 'src/Main.py'>...
[2017-11-21 02:19:01,860] da.api<MainProcess>:INFO: Running iteration 1 ...
[2017-11-21 02:19:01,861] da.api<MainProcess>:INFO: Waiting for remaining child processes to terminate...(Press "Ctrl-C" to force kill)
[2017-11-21 02:19:01,879] Main.Node_<Node_:ClientNode>:INFO: Waiting to resolve name 'OlympusNode'...
[2017-11-21 02:19:03,616] da.sim.Router<MainProcess>:INFO: Bootstrap succeeded using <UdpTransport(127.0.0.1:24528)>.
[2017-11-21 02:19:03,618] da.api<MainProcess>:INFO: <Node_:OlympusNode> initialized at 127.0.0.1:(UdpTransport=24528, TcpTransport=15380).
[2017-11-21 02:19:03,618] da.api<MainProcess>:INFO: Starting program <module 'Main' from 'src/Main.py'>...
[2017-11-21 02:19:03,619] da.api<MainProcess>:INFO: Running iteration 1 ...
[2017-11-21 02:19:03,620] da.api<MainProcess>:INFO: Waiting for remaining child processes to terminate...(Press "Ctrl-C" to force kill)
[2017-11-21 02:19:03,699] Main.Olympus<Olympus:eb402#OlympusNode>:OUTPUT: [Olympus:] Setup
[2017-11-21 02:19:03,771] Client.Client<Client:43c02#ClientNode>:OUTPUT: [Client 0 :] Workload:  put('jedi','luke skywalker'); slice('jedi','0:4'); get('jedi')
[2017-11-21 02:19:03,774] Main.Olympus<Olympus:eb402#OlympusNode>:OUTPUT: [Olympus:] Started
[2017-11-21 02:19:03,801] Client.Client<Client:43c02#ClientNode>:OUTPUT: [Client 0 :] Started
[2017-11-21 02:19:03,803] da.api<MainProcess>:INFO: Main process terminated.
[2017-11-21 02:19:03,830] Main.Olympus<Olympus:eb402#OlympusNode>:OUTPUT: [Olympus:]<< req_get_current_configuration
[2017-11-21 02:19:03,830] Main.Olympus<Olympus:eb402#OlympusNode>:OUTPUT: [Olympus:] Making New Configuration
[2017-11-21 02:19:03,941] Main.Olympus<Olympus:eb402#OlympusNode>:OUTPUT: failure map is : {}
[2017-11-21 02:19:03,959] Main.Olympus<Olympus:eb402#OlympusNode>:OUTPUT: failure map is : {'change_operation()': ('shuttle', ('0', '1'))}
[2017-11-21 02:19:03,978] Main.Olympus<Olympus:eb402#OlympusNode>:OUTPUT: failure map is : {}
[2017-11-21 02:19:03,997] Main.Replica<Replica:eb403#OlympusNode>:OUTPUT: [Replica 0 :] Started:  head ACTIVE 0
[2017-11-21 02:19:04,004] Main.Replica<Replica:eb405#OlympusNode>:OUTPUT: [Replica 1 :] Started:  normal_replica ACTIVE 0
[2017-11-21 02:19:04,028] Main.Replica<Replica:eb404#OlympusNode>:OUTPUT: [Replica 2 :] Started:  tail ACTIVE 0
[2017-11-21 02:19:04,029] Main.Olympus<Olympus:eb402#OlympusNode>:OUTPUT: [Olympus:]>> res_get_current_configuration
[2017-11-21 02:19:04,050] Client.Client<Client:43c02#ClientNode>:OUTPUT: [Client 0 :]<< res_get_current_configuration
[2017-11-21 02:19:04,051] Client.Client<Client:43c02#ClientNode>:OUTPUT: [Client 0 :]>> req_operation:  put('jedi','luke skywalker')  : config:  0
[2017-11-21 02:19:04,068] Main.Replica<Replica:eb403#OlympusNode>:OUTPUT: [Replica 0 :]<< req_operation:  put('jedi','luke skywalker')  Client:  0
[2017-11-21 02:19:04,068] Main.Replica<Replica:eb403#OlympusNode>:OUTPUT: Slot:  1  : Operation:  put('jedi','luke skywalker')
[2017-11-21 02:19:04,070] Main.Replica<Replica:eb403#OlympusNode>:OUTPUT: [Replica 0 :] Perform:  put('jedi','luke skywalker')
[2017-11-21 02:19:04,071] Main.Replica<Replica:eb403#OlympusNode>:OUTPUT: [Replica 0 :] Perform:  put('jedi','luke skywalker') , result:  OK
[2017-11-21 02:19:04,074] Main.Replica<Replica:eb403#OlympusNode>:OUTPUT: [Replica 0 :]>> Shuttle:  put('jedi','luke skywalker')  to Replica:  1
[2017-11-21 02:19:04,098] Main.Replica<Replica:eb405#OlympusNode>:OUTPUT: [Replica 1 :]<< forward_shuttle :  1 , len :  1
[2017-11-21 02:19:04,098] Main.Replica<Replica:eb405#OlympusNode>:OUTPUT: [Replica 1 :]<< Shuttle:  put('jedi','luke skywalker')  from Replica:  0
[2017-11-21 02:19:04,100] Main.Replica<Replica:eb405#OlympusNode>:OUTPUT: [Replica 1 :] Fault: Change Operation, Client  0 , Request  1
[2017-11-21 02:19:04,100] Main.Replica<Replica:eb405#OlympusNode>:OUTPUT: [Replica 1 :] !!!!!! Changing operation from  ('jedi','luke skywalker')  to get('X') !!!!!!!
[2017-11-21 02:19:04,101] Main.Replica<Replica:eb405#OlympusNode>:OUTPUT: [Replica 1 :] Perform:  get('X')
[2017-11-21 02:19:04,101] Main.Replica<Replica:eb405#OlympusNode>:OUTPUT: [Replica 1 :] Perform:  get('X') , result:  
[2017-11-21 02:19:04,102] Main.Replica<Replica:eb405#OlympusNode>:OUTPUT: [Replica 1 :] Successfully injected fault: Change operation
[2017-11-21 02:19:04,103] Main.Replica<Replica:eb405#OlympusNode>:OUTPUT: [Replica 1 :]>> Shuttle:  get('X')  to Replica:  2
[2017-11-21 02:19:04,121] Main.Replica<Replica:eb404#OlympusNode>:OUTPUT: [Replica 2 :]<< forward_shuttle :  1 , len :  1
[2017-11-21 02:19:04,122] Main.Replica<Replica:eb404#OlympusNode>:OUTPUT: [Replica 2 :]<< Shuttle:  get('X')  from Replica:  1
[2017-11-21 02:19:04,123] Main.Replica<Replica:eb404#OlympusNode>:OUTPUT: [Replica 2 :] Result doesnot match so returning false
[2017-11-21 02:19:04,124] Main.Replica<Replica:eb404#OlympusNode>:OUTPUT: [Replica 2 :] Invalid Order Proof, Sending Reconfig request. Become Immutable
[2017-11-21 02:19:04,126] Main.Olympus<Olympus:eb402#OlympusNode>:OUTPUT: [Olympus:]<< req_re_configuration
[2017-11-21 02:19:04,126] Main.Olympus<Olympus:eb402#OlympusNode>:OUTPUT: [Olympus:]>> wedge to Replica:  0
[2017-11-21 02:19:04,127] Main.Olympus<Olympus:eb402#OlympusNode>:OUTPUT: [Olympus:]>> wedge to Replica:  1
[2017-11-21 02:19:04,127] Main.Replica<Replica:eb403#OlympusNode>:OUTPUT: [Replica 0 :]<< wedge
[2017-11-21 02:19:04,128] Main.Olympus<Olympus:eb402#OlympusNode>:OUTPUT: [Olympus:]>> wedge to Replica:  2
[2017-11-21 02:19:04,128] Main.Replica<Replica:eb403#OlympusNode>:OUTPUT: [Replica 0 :]>> wedged
[2017-11-21 02:19:04,129] Main.Replica<Replica:eb405#OlympusNode>:OUTPUT: [Replica 1 :]<< wedge
[2017-11-21 02:19:04,130] Main.Replica<Replica:eb405#OlympusNode>:OUTPUT: [Replica 1 :]>> wedged
[2017-11-21 02:19:04,130] Main.Replica<Replica:eb404#OlympusNode>:OUTPUT: [Replica 2 :]<< wedge
[2017-11-21 02:19:04,130] Main.Olympus<Olympus:eb402#OlympusNode>:OUTPUT: [Olympus:]<< wegded from Replica:  0
[2017-11-21 02:19:04,130] Main.Replica<Replica:eb404#OlympusNode>:OUTPUT: [Replica 2 :]>> wedged
[2017-11-21 02:19:04,130] Main.Olympus<Olympus:eb402#OlympusNode>:OUTPUT: [Olympus:] Replica:  0 , len(history):  0
[2017-11-21 02:19:04,131] Main.Olympus<Olympus:eb402#OlympusNode>:OUTPUT: [Olympus:] Total received:  1
[2017-11-21 02:19:04,132] Main.Olympus<Olympus:eb402#OlympusNode>:OUTPUT: [Olympus:]<< wegded from Replica:  1
[2017-11-21 02:19:04,133] Main.Olympus<Olympus:eb402#OlympusNode>:OUTPUT: [Olympus:] Replica:  1 , len(history):  0
[2017-11-21 02:19:04,133] Main.Olympus<Olympus:eb402#OlympusNode>:OUTPUT: [Olympus:] Total received:  2
[2017-11-21 02:19:04,133] Main.Olympus<Olympus:eb402#OlympusNode>:OUTPUT: [Olympus:] Longest History
[2017-11-21 02:19:04,133] Main.Olympus<Olympus:eb402#OlympusNode>:OUTPUT: [Olympus:] Longest Database:  {'jedi': 'luke skywalker'}
[2017-11-21 02:19:04,135] Main.Replica<Replica:eb403#OlympusNode>:OUTPUT: [Replica 0 :]<< catch-up
[2017-11-21 02:19:04,136] Main.Olympus<Olympus:eb402#OlympusNode>:OUTPUT: [Olympus:]<< wegded from Replica:  2
[2017-11-21 02:19:04,136] Main.Replica<Replica:eb403#OlympusNode>:OUTPUT: [Replica 0 :] catch-up History
[2017-11-21 02:19:04,136] Main.Replica<Replica:eb403#OlympusNode>:OUTPUT: [Replica 0 :]>> caught-up
[2017-11-21 02:19:04,136] Main.Olympus<Olympus:eb402#OlympusNode>:OUTPUT: [Olympus:] Replica:  2 , len(history):  0
[2017-11-21 02:19:04,136] Main.Olympus<Olympus:eb402#OlympusNode>:OUTPUT: [Olympus:] Total received:  1
[2017-11-21 02:19:04,137] Main.Replica<Replica:eb405#OlympusNode>:OUTPUT: [Replica 1 :]<< catch-up
[2017-11-21 02:19:04,137] Main.Replica<Replica:eb405#OlympusNode>:OUTPUT: [Replica 1 :] catch-up History
[2017-11-21 02:19:04,138] Main.Replica<Replica:eb405#OlympusNode>:OUTPUT: [Replica 1 :]>> caught-up
[2017-11-21 02:19:04,138] Main.Olympus<Olympus:eb402#OlympusNode>:OUTPUT: [Olympus:]<< caught-up from Replica:  0  : database:  {'jedi': 'luke skywalker'}
[2017-11-21 02:19:04,139] Main.Replica<Replica:eb404#OlympusNode>:OUTPUT: [Replica 2 :]<< catch-up
[2017-11-21 02:19:04,139] Main.Olympus<Olympus:eb402#OlympusNode>:OUTPUT: [Olympus:]<< caught-up from Replica:  1  : database:  {}
[2017-11-21 02:19:04,139] Main.Replica<Replica:eb404#OlympusNode>:OUTPUT: [Replica 2 :] catch-up History
[2017-11-21 02:19:04,139] Main.Olympus<Olympus:eb402#OlympusNode>:OUTPUT: [Olympus:]Incorrect caught-up history: Not including Replica :  1  in Quoram
[2017-11-21 02:19:04,139] Main.Replica<Replica:eb404#OlympusNode>:OUTPUT: [Replica 2 :]>> caught-up
[2017-11-21 02:19:04,140] Main.Olympus<Olympus:eb402#OlympusNode>:OUTPUT: [Olympus:]<< caught-up from Replica:  2  : database:  {}
[2017-11-21 02:19:04,141] Main.Olympus<Olympus:eb402#OlympusNode>:OUTPUT: [Olympus:]Incorrect caught-up history: Not including Replica :  2  in Quoram
[2017-11-21 02:19:04,141] Main.Olympus<Olympus:eb402#OlympusNode>:OUTPUT: [Olympus:]<< Longest history might be of byzantine
[2017-11-21 02:19:04,141] Main.Olympus<Olympus:eb402#OlympusNode>:OUTPUT: [Olympus:]>> get-running-state to Replica:  1
[2017-11-21 02:19:04,143] Main.Replica<Replica:eb405#OlympusNode>:OUTPUT: [Replica 1 :]<< get-running-state
[2017-11-21 02:19:04,143] Main.Replica<Replica:eb405#OlympusNode>:OUTPUT: [Replica 1 :]>> running-state
[2017-11-21 02:19:04,144] Main.Olympus<Olympus:eb402#OlympusNode>:OUTPUT: [Olympus:]<< running-state from Replica:  1  : database:  {}
[2017-11-21 02:19:04,144] Main.Olympus<Olympus:eb402#OlympusNode>:OUTPUT: [Olympus:]<< running-state matching with caught-up history
[2017-11-21 02:19:04,145] Main.Olympus<Olympus:eb402#OlympusNode>:OUTPUT: [Olympus:] Making New Configuration
[2017-11-21 02:19:04,226] Main.Olympus<Olympus:eb402#OlympusNode>:OUTPUT: failure map is : {'invalid_order_sig()': ('client_request', ('0', '2'))}
[2017-11-21 02:19:04,245] Main.Olympus<Olympus:eb402#OlympusNode>:OUTPUT: failure map is : {'truncate_history(1)': ('new_configuration', ('-1', '0'))}
[2017-11-21 02:19:04,263] Main.Replica<Replica:eb408#OlympusNode>:OUTPUT: New Configuration Fault: Fault: Truncate history injected removing last entry from history
[2017-11-21 02:19:04,265] Main.Olympus<Olympus:eb402#OlympusNode>:OUTPUT: failure map is : {}
[2017-11-21 02:19:04,284] Main.Replica<Replica:eb407#OlympusNode>:OUTPUT: [Replica 0 :] Started:  head ACTIVE 1
[2017-11-21 02:19:04,288] Main.Replica<Replica:eb408#OlympusNode>:OUTPUT: [Replica 1 :] Started:  normal_replica ACTIVE 1
[2017-11-21 02:19:04,309] Main.Replica<Replica:eb406#OlympusNode>:OUTPUT: [Replica 2 :] Started:  tail ACTIVE 1
[2017-11-21 02:19:04,309] Main.Olympus<Olympus:eb402#OlympusNode>:OUTPUT: [Olympus:] New configuration created
[2017-11-21 02:19:14,067] Client.Client<Client:43c02#ClientNode>:OUTPUT: [Client 0 :] Client Timeout.
[2017-11-21 02:19:14,068] Client.Client<Client:43c02#ClientNode>:OUTPUT: [Client 0 :]>> req_operation_timeout: Replica:  0 put('jedi','luke skywalker')  : config:  0
[2017-11-21 02:19:14,070] Client.Client<Client:43c02#ClientNode>:OUTPUT: [Client 0 :]>> req_operation_timeout: Replica:  1 put('jedi','luke skywalker')  : config:  0
[2017-11-21 02:19:14,072] Main.Replica<Replica:eb403#OlympusNode>:OUTPUT: [Replica 0 :]<< req_operation_timeout: IMMUTABLE:  put('jedi','luke skywalker')  Client:  0
[2017-11-21 02:19:14,088] Main.Replica<Replica:eb405#OlympusNode>:OUTPUT: [Replica 1 :]<< req_operation_timeout: IMMUTABLE:  put('jedi','luke skywalker')  Client:  0
[2017-11-21 02:19:14,088] Client.Client<Client:43c02#ClientNode>:OUTPUT: [Client 0 :]>> req_operation_timeout: Replica:  2 put('jedi','luke skywalker')  : config:  0
[2017-11-21 02:19:14,139] Main.Replica<Replica:eb404#OlympusNode>:OUTPUT: [Replica 2 :]<< req_operation_timeout: IMMUTABLE:  put('jedi','luke skywalker')  Client:  0
[2017-11-21 02:19:14,141] Client.Client<Client:43c02#ClientNode>:OUTPUT: [Client 0 :] Replica:  0  is Immutable, Request  new configuration
[2017-11-21 02:19:14,141] Client.Client<Client:43c02#ClientNode>:OUTPUT: [Client 0 :]>> error_in_replica:  1
[2017-11-21 02:19:14,142] Client.Client<Client:43c02#ClientNode>:OUTPUT: [Client 0 :]>> req_get_current_configuration
[2017-11-21 02:19:14,143] Client.Client<Client:43c02#ClientNode>:OUTPUT: [Client 0 :] Replica:  1  is Immutable, Request  new configuration
[2017-11-21 02:19:14,146] Main.Olympus<Olympus:eb402#OlympusNode>:OUTPUT: [Olympus:]<< req_get_current_configuration
[2017-11-21 02:19:14,146] Main.Olympus<Olympus:eb402#OlympusNode>:OUTPUT: [Olympus:]>> res_get_current_configuration
[2017-11-21 02:19:14,162] Client.Client<Client:43c02#ClientNode>:OUTPUT: [Client 0 :]<< res_get_current_configuration
[2017-11-21 02:19:14,162] Client.Client<Client:43c02#ClientNode>:OUTPUT: [Client 0 :]>> Sending to new config 
[2017-11-21 02:19:14,163] Client.Client<Client:43c02#ClientNode>:OUTPUT: [Client 0 :]>> req_operation:  put('jedi','luke skywalker')  : config:  1
[2017-11-21 02:19:14,181] Main.Replica<Replica:eb407#OlympusNode>:OUTPUT: [Replica 0 :]<< req_operation:  put('jedi','luke skywalker')  Client:  0
[2017-11-21 02:19:14,181] Main.Replica<Replica:eb407#OlympusNode>:OUTPUT: Slot:  1  : Operation:  put('jedi','luke skywalker')
[2017-11-21 02:19:14,183] Client.Client<Client:43c02#ClientNode>:OUTPUT: [Client 0 :] Replica:  2  is Immutable, Request  new configuration
[2017-11-21 02:19:14,183] Main.Replica<Replica:eb407#OlympusNode>:OUTPUT: [Replica 0 :] Perform:  put('jedi','luke skywalker')
[2017-11-21 02:19:14,184] Main.Replica<Replica:eb407#OlympusNode>:OUTPUT: [Replica 0 :] Perform:  put('jedi','luke skywalker') , result:  OK
[2017-11-21 02:19:14,188] Main.Replica<Replica:eb407#OlympusNode>:OUTPUT: [Replica 0 :]>> Shuttle:  put('jedi','luke skywalker')  to Replica:  1
[2017-11-21 02:19:14,204] Main.Replica<Replica:eb408#OlympusNode>:OUTPUT: [Replica 1 :]<< forward_shuttle :  1 , len :  1
[2017-11-21 02:19:14,204] Main.Replica<Replica:eb408#OlympusNode>:OUTPUT: [Replica 1 :]<< Shuttle:  put('jedi','luke skywalker')  from Replica:  0
[2017-11-21 02:19:14,207] Main.Replica<Replica:eb408#OlympusNode>:OUTPUT: [Replica 1 :] Perform:  put('jedi','luke skywalker')
[2017-11-21 02:19:14,208] Main.Replica<Replica:eb408#OlympusNode>:OUTPUT: [Replica 1 :] Perform:  put('jedi','luke skywalker') , result:  OK
[2017-11-21 02:19:14,210] Main.Replica<Replica:eb408#OlympusNode>:OUTPUT: [Replica 1 :]>> Shuttle:  put('jedi','luke skywalker')  to Replica:  2
[2017-11-21 02:19:14,226] Main.Replica<Replica:eb406#OlympusNode>:OUTPUT: [Replica 2 :]<< forward_shuttle :  1 , len :  1
[2017-11-21 02:19:14,226] Main.Replica<Replica:eb406#OlympusNode>:OUTPUT: [Replica 2 :]<< Shuttle:  put('jedi','luke skywalker')  from Replica:  1
[2017-11-21 02:19:14,229] Main.Replica<Replica:eb406#OlympusNode>:OUTPUT: [Replica 2 :] Perform:  put('jedi','luke skywalker')
[2017-11-21 02:19:14,230] Main.Replica<Replica:eb406#OlympusNode>:OUTPUT: [Replica 2 :] Perform:  put('jedi','luke skywalker') , result:  OK
[2017-11-21 02:19:14,243] Main.Replica<Replica:eb406#OlympusNode>:OUTPUT: [Replica 2 :]>> res_operation:  put('jedi','luke skywalker')  result:  OK
[2017-11-21 02:19:14,245] Main.Replica<Replica:eb406#OlympusNode>:OUTPUT: [Replica 2 :]>> Result Shuttle:  put('jedi','luke skywalker')  to Replica:  1
[2017-11-21 02:19:14,246] Client.Client<Client:43c02#ClientNode>:OUTPUT: [Client 0 :]<< res_operation:  put('jedi','luke skywalker')  Result:  OK
[2017-11-21 02:19:14,247] Client.Client<Client:43c02#ClientNode>:OUTPUT: [Client 0 :]>> req_operation:  slice('jedi','0:4')  : config:  1
[2017-11-21 02:19:14,256] Main.Replica<Replica:eb407#OlympusNode>:OUTPUT: [Replica 0 :]<< req_operation:  slice('jedi','0:4')  Client:  0
[2017-11-21 02:19:14,257] Main.Replica<Replica:eb407#OlympusNode>:OUTPUT: Returning True
[2017-11-21 02:19:14,257] Main.Replica<Replica:eb407#OlympusNode>:OUTPUT: [Replica 0 :] Fault: Invalid Order Sig injected
[2017-11-21 02:19:14,257] Main.Replica<Replica:eb407#OlympusNode>:OUTPUT: Slot:  2  : Operation:  slice('jedi','0:4')
[2017-11-21 02:19:14,259] Main.Replica<Replica:eb407#OlympusNode>:OUTPUT: [Replica 0 :] Perform:  slice('jedi','0:4')
[2017-11-21 02:19:14,260] Main.Replica<Replica:eb407#OlympusNode>:OUTPUT: [Replica 0 :] Perform:  slice('jedi','0:4') , result:  OK
[2017-11-21 02:19:14,262] Main.Replica<Replica:eb407#OlympusNode>:OUTPUT: [Replica 0 :]>> Shuttle:  slice('jedi','0:4')  to Replica:  1
[2017-11-21 02:19:14,262] Main.Replica<Replica:eb408#OlympusNode>:OUTPUT: [Replica 1 :]<< Result Shuttle:  put('jedi','luke skywalker')  to Replica:  2
[2017-11-21 02:19:14,263] Main.Replica<Replica:eb408#OlympusNode>:OUTPUT: [Replica 1 :]>> Result Shuttle:  put('jedi','luke skywalker')  to Replica:  0
[2017-11-21 02:19:14,277] Main.Replica<Replica:eb407#OlympusNode>:OUTPUT: [Replica 0 :]<< Result Shuttle:  put('jedi','luke skywalker')  to Replica:  1
[2017-11-21 02:19:14,280] Main.Replica<Replica:eb408#OlympusNode>:OUTPUT: [Replica 1 :]<< forward_shuttle :  2 , len :  2
[2017-11-21 02:19:14,280] Main.Replica<Replica:eb408#OlympusNode>:OUTPUT: [Replica 1 :]<< Shuttle:  slice('jedi','0:4')  from Replica:  0
[2017-11-21 02:19:14,285] Main.Replica<Replica:eb408#OlympusNode>:OUTPUT: [Replica 1 :] Invalid Order Proof, Sending Reconfig request. Become Immutable
[2017-11-21 02:19:14,287] Main.Olympus<Olympus:eb402#OlympusNode>:OUTPUT: [Olympus:]<< req_re_configuration
[2017-11-21 02:19:14,287] Main.Olympus<Olympus:eb402#OlympusNode>:OUTPUT: [Olympus:]>> wedge to Replica:  0
[2017-11-21 02:19:14,288] Main.Olympus<Olympus:eb402#OlympusNode>:OUTPUT: [Olympus:]>> wedge to Replica:  1
[2017-11-21 02:19:14,288] Main.Olympus<Olympus:eb402#OlympusNode>:OUTPUT: [Olympus:]>> wedge to Replica:  2
[2017-11-21 02:19:14,289] Main.Replica<Replica:eb407#OlympusNode>:OUTPUT: [Replica 0 :]<< wedge
[2017-11-21 02:19:14,289] Main.Replica<Replica:eb407#OlympusNode>:OUTPUT: [Replica 0 :]>> wedged
[2017-11-21 02:19:14,290] Main.Replica<Replica:eb408#OlympusNode>:OUTPUT: [Replica 1 :]<< wedge
[2017-11-21 02:19:14,290] Main.Replica<Replica:eb408#OlympusNode>:OUTPUT: [Replica 1 :]>> wedged
[2017-11-21 02:19:14,290] Main.Replica<Replica:eb406#OlympusNode>:OUTPUT: [Replica 2 :]<< wedge
[2017-11-21 02:19:14,290] Main.Replica<Replica:eb408#OlympusNode>:OUTPUT: [Replica 1 :] Fault: Truncate History: entries_to_truncate:  1 , len(history):  1
[2017-11-21 02:19:14,291] Main.Replica<Replica:eb406#OlympusNode>:OUTPUT: [Replica 2 :]>> wedged
[2017-11-21 02:19:14,291] Main.Olympus<Olympus:eb402#OlympusNode>:OUTPUT: [Olympus:]<< wegded from Replica:  0
[2017-11-21 02:19:14,294] Main.Olympus<Olympus:eb402#OlympusNode>:OUTPUT: [Olympus:] Replica:  0 , len(history):  1
[2017-11-21 02:19:14,294] Main.Olympus<Olympus:eb402#OlympusNode>:OUTPUT: [Olympus:] Total received:  1
[2017-11-21 02:19:14,295] Main.Olympus<Olympus:eb402#OlympusNode>:OUTPUT: [Olympus:]<< wegded from Replica:  2
[2017-11-21 02:19:14,296] Main.Olympus<Olympus:eb402#OlympusNode>:OUTPUT: [Olympus:] Replica:  2 , len(history):  1
[2017-11-21 02:19:14,296] Main.Olympus<Olympus:eb402#OlympusNode>:OUTPUT: [Olympus:] Total received:  2
[2017-11-21 02:19:14,297] Main.Olympus<Olympus:eb402#OlympusNode>:OUTPUT: [Olympus:] Longest History
[2017-11-21 02:19:14,297] Main.Olympus<Olympus:eb402#OlympusNode>:OUTPUT: [Olympus:] Longest History: Slot:  1 , Operation:  put('jedi','luke skywalker')
[2017-11-21 02:19:14,297] Main.Olympus<Olympus:eb402#OlympusNode>:OUTPUT: [Olympus:] Longest Database:  {'jedi': 'luke'}
[2017-11-21 02:19:14,299] Main.Replica<Replica:eb407#OlympusNode>:OUTPUT: [Replica 0 :]<< catch-up
[2017-11-21 02:19:14,299] Main.Replica<Replica:eb407#OlympusNode>:OUTPUT: [Replica 0 :] catch-up History
[2017-11-21 02:19:14,299] Main.Replica<Replica:eb407#OlympusNode>:OUTPUT: [Replica 0 :]>> caught-up
[2017-11-21 02:19:14,300] Main.Replica<Replica:eb406#OlympusNode>:OUTPUT: [Replica 2 :]<< catch-up
[2017-11-21 02:19:14,300] Main.Replica<Replica:eb408#OlympusNode>:OUTPUT: [Replica 1 :]<< catch-up
[2017-11-21 02:19:14,300] Main.Replica<Replica:eb406#OlympusNode>:OUTPUT: [Replica 2 :] catch-up History
[2017-11-21 02:19:14,300] Main.Replica<Replica:eb408#OlympusNode>:OUTPUT: [Replica 1 :] catch-up History
[2017-11-21 02:19:14,300] Main.Replica<Replica:eb406#OlympusNode>:OUTPUT: [Replica 2 :]>> caught-up
[2017-11-21 02:19:14,300] Main.Replica<Replica:eb408#OlympusNode>:OUTPUT: [Replica 1 :] catch-up History: Slot:  1 , operation:  put('jedi','luke skywalker')
[2017-11-21 02:19:14,301] Main.Replica<Replica:eb408#OlympusNode>:OUTPUT: [Replica 1 :]>> catchUpWithLongestHistory:  (1, {'jedi': 'luke skywalker'})
[2017-11-21 02:19:14,301] Main.Replica<Replica:eb408#OlympusNode>:OUTPUT: [Replica 1 :]>> caught-up
[2017-11-21 02:19:14,304] Main.Olympus<Olympus:eb402#OlympusNode>:OUTPUT: [Olympus:]<< wegded from Replica:  1
[2017-11-21 02:19:14,304] Main.Olympus<Olympus:eb402#OlympusNode>:OUTPUT: [Olympus:] Replica:  1 , len(history):  0
[2017-11-21 02:19:14,305] Main.Olympus<Olympus:eb402#OlympusNode>:OUTPUT: [Olympus:] Total received:  1
[2017-11-21 02:19:14,305] Main.Olympus<Olympus:eb402#OlympusNode>:OUTPUT: [Olympus:]<< caught-up from Replica:  0  : database:  {'jedi': 'luke'}
[2017-11-21 02:19:14,306] Main.Olympus<Olympus:eb402#OlympusNode>:OUTPUT: [Olympus:]<< caught-up from Replica:  2  : database:  {'jedi': 'luke skywalker'}
[2017-11-21 02:19:14,306] Main.Olympus<Olympus:eb402#OlympusNode>:OUTPUT: [Olympus:]Incorrect caught-up history: Not including Replica :  2  in Quoram
[2017-11-21 02:19:14,307] Main.Olympus<Olympus:eb402#OlympusNode>:OUTPUT: [Olympus:]<< caught-up from Replica:  1  : database:  {'jedi': 'luke skywalker'}
[2017-11-21 02:19:14,307] Main.Olympus<Olympus:eb402#OlympusNode>:OUTPUT: [Olympus:]Incorrect caught-up history: Not including Replica :  1  in Quoram
[2017-11-21 02:19:14,307] Main.Olympus<Olympus:eb402#OlympusNode>:OUTPUT: [Olympus:]<< Longest history might be of byzantine
[2017-11-21 02:19:14,308] Main.Olympus<Olympus:eb402#OlympusNode>:OUTPUT: [Olympus:]>> get-running-state to Replica:  2
[2017-11-21 02:19:14,309] Main.Replica<Replica:eb406#OlympusNode>:OUTPUT: [Replica 2 :]<< get-running-state
[2017-11-21 02:19:14,309] Main.Replica<Replica:eb406#OlympusNode>:OUTPUT: [Replica 2 :]>> running-state
[2017-11-21 02:19:14,311] Main.Olympus<Olympus:eb402#OlympusNode>:OUTPUT: [Olympus:]<< running-state from Replica:  2  : database:  {'jedi': 'luke skywalker'}
[2017-11-21 02:19:14,311] Main.Olympus<Olympus:eb402#OlympusNode>:OUTPUT: [Olympus:]<< running-state matching with caught-up history
[2017-11-21 02:19:14,311] Main.Olympus<Olympus:eb402#OlympusNode>:OUTPUT: [Olympus:] Making New Configuration
[2017-11-21 02:19:14,394] Main.Olympus<Olympus:eb402#OlympusNode>:OUTPUT: failure map is : {}
[2017-11-21 02:19:14,412] Main.Olympus<Olympus:eb402#OlympusNode>:OUTPUT: failure map is : {}
[2017-11-21 02:19:14,428] Main.Olympus<Olympus:eb402#OlympusNode>:OUTPUT: failure map is : {}
[2017-11-21 02:19:14,445] Main.Replica<Replica:eb40a#OlympusNode>:OUTPUT: [Replica 0 :] Started:  head ACTIVE 2
[2017-11-21 02:19:14,456] Main.Replica<Replica:eb409#OlympusNode>:OUTPUT: [Replica 1 :] Started:  normal_replica ACTIVE 2
[2017-11-21 02:19:14,472] Main.Replica<Replica:eb40b#OlympusNode>:OUTPUT: [Replica 2 :] Started:  tail ACTIVE 2
[2017-11-21 02:19:14,473] Main.Olympus<Olympus:eb402#OlympusNode>:OUTPUT: [Olympus:] New configuration created
[2017-11-21 02:19:24,250] Client.Client<Client:43c02#ClientNode>:OUTPUT: [Client 0 :] Client Timeout.
[2017-11-21 02:19:24,251] Client.Client<Client:43c02#ClientNode>:OUTPUT: [Client 0 :]>> req_operation_timeout: Replica:  0 slice('jedi','0:4')  : config:  1
[2017-11-21 02:19:24,252] Client.Client<Client:43c02#ClientNode>:OUTPUT: [Client 0 :]>> req_operation_timeout: Replica:  1 slice('jedi','0:4')  : config:  1
[2017-11-21 02:19:24,255] Main.Replica<Replica:eb407#OlympusNode>:OUTPUT: [Replica 0 :]<< req_operation_timeout: IMMUTABLE:  slice('jedi','0:4')  Client:  0
[2017-11-21 02:19:24,268] Client.Client<Client:43c02#ClientNode>:OUTPUT: [Client 0 :]>> req_operation_timeout: Replica:  2 slice('jedi','0:4')  : config:  1
[2017-11-21 02:19:24,269] Main.Replica<Replica:eb408#OlympusNode>:OUTPUT: [Replica 1 :]<< req_operation_timeout: IMMUTABLE:  slice('jedi','0:4')  Client:  0
[2017-11-21 02:19:24,286] Main.Replica<Replica:eb406#OlympusNode>:OUTPUT: [Replica 2 :]<< req_operation_timeout: IMMUTABLE:  slice('jedi','0:4')  Client:  0
[2017-11-21 02:19:24,297] Client.Client<Client:43c02#ClientNode>:OUTPUT: [Client 0 :] Replica:  2  is Immutable, Request  new configuration
[2017-11-21 02:19:24,308] Client.Client<Client:43c02#ClientNode>:OUTPUT: [Client 0 :]>> error_in_replica:  1
[2017-11-21 02:19:24,309] Client.Client<Client:43c02#ClientNode>:OUTPUT: [Client 0 :]>> req_get_current_configuration
[2017-11-21 02:19:24,310] Client.Client<Client:43c02#ClientNode>:OUTPUT: [Client 0 :] Replica:  0  is Immutable, Request  new configuration
[2017-11-21 02:19:24,311] Client.Client<Client:43c02#ClientNode>:OUTPUT: [Client 0 :] Replica:  1  is Immutable, Request  new configuration
[2017-11-21 02:19:24,311] Main.Olympus<Olympus:eb402#OlympusNode>:OUTPUT: [Olympus:]<< req_get_current_configuration
[2017-11-21 02:19:24,311] Main.Olympus<Olympus:eb402#OlympusNode>:OUTPUT: [Olympus:]>> res_get_current_configuration
[2017-11-21 02:19:24,313] Client.Client<Client:43c02#ClientNode>:OUTPUT: [Client 0 :]<< res_get_current_configuration
[2017-11-21 02:19:24,313] Client.Client<Client:43c02#ClientNode>:OUTPUT: [Client 0 :]>> Sending to new config 
[2017-11-21 02:19:24,314] Client.Client<Client:43c02#ClientNode>:OUTPUT: [Client 0 :]>> req_operation:  slice('jedi','0:4')  : config:  2
[2017-11-21 02:19:24,330] Main.Replica<Replica:eb40a#OlympusNode>:OUTPUT: [Replica 0 :]<< req_operation:  slice('jedi','0:4')  Client:  0
[2017-11-21 02:19:24,330] Main.Replica<Replica:eb40a#OlympusNode>:OUTPUT: Slot:  1  : Operation:  slice('jedi','0:4')
[2017-11-21 02:19:24,331] Main.Replica<Replica:eb40a#OlympusNode>:OUTPUT: [Replica 0 :] Perform:  slice('jedi','0:4')
[2017-11-21 02:19:24,332] Main.Replica<Replica:eb40a#OlympusNode>:OUTPUT: [Replica 0 :] Perform:  slice('jedi','0:4') , result:  OK
[2017-11-21 02:19:24,336] Main.Replica<Replica:eb40a#OlympusNode>:OUTPUT: [Replica 0 :]>> Shuttle:  slice('jedi','0:4')  to Replica:  1
[2017-11-21 02:19:24,349] Main.Replica<Replica:eb409#OlympusNode>:OUTPUT: [Replica 1 :]<< forward_shuttle :  1 , len :  1
[2017-11-21 02:19:24,350] Main.Replica<Replica:eb409#OlympusNode>:OUTPUT: [Replica 1 :]<< Shuttle:  slice('jedi','0:4')  from Replica:  0
[2017-11-21 02:19:24,352] Main.Replica<Replica:eb409#OlympusNode>:OUTPUT: [Replica 1 :] Perform:  slice('jedi','0:4')
[2017-11-21 02:19:24,352] Main.Replica<Replica:eb409#OlympusNode>:OUTPUT: [Replica 1 :] Perform:  slice('jedi','0:4') , result:  OK
[2017-11-21 02:19:24,355] Main.Replica<Replica:eb409#OlympusNode>:OUTPUT: [Replica 1 :]>> Shuttle:  slice('jedi','0:4')  to Replica:  2
[2017-11-21 02:19:24,371] Main.Replica<Replica:eb40b#OlympusNode>:OUTPUT: [Replica 2 :]<< forward_shuttle :  1 , len :  1
[2017-11-21 02:19:24,371] Main.Replica<Replica:eb40b#OlympusNode>:OUTPUT: [Replica 2 :]<< Shuttle:  slice('jedi','0:4')  from Replica:  1
[2017-11-21 02:19:24,374] Main.Replica<Replica:eb40b#OlympusNode>:OUTPUT: [Replica 2 :] Perform:  slice('jedi','0:4')
[2017-11-21 02:19:24,375] Main.Replica<Replica:eb40b#OlympusNode>:OUTPUT: [Replica 2 :] Perform:  slice('jedi','0:4') , result:  OK
[2017-11-21 02:19:24,389] Main.Replica<Replica:eb40b#OlympusNode>:OUTPUT: [Replica 2 :]>> res_operation:  slice('jedi','0:4')  result:  OK
[2017-11-21 02:19:24,392] Client.Client<Client:43c02#ClientNode>:OUTPUT: [Client 0 :]<< res_operation:  slice('jedi','0:4')  Result:  OK
[2017-11-21 02:19:24,392] Main.Replica<Replica:eb40b#OlympusNode>:OUTPUT: [Replica 2 :]>> Result Shuttle:  slice('jedi','0:4')  to Replica:  1
[2017-11-21 02:19:24,393] Client.Client<Client:43c02#ClientNode>:OUTPUT: [Client 0 :]>> req_operation:  get('jedi')  : config:  2
[2017-11-21 02:19:24,395] Main.Replica<Replica:eb40a#OlympusNode>:OUTPUT: [Replica 0 :]<< req_operation:  get('jedi')  Client:  0
[2017-11-21 02:19:24,395] Main.Replica<Replica:eb40a#OlympusNode>:OUTPUT: Slot:  2  : Operation:  get('jedi')
[2017-11-21 02:19:24,398] Main.Replica<Replica:eb40a#OlympusNode>:OUTPUT: [Replica 0 :] Perform:  get('jedi')
[2017-11-21 02:19:24,399] Main.Replica<Replica:eb40a#OlympusNode>:OUTPUT: [Replica 0 :] Perform:  get('jedi') , result:  luke
[2017-11-21 02:19:24,404] Main.Replica<Replica:eb40a#OlympusNode>:OUTPUT: [Replica 0 :]>> Shuttle:  get('jedi')  to Replica:  1
[2017-11-21 02:19:24,409] Main.Replica<Replica:eb409#OlympusNode>:OUTPUT: [Replica 1 :]<< forward_shuttle :  2 , len :  2
[2017-11-21 02:19:24,410] Main.Replica<Replica:eb409#OlympusNode>:OUTPUT: [Replica 1 :]<< Shuttle:  get('jedi')  from Replica:  0
[2017-11-21 02:19:24,411] Main.Replica<Replica:eb409#OlympusNode>:OUTPUT: [Replica 1 :] Perform:  get('jedi')
[2017-11-21 02:19:24,412] Main.Replica<Replica:eb409#OlympusNode>:OUTPUT: [Replica 1 :] Perform:  get('jedi') , result:  luke
[2017-11-21 02:19:24,413] Main.Replica<Replica:eb409#OlympusNode>:OUTPUT: [Replica 1 :]>> Shuttle:  get('jedi')  to Replica:  2
[2017-11-21 02:19:24,415] Main.Replica<Replica:eb40b#OlympusNode>:OUTPUT: [Replica 2 :]<< forward_shuttle :  2 , len :  2
[2017-11-21 02:19:24,416] Main.Replica<Replica:eb40b#OlympusNode>:OUTPUT: [Replica 2 :]<< Shuttle:  get('jedi')  from Replica:  1
[2017-11-21 02:19:24,416] Main.Replica<Replica:eb409#OlympusNode>:OUTPUT: [Replica 1 :]<< Result Shuttle:  slice('jedi','0:4')  to Replica:  2
[2017-11-21 02:19:24,416] Main.Replica<Replica:eb409#OlympusNode>:OUTPUT: [Replica 1 :]>> Result Shuttle:  slice('jedi','0:4')  to Replica:  0
[2017-11-21 02:19:24,418] Main.Replica<Replica:eb40b#OlympusNode>:OUTPUT: [Replica 2 :] Perform:  get('jedi')
[2017-11-21 02:19:24,418] Main.Replica<Replica:eb40b#OlympusNode>:OUTPUT: [Replica 2 :] Perform:  get('jedi') , result:  luke
[2017-11-21 02:19:24,422] Main.Replica<Replica:eb40b#OlympusNode>:OUTPUT: [Replica 2 :]>> res_operation:  get('jedi')  result:  luke
[2017-11-21 02:19:24,425] Client.Client<Client:43c02#ClientNode>:OUTPUT: [Client 0 :]<< res_operation:  get('jedi')  Result:  luke
[2017-11-21 02:19:24,426] Client.Client<Client:43c02#ClientNode>:OUTPUT: [Client 0 :] Test case completed! Validating Result
[2017-11-21 02:19:24,425] Main.Replica<Replica:eb40b#OlympusNode>:OUTPUT: [Replica 2 :]>> Result Shuttle:  get('jedi')  to Replica:  1
[2017-11-21 02:19:24,428] Client.Client<Client:43c02#ClientNode>:OUTPUT: [Client 0 :] Valid Final Result! Client:  ['OK', 'OK', 'luke'] , Replica:  ['OK', 'OK', 'luke']
[2017-11-21 02:19:24,432] Main.Replica<Replica:eb409#OlympusNode>:OUTPUT: [Replica 1 :]<< Result Shuttle:  get('jedi')  to Replica:  2
[2017-11-21 02:19:24,432] Main.Replica<Replica:eb409#OlympusNode>:OUTPUT: [Replica 1 :]>> Result Shuttle:  get('jedi')  to Replica:  0
[2017-11-21 02:19:24,440] Main.Replica<Replica:eb40a#OlympusNode>:OUTPUT: [Replica 0 :]<< Result Shuttle:  slice('jedi','0:4')  to Replica:  1
[2017-11-21 02:19:24,442] Main.Replica<Replica:eb40a#OlympusNode>:OUTPUT: [Replica 0 :]<< Result Shuttle:  get('jedi')  to Replica:  1
[2017-11-21 02:19:27,476] da.api<MainProcess>:WARNING: Received keyboard interrupt. 
