[2017-11-21 02:25:01,726] da.api<MainProcess>:INFO: Bootstrapping attempt failed due to BootstrapException('Unable to contact a peer node.',),  continuing as a master node (use '--master' to disable bootstrapping at startup).
[2017-11-21 02:25:01,726] da.api<MainProcess>:INFO: <Node_:ClientNode> initialized at 127.0.0.1:(UdpTransport=15000, TcpTransport=15000).
[2017-11-21 02:25:01,727] da.api<MainProcess>:INFO: Starting program <module 'Main' from 'src/Main.py'>...
[2017-11-21 02:25:01,727] da.api<MainProcess>:INFO: Running iteration 1 ...
[2017-11-21 02:25:01,728] da.api<MainProcess>:INFO: Waiting for remaining child processes to terminate...(Press "Ctrl-C" to force kill)
[2017-11-21 02:25:01,745] Main.Node_<Node_:ClientNode>:INFO: Waiting to resolve name 'OlympusNode'...
[2017-11-21 02:25:03,601] da.sim.Router<MainProcess>:INFO: Bootstrap succeeded using <UdpTransport(127.0.0.1:18161)>.
[2017-11-21 02:25:03,617] da.api<MainProcess>:INFO: <Node_:OlympusNode> initialized at 127.0.0.1:(UdpTransport=18161, TcpTransport=30201).
[2017-11-21 02:25:03,617] da.api<MainProcess>:INFO: Starting program <module 'Main' from 'src/Main.py'>...
[2017-11-21 02:25:03,617] da.api<MainProcess>:INFO: Running iteration 1 ...
[2017-11-21 02:25:03,619] da.api<MainProcess>:INFO: Waiting for remaining child processes to terminate...(Press "Ctrl-C" to force kill)
[2017-11-21 02:25:03,692] Main.Olympus<Olympus:d5402#OlympusNode>:OUTPUT: [Olympus:] Setup
[2017-11-21 02:25:03,764] Client.Client<Client:11802#ClientNode>:OUTPUT: [Client 0 :] Workload:  put('jedi','luke skywalker'); slice('jedi','0:4'); get('jedi')
[2017-11-21 02:25:03,767] Main.Olympus<Olympus:d5402#OlympusNode>:OUTPUT: [Olympus:] Started
[2017-11-21 02:25:03,792] Client.Client<Client:11802#ClientNode>:OUTPUT: [Client 0 :] Started
[2017-11-21 02:25:03,794] da.api<MainProcess>:INFO: Main process terminated.
[2017-11-21 02:25:03,819] Main.Olympus<Olympus:d5402#OlympusNode>:OUTPUT: [Olympus:]<< req_get_current_configuration
[2017-11-21 02:25:03,820] Main.Olympus<Olympus:d5402#OlympusNode>:OUTPUT: [Olympus:] Making New Configuration
[2017-11-21 02:25:03,922] Main.Olympus<Olympus:d5402#OlympusNode>:OUTPUT: failure map is : {}
[2017-11-21 02:25:03,941] Main.Olympus<Olympus:d5402#OlympusNode>:OUTPUT: failure map is : {'change_operation()': ('shuttle', ('0', '1'))}
[2017-11-21 02:25:03,961] Main.Olympus<Olympus:d5402#OlympusNode>:OUTPUT: failure map is : {}
[2017-11-21 02:25:03,981] Main.Replica<Replica:d5403#OlympusNode>:OUTPUT: [Replica 0 :] Started:  head ACTIVE 0
[2017-11-21 02:25:03,984] Main.Replica<Replica:d5405#OlympusNode>:OUTPUT: [Replica 1 :] Started:  normal_replica ACTIVE 0
[2017-11-21 02:25:04,008] Main.Replica<Replica:d5404#OlympusNode>:OUTPUT: [Replica 2 :] Started:  tail ACTIVE 0
[2017-11-21 02:25:04,011] Main.Olympus<Olympus:d5402#OlympusNode>:OUTPUT: [Olympus:]>> res_get_current_configuration
[2017-11-21 02:25:04,029] Client.Client<Client:11802#ClientNode>:OUTPUT: [Client 0 :]<< res_get_current_configuration
[2017-11-21 02:25:04,031] Client.Client<Client:11802#ClientNode>:OUTPUT: [Client 0 :]>> req_operation:  put('jedi','luke skywalker')  : config:  0
[2017-11-21 02:25:04,048] Main.Replica<Replica:d5403#OlympusNode>:OUTPUT: [Replica 0 :]<< req_operation:  put('jedi','luke skywalker')  Client:  0
[2017-11-21 02:25:04,049] Main.Replica<Replica:d5403#OlympusNode>:OUTPUT: Slot:  1  : Operation:  put('jedi','luke skywalker')
[2017-11-21 02:25:04,050] Main.Replica<Replica:d5403#OlympusNode>:OUTPUT: [Replica 0 :] Perform:  put('jedi','luke skywalker')
[2017-11-21 02:25:04,051] Main.Replica<Replica:d5403#OlympusNode>:OUTPUT: [Replica 0 :] Perform:  put('jedi','luke skywalker') , result:  OK
[2017-11-21 02:25:04,054] Main.Replica<Replica:d5403#OlympusNode>:OUTPUT: [Replica 0 :]>> Shuttle:  put('jedi','luke skywalker')  to Replica:  1
[2017-11-21 02:25:04,074] Main.Replica<Replica:d5405#OlympusNode>:OUTPUT: [Replica 1 :]<< forward_shuttle :  1 , len :  1
[2017-11-21 02:25:04,074] Main.Replica<Replica:d5405#OlympusNode>:OUTPUT: [Replica 1 :]<< Shuttle:  put('jedi','luke skywalker')  from Replica:  0
[2017-11-21 02:25:04,077] Main.Replica<Replica:d5405#OlympusNode>:OUTPUT: [Replica 1 :] Fault: Change Operation, Client  0 , Request  1
[2017-11-21 02:25:04,077] Main.Replica<Replica:d5405#OlympusNode>:OUTPUT: [Replica 1 :] !!!!!! Changing operation from  ('jedi','luke skywalker')  to get('X') !!!!!!!
[2017-11-21 02:25:04,078] Main.Replica<Replica:d5405#OlympusNode>:OUTPUT: [Replica 1 :] Perform:  get('X')
[2017-11-21 02:25:04,079] Main.Replica<Replica:d5405#OlympusNode>:OUTPUT: [Replica 1 :] Perform:  get('X') , result:  
[2017-11-21 02:25:04,079] Main.Replica<Replica:d5405#OlympusNode>:OUTPUT: [Replica 1 :] Successfully injected fault: Change operation
[2017-11-21 02:25:04,081] Main.Replica<Replica:d5405#OlympusNode>:OUTPUT: [Replica 1 :]>> Shuttle:  get('X')  to Replica:  2
[2017-11-21 02:25:04,099] Main.Replica<Replica:d5404#OlympusNode>:OUTPUT: [Replica 2 :]<< forward_shuttle :  1 , len :  1
[2017-11-21 02:25:04,100] Main.Replica<Replica:d5404#OlympusNode>:OUTPUT: [Replica 2 :]<< Shuttle:  get('X')  from Replica:  1
[2017-11-21 02:25:04,101] Main.Replica<Replica:d5404#OlympusNode>:OUTPUT: [Replica 2 :] Result doesnot match so returning false
[2017-11-21 02:25:04,101] Main.Replica<Replica:d5404#OlympusNode>:OUTPUT: [Replica 2 :] Invalid Order Proof, Sending Reconfig request. Become Immutable
[2017-11-21 02:25:04,102] Main.Olympus<Olympus:d5402#OlympusNode>:OUTPUT: [Olympus:]<< req_re_configuration
[2017-11-21 02:25:04,104] Main.Olympus<Olympus:d5402#OlympusNode>:OUTPUT: [Olympus:]>> wedge to Replica:  0
[2017-11-21 02:25:04,105] Main.Olympus<Olympus:d5402#OlympusNode>:OUTPUT: [Olympus:]>> wedge to Replica:  1
[2017-11-21 02:25:04,106] Main.Olympus<Olympus:d5402#OlympusNode>:OUTPUT: [Olympus:]>> wedge to Replica:  2
[2017-11-21 02:25:04,107] Main.Replica<Replica:d5405#OlympusNode>:OUTPUT: [Replica 1 :]<< wedge
[2017-11-21 02:25:04,107] Main.Replica<Replica:d5403#OlympusNode>:OUTPUT: [Replica 0 :]<< wedge
[2017-11-21 02:25:04,107] Main.Replica<Replica:d5405#OlympusNode>:OUTPUT: [Replica 1 :]>> wedged
[2017-11-21 02:25:04,108] Main.Replica<Replica:d5404#OlympusNode>:OUTPUT: [Replica 2 :]<< wedge
[2017-11-21 02:25:04,109] Main.Replica<Replica:d5403#OlympusNode>:OUTPUT: [Replica 0 :]>> wedged
[2017-11-21 02:25:04,109] Main.Olympus<Olympus:d5402#OlympusNode>:OUTPUT: [Olympus:]<< wegded from Replica:  1
[2017-11-21 02:25:04,110] Main.Replica<Replica:d5404#OlympusNode>:OUTPUT: [Replica 2 :]>> wedged
[2017-11-21 02:25:04,111] Main.Olympus<Olympus:d5402#OlympusNode>:OUTPUT: [Olympus:] Replica:  1 , len(history):  0
[2017-11-21 02:25:04,111] Main.Olympus<Olympus:d5402#OlympusNode>:OUTPUT: [Olympus:] Total received:  1
[2017-11-21 02:25:04,111] Main.Olympus<Olympus:d5402#OlympusNode>:OUTPUT: [Olympus:]<< wegded from Replica:  0
[2017-11-21 02:25:04,112] Main.Olympus<Olympus:d5402#OlympusNode>:OUTPUT: [Olympus:] Replica:  0 , len(history):  0
[2017-11-21 02:25:04,112] Main.Olympus<Olympus:d5402#OlympusNode>:OUTPUT: [Olympus:] Total received:  2
[2017-11-21 02:25:04,113] Main.Olympus<Olympus:d5402#OlympusNode>:OUTPUT: [Olympus:] Longest History
[2017-11-21 02:25:04,113] Main.Olympus<Olympus:d5402#OlympusNode>:OUTPUT: [Olympus:] Longest Database:  {'jedi': 'luke skywalker'}
[2017-11-21 02:25:04,115] Main.Replica<Replica:d5403#OlympusNode>:OUTPUT: [Replica 0 :]<< catch-up
[2017-11-21 02:25:04,115] Main.Replica<Replica:d5403#OlympusNode>:OUTPUT: [Replica 0 :] catch-up History
[2017-11-21 02:25:04,115] Main.Olympus<Olympus:d5402#OlympusNode>:OUTPUT: [Olympus:]<< wegded from Replica:  2
[2017-11-21 02:25:04,115] Main.Replica<Replica:d5403#OlympusNode>:OUTPUT: [Replica 0 :]>> caught-up
[2017-11-21 02:25:04,115] Main.Replica<Replica:d5405#OlympusNode>:OUTPUT: [Replica 1 :]<< catch-up
[2017-11-21 02:25:04,116] Main.Replica<Replica:d5405#OlympusNode>:OUTPUT: [Replica 1 :] catch-up History
[2017-11-21 02:25:04,116] Main.Replica<Replica:d5405#OlympusNode>:OUTPUT: [Replica 1 :]>> caught-up
[2017-11-21 02:25:04,116] Main.Olympus<Olympus:d5402#OlympusNode>:OUTPUT: [Olympus:] Replica:  2 , len(history):  0
[2017-11-21 02:25:04,117] Main.Replica<Replica:d5404#OlympusNode>:OUTPUT: [Replica 2 :]<< catch-up
[2017-11-21 02:25:04,117] Main.Olympus<Olympus:d5402#OlympusNode>:OUTPUT: [Olympus:] Total received:  1
[2017-11-21 02:25:04,117] Main.Replica<Replica:d5404#OlympusNode>:OUTPUT: [Replica 2 :] catch-up History
[2017-11-21 02:25:04,117] Main.Replica<Replica:d5404#OlympusNode>:OUTPUT: [Replica 2 :]>> caught-up
[2017-11-21 02:25:04,118] Main.Olympus<Olympus:d5402#OlympusNode>:OUTPUT: [Olympus:]<< caught-up from Replica:  0  : database:  {'jedi': 'luke skywalker'}
[2017-11-21 02:25:04,118] Main.Olympus<Olympus:d5402#OlympusNode>:OUTPUT: [Olympus:]<< caught-up from Replica:  1  : database:  {}
[2017-11-21 02:25:04,119] Main.Olympus<Olympus:d5402#OlympusNode>:OUTPUT: [Olympus:]Incorrect caught-up history: Not including Replica :  1  in Quoram
[2017-11-21 02:25:04,119] Main.Olympus<Olympus:d5402#OlympusNode>:OUTPUT: [Olympus:]<< caught-up from Replica:  2  : database:  {}
[2017-11-21 02:25:04,120] Main.Olympus<Olympus:d5402#OlympusNode>:OUTPUT: [Olympus:]Incorrect caught-up history: Not including Replica :  2  in Quoram
[2017-11-21 02:25:04,120] Main.Olympus<Olympus:d5402#OlympusNode>:OUTPUT: [Olympus:]<< Longest history might be of byzantine
[2017-11-21 02:25:04,121] Main.Olympus<Olympus:d5402#OlympusNode>:OUTPUT: [Olympus:]>> get-running-state to Replica:  0
[2017-11-21 02:25:04,122] Main.Replica<Replica:d5403#OlympusNode>:OUTPUT: [Replica 0 :]<< get-running-state
[2017-11-21 02:25:04,122] Main.Replica<Replica:d5403#OlympusNode>:OUTPUT: [Replica 0 :]>> running-state
[2017-11-21 02:25:04,123] Main.Olympus<Olympus:d5402#OlympusNode>:OUTPUT: [Olympus:]<< running-state from Replica:  0  : database:  {'jedi': 'luke skywalker'}
[2017-11-21 02:25:04,124] Main.Olympus<Olympus:d5402#OlympusNode>:OUTPUT: [Olympus:]<< running-state matching with caught-up history
[2017-11-21 02:25:04,124] Main.Olympus<Olympus:d5402#OlympusNode>:OUTPUT: [Olympus:] Making New Configuration
[2017-11-21 02:25:04,210] Main.Olympus<Olympus:d5402#OlympusNode>:OUTPUT: failure map is : {}
[2017-11-21 02:25:04,227] Main.Olympus<Olympus:d5402#OlympusNode>:OUTPUT: failure map is : {'drop()': ('new_configuration', ('-1', '0'))}
[2017-11-21 02:25:04,243] Main.Replica<Replica:d5408#OlympusNode>:OUTPUT: New Configuration Fault: Drop message Injected
[2017-11-21 02:25:04,245] Main.Olympus<Olympus:d5402#OlympusNode>:OUTPUT: failure map is : {}
[2017-11-21 02:25:04,263] Main.Replica<Replica:d5407#OlympusNode>:OUTPUT: [Replica 0 :] Started:  head ACTIVE 1
[2017-11-21 02:25:04,280] Main.Replica<Replica:d5408#OlympusNode>:OUTPUT: [Replica 1 :] Started:  normal_replica ACTIVE 1
[2017-11-21 02:25:04,288] Main.Replica<Replica:d5406#OlympusNode>:OUTPUT: [Replica 2 :] Started:  tail ACTIVE 1
[2017-11-21 02:25:04,289] Main.Olympus<Olympus:d5402#OlympusNode>:OUTPUT: [Olympus:] New configuration created
[2017-11-21 02:25:14,046] Client.Client<Client:11802#ClientNode>:OUTPUT: [Client 0 :] Client Timeout.
[2017-11-21 02:25:14,047] Client.Client<Client:11802#ClientNode>:OUTPUT: [Client 0 :]>> req_operation_timeout: Replica:  0 put('jedi','luke skywalker')  : config:  0
[2017-11-21 02:25:14,049] Client.Client<Client:11802#ClientNode>:OUTPUT: [Client 0 :]>> req_operation_timeout: Replica:  1 put('jedi','luke skywalker')  : config:  0
[2017-11-21 02:25:14,051] Main.Replica<Replica:d5403#OlympusNode>:OUTPUT: [Replica 0 :]<< req_operation_timeout: IMMUTABLE:  put('jedi','luke skywalker')  Client:  0
[2017-11-21 02:25:14,067] Main.Replica<Replica:d5405#OlympusNode>:OUTPUT: [Replica 1 :]<< req_operation_timeout: IMMUTABLE:  put('jedi','luke skywalker')  Client:  0
[2017-11-21 02:25:14,066] Client.Client<Client:11802#ClientNode>:OUTPUT: [Client 0 :]>> req_operation_timeout: Replica:  2 put('jedi','luke skywalker')  : config:  0
[2017-11-21 02:25:14,093] Main.Replica<Replica:d5404#OlympusNode>:OUTPUT: [Replica 2 :]<< req_operation_timeout: IMMUTABLE:  put('jedi','luke skywalker')  Client:  0
[2017-11-21 02:25:14,125] Client.Client<Client:11802#ClientNode>:OUTPUT: [Client 0 :] Replica:  0  is Immutable, Request  new configuration
[2017-11-21 02:25:14,127] Client.Client<Client:11802#ClientNode>:OUTPUT: [Client 0 :]>> error_in_replica:  1
[2017-11-21 02:25:14,127] Client.Client<Client:11802#ClientNode>:OUTPUT: [Client 0 :]>> req_get_current_configuration
[2017-11-21 02:25:14,128] Client.Client<Client:11802#ClientNode>:OUTPUT: [Client 0 :] Replica:  1  is Immutable, Request  new configuration
[2017-11-21 02:25:14,129] Client.Client<Client:11802#ClientNode>:OUTPUT: [Client 0 :] Replica:  2  is Immutable, Request  new configuration
[2017-11-21 02:25:14,129] Main.Olympus<Olympus:d5402#OlympusNode>:OUTPUT: [Olympus:]<< req_get_current_configuration
[2017-11-21 02:25:14,129] Main.Olympus<Olympus:d5402#OlympusNode>:OUTPUT: [Olympus:]>> res_get_current_configuration
[2017-11-21 02:25:14,131] Client.Client<Client:11802#ClientNode>:OUTPUT: [Client 0 :]<< res_get_current_configuration
[2017-11-21 02:25:14,131] Client.Client<Client:11802#ClientNode>:OUTPUT: [Client 0 :]>> Sending to new config 
[2017-11-21 02:25:14,132] Client.Client<Client:11802#ClientNode>:OUTPUT: [Client 0 :]>> req_operation:  put('jedi','luke skywalker')  : config:  1
[2017-11-21 02:25:14,149] Main.Replica<Replica:d5407#OlympusNode>:OUTPUT: [Replica 0 :]<< req_operation:  put('jedi','luke skywalker')  Client:  0
[2017-11-21 02:25:14,149] Main.Replica<Replica:d5407#OlympusNode>:OUTPUT: Slot:  1  : Operation:  put('jedi','luke skywalker')
[2017-11-21 02:25:14,151] Main.Replica<Replica:d5407#OlympusNode>:OUTPUT: [Replica 0 :] Perform:  put('jedi','luke skywalker')
[2017-11-21 02:25:14,152] Main.Replica<Replica:d5407#OlympusNode>:OUTPUT: [Replica 0 :] Perform:  put('jedi','luke skywalker') , result:  OK
[2017-11-21 02:25:14,156] Main.Replica<Replica:d5407#OlympusNode>:OUTPUT: [Replica 0 :]>> Shuttle:  put('jedi','luke skywalker')  to Replica:  1
[2017-11-21 02:25:14,176] Main.Replica<Replica:d5408#OlympusNode>:OUTPUT: [Replica 1 :]<< forward_shuttle :  1 , len :  1
[2017-11-21 02:25:14,176] Main.Replica<Replica:d5408#OlympusNode>:OUTPUT: [Replica 1 :]<< Shuttle:  put('jedi','luke skywalker')  from Replica:  0
[2017-11-21 02:25:14,178] Main.Replica<Replica:d5408#OlympusNode>:OUTPUT: [Replica 1 :] Perform:  put('jedi','luke skywalker')
[2017-11-21 02:25:14,178] Main.Replica<Replica:d5408#OlympusNode>:OUTPUT: [Replica 1 :] Perform:  put('jedi','luke skywalker') , result:  OK
[2017-11-21 02:25:14,180] Main.Replica<Replica:d5408#OlympusNode>:OUTPUT: [Replica 1 :]>> Stopped the shuttle to go forward 
[2017-11-21 02:25:24,147] Client.Client<Client:11802#ClientNode>:OUTPUT: [Client 0 :] Client Timeout.
[2017-11-21 02:25:24,148] Client.Client<Client:11802#ClientNode>:OUTPUT: [Client 0 :]>> req_operation_timeout: Replica:  0 put('jedi','luke skywalker')  : config:  1
[2017-11-21 02:25:24,150] Client.Client<Client:11802#ClientNode>:OUTPUT: [Client 0 :]>> req_operation_timeout: Replica:  1 put('jedi','luke skywalker')  : config:  1
[2017-11-21 02:25:24,152] Main.Replica<Replica:d5407#OlympusNode>:OUTPUT: [Replica 0 :]<< req_operation_timeout:  put('jedi','luke skywalker')  Client:  0
[2017-11-21 02:25:24,165] Client.Client<Client:11802#ClientNode>:OUTPUT: [Client 0 :]>> req_operation_timeout: Replica:  2 put('jedi','luke skywalker')  : config:  1
[2017-11-21 02:25:24,167] Main.Replica<Replica:d5408#OlympusNode>:OUTPUT: [Replica 1 :]<< req_operation_timeout:  put('jedi','luke skywalker')  Client:  0
[2017-11-21 02:25:24,167] Main.Replica<Replica:d5408#OlympusNode>:OUTPUT: [Replica 1 :]>> res_operation_timeout:  put('jedi','luke skywalker')  to Head Replica
[2017-11-21 02:25:24,183] Main.Replica<Replica:d5406#OlympusNode>:OUTPUT: [Replica 2 :]<< req_operation_timeout:  put('jedi','luke skywalker')  Client:  0
[2017-11-21 02:25:24,184] Main.Replica<Replica:d5406#OlympusNode>:OUTPUT: [Replica 2 :]>> res_operation_timeout:  put('jedi','luke skywalker')  to Head Replica
[2017-11-21 02:25:24,193] Main.Replica<Replica:d5407#OlympusNode>:OUTPUT: [Replica 0 :]<< req_operation_timeout:  put('jedi','luke skywalker')  from Replica[no history], Client:  0
[2017-11-21 02:25:24,207] Main.Replica<Replica:d5407#OlympusNode>:OUTPUT: [Replica 0 :]<< req_operation_timeout:  put('jedi','luke skywalker')  from Replica[no history], Client:  0
[2017-11-21 02:25:34,181] Client.Client<Client:11802#ClientNode>:OUTPUT: [Client 0 :] Not received from Quoram, Terminate System.
[2017-11-21 02:25:34,181] Client.Client<Client:11802#ClientNode>:OUTPUT: [Client 0 :]>> req_get_current_configuration
[2017-11-21 02:25:34,184] Main.Olympus<Olympus:d5402#OlympusNode>:OUTPUT: [Olympus:]<< req_get_current_configuration
[2017-11-21 02:25:34,185] Main.Olympus<Olympus:d5402#OlympusNode>:OUTPUT: [Olympus:]>> res_get_current_configuration
[2017-11-21 02:25:34,187] Client.Client<Client:11802#ClientNode>:OUTPUT: [Client 0 :]<< res_get_current_configuration
[2017-11-21 02:25:34,188] Client.Client<Client:11802#ClientNode>:OUTPUT: [Client 0 :]>> Sending to new config 
[2017-11-21 02:25:34,189] Client.Client<Client:11802#ClientNode>:OUTPUT: [Client 0 :]>> req_operation:  put('jedi','luke skywalker')  : config:  1
[2017-11-21 02:25:34,191] Main.Replica<Replica:d5407#OlympusNode>:OUTPUT: [Replica 0 :]<< req_operation:  put('jedi','luke skywalker')  Client:  0
[2017-11-21 02:25:34,191] Main.Replica<Replica:d5407#OlympusNode>:OUTPUT: Slot:  2  : Operation:  put('jedi','luke skywalker')
[2017-11-21 02:25:34,192] Main.Replica<Replica:d5408#OlympusNode>:OUTPUT: [Replica 1 :] Timeout!! Sending Reconfig Request
[2017-11-21 02:25:34,193] Main.Replica<Replica:d5407#OlympusNode>:OUTPUT: [Replica 0 :] Perform:  put('jedi','luke skywalker')
[2017-11-21 02:25:34,193] Main.Replica<Replica:d5407#OlympusNode>:OUTPUT: [Replica 0 :] Perform:  put('jedi','luke skywalker') , result:  OK
[2017-11-21 02:25:34,194] Main.Olympus<Olympus:d5402#OlympusNode>:OUTPUT: [Olympus:]<< req_re_configuration
[2017-11-21 02:25:34,194] Main.Olympus<Olympus:d5402#OlympusNode>:OUTPUT: [Olympus:]>> wedge to Replica:  0
[2017-11-21 02:25:34,195] Main.Olympus<Olympus:d5402#OlympusNode>:OUTPUT: [Olympus:]>> wedge to Replica:  1
[2017-11-21 02:25:34,196] Main.Olympus<Olympus:d5402#OlympusNode>:OUTPUT: [Olympus:]>> wedge to Replica:  2
[2017-11-21 02:25:34,197] Main.Replica<Replica:d5407#OlympusNode>:OUTPUT: [Replica 0 :]>> Shuttle:  put('jedi','luke skywalker')  to Replica:  1
[2017-11-21 02:25:34,197] Main.Replica<Replica:d5406#OlympusNode>:OUTPUT: [Replica 2 :]<< wedge
[2017-11-21 02:25:34,198] Main.Replica<Replica:d5406#OlympusNode>:OUTPUT: [Replica 2 :]>> wedged
[2017-11-21 02:25:34,199] Main.Replica<Replica:d5407#OlympusNode>:OUTPUT: [Replica 0 :]<< wedge
[2017-11-21 02:25:34,199] Main.Replica<Replica:d5408#OlympusNode>:OUTPUT: [Replica 1 :]<< wedge
[2017-11-21 02:25:34,199] Main.Replica<Replica:d5407#OlympusNode>:OUTPUT: [Replica 0 :]>> wedged
[2017-11-21 02:25:34,200] Main.Replica<Replica:d5408#OlympusNode>:OUTPUT: [Replica 1 :]>> wedged
[2017-11-21 02:25:34,201] Main.Olympus<Olympus:d5402#OlympusNode>:OUTPUT: [Olympus:]<< wegded from Replica:  2
[2017-11-21 02:25:34,202] Main.Olympus<Olympus:d5402#OlympusNode>:OUTPUT: [Olympus:] Replica:  2 , len(history):  0
[2017-11-21 02:25:34,202] Main.Olympus<Olympus:d5402#OlympusNode>:OUTPUT: [Olympus:] Total received:  1
[2017-11-21 02:25:34,203] Main.Olympus<Olympus:d5402#OlympusNode>:OUTPUT: [Olympus:]<< wegded from Replica:  0
[2017-11-21 02:25:34,203] Main.Olympus<Olympus:d5402#OlympusNode>:OUTPUT: [Olympus:] Replica:  0 , len(history):  0
[2017-11-21 02:25:34,204] Main.Olympus<Olympus:d5402#OlympusNode>:OUTPUT: [Olympus:] Total received:  2
[2017-11-21 02:25:34,204] Main.Olympus<Olympus:d5402#OlympusNode>:OUTPUT: [Olympus:] Longest History
[2017-11-21 02:25:34,204] Main.Olympus<Olympus:d5402#OlympusNode>:OUTPUT: [Olympus:] Longest Database:  {'jedi': 'luke skywalker'}
[2017-11-21 02:25:34,204] Main.Replica<Replica:d5406#OlympusNode>:OUTPUT: [Replica 2 :] Timeout!! Sending Reconfig Request
[2017-11-21 02:25:34,206] Main.Replica<Replica:d5407#OlympusNode>:OUTPUT: [Replica 0 :]<< catch-up
[2017-11-21 02:25:34,206] Main.Replica<Replica:d5407#OlympusNode>:OUTPUT: [Replica 0 :] catch-up History
[2017-11-21 02:25:34,206] Main.Replica<Replica:d5407#OlympusNode>:OUTPUT: [Replica 0 :]>> caught-up
[2017-11-21 02:25:34,206] Main.Olympus<Olympus:d5402#OlympusNode>:OUTPUT: [Olympus:]<< wegded from Replica:  1
[2017-11-21 02:25:34,206] Main.Replica<Replica:d5408#OlympusNode>:OUTPUT: [Replica 1 :]<< catch-up
[2017-11-21 02:25:34,207] Main.Replica<Replica:d5408#OlympusNode>:OUTPUT: [Replica 1 :] catch-up History
[2017-11-21 02:25:34,208] Main.Replica<Replica:d5406#OlympusNode>:OUTPUT: [Replica 2 :]<< catch-up
[2017-11-21 02:25:34,208] Main.Olympus<Olympus:d5402#OlympusNode>:OUTPUT: [Olympus:] Replica:  1 , len(history):  0
[2017-11-21 02:25:34,208] Main.Replica<Replica:d5406#OlympusNode>:OUTPUT: [Replica 2 :] catch-up History
[2017-11-21 02:25:34,208] Main.Replica<Replica:d5408#OlympusNode>:OUTPUT: [Replica 1 :]>> caught-up
[2017-11-21 02:25:34,208] Main.Olympus<Olympus:d5402#OlympusNode>:OUTPUT: [Olympus:] Total received:  1
[2017-11-21 02:25:34,208] Main.Replica<Replica:d5406#OlympusNode>:OUTPUT: [Replica 2 :]>> caught-up
[2017-11-21 02:25:34,209] Main.Olympus<Olympus:d5402#OlympusNode>:OUTPUT: [Olympus:]<< req_re_configuration
[2017-11-21 02:25:34,210] Main.Replica<Replica:d5407#OlympusNode>:OUTPUT: [Replica 0 :] Timeout!! Sending Reconfig Request
[2017-11-21 02:25:34,210] Main.Olympus<Olympus:d5402#OlympusNode>:OUTPUT: [Olympus:]Reconfig request from old configuration, ignoring!
[2017-11-21 02:25:34,211] Main.Replica<Replica:d5407#OlympusNode>:OUTPUT: [Replica 0 :]>> Killing Timer
[2017-11-21 02:25:34,211] Main.Replica<Replica:d5407#OlympusNode>:OUTPUT: [Replica 0 :]>> Killing Timer
[2017-11-21 02:25:34,211] Main.Olympus<Olympus:d5402#OlympusNode>:OUTPUT: [Olympus:]<< caught-up from Replica:  0  : database:  {'jedi': 'luke skywalker'}
[2017-11-21 02:25:34,212] Main.Olympus<Olympus:d5402#OlympusNode>:OUTPUT: [Olympus:]<< caught-up from Replica:  1  : database:  {'jedi': 'luke skywalker'}
[2017-11-21 02:25:34,212] Main.Olympus<Olympus:d5402#OlympusNode>:OUTPUT: [Olympus:] Making New Configuration
[2017-11-21 02:25:34,295] Main.Olympus<Olympus:d5402#OlympusNode>:OUTPUT: failure map is : {}
[2017-11-21 02:25:34,324] Main.Olympus<Olympus:d5402#OlympusNode>:OUTPUT: failure map is : {}
[2017-11-21 02:25:34,340] Main.Olympus<Olympus:d5402#OlympusNode>:OUTPUT: failure map is : {}
[2017-11-21 02:25:34,356] Main.Replica<Replica:d540b#OlympusNode>:OUTPUT: [Replica 0 :] Started:  head ACTIVE 2
[2017-11-21 02:25:34,368] Main.Replica<Replica:d540a#OlympusNode>:OUTPUT: [Replica 1 :] Started:  normal_replica ACTIVE 2
[2017-11-21 02:25:34,384] Main.Replica<Replica:d5409#OlympusNode>:OUTPUT: [Replica 2 :] Started:  tail ACTIVE 2
[2017-11-21 02:25:34,386] Main.Olympus<Olympus:d5402#OlympusNode>:OUTPUT: [Olympus:]<< caught-up from Replica:  2  : database:  {}
[2017-11-21 02:25:34,387] Main.Olympus<Olympus:d5402#OlympusNode>:OUTPUT: [Olympus:]Incorrect caught-up history: Not including Replica :  2  in Quoram
[2017-11-21 02:25:34,387] Main.Olympus<Olympus:d5402#OlympusNode>:OUTPUT: [Olympus:]<< req_re_configuration
[2017-11-21 02:25:34,387] Main.Olympus<Olympus:d5402#OlympusNode>:OUTPUT: [Olympus:]Reconfig request from old configuration, ignoring!
[2017-11-21 02:25:44,190] Client.Client<Client:11802#ClientNode>:OUTPUT: [Client 0 :] Client Timeout.
[2017-11-21 02:25:44,192] Client.Client<Client:11802#ClientNode>:OUTPUT: [Client 0 :]>> req_operation_timeout: Replica:  0 put('jedi','luke skywalker')  : config:  1
[2017-11-21 02:25:44,193] Client.Client<Client:11802#ClientNode>:OUTPUT: [Client 0 :]>> req_operation_timeout: Replica:  1 put('jedi','luke skywalker')  : config:  1
[2017-11-21 02:25:44,194] Client.Client<Client:11802#ClientNode>:OUTPUT: [Client 0 :]>> req_operation_timeout: Replica:  2 put('jedi','luke skywalker')  : config:  1
[2017-11-21 02:25:44,196] Main.Replica<Replica:d5407#OlympusNode>:OUTPUT: [Replica 0 :]<< req_operation_timeout: IMMUTABLE:  put('jedi','luke skywalker')  Client:  0
[2017-11-21 02:25:44,196] Main.Replica<Replica:d5408#OlympusNode>:OUTPUT: [Replica 1 :]<< req_operation_timeout: IMMUTABLE:  put('jedi','luke skywalker')  Client:  0
[2017-11-21 02:25:44,198] Main.Replica<Replica:d5406#OlympusNode>:OUTPUT: [Replica 2 :]<< req_operation_timeout: IMMUTABLE:  put('jedi','luke skywalker')  Client:  0
[2017-11-21 02:25:44,227] Client.Client<Client:11802#ClientNode>:OUTPUT: [Client 0 :] Replica:  0  is Immutable, Request  new configuration
[2017-11-21 02:25:44,228] Client.Client<Client:11802#ClientNode>:OUTPUT: [Client 0 :]>> error_in_replica:  1
[2017-11-21 02:25:44,244] Client.Client<Client:11802#ClientNode>:OUTPUT: [Client 0 :]>> req_get_current_configuration
[2017-11-21 02:25:44,246] Client.Client<Client:11802#ClientNode>:OUTPUT: [Client 0 :] Replica:  1  is Immutable, Request  new configuration
[2017-11-21 02:25:44,247] Client.Client<Client:11802#ClientNode>:OUTPUT: [Client 0 :] Replica:  2  is Immutable, Request  new configuration
[2017-11-21 02:25:44,247] Main.Olympus<Olympus:d5402#OlympusNode>:OUTPUT: [Olympus:]<< req_get_current_configuration
[2017-11-21 02:25:44,248] Main.Olympus<Olympus:d5402#OlympusNode>:OUTPUT: [Olympus:]>> res_get_current_configuration
[2017-11-21 02:25:44,250] Client.Client<Client:11802#ClientNode>:OUTPUT: [Client 0 :]<< res_get_current_configuration
[2017-11-21 02:25:44,250] Client.Client<Client:11802#ClientNode>:OUTPUT: [Client 0 :]>> Sending to new config 
[2017-11-21 02:25:44,251] Client.Client<Client:11802#ClientNode>:OUTPUT: [Client 0 :]>> req_operation:  put('jedi','luke skywalker')  : config:  2
[2017-11-21 02:25:44,266] Main.Replica<Replica:d540b#OlympusNode>:OUTPUT: [Replica 0 :]<< req_operation:  put('jedi','luke skywalker')  Client:  0
[2017-11-21 02:25:44,267] Main.Replica<Replica:d540b#OlympusNode>:OUTPUT: Slot:  1  : Operation:  put('jedi','luke skywalker')
[2017-11-21 02:25:44,268] Main.Replica<Replica:d540b#OlympusNode>:OUTPUT: [Replica 0 :] Perform:  put('jedi','luke skywalker')
[2017-11-21 02:25:44,269] Main.Replica<Replica:d540b#OlympusNode>:OUTPUT: [Replica 0 :] Perform:  put('jedi','luke skywalker') , result:  OK
[2017-11-21 02:25:44,273] Main.Replica<Replica:d540b#OlympusNode>:OUTPUT: [Replica 0 :]>> Shuttle:  put('jedi','luke skywalker')  to Replica:  1
[2017-11-21 02:25:44,290] Main.Replica<Replica:d540a#OlympusNode>:OUTPUT: [Replica 1 :]<< forward_shuttle :  1 , len :  1
[2017-11-21 02:25:44,290] Main.Replica<Replica:d540a#OlympusNode>:OUTPUT: [Replica 1 :]<< Shuttle:  put('jedi','luke skywalker')  from Replica:  0
[2017-11-21 02:25:44,292] Main.Replica<Replica:d540a#OlympusNode>:OUTPUT: [Replica 1 :] Perform:  put('jedi','luke skywalker')
[2017-11-21 02:25:44,293] Main.Replica<Replica:d540a#OlympusNode>:OUTPUT: [Replica 1 :] Perform:  put('jedi','luke skywalker') , result:  OK
[2017-11-21 02:25:44,297] Main.Replica<Replica:d540a#OlympusNode>:OUTPUT: [Replica 1 :]>> Shuttle:  put('jedi','luke skywalker')  to Replica:  2
[2017-11-21 02:25:44,318] Main.Replica<Replica:d5409#OlympusNode>:OUTPUT: [Replica 2 :]<< forward_shuttle :  1 , len :  1
[2017-11-21 02:25:44,318] Main.Replica<Replica:d5409#OlympusNode>:OUTPUT: [Replica 2 :]<< Shuttle:  put('jedi','luke skywalker')  from Replica:  1
[2017-11-21 02:25:44,320] Main.Replica<Replica:d5409#OlympusNode>:OUTPUT: [Replica 2 :] Perform:  put('jedi','luke skywalker')
[2017-11-21 02:25:44,321] Main.Replica<Replica:d5409#OlympusNode>:OUTPUT: [Replica 2 :] Perform:  put('jedi','luke skywalker') , result:  OK
[2017-11-21 02:25:44,334] Main.Replica<Replica:d5409#OlympusNode>:OUTPUT: [Replica 2 :]>> res_operation:  put('jedi','luke skywalker')  result:  OK
[2017-11-21 02:25:44,337] Main.Replica<Replica:d5409#OlympusNode>:OUTPUT: [Replica 2 :]>> Result Shuttle:  put('jedi','luke skywalker')  to Replica:  1
[2017-11-21 02:25:44,338] Client.Client<Client:11802#ClientNode>:OUTPUT: [Client 0 :]<< res_operation:  put('jedi','luke skywalker')  Result:  OK
[2017-11-21 02:25:44,339] Client.Client<Client:11802#ClientNode>:OUTPUT: [Client 0 :]>> req_operation:  slice('jedi','0:4')  : config:  2
[2017-11-21 02:25:44,342] Main.Replica<Replica:d540b#OlympusNode>:OUTPUT: [Replica 0 :]<< req_operation:  slice('jedi','0:4')  Client:  0
[2017-11-21 02:25:44,343] Main.Replica<Replica:d540b#OlympusNode>:OUTPUT: Slot:  2  : Operation:  slice('jedi','0:4')
[2017-11-21 02:25:44,345] Main.Replica<Replica:d540b#OlympusNode>:OUTPUT: [Replica 0 :] Perform:  slice('jedi','0:4')
[2017-11-21 02:25:44,346] Main.Replica<Replica:d540b#OlympusNode>:OUTPUT: [Replica 0 :] Perform:  slice('jedi','0:4') , result:  OK
[2017-11-21 02:25:44,351] Main.Replica<Replica:d540b#OlympusNode>:OUTPUT: [Replica 0 :]>> Shuttle:  slice('jedi','0:4')  to Replica:  1
[2017-11-21 02:25:44,353] Main.Replica<Replica:d540a#OlympusNode>:OUTPUT: [Replica 1 :]<< Result Shuttle:  put('jedi','luke skywalker')  to Replica:  2
[2017-11-21 02:25:44,353] Main.Replica<Replica:d540a#OlympusNode>:OUTPUT: [Replica 1 :]>> Result Shuttle:  put('jedi','luke skywalker')  to Replica:  0
[2017-11-21 02:25:44,366] Main.Replica<Replica:d540a#OlympusNode>:OUTPUT: [Replica 1 :]<< forward_shuttle :  2 , len :  2
[2017-11-21 02:25:44,367] Main.Replica<Replica:d540a#OlympusNode>:OUTPUT: [Replica 1 :]<< Shuttle:  slice('jedi','0:4')  from Replica:  0
[2017-11-21 02:25:44,369] Main.Replica<Replica:d540a#OlympusNode>:OUTPUT: [Replica 1 :] Perform:  slice('jedi','0:4')
[2017-11-21 02:25:44,369] Main.Replica<Replica:d540a#OlympusNode>:OUTPUT: [Replica 1 :] Perform:  slice('jedi','0:4') , result:  OK
[2017-11-21 02:25:44,369] Main.Replica<Replica:d540b#OlympusNode>:OUTPUT: [Replica 0 :]<< Result Shuttle:  put('jedi','luke skywalker')  to Replica:  1
[2017-11-21 02:25:44,371] Main.Replica<Replica:d540a#OlympusNode>:OUTPUT: [Replica 1 :]>> Shuttle:  slice('jedi','0:4')  to Replica:  2
[2017-11-21 02:25:44,373] Main.Replica<Replica:d5409#OlympusNode>:OUTPUT: [Replica 2 :]<< forward_shuttle :  2 , len :  2
[2017-11-21 02:25:44,374] Main.Replica<Replica:d5409#OlympusNode>:OUTPUT: [Replica 2 :]<< Shuttle:  slice('jedi','0:4')  from Replica:  1
[2017-11-21 02:25:44,375] Main.Replica<Replica:d5409#OlympusNode>:OUTPUT: [Replica 2 :] Perform:  slice('jedi','0:4')
[2017-11-21 02:25:44,376] Main.Replica<Replica:d5409#OlympusNode>:OUTPUT: [Replica 2 :] Perform:  slice('jedi','0:4') , result:  OK
[2017-11-21 02:25:44,378] Main.Replica<Replica:d5409#OlympusNode>:OUTPUT: [Replica 2 :]>> res_operation:  slice('jedi','0:4')  result:  OK
[2017-11-21 02:25:44,379] Client.Client<Client:11802#ClientNode>:OUTPUT: [Client 0 :]<< res_operation:  slice('jedi','0:4')  Result:  OK
[2017-11-21 02:25:44,380] Main.Replica<Replica:d5409#OlympusNode>:OUTPUT: [Replica 2 :]>> Result Shuttle:  slice('jedi','0:4')  to Replica:  1
[2017-11-21 02:25:44,380] Client.Client<Client:11802#ClientNode>:OUTPUT: [Client 0 :]>> req_operation:  get('jedi')  : config:  2
[2017-11-21 02:25:44,382] Main.Replica<Replica:d540b#OlympusNode>:OUTPUT: [Replica 0 :]<< req_operation:  get('jedi')  Client:  0
[2017-11-21 02:25:44,382] Main.Replica<Replica:d540b#OlympusNode>:OUTPUT: Slot:  3  : Operation:  get('jedi')
[2017-11-21 02:25:44,383] Main.Replica<Replica:d540b#OlympusNode>:OUTPUT: [Replica 0 :] Perform:  get('jedi')
[2017-11-21 02:25:44,383] Main.Replica<Replica:d540b#OlympusNode>:OUTPUT: [Replica 0 :] Perform:  get('jedi') , result:  luke
[2017-11-21 02:25:44,383] Main.Replica<Replica:d540a#OlympusNode>:OUTPUT: [Replica 1 :]<< Result Shuttle:  slice('jedi','0:4')  to Replica:  2
[2017-11-21 02:25:44,384] Main.Replica<Replica:d540a#OlympusNode>:OUTPUT: [Replica 1 :]>> Result Shuttle:  slice('jedi','0:4')  to Replica:  0
[2017-11-21 02:25:44,385] Main.Replica<Replica:d540b#OlympusNode>:OUTPUT: [Replica 0 :]>> Shuttle:  get('jedi')  to Replica:  1
[2017-11-21 02:25:44,387] Main.Replica<Replica:d540b#OlympusNode>:OUTPUT: [Replica 0 :]<< Result Shuttle:  slice('jedi','0:4')  to Replica:  1
[2017-11-21 02:25:44,396] Main.Replica<Replica:d540a#OlympusNode>:OUTPUT: [Replica 1 :]<< forward_shuttle :  3 , len :  3
[2017-11-21 02:25:44,397] Main.Replica<Replica:d540a#OlympusNode>:OUTPUT: [Replica 1 :]<< Shuttle:  get('jedi')  from Replica:  0
[2017-11-21 02:25:44,398] Main.Replica<Replica:d540a#OlympusNode>:OUTPUT: [Replica 1 :] Perform:  get('jedi')
[2017-11-21 02:25:44,398] Main.Replica<Replica:d540a#OlympusNode>:OUTPUT: [Replica 1 :] Perform:  get('jedi') , result:  luke
[2017-11-21 02:25:44,399] Main.Replica<Replica:d540a#OlympusNode>:OUTPUT: [Replica 1 :]>> Shuttle:  get('jedi')  to Replica:  2
[2017-11-21 02:25:44,417] Main.Replica<Replica:d5409#OlympusNode>:OUTPUT: [Replica 2 :]<< forward_shuttle :  3 , len :  3
[2017-11-21 02:25:44,418] Main.Replica<Replica:d5409#OlympusNode>:OUTPUT: [Replica 2 :]<< Shuttle:  get('jedi')  from Replica:  1
[2017-11-21 02:25:44,420] Main.Replica<Replica:d5409#OlympusNode>:OUTPUT: [Replica 2 :] Perform:  get('jedi')
[2017-11-21 02:25:44,420] Main.Replica<Replica:d5409#OlympusNode>:OUTPUT: [Replica 2 :] Perform:  get('jedi') , result:  luke
[2017-11-21 02:25:44,422] Main.Replica<Replica:d5409#OlympusNode>:OUTPUT: [Replica 2 :]>> res_operation:  get('jedi')  result:  luke
[2017-11-21 02:25:44,424] Client.Client<Client:11802#ClientNode>:OUTPUT: [Client 0 :]<< res_operation:  get('jedi')  Result:  luke
[2017-11-21 02:25:44,424] Client.Client<Client:11802#ClientNode>:OUTPUT: [Client 0 :] Test case completed! Validating Result
[2017-11-21 02:25:44,426] Client.Client<Client:11802#ClientNode>:OUTPUT: [Client 0 :] Valid Final Result! Client:  ['OK', 'OK', 'luke'] , Replica:  ['OK', 'OK', 'luke']
[2017-11-21 02:25:44,428] Main.Replica<Replica:d5409#OlympusNode>:OUTPUT: [Replica 2 :]>> Result Shuttle:  get('jedi')  to Replica:  1
[2017-11-21 02:25:44,431] Main.Replica<Replica:d540a#OlympusNode>:OUTPUT: [Replica 1 :]<< Result Shuttle:  get('jedi')  to Replica:  2
[2017-11-21 02:25:44,431] Main.Replica<Replica:d540a#OlympusNode>:OUTPUT: [Replica 1 :]>> Result Shuttle:  get('jedi')  to Replica:  0
[2017-11-21 02:25:44,435] Main.Replica<Replica:d540b#OlympusNode>:OUTPUT: [Replica 0 :]<< Result Shuttle:  get('jedi')  to Replica:  1
[2017-11-21 02:25:48,187] da.api<MainProcess>:WARNING: Received keyboard interrupt. 
