[2017-11-21 02:45:38,505] da.api<MainProcess>:INFO: Bootstrapping attempt failed due to BootstrapException('Unable to contact a peer node.',),  continuing as a master node (use '--master' to disable bootstrapping at startup).
[2017-11-21 02:45:38,506] da.api<MainProcess>:INFO: <Node_:ClientNode> initialized at 127.0.0.1:(UdpTransport=15000, TcpTransport=15000).
[2017-11-21 02:45:38,506] da.api<MainProcess>:INFO: Starting program <module 'Main' from 'src/Main.py'>...
[2017-11-21 02:45:38,506] da.api<MainProcess>:INFO: Running iteration 1 ...
[2017-11-21 02:45:38,507] da.api<MainProcess>:INFO: Waiting for remaining child processes to terminate...(Press "Ctrl-C" to force kill)
[2017-11-21 02:45:38,524] Main.Node_<Node_:ClientNode>:INFO: Waiting to resolve name 'OlympusNode'...
[2017-11-21 02:45:40,257] da.sim.Router<MainProcess>:INFO: Bootstrap succeeded using <UdpTransport(127.0.0.1:22663)>.
[2017-11-21 02:45:40,257] da.api<MainProcess>:INFO: <Node_:OlympusNode> initialized at 127.0.0.1:(UdpTransport=22663, TcpTransport=38655).
[2017-11-21 02:45:40,257] da.api<MainProcess>:INFO: Starting program <module 'Main' from 'src/Main.py'>...
[2017-11-21 02:45:40,258] da.api<MainProcess>:INFO: Running iteration 1 ...
[2017-11-21 02:45:40,259] da.api<MainProcess>:INFO: Waiting for remaining child processes to terminate...(Press "Ctrl-C" to force kill)
[2017-11-21 02:45:40,330] Main.Olympus<Olympus:bfc02#OlympusNode>:OUTPUT: [Olympus:] Setup
[2017-11-21 02:45:40,401] Client.Client<Client:2ec02#ClientNode>:OUTPUT: [Client 0 :] Workload:  put('jedi','luke skywalker'); slice('jedi','0:4'); get('jedi')
[2017-11-21 02:45:40,404] Main.Olympus<Olympus:bfc02#OlympusNode>:OUTPUT: [Olympus:] Started
[2017-11-21 02:45:40,432] Client.Client<Client:2ec02#ClientNode>:OUTPUT: [Client 0 :] Started
[2017-11-21 02:45:40,434] da.api<MainProcess>:INFO: Main process terminated.
[2017-11-21 02:45:40,463] Main.Olympus<Olympus:bfc02#OlympusNode>:OUTPUT: [Olympus:]<< req_get_current_configuration
[2017-11-21 02:45:40,464] Main.Olympus<Olympus:bfc02#OlympusNode>:OUTPUT: [Olympus:] Making New Configuration
[2017-11-21 02:45:40,575] Main.Olympus<Olympus:bfc02#OlympusNode>:OUTPUT: failure map is : {}
[2017-11-21 02:45:40,600] Main.Olympus<Olympus:bfc02#OlympusNode>:OUTPUT: failure map is : {'change_operation()': ('shuttle', ('0', '1'))}
[2017-11-21 02:45:40,621] Main.Olympus<Olympus:bfc02#OlympusNode>:OUTPUT: failure map is : {}
[2017-11-21 02:45:40,641] Main.Replica<Replica:bfc05#OlympusNode>:OUTPUT: [Replica 0 :] Started:  head ACTIVE 0
[2017-11-21 02:45:40,644] Main.Replica<Replica:bfc04#OlympusNode>:OUTPUT: [Replica 1 :] Started:  normal_replica ACTIVE 0
[2017-11-21 02:45:40,668] Main.Replica<Replica:bfc03#OlympusNode>:OUTPUT: [Replica 2 :] Started:  tail ACTIVE 0
[2017-11-21 02:45:40,669] Main.Olympus<Olympus:bfc02#OlympusNode>:OUTPUT: [Olympus:]>> res_get_current_configuration
[2017-11-21 02:45:40,689] Client.Client<Client:2ec02#ClientNode>:OUTPUT: [Client 0 :]<< res_get_current_configuration
[2017-11-21 02:45:40,690] Client.Client<Client:2ec02#ClientNode>:OUTPUT: [Client 0 :]>> req_operation:  put('jedi','luke skywalker')  : config:  0
[2017-11-21 02:45:40,709] Main.Replica<Replica:bfc05#OlympusNode>:OUTPUT: [Replica 0 :]<< req_operation:  put('jedi','luke skywalker')  Client:  0
[2017-11-21 02:45:40,710] Main.Replica<Replica:bfc05#OlympusNode>:OUTPUT: Slot:  1  : Operation:  put('jedi','luke skywalker')
[2017-11-21 02:45:40,712] Main.Replica<Replica:bfc05#OlympusNode>:OUTPUT: [Replica 0 :] Perform:  put('jedi','luke skywalker')
[2017-11-21 02:45:40,712] Main.Replica<Replica:bfc05#OlympusNode>:OUTPUT: [Replica 0 :] Perform:  put('jedi','luke skywalker') , result:  OK
[2017-11-21 02:45:40,716] Main.Replica<Replica:bfc05#OlympusNode>:OUTPUT: [Replica 0 :]>> Shuttle:  put('jedi','luke skywalker')  to Replica:  1
[2017-11-21 02:45:40,738] Main.Replica<Replica:bfc04#OlympusNode>:OUTPUT: [Replica 1 :]<< forward_shuttle :  1 , len :  1
[2017-11-21 02:45:40,739] Main.Replica<Replica:bfc04#OlympusNode>:OUTPUT: [Replica 1 :]<< Shuttle:  put('jedi','luke skywalker')  from Replica:  0
[2017-11-21 02:45:40,740] Main.Replica<Replica:bfc04#OlympusNode>:OUTPUT: [Replica 1 :] Fault: Change Operation, Client  0 , Request  1
[2017-11-21 02:45:40,740] Main.Replica<Replica:bfc04#OlympusNode>:OUTPUT: [Replica 1 :] !!!!!! Changing operation from  ('jedi','luke skywalker')  to get('X') !!!!!!!
[2017-11-21 02:45:40,741] Main.Replica<Replica:bfc04#OlympusNode>:OUTPUT: [Replica 1 :] Perform:  get('X')
[2017-11-21 02:45:40,741] Main.Replica<Replica:bfc04#OlympusNode>:OUTPUT: [Replica 1 :] Perform:  get('X') , result:  
[2017-11-21 02:45:40,742] Main.Replica<Replica:bfc04#OlympusNode>:OUTPUT: [Replica 1 :] Successfully injected fault: Change operation
[2017-11-21 02:45:40,743] Main.Replica<Replica:bfc04#OlympusNode>:OUTPUT: [Replica 1 :]>> Shuttle:  get('X')  to Replica:  2
[2017-11-21 02:45:40,762] Main.Replica<Replica:bfc03#OlympusNode>:OUTPUT: [Replica 2 :]<< forward_shuttle :  1 , len :  1
[2017-11-21 02:45:40,762] Main.Replica<Replica:bfc03#OlympusNode>:OUTPUT: [Replica 2 :]<< Shuttle:  get('X')  from Replica:  1
[2017-11-21 02:45:40,763] Main.Replica<Replica:bfc03#OlympusNode>:OUTPUT: [Replica 2 :] Result doesnot match so returning false
[2017-11-21 02:45:40,763] Main.Replica<Replica:bfc03#OlympusNode>:OUTPUT: [Replica 2 :] Invalid Order Proof, Sending Reconfig request. Become Immutable
[2017-11-21 02:45:40,765] Main.Olympus<Olympus:bfc02#OlympusNode>:OUTPUT: [Olympus:]<< req_re_configuration
[2017-11-21 02:45:40,765] Main.Olympus<Olympus:bfc02#OlympusNode>:OUTPUT: [Olympus:]>> wedge to Replica:  0
[2017-11-21 02:45:40,766] Main.Olympus<Olympus:bfc02#OlympusNode>:OUTPUT: [Olympus:]>> wedge to Replica:  1
[2017-11-21 02:45:40,766] Main.Olympus<Olympus:bfc02#OlympusNode>:OUTPUT: [Olympus:]>> wedge to Replica:  2
[2017-11-21 02:45:40,766] Main.Replica<Replica:bfc05#OlympusNode>:OUTPUT: [Replica 0 :]<< wedge
[2017-11-21 02:45:40,767] Main.Replica<Replica:bfc05#OlympusNode>:OUTPUT: [Replica 0 :]>> wedged
[2017-11-21 02:45:40,767] Main.Replica<Replica:bfc04#OlympusNode>:OUTPUT: [Replica 1 :]<< wedge
[2017-11-21 02:45:40,768] Main.Replica<Replica:bfc04#OlympusNode>:OUTPUT: [Replica 1 :]>> wedged
[2017-11-21 02:45:40,768] Main.Replica<Replica:bfc03#OlympusNode>:OUTPUT: [Replica 2 :]<< wedge
[2017-11-21 02:45:40,769] Main.Olympus<Olympus:bfc02#OlympusNode>:OUTPUT: [Olympus:]<< wegded from Replica:  0
[2017-11-21 02:45:40,768] Main.Replica<Replica:bfc03#OlympusNode>:OUTPUT: [Replica 2 :]>> wedged
[2017-11-21 02:45:40,769] Main.Olympus<Olympus:bfc02#OlympusNode>:OUTPUT: [Olympus:] Replica:  0 , len(history):  0
[2017-11-21 02:45:40,770] Main.Olympus<Olympus:bfc02#OlympusNode>:OUTPUT: [Olympus:] Total received:  1
[2017-11-21 02:45:40,771] Main.Olympus<Olympus:bfc02#OlympusNode>:OUTPUT: [Olympus:]<< wegded from Replica:  1
[2017-11-21 02:45:40,772] Main.Olympus<Olympus:bfc02#OlympusNode>:OUTPUT: [Olympus:] Replica:  1 , len(history):  0
[2017-11-21 02:45:40,772] Main.Olympus<Olympus:bfc02#OlympusNode>:OUTPUT: [Olympus:] Total received:  2
[2017-11-21 02:45:40,772] Main.Olympus<Olympus:bfc02#OlympusNode>:OUTPUT: [Olympus:] Longest History
[2017-11-21 02:45:40,773] Main.Olympus<Olympus:bfc02#OlympusNode>:OUTPUT: [Olympus:] Longest Database:  {'jedi': 'luke skywalker'}
[2017-11-21 02:45:40,774] Main.Replica<Replica:bfc05#OlympusNode>:OUTPUT: [Replica 0 :]<< catch-up
[2017-11-21 02:45:40,774] Main.Replica<Replica:bfc05#OlympusNode>:OUTPUT: [Replica 0 :] catch-up History
[2017-11-21 02:45:40,775] Main.Replica<Replica:bfc05#OlympusNode>:OUTPUT: [Replica 0 :]>> caught-up
[2017-11-21 02:45:40,775] Main.Olympus<Olympus:bfc02#OlympusNode>:OUTPUT: [Olympus:]<< wegded from Replica:  2
[2017-11-21 02:45:40,775] Main.Replica<Replica:bfc03#OlympusNode>:OUTPUT: [Replica 2 :]<< catch-up
[2017-11-21 02:45:40,776] Main.Replica<Replica:bfc03#OlympusNode>:OUTPUT: [Replica 2 :] catch-up History
[2017-11-21 02:45:40,776] Main.Replica<Replica:bfc03#OlympusNode>:OUTPUT: [Replica 2 :]>> caught-up
[2017-11-21 02:45:40,776] Main.Olympus<Olympus:bfc02#OlympusNode>:OUTPUT: [Olympus:] Replica:  2 , len(history):  0
[2017-11-21 02:45:40,777] Main.Replica<Replica:bfc04#OlympusNode>:OUTPUT: [Replica 1 :]<< catch-up
[2017-11-21 02:45:40,777] Main.Replica<Replica:bfc04#OlympusNode>:OUTPUT: [Replica 1 :] catch-up History
[2017-11-21 02:45:40,777] Main.Olympus<Olympus:bfc02#OlympusNode>:OUTPUT: [Olympus:] Total received:  1
[2017-11-21 02:45:40,777] Main.Replica<Replica:bfc04#OlympusNode>:OUTPUT: [Replica 1 :]>> caught-up
[2017-11-21 02:45:40,778] Main.Olympus<Olympus:bfc02#OlympusNode>:OUTPUT: [Olympus:]<< caught-up from Replica:  0  : database:  {'jedi': 'luke skywalker'}
[2017-11-21 02:45:40,778] Main.Olympus<Olympus:bfc02#OlympusNode>:OUTPUT: [Olympus:]<< caught-up from Replica:  2  : database:  {}
[2017-11-21 02:45:40,779] Main.Olympus<Olympus:bfc02#OlympusNode>:OUTPUT: [Olympus:]Incorrect caught-up history: Not including Replica :  2  in Quoram
[2017-11-21 02:45:40,779] Main.Olympus<Olympus:bfc02#OlympusNode>:OUTPUT: [Olympus:]<< caught-up from Replica:  1  : database:  {}
[2017-11-21 02:45:40,779] Main.Olympus<Olympus:bfc02#OlympusNode>:OUTPUT: [Olympus:]Incorrect caught-up history: Not including Replica :  1  in Quoram
[2017-11-21 02:45:40,780] Main.Olympus<Olympus:bfc02#OlympusNode>:OUTPUT: [Olympus:]<< Longest history might be of byzantine
[2017-11-21 02:45:40,780] Main.Olympus<Olympus:bfc02#OlympusNode>:OUTPUT: [Olympus:]>> get-running-state to Replica:  2
[2017-11-21 02:45:40,781] Main.Replica<Replica:bfc03#OlympusNode>:OUTPUT: [Replica 2 :]<< get-running-state
[2017-11-21 02:45:40,782] Main.Replica<Replica:bfc03#OlympusNode>:OUTPUT: [Replica 2 :]>> running-state
[2017-11-21 02:45:40,783] Main.Olympus<Olympus:bfc02#OlympusNode>:OUTPUT: [Olympus:]<< running-state from Replica:  2  : database:  {}
[2017-11-21 02:45:40,783] Main.Olympus<Olympus:bfc02#OlympusNode>:OUTPUT: [Olympus:]<< running-state matching with caught-up history
[2017-11-21 02:45:40,783] Main.Olympus<Olympus:bfc02#OlympusNode>:OUTPUT: [Olympus:] Making New Configuration
[2017-11-21 02:45:40,864] Main.Olympus<Olympus:bfc02#OlympusNode>:OUTPUT: failure map is : {}
[2017-11-21 02:45:40,882] Main.Olympus<Olympus:bfc02#OlympusNode>:OUTPUT: failure map is : {'invalid_result_sig()': ('new_configuration', ('-1', '0'))}
[2017-11-21 02:45:40,899] Main.Replica<Replica:bfc08#OlympusNode>:OUTPUT: New Configuration Fault: Invalid Result Sig injected
[2017-11-21 02:45:40,901] Main.Olympus<Olympus:bfc02#OlympusNode>:OUTPUT: failure map is : {}
[2017-11-21 02:45:40,920] Main.Replica<Replica:bfc06#OlympusNode>:OUTPUT: [Replica 0 :] Started:  head ACTIVE 1
[2017-11-21 02:45:40,928] Main.Replica<Replica:bfc08#OlympusNode>:OUTPUT: [Replica 1 :] Started:  normal_replica ACTIVE 1
[2017-11-21 02:45:40,949] Main.Replica<Replica:bfc07#OlympusNode>:OUTPUT: [Replica 2 :] Started:  tail ACTIVE 1
[2017-11-21 02:45:40,950] Main.Olympus<Olympus:bfc02#OlympusNode>:OUTPUT: [Olympus:] New configuration created
[2017-11-21 02:45:50,707] Client.Client<Client:2ec02#ClientNode>:OUTPUT: [Client 0 :] Client Timeout.
[2017-11-21 02:45:50,709] Client.Client<Client:2ec02#ClientNode>:OUTPUT: [Client 0 :]>> req_operation_timeout: Replica:  0 put('jedi','luke skywalker')  : config:  0
[2017-11-21 02:45:50,711] Client.Client<Client:2ec02#ClientNode>:OUTPUT: [Client 0 :]>> req_operation_timeout: Replica:  1 put('jedi','luke skywalker')  : config:  0
[2017-11-21 02:45:50,712] Main.Replica<Replica:bfc05#OlympusNode>:OUTPUT: [Replica 0 :]<< req_operation_timeout: IMMUTABLE:  put('jedi','luke skywalker')  Client:  0
[2017-11-21 02:45:50,728] Main.Replica<Replica:bfc04#OlympusNode>:OUTPUT: [Replica 1 :]<< req_operation_timeout: IMMUTABLE:  put('jedi','luke skywalker')  Client:  0
[2017-11-21 02:45:50,746] Client.Client<Client:2ec02#ClientNode>:OUTPUT: [Client 0 :]>> req_operation_timeout: Replica:  2 put('jedi','luke skywalker')  : config:  0
[2017-11-21 02:45:50,766] Main.Replica<Replica:bfc03#OlympusNode>:OUTPUT: [Replica 2 :]<< req_operation_timeout: IMMUTABLE:  put('jedi','luke skywalker')  Client:  0
[2017-11-21 02:45:50,795] Client.Client<Client:2ec02#ClientNode>:OUTPUT: [Client 0 :] Replica:  0  is Immutable, Request  new configuration
[2017-11-21 02:45:50,795] Client.Client<Client:2ec02#ClientNode>:OUTPUT: [Client 0 :]>> error_in_replica:  1
[2017-11-21 02:45:50,796] Client.Client<Client:2ec02#ClientNode>:OUTPUT: [Client 0 :]>> req_get_current_configuration
[2017-11-21 02:45:50,797] Client.Client<Client:2ec02#ClientNode>:OUTPUT: [Client 0 :] Replica:  1  is Immutable, Request  new configuration
[2017-11-21 02:45:50,798] Client.Client<Client:2ec02#ClientNode>:OUTPUT: [Client 0 :] Replica:  2  is Immutable, Request  new configuration
[2017-11-21 02:45:50,798] Main.Olympus<Olympus:bfc02#OlympusNode>:OUTPUT: [Olympus:]<< req_get_current_configuration
[2017-11-21 02:45:50,799] Main.Olympus<Olympus:bfc02#OlympusNode>:OUTPUT: [Olympus:]>> res_get_current_configuration
[2017-11-21 02:45:50,800] Client.Client<Client:2ec02#ClientNode>:OUTPUT: [Client 0 :]<< res_get_current_configuration
[2017-11-21 02:45:50,800] Client.Client<Client:2ec02#ClientNode>:OUTPUT: [Client 0 :]>> Sending to new config 
[2017-11-21 02:45:50,801] Client.Client<Client:2ec02#ClientNode>:OUTPUT: [Client 0 :]>> req_operation:  put('jedi','luke skywalker')  : config:  1
[2017-11-21 02:45:50,825] Main.Replica<Replica:bfc06#OlympusNode>:OUTPUT: [Replica 0 :]<< req_operation:  put('jedi','luke skywalker')  Client:  0
[2017-11-21 02:45:50,826] Main.Replica<Replica:bfc06#OlympusNode>:OUTPUT: Slot:  1  : Operation:  put('jedi','luke skywalker')
[2017-11-21 02:45:50,828] Main.Replica<Replica:bfc06#OlympusNode>:OUTPUT: [Replica 0 :] Perform:  put('jedi','luke skywalker')
[2017-11-21 02:45:50,828] Main.Replica<Replica:bfc06#OlympusNode>:OUTPUT: [Replica 0 :] Perform:  put('jedi','luke skywalker') , result:  OK
[2017-11-21 02:45:50,832] Main.Replica<Replica:bfc06#OlympusNode>:OUTPUT: [Replica 0 :]>> Shuttle:  put('jedi','luke skywalker')  to Replica:  1
[2017-11-21 02:45:50,849] Main.Replica<Replica:bfc08#OlympusNode>:OUTPUT: [Replica 1 :]<< forward_shuttle :  1 , len :  1
[2017-11-21 02:45:50,849] Main.Replica<Replica:bfc08#OlympusNode>:OUTPUT: [Replica 1 :]<< Shuttle:  put('jedi','luke skywalker')  from Replica:  0
[2017-11-21 02:45:50,851] Main.Replica<Replica:bfc08#OlympusNode>:OUTPUT: [Replica 1 :] Perform:  put('jedi','luke skywalker')
[2017-11-21 02:45:50,852] Main.Replica<Replica:bfc08#OlympusNode>:OUTPUT: [Replica 1 :] Perform:  put('jedi','luke skywalker') , result:  OK
[2017-11-21 02:45:50,854] Main.Replica<Replica:bfc08#OlympusNode>:OUTPUT: [Replica 1 :]>> Shuttle:  put('jedi','luke skywalker')  to Replica:  2
[2017-11-21 02:45:50,872] Main.Replica<Replica:bfc07#OlympusNode>:OUTPUT: [Replica 2 :]<< forward_shuttle :  1 , len :  1
[2017-11-21 02:45:50,872] Main.Replica<Replica:bfc07#OlympusNode>:OUTPUT: [Replica 2 :]<< Shuttle:  put('jedi','luke skywalker')  from Replica:  1
[2017-11-21 02:45:50,874] Main.Replica<Replica:bfc07#OlympusNode>:OUTPUT: [Replica 2 :] Perform:  put('jedi','luke skywalker')
[2017-11-21 02:45:50,874] Main.Replica<Replica:bfc07#OlympusNode>:OUTPUT: [Replica 2 :] Perform:  put('jedi','luke skywalker') , result:  OK
[2017-11-21 02:45:50,888] Main.Replica<Replica:bfc07#OlympusNode>:OUTPUT: [Replica 2 :]>> res_operation:  put('jedi','luke skywalker')  result:  OK
[2017-11-21 02:45:50,890] Client.Client<Client:2ec02#ClientNode>:OUTPUT: [Client 0 :] Invalid Result Proof!
[2017-11-21 02:45:50,890] Main.Replica<Replica:bfc07#OlympusNode>:OUTPUT: Replica 2 :>> Result proof doesnot verify, State changed to Immutable, Reconfig Request to Olympus
[2017-11-21 02:45:50,890] Client.Client<Client:2ec02#ClientNode>:OUTPUT: [Client 0 :]<< res_operation:  put('jedi','luke skywalker')  Result:  OK
[2017-11-21 02:45:50,891] Client.Client<Client:2ec02#ClientNode>:OUTPUT: [Client 0 :]>> req_operation:  slice('jedi','0:4')  : config:  1
[2017-11-21 02:45:50,892] Main.Olympus<Olympus:bfc02#OlympusNode>:OUTPUT: [Olympus:]<< req_re_configuration
[2017-11-21 02:45:50,892] Main.Olympus<Olympus:bfc02#OlympusNode>:OUTPUT: [Olympus:]>> wedge to Replica:  0
[2017-11-21 02:45:50,892] Main.Olympus<Olympus:bfc02#OlympusNode>:OUTPUT: [Olympus:]>> wedge to Replica:  1
[2017-11-21 02:45:50,893] Main.Olympus<Olympus:bfc02#OlympusNode>:OUTPUT: [Olympus:]>> wedge to Replica:  2
[2017-11-21 02:45:50,895] Main.Replica<Replica:bfc08#OlympusNode>:OUTPUT: [Replica 1 :]<< wedge
[2017-11-21 02:45:50,895] Main.Replica<Replica:bfc06#OlympusNode>:OUTPUT: [Replica 0 :]<< req_operation:  slice('jedi','0:4')  Client:  0
[2017-11-21 02:45:50,895] Main.Replica<Replica:bfc08#OlympusNode>:OUTPUT: [Replica 1 :]>> wedged
[2017-11-21 02:45:50,895] Main.Replica<Replica:bfc06#OlympusNode>:OUTPUT: Slot:  2  : Operation:  slice('jedi','0:4')
[2017-11-21 02:45:50,896] Main.Olympus<Olympus:bfc02#OlympusNode>:OUTPUT: [Olympus:]<< wegded from Replica:  1
[2017-11-21 02:45:50,897] Main.Olympus<Olympus:bfc02#OlympusNode>:OUTPUT: [Olympus:] Replica:  1 , len(history):  0
[2017-11-21 02:45:50,897] Main.Olympus<Olympus:bfc02#OlympusNode>:OUTPUT: [Olympus:] Total received:  1
[2017-11-21 02:45:50,898] Main.Replica<Replica:bfc06#OlympusNode>:OUTPUT: [Replica 0 :] Perform:  slice('jedi','0:4')
[2017-11-21 02:45:50,898] Main.Replica<Replica:bfc06#OlympusNode>:OUTPUT: [Replica 0 :] Perform:  slice('jedi','0:4') , result:  OK
[2017-11-21 02:45:50,898] Main.Replica<Replica:bfc07#OlympusNode>:OUTPUT: [Replica 2 :]<< wedge
[2017-11-21 02:45:50,899] Main.Replica<Replica:bfc07#OlympusNode>:OUTPUT: [Replica 2 :]>> wedged
[2017-11-21 02:45:50,900] Main.Replica<Replica:bfc06#OlympusNode>:OUTPUT: [Replica 0 :]>> Shuttle:  slice('jedi','0:4')  to Replica:  1
[2017-11-21 02:45:50,902] Main.Olympus<Olympus:bfc02#OlympusNode>:OUTPUT: [Olympus:]<< wegded from Replica:  2
[2017-11-21 02:45:50,903] Main.Olympus<Olympus:bfc02#OlympusNode>:OUTPUT: [Olympus:] Replica:  2 , len(history):  0
[2017-11-21 02:45:50,903] Main.Olympus<Olympus:bfc02#OlympusNode>:OUTPUT: [Olympus:] Total received:  2
[2017-11-21 02:45:50,904] Main.Olympus<Olympus:bfc02#OlympusNode>:OUTPUT: [Olympus:] Longest History
[2017-11-21 02:45:50,904] Main.Olympus<Olympus:bfc02#OlympusNode>:OUTPUT: [Olympus:] Longest Database:  {'jedi': 'luke skywalker'}
[2017-11-21 02:45:50,904] Main.Replica<Replica:bfc06#OlympusNode>:OUTPUT: [Replica 0 :]<< wedge
[2017-11-21 02:45:50,904] Main.Replica<Replica:bfc06#OlympusNode>:OUTPUT: [Replica 0 :]>> wedged
[2017-11-21 02:45:50,906] Main.Replica<Replica:bfc06#OlympusNode>:OUTPUT: [Replica 0 :]<< catch-up
[2017-11-21 02:45:50,906] Main.Olympus<Olympus:bfc02#OlympusNode>:OUTPUT: [Olympus:]<< wegded from Replica:  0
[2017-11-21 02:45:50,906] Main.Replica<Replica:bfc06#OlympusNode>:OUTPUT: [Replica 0 :] catch-up History
[2017-11-21 02:45:50,907] Main.Replica<Replica:bfc08#OlympusNode>:OUTPUT: [Replica 1 :]<< catch-up
[2017-11-21 02:45:50,907] Main.Replica<Replica:bfc08#OlympusNode>:OUTPUT: [Replica 1 :] catch-up History
[2017-11-21 02:45:50,907] Main.Olympus<Olympus:bfc02#OlympusNode>:OUTPUT: [Olympus:] Replica:  0 , len(history):  0
[2017-11-21 02:45:50,907] Main.Replica<Replica:bfc08#OlympusNode>:OUTPUT: [Replica 1 :]>> caught-up
[2017-11-21 02:45:50,907] Main.Olympus<Olympus:bfc02#OlympusNode>:OUTPUT: [Olympus:] Total received:  1
[2017-11-21 02:45:50,907] Main.Replica<Replica:bfc06#OlympusNode>:OUTPUT: [Replica 0 :]>> caught-up
[2017-11-21 02:45:50,908] Main.Replica<Replica:bfc07#OlympusNode>:OUTPUT: [Replica 2 :]<< catch-up
[2017-11-21 02:45:50,909] Main.Replica<Replica:bfc07#OlympusNode>:OUTPUT: [Replica 2 :] catch-up History
[2017-11-21 02:45:50,909] Main.Replica<Replica:bfc07#OlympusNode>:OUTPUT: [Replica 2 :]>> caught-up
[2017-11-21 02:45:50,909] Main.Olympus<Olympus:bfc02#OlympusNode>:OUTPUT: [Olympus:]<< caught-up from Replica:  1  : database:  {'jedi': 'luke skywalker'}
[2017-11-21 02:45:50,910] Main.Olympus<Olympus:bfc02#OlympusNode>:OUTPUT: [Olympus:]<< caught-up from Replica:  0  : database:  {'jedi': 'luke'}
[2017-11-21 02:45:50,910] Main.Olympus<Olympus:bfc02#OlympusNode>:OUTPUT: [Olympus:]Incorrect caught-up history: Not including Replica :  0  in Quoram
[2017-11-21 02:45:50,911] Main.Olympus<Olympus:bfc02#OlympusNode>:OUTPUT: [Olympus:]<< caught-up from Replica:  2  : database:  {'jedi': 'luke skywalker'}
[2017-11-21 02:45:50,911] Main.Olympus<Olympus:bfc02#OlympusNode>:OUTPUT: [Olympus:] Making New Configuration
[2017-11-21 02:45:50,976] Main.Olympus<Olympus:bfc02#OlympusNode>:OUTPUT: failure map is : {}
[2017-11-21 02:45:50,991] Main.Olympus<Olympus:bfc02#OlympusNode>:OUTPUT: failure map is : {}
[2017-11-21 02:45:51,008] Main.Olympus<Olympus:bfc02#OlympusNode>:OUTPUT: failure map is : {}
[2017-11-21 02:45:51,027] Main.Replica<Replica:bfc09#OlympusNode>:OUTPUT: [Replica 0 :] Started:  head ACTIVE 2
[2017-11-21 02:45:51,040] Main.Replica<Replica:bfc0a#OlympusNode>:OUTPUT: [Replica 1 :] Started:  normal_replica ACTIVE 2
[2017-11-21 02:45:51,056] Main.Replica<Replica:bfc0b#OlympusNode>:OUTPUT: [Replica 2 :] Started:  tail ACTIVE 2
[2017-11-21 02:46:00,893] Client.Client<Client:2ec02#ClientNode>:OUTPUT: [Client 0 :] Client Timeout.
[2017-11-21 02:46:00,894] Client.Client<Client:2ec02#ClientNode>:OUTPUT: [Client 0 :]>> req_operation_timeout: Replica:  0 slice('jedi','0:4')  : config:  1
[2017-11-21 02:46:00,896] Client.Client<Client:2ec02#ClientNode>:OUTPUT: [Client 0 :]>> req_operation_timeout: Replica:  1 slice('jedi','0:4')  : config:  1
[2017-11-21 02:46:00,898] Main.Replica<Replica:bfc06#OlympusNode>:OUTPUT: [Replica 0 :]<< req_operation_timeout: IMMUTABLE:  slice('jedi','0:4')  Client:  0
[2017-11-21 02:46:00,914] Client.Client<Client:2ec02#ClientNode>:OUTPUT: [Client 0 :]>> req_operation_timeout: Replica:  2 slice('jedi','0:4')  : config:  1
[2017-11-21 02:46:00,914] Main.Replica<Replica:bfc08#OlympusNode>:OUTPUT: [Replica 1 :]<< req_operation_timeout: IMMUTABLE:  slice('jedi','0:4')  Client:  0
[2017-11-21 02:46:00,943] Main.Replica<Replica:bfc07#OlympusNode>:OUTPUT: [Replica 2 :]<< req_operation_timeout: IMMUTABLE:  slice('jedi','0:4')  Client:  0
[2017-11-21 02:46:01,417] Client.Client<Client:2ec02#ClientNode>:OUTPUT: [Client 0 :] Replica:  2  is Immutable, Request  new configuration
[2017-11-21 02:46:01,419] Client.Client<Client:2ec02#ClientNode>:OUTPUT: [Client 0 :]>> error_in_replica:  1
[2017-11-21 02:46:01,420] Client.Client<Client:2ec02#ClientNode>:OUTPUT: [Client 0 :]>> req_get_current_configuration
[2017-11-21 02:46:01,421] Client.Client<Client:2ec02#ClientNode>:OUTPUT: [Client 0 :] Replica:  0  is Immutable, Request  new configuration
[2017-11-21 02:46:01,422] Client.Client<Client:2ec02#ClientNode>:OUTPUT: [Client 0 :] Replica:  1  is Immutable, Request  new configuration
[2017-11-21 02:46:01,422] Main.Olympus<Olympus:bfc02#OlympusNode>:OUTPUT: [Olympus:]<< req_get_current_configuration
[2017-11-21 02:46:01,422] Main.Olympus<Olympus:bfc02#OlympusNode>:OUTPUT: [Olympus:]>> res_get_current_configuration
[2017-11-21 02:46:01,424] Client.Client<Client:2ec02#ClientNode>:OUTPUT: [Client 0 :]<< res_get_current_configuration
[2017-11-21 02:46:01,424] Client.Client<Client:2ec02#ClientNode>:OUTPUT: [Client 0 :]>> Sending to new config 
[2017-11-21 02:46:01,425] Client.Client<Client:2ec02#ClientNode>:OUTPUT: [Client 0 :]>> req_operation:  slice('jedi','0:4')  : config:  2
[2017-11-21 02:46:01,854] Main.Replica<Replica:bfc09#OlympusNode>:OUTPUT: [Replica 0 :]<< req_operation:  slice('jedi','0:4')  Client:  0
[2017-11-21 02:46:01,854] Main.Replica<Replica:bfc09#OlympusNode>:OUTPUT: Slot:  1  : Operation:  slice('jedi','0:4')
[2017-11-21 02:46:01,856] Main.Replica<Replica:bfc09#OlympusNode>:OUTPUT: [Replica 0 :] Perform:  slice('jedi','0:4')
[2017-11-21 02:46:01,857] Main.Replica<Replica:bfc09#OlympusNode>:OUTPUT: [Replica 0 :] Perform:  slice('jedi','0:4') , result:  OK
[2017-11-21 02:46:01,859] Main.Replica<Replica:bfc09#OlympusNode>:OUTPUT: [Replica 0 :]>> Shuttle:  slice('jedi','0:4')  to Replica:  1
[2017-11-21 02:46:02,495] Main.Replica<Replica:bfc0a#OlympusNode>:OUTPUT: [Replica 1 :]<< forward_shuttle :  1 , len :  1
[2017-11-21 02:46:02,496] Main.Replica<Replica:bfc0a#OlympusNode>:OUTPUT: [Replica 1 :]<< Shuttle:  slice('jedi','0:4')  from Replica:  0
[2017-11-21 02:46:02,498] Main.Replica<Replica:bfc0a#OlympusNode>:OUTPUT: [Replica 1 :] Perform:  slice('jedi','0:4')
[2017-11-21 02:46:02,499] Main.Replica<Replica:bfc0a#OlympusNode>:OUTPUT: [Replica 1 :] Perform:  slice('jedi','0:4') , result:  OK
[2017-11-21 02:46:02,501] Main.Replica<Replica:bfc0a#OlympusNode>:OUTPUT: [Replica 1 :]>> Shuttle:  slice('jedi','0:4')  to Replica:  2
[2017-11-21 02:46:04,180] Main.Replica<Replica:bfc0b#OlympusNode>:OUTPUT: [Replica 2 :]<< forward_shuttle :  1 , len :  1
[2017-11-21 02:46:04,181] Main.Replica<Replica:bfc0b#OlympusNode>:OUTPUT: [Replica 2 :]<< Shuttle:  slice('jedi','0:4')  from Replica:  1
[2017-11-21 02:46:04,183] Main.Replica<Replica:bfc0b#OlympusNode>:OUTPUT: [Replica 2 :] Perform:  slice('jedi','0:4')
[2017-11-21 02:46:04,184] Main.Replica<Replica:bfc0b#OlympusNode>:OUTPUT: [Replica 2 :] Perform:  slice('jedi','0:4') , result:  OK
[2017-11-21 02:46:04,199] Main.Replica<Replica:bfc0b#OlympusNode>:OUTPUT: [Replica 2 :]>> res_operation:  slice('jedi','0:4')  result:  OK
[2017-11-21 02:46:04,200] Client.Client<Client:2ec02#ClientNode>:OUTPUT: [Client 0 :]<< res_operation:  slice('jedi','0:4')  Result:  OK
[2017-11-21 02:46:04,201] Main.Replica<Replica:bfc0b#OlympusNode>:OUTPUT: [Replica 2 :]>> Result Shuttle:  slice('jedi','0:4')  to Replica:  1
[2017-11-21 02:46:04,201] Client.Client<Client:2ec02#ClientNode>:OUTPUT: [Client 0 :]>> req_operation:  get('jedi')  : config:  2
[2017-11-21 02:46:04,203] Main.Replica<Replica:bfc09#OlympusNode>:OUTPUT: [Replica 0 :]<< req_operation:  get('jedi')  Client:  0
[2017-11-21 02:46:04,203] Main.Replica<Replica:bfc09#OlympusNode>:OUTPUT: Slot:  2  : Operation:  get('jedi')
[2017-11-21 02:46:04,205] Main.Replica<Replica:bfc09#OlympusNode>:OUTPUT: [Replica 0 :] Perform:  get('jedi')
[2017-11-21 02:46:04,206] Main.Replica<Replica:bfc09#OlympusNode>:OUTPUT: [Replica 0 :] Perform:  get('jedi') , result:  luke
[2017-11-21 02:46:04,214] Main.Replica<Replica:bfc09#OlympusNode>:OUTPUT: [Replica 0 :]>> Shuttle:  get('jedi')  to Replica:  1
[2017-11-21 02:46:04,221] Main.Replica<Replica:bfc0a#OlympusNode>:OUTPUT: [Replica 1 :]<< Result Shuttle:  slice('jedi','0:4')  to Replica:  2
[2017-11-21 02:46:04,221] Main.Replica<Replica:bfc0a#OlympusNode>:OUTPUT: [Replica 1 :]>> Result Shuttle:  slice('jedi','0:4')  to Replica:  0
[2017-11-21 02:46:04,235] Main.Replica<Replica:bfc0a#OlympusNode>:OUTPUT: [Replica 1 :]<< forward_shuttle :  2 , len :  2
[2017-11-21 02:46:04,235] Main.Replica<Replica:bfc0a#OlympusNode>:OUTPUT: [Replica 1 :]<< Shuttle:  get('jedi')  from Replica:  0
[2017-11-21 02:46:04,236] Main.Replica<Replica:bfc09#OlympusNode>:OUTPUT: [Replica 0 :]<< Result Shuttle:  slice('jedi','0:4')  to Replica:  1
[2017-11-21 02:46:04,237] Main.Replica<Replica:bfc0a#OlympusNode>:OUTPUT: [Replica 1 :] Perform:  get('jedi')
[2017-11-21 02:46:04,237] Main.Replica<Replica:bfc0a#OlympusNode>:OUTPUT: [Replica 1 :] Perform:  get('jedi') , result:  luke
[2017-11-21 02:46:04,238] Main.Replica<Replica:bfc0a#OlympusNode>:OUTPUT: [Replica 1 :]>> Shuttle:  get('jedi')  to Replica:  2
[2017-11-21 02:46:04,240] Main.Replica<Replica:bfc0b#OlympusNode>:OUTPUT: [Replica 2 :]<< forward_shuttle :  2 , len :  2
[2017-11-21 02:46:04,240] Main.Replica<Replica:bfc0b#OlympusNode>:OUTPUT: [Replica 2 :]<< Shuttle:  get('jedi')  from Replica:  1
[2017-11-21 02:46:04,242] Main.Replica<Replica:bfc0b#OlympusNode>:OUTPUT: [Replica 2 :] Perform:  get('jedi')
[2017-11-21 02:46:04,242] Main.Replica<Replica:bfc0b#OlympusNode>:OUTPUT: [Replica 2 :] Perform:  get('jedi') , result:  luke
[2017-11-21 02:46:04,244] Main.Replica<Replica:bfc0b#OlympusNode>:OUTPUT: [Replica 2 :]>> res_operation:  get('jedi')  result:  luke
[2017-11-21 02:46:04,245] Main.Replica<Replica:bfc0b#OlympusNode>:OUTPUT: [Replica 2 :]>> Result Shuttle:  get('jedi')  to Replica:  1
[2017-11-21 02:46:04,246] Client.Client<Client:2ec02#ClientNode>:OUTPUT: [Client 0 :]<< res_operation:  get('jedi')  Result:  luke
[2017-11-21 02:46:04,246] Client.Client<Client:2ec02#ClientNode>:OUTPUT: [Client 0 :] Test case completed! Validating Result
[2017-11-21 02:46:04,248] Main.Replica<Replica:bfc0a#OlympusNode>:OUTPUT: [Replica 1 :]<< Result Shuttle:  get('jedi')  to Replica:  2
[2017-11-21 02:46:04,249] Main.Replica<Replica:bfc0a#OlympusNode>:OUTPUT: [Replica 1 :]>> Result Shuttle:  get('jedi')  to Replica:  0
[2017-11-21 02:46:04,249] Client.Client<Client:2ec02#ClientNode>:OUTPUT: [Client 0 :] Valid Final Result! Client:  ['OK', 'OK', 'luke'] , Replica:  ['OK', 'OK', 'luke']
[2017-11-21 02:46:04,253] Main.Replica<Replica:bfc09#OlympusNode>:OUTPUT: [Replica 0 :]<< Result Shuttle:  get('jedi')  to Replica:  1
[2017-11-21 02:46:07,572] da.api<MainProcess>:WARNING: Received keyboard interrupt. 
